nohup: ignoring input
15497

SPECjvm2008 Peak
  Properties file:   none
  Benchmarks:        serial

  WARNING: Run will not be compliant.
  Property specjvm.run.initial.check must be true for publication.
  Not a compliant sequence of benchmarks for publication.
  Property specjvm.run.checksum.validation must be true for publication.


--- --- --- --- --- --- --- --- ---

  Benchmark:   serial
  Run mode:    timed run
  Test type:   multi
  Threads:     2
  Iterations:  1
  Run length:  240s

Iteration 1 (240s) begins: Sat Jul 13 15:41:31 CST 2024
Recording events for 5s seconds (adapt by setting PERF_RECORD_SECONDS)
[ perf record: Woken up 1 times to write data ]
[ perf record: Captured and wrote 0.257 MB /tmp/perf-15497.data (931 samples) ]
Flame graph SVG written to PERF_FLAME_OUTPUT='/root/spec/build/release/SPECjvm2008/flamegraph-15497.svg'.
done
