Linux 5.15.0-106-generic (iZf8zetnft7hz64q6zlvzzZ) 	07/14/2024 	_x86_64_	(2 CPU)

# Time        UID       PID    %usr %system  %guest   %wait    %CPU   CPU  minflt/s  majflt/s     VSZ     RSS   %MEM   cswch/s nvcswch/s  Command
06:31:53 PM     0     33374    0.00    0.20    0.00    0.00    0.20     1      0.40      0.00   35616   13052   0.36     10.00      2.40  perf

# Time        UID       PID    %usr %system  %guest   %wait    %CPU   CPU  minflt/s  majflt/s     VSZ     RSS   %MEM   cswch/s nvcswch/s  Command
06:31:58 PM     0     33374    0.00    0.40    0.00    0.00    0.40     1      0.00      0.00   35616   13052   0.36     10.20      2.20  perf

# Time        UID       PID    %usr %system  %guest   %wait    %CPU   CPU  minflt/s  majflt/s     VSZ     RSS   %MEM   cswch/s nvcswch/s  Command
06:32:03 PM     0     33374    0.00    0.20    0.00    0.00    0.20     1      0.00      0.00   35616   13052   0.36     10.00      2.80  perf

# Time        UID       PID    %usr %system  %guest   %wait    %CPU   CPU  minflt/s  majflt/s     VSZ     RSS   %MEM   cswch/s nvcswch/s  Command
06:32:08 PM     0     33374    0.00    0.20    0.00    0.00    0.20     1      0.00      0.00   35616   13052   0.36     10.20      2.00  perf

# Time        UID       PID    %usr %system  %guest   %wait    %CPU   CPU  minflt/s  majflt/s     VSZ     RSS   %MEM   cswch/s nvcswch/s  Command
06:32:13 PM     0     33374    0.00    0.40    0.00    0.00    0.40     1      0.00      0.00   35616   13052   0.36     10.20      2.40  perf

# Time        UID       PID    %usr %system  %guest   %wait    %CPU   CPU  minflt/s  majflt/s     VSZ     RSS   %MEM   cswch/s nvcswch/s  Command
06:32:18 PM     0     33374    0.00    0.20    0.00    0.00    0.20     1      0.00      0.00   35616   13052   0.36     10.00      1.20  perf

# Time        UID       PID    %usr %system  %guest   %wait    %CPU   CPU  minflt/s  majflt/s     VSZ     RSS   %MEM   cswch/s nvcswch/s  Command
06:32:23 PM     0     33374    0.20    0.40    0.00    0.00    0.60     0      0.00      0.00   35616   13052   0.36     10.20      2.40  perf

# Time        UID       PID    %usr %system  %guest   %wait    %CPU   CPU  minflt/s  majflt/s     VSZ     RSS   %MEM   cswch/s nvcswch/s  Command
06:32:28 PM     0     33374    0.00    0.20    0.00    0.00    0.20     0      0.00      0.00   35616   13052   0.36     10.00      1.00  perf

# Time        UID       PID    %usr %system  %guest   %wait    %CPU   CPU  minflt/s  majflt/s     VSZ     RSS   %MEM   cswch/s nvcswch/s  Command
06:32:33 PM     0     33374    0.00    0.20    0.00    0.00    0.20     1      0.00      0.00   35616   13052   0.36     10.20      2.00  perf

# Time        UID       PID    %usr %system  %guest   %wait    %CPU   CPU  minflt/s  majflt/s     VSZ     RSS   %MEM   cswch/s nvcswch/s  Command
06:32:38 PM     0     33374    0.00    0.40    0.00    0.00    0.40     1      0.00      0.00   35616   13052   0.36     10.00      4.00  perf

# Time        UID       PID    %usr %system  %guest   %wait    %CPU   CPU  minflt/s  majflt/s     VSZ     RSS   %MEM   cswch/s nvcswch/s  Command
06:32:43 PM     0     33374    0.00    0.20    0.00    0.00    0.20     1      0.00      0.00   35616   13052   0.36     10.20      2.20  perf

# Time        UID       PID    %usr %system  %guest   %wait    %CPU   CPU  minflt/s  majflt/s     VSZ     RSS   %MEM   cswch/s nvcswch/s  Command
06:32:48 PM     0     33374    0.00    0.20    0.00    0.20    0.20     0      0.00      0.00   35616   13052   0.36     10.20      3.60  perf

# Time        UID       PID    %usr %system  %guest   %wait    %CPU   CPU  minflt/s  majflt/s     VSZ     RSS   %MEM   cswch/s nvcswch/s  Command
06:32:53 PM     0     33374    0.00    0.40    0.00    0.00    0.40     0      0.00      0.00   35616   13052   0.36      9.80      2.00  perf

# Time        UID       PID    %usr %system  %guest   %wait    %CPU   CPU  minflt/s  majflt/s     VSZ     RSS   %MEM   cswch/s nvcswch/s  Command
06:32:58 PM     0     33374    0.00    0.20    0.00    0.00    0.20     0      0.00      0.00   35616   13052   0.36     10.00      2.00  perf

# Time        UID       PID    %usr %system  %guest   %wait    %CPU   CPU  minflt/s  majflt/s     VSZ     RSS   %MEM   cswch/s nvcswch/s  Command
06:33:03 PM     0     33374    0.00    0.20    0.00    0.00    0.20     1      0.00      0.00   35616   13052   0.36     10.20      3.80  perf

# Time        UID       PID    %usr %system  %guest   %wait    %CPU   CPU  minflt/s  majflt/s     VSZ     RSS   %MEM   cswch/s nvcswch/s  Command
06:33:08 PM     0     33374    0.00    0.40    0.00    0.00    0.40     1      0.00      0.00   35616   13052   0.36     10.00      3.20  perf

# Time        UID       PID    %usr %system  %guest   %wait    %CPU   CPU  minflt/s  majflt/s     VSZ     RSS   %MEM   cswch/s nvcswch/s  Command
06:33:13 PM     0     33374    0.00    0.20    0.00    0.00    0.20     1      0.00      0.00   35616   13052   0.36     10.00      2.20  perf

# Time        UID       PID    %usr %system  %guest   %wait    %CPU   CPU  minflt/s  majflt/s     VSZ     RSS   %MEM   cswch/s nvcswch/s  Command
06:33:18 PM     0     33374    0.00    0.20    0.00    0.00    0.20     0      0.00      0.00   35616   13052   0.36     10.20      3.00  perf

# Time        UID       PID    %usr %system  %guest   %wait    %CPU   CPU  minflt/s  majflt/s     VSZ     RSS   %MEM   cswch/s nvcswch/s  Command
06:33:23 PM     0     33374    0.00    0.40    0.00    0.00    0.40     0      0.00      0.00   35616   13052   0.36     10.20      3.40  perf

# Time        UID       PID    %usr %system  %guest   %wait    %CPU   CPU  minflt/s  majflt/s     VSZ     RSS   %MEM   cswch/s nvcswch/s  Command
06:33:28 PM     0     33374    0.00    0.20    0.00    0.00    0.20     1      0.00      0.00   35616   13052   0.36     10.40      1.60  perf

# Time        UID       PID    %usr %system  %guest   %wait    %CPU   CPU  minflt/s  majflt/s     VSZ     RSS   %MEM   cswch/s nvcswch/s  Command
06:33:33 PM     0     33374    0.00    0.20    0.00    0.00    0.20     1      0.00      0.00   35616   13052   0.36     10.20      3.60  perf

# Time        UID       PID    %usr %system  %guest   %wait    %CPU   CPU  minflt/s  majflt/s     VSZ     RSS   %MEM   cswch/s nvcswch/s  Command
06:33:38 PM     0     33374    0.00    0.40    0.00    0.00    0.40     1      0.00      0.00   35616   13052   0.36     10.00      2.20  perf

# Time        UID       PID    %usr %system  %guest   %wait    %CPU   CPU  minflt/s  majflt/s     VSZ     RSS   %MEM   cswch/s nvcswch/s  Command
06:33:43 PM     0     33374    0.00    0.20    0.00    0.00    0.20     1      0.00      0.00   35616   13052   0.36     10.20      2.80  perf

# Time        UID       PID    %usr %system  %guest   %wait    %CPU   CPU  minflt/s  majflt/s     VSZ     RSS   %MEM   cswch/s nvcswch/s  Command
06:33:48 PM     0     33374    0.00    0.20    0.00    0.00    0.20     1      0.00      0.00   35616   13052   0.36     10.20      1.40  perf

# Time        UID       PID    %usr %system  %guest   %wait    %CPU   CPU  minflt/s  majflt/s     VSZ     RSS   %MEM   cswch/s nvcswch/s  Command
06:33:53 PM     0     33374    0.00    0.40    0.00    0.00    0.40     1      0.00      0.00   35616   13052   0.36      9.80      0.60  perf

# Time        UID       PID    %usr %system  %guest   %wait    %CPU   CPU  minflt/s  majflt/s     VSZ     RSS   %MEM   cswch/s nvcswch/s  Command
06:33:58 PM     0     33374    0.00    0.20    0.00    0.00    0.20     1      0.00      0.00   35616   13052   0.36     10.00      1.20  perf

# Time        UID       PID    %usr %system  %guest   %wait    %CPU   CPU  minflt/s  majflt/s     VSZ     RSS   %MEM   cswch/s nvcswch/s  Command
06:34:03 PM     0     33374    0.00    0.20    0.00    0.00    0.20     1      0.00      0.00   35616   13052   0.36     10.00      3.40  perf

# Time        UID       PID    %usr %system  %guest   %wait    %CPU   CPU  minflt/s  majflt/s     VSZ     RSS   %MEM   cswch/s nvcswch/s  Command
06:34:08 PM     0     33374    0.00    0.40    0.00    0.00    0.40     1      0.00      0.00   35616   13052   0.36      9.80      1.20  perf

# Time        UID       PID    %usr %system  %guest   %wait    %CPU   CPU  minflt/s  majflt/s     VSZ     RSS   %MEM   cswch/s nvcswch/s  Command
06:34:13 PM     0     33374    0.00    0.20    0.00    0.00    0.20     1      0.00      0.00   35616   13052   0.36     10.20      1.60  perf

# Time        UID       PID    %usr %system  %guest   %wait    %CPU   CPU  minflt/s  majflt/s     VSZ     RSS   %MEM   cswch/s nvcswch/s  Command
06:34:18 PM     0     33374    0.00    0.20    0.00    0.00    0.20     1      0.00      0.00   35616   13052   0.36     10.20      1.60  perf

# Time        UID       PID    %usr %system  %guest   %wait    %CPU   CPU  minflt/s  majflt/s     VSZ     RSS   %MEM   cswch/s nvcswch/s  Command
06:34:23 PM     0     33374    0.00    0.40    0.00    0.00    0.40     1      0.00      0.00   35616   13052   0.36     10.00      2.40  perf

# Time        UID       PID    %usr %system  %guest   %wait    %CPU   CPU  minflt/s  majflt/s     VSZ     RSS   %MEM   cswch/s nvcswch/s  Command
06:34:28 PM     0     33374    0.00    0.20    0.00    0.00    0.20     1      0.00      0.00   35616   13052   0.36     10.20      2.20  perf

# Time        UID       PID    %usr %system  %guest   %wait    %CPU   CPU  minflt/s  majflt/s     VSZ     RSS   %MEM   cswch/s nvcswch/s  Command
06:34:33 PM     0     33374    0.00    0.20    0.00    0.00    0.20     1      0.00      0.00   35616   13052   0.36     10.00      1.20  perf

# Time        UID       PID    %usr %system  %guest   %wait    %CPU   CPU  minflt/s  majflt/s     VSZ     RSS   %MEM   cswch/s nvcswch/s  Command
06:34:38 PM     0     33374    0.00    0.20    0.00    0.00    0.20     1      0.00      0.00   35616   13052   0.36      9.80      2.20  perf

# Time        UID       PID    %usr %system  %guest   %wait    %CPU   CPU  minflt/s  majflt/s     VSZ     RSS   %MEM   cswch/s nvcswch/s  Command
06:34:43 PM     0     33374    0.00    0.20    0.00    0.00    0.20     1      0.00      0.00   35616   13052   0.36     10.00      0.80  perf

# Time        UID       PID    %usr %system  %guest   %wait    %CPU   CPU  minflt/s  majflt/s     VSZ     RSS   %MEM   cswch/s nvcswch/s  Command
06:34:48 PM     0     33374    0.00    0.40    0.00    0.00    0.40     1      0.00      0.00   35616   13052   0.36     10.00      0.00  perf

# Time        UID       PID    %usr %system  %guest   %wait    %CPU   CPU  minflt/s  majflt/s     VSZ     RSS   %MEM   cswch/s nvcswch/s  Command
06:34:53 PM     0     33374    0.00    0.20    0.00    0.00    0.20     1      0.00      0.00   35616   13052   0.36     10.20      1.40  perf

# Time        UID       PID    %usr %system  %guest   %wait    %CPU   CPU  minflt/s  majflt/s     VSZ     RSS   %MEM   cswch/s nvcswch/s  Command
06:34:58 PM     0     33374    0.00    0.20    0.00    0.00    0.20     1      0.00      0.00   35616   13052   0.36     10.00      2.40  perf

# Time        UID       PID    %usr %system  %guest   %wait    %CPU   CPU  minflt/s  majflt/s     VSZ     RSS   %MEM   cswch/s nvcswch/s  Command
06:35:03 PM     0     33374    5.00    5.00    0.00    3.80   10.00     1   1247.60      0.00  547568  246704   6.77      9.00     69.00  perf

# Time        UID       PID    %usr %system  %guest   %wait    %CPU   CPU  minflt/s  majflt/s     VSZ     RSS   %MEM   cswch/s nvcswch/s  Command
