Linux 5.15.0-106-generic (iZf8zetnft7hz64q6zlvzzZ) 	07/07/2024 	_x86_64_	(2 CPU)

# Time        UID       PID    %usr %system  %guest   %wait    %CPU   CPU  minflt/s  majflt/s     VSZ     RSS   %MEM   cswch/s nvcswch/s  Command
03:55:33 PM     0     87326    3.80    1.20    0.00    0.00    5.00     0   1458.40      1.60 6162752   56908   1.56      0.20      0.00  java

# Time        UID       PID    %usr %system  %guest   %wait    %CPU   CPU  minflt/s  majflt/s     VSZ     RSS   %MEM   cswch/s nvcswch/s  Command
03:55:38 PM     0     87326    0.20    0.00    0.00    0.00    0.20     0     12.40      0.00 6162752   56960   1.56      0.00      0.00  java

# Time        UID       PID    %usr %system  %guest   %wait    %CPU   CPU  minflt/s  majflt/s     VSZ     RSS   %MEM   cswch/s nvcswch/s  Command
03:55:43 PM     0     87326    0.00    0.00    0.00    0.00    0.00     0     11.20      0.00 6162752   57012   1.56      0.00      0.00  java

# Time        UID       PID    %usr %system  %guest   %wait    %CPU   CPU  minflt/s  majflt/s     VSZ     RSS   %MEM   cswch/s nvcswch/s  Command
03:55:48 PM     0     87326    0.40    0.20    0.00    0.00    0.60     0     28.60      0.00 6162752   57196   1.57      0.00      0.00  java

# Time        UID       PID    %usr %system  %guest   %wait    %CPU   CPU  minflt/s  majflt/s     VSZ     RSS   %MEM   cswch/s nvcswch/s  Command
03:55:53 PM     0     87326    0.20    0.00    0.00    0.00    0.20     0     11.20      0.00 6162752   57248   1.57      0.00      0.00  java

# Time        UID       PID    %usr %system  %guest   %wait    %CPU   CPU  minflt/s  majflt/s     VSZ     RSS   %MEM   cswch/s nvcswch/s  Command
03:55:58 PM     0     87326    0.00    0.20    0.00    0.00    0.20     0     75.80      0.00 6162752   58084   1.59      0.00      0.00  java

# Time        UID       PID    %usr %system  %guest   %wait    %CPU   CPU  minflt/s  majflt/s     VSZ     RSS   %MEM   cswch/s nvcswch/s  Command
03:56:03 PM     0     87326    0.20    0.00    0.00    0.00    0.20     0     22.00      0.80 6162752   58120   1.59      0.00      0.00  java

# Time        UID       PID    %usr %system  %guest   %wait    %CPU   CPU  minflt/s  majflt/s     VSZ     RSS   %MEM   cswch/s nvcswch/s  Command
03:56:08 PM     0     87326    0.40    0.00    0.00    0.00    0.40     0     25.80      0.00 6162752   58208   1.60      0.00      0.00  java

# Time        UID       PID    %usr %system  %guest   %wait    %CPU   CPU  minflt/s  majflt/s     VSZ     RSS   %MEM   cswch/s nvcswch/s  Command
03:56:13 PM     0     87326    0.40    0.20    0.00    0.00    0.60     0     34.40      0.00 6162752   58488   1.60      0.00      0.00  java

# Time        UID       PID    %usr %system  %guest   %wait    %CPU   CPU  minflt/s  majflt/s     VSZ     RSS   %MEM   cswch/s nvcswch/s  Command
03:56:18 PM     0     87326    0.20    0.00    0.00    0.00    0.20     0     17.60      0.00 6162752   58508   1.61      0.00      0.00  java

# Time        UID       PID    %usr %system  %guest   %wait    %CPU   CPU  minflt/s  majflt/s     VSZ     RSS   %MEM   cswch/s nvcswch/s  Command
03:56:23 PM     0     87326    0.00    0.20    0.00    0.00    0.20     0      8.80      0.00 6162752   58560   1.61      0.00      0.00  java

# Time        UID       PID    %usr %system  %guest   %wait    %CPU   CPU  minflt/s  majflt/s     VSZ     RSS   %MEM   cswch/s nvcswch/s  Command
03:56:28 PM     0     87326    0.40    0.20    0.00    0.00    0.60     0     39.60      0.00 6162752   58588   1.61      0.00      0.00  java

# Time        UID       PID    %usr %system  %guest   %wait    %CPU   CPU  minflt/s  majflt/s     VSZ     RSS   %MEM   cswch/s nvcswch/s  Command
03:56:33 PM     0     87326    0.20    0.40    0.00    0.00    0.60     0    184.20      0.80 6162752   61356   1.68      0.00      0.00  java

# Time        UID       PID    %usr %system  %guest   %wait    %CPU   CPU  minflt/s  majflt/s     VSZ     RSS   %MEM   cswch/s nvcswch/s  Command
03:56:38 PM     0     87326    0.20    0.00    0.00    0.00    0.20     0     18.00      0.00 6162752   61356   1.68      0.00      0.00  java

# Time        UID       PID    %usr %system  %guest   %wait    %CPU   CPU  minflt/s  majflt/s     VSZ     RSS   %MEM   cswch/s nvcswch/s  Command
03:56:43 PM     0     87326    0.00    0.20    0.00    0.00    0.20     0     14.00      0.00 6162752   61356   1.68      0.00      0.00  java

# Time        UID       PID    %usr %system  %guest   %wait    %CPU   CPU  minflt/s  majflt/s     VSZ     RSS   %MEM   cswch/s nvcswch/s  Command
03:56:48 PM     0     87326    0.20    0.00    0.00    0.00    0.20     0     40.20      0.00 6162752   61356   1.68      0.00      0.00  java

# Time        UID       PID    %usr %system  %guest   %wait    %CPU   CPU  minflt/s  majflt/s     VSZ     RSS   %MEM   cswch/s nvcswch/s  Command
03:56:53 PM     0     87326    0.40    0.40    0.00    0.00    0.80     0     72.00      0.00 6162752   61884   1.70      0.00      0.00  java

# Time        UID       PID    %usr %system  %guest   %wait    %CPU   CPU  minflt/s  majflt/s     VSZ     RSS   %MEM   cswch/s nvcswch/s  Command
03:56:58 PM     0     87326    0.80    0.20    0.00    0.00    1.00     0    210.20      0.00 6162752   65460   1.80      0.00      0.00  java

# Time        UID       PID    %usr %system  %guest   %wait    %CPU   CPU  minflt/s  majflt/s     VSZ     RSS   %MEM   cswch/s nvcswch/s  Command
03:57:03 PM     0     87326    0.20    0.00    0.00    0.00    0.20     0     34.00      0.60 6162752   65696   1.80      0.00      0.00  java

# Time        UID       PID    %usr %system  %guest   %wait    %CPU   CPU  minflt/s  majflt/s     VSZ     RSS   %MEM   cswch/s nvcswch/s  Command
03:57:08 PM     0     87326    0.20    0.00    0.00    0.00    0.20     0     31.00      0.20 6162752   65844   1.81      0.00      0.00  java

# Time        UID       PID    %usr %system  %guest   %wait    %CPU   CPU  minflt/s  majflt/s     VSZ     RSS   %MEM   cswch/s nvcswch/s  Command
03:57:13 PM     0     87326    0.40    0.00    0.00    0.00    0.40     0     43.40      0.00 6162752   66128   1.81      0.00      0.00  java

# Time        UID       PID    %usr %system  %guest   %wait    %CPU   CPU  minflt/s  majflt/s     VSZ     RSS   %MEM   cswch/s nvcswch/s  Command
03:57:18 PM     0     87326    0.40    0.00    0.00    0.00    0.40     0     35.00      0.00 6162752   66348   1.82      0.00      0.00  java

# Time        UID       PID    %usr %system  %guest   %wait    %CPU   CPU  minflt/s  majflt/s     VSZ     RSS   %MEM   cswch/s nvcswch/s  Command
03:57:23 PM     0     87326    0.00    0.00    0.00    0.00    0.00     0     19.80      0.00 6162752   66440   1.82      0.00      0.00  java

# Time        UID       PID    %usr %system  %guest   %wait    %CPU   CPU  minflt/s  majflt/s     VSZ     RSS   %MEM   cswch/s nvcswch/s  Command
03:57:28 PM     0     87326    0.20    0.00    0.00    0.00    0.20     0     24.20      0.00 6162752   66616   1.83      0.00      0.00  java

# Time        UID       PID    %usr %system  %guest   %wait    %CPU   CPU  minflt/s  majflt/s     VSZ     RSS   %MEM   cswch/s nvcswch/s  Command
03:57:33 PM     0     87326    0.20    0.20    0.00    0.00    0.40     0     19.40      0.00 6162752   66708   1.83      0.00      0.00  java

# Time        UID       PID    %usr %system  %guest   %wait    %CPU   CPU  minflt/s  majflt/s     VSZ     RSS   %MEM   cswch/s nvcswch/s  Command
03:57:38 PM     0     87326    0.00    0.00    0.00    0.00    0.00     0     10.00      0.80 6162752   66760   1.83      0.00      0.00  java

# Time        UID       PID    %usr %system  %guest   %wait    %CPU   CPU  minflt/s  majflt/s     VSZ     RSS   %MEM   cswch/s nvcswch/s  Command
03:57:43 PM     0     87326    0.20    0.00    0.00    0.00    0.20     0     25.80      0.00 6162752   66932   1.84      0.00      0.00  java

# Time        UID       PID    %usr %system  %guest   %wait    %CPU   CPU  minflt/s  majflt/s     VSZ     RSS   %MEM   cswch/s nvcswch/s  Command
03:57:48 PM     0     87326    0.00    0.00    0.00    0.00    0.00     0      0.00      0.00 6162752   66932   1.84      0.00      0.00  java

# Time        UID       PID    %usr %system  %guest   %wait    %CPU   CPU  minflt/s  majflt/s     VSZ     RSS   %MEM   cswch/s nvcswch/s  Command
03:57:53 PM     0     87326    0.00    0.00    0.00    0.00    0.00     0      0.00      0.00 6162752   66932   1.84      0.00      0.00  java

# Time        UID       PID    %usr %system  %guest   %wait    %CPU   CPU  minflt/s  majflt/s     VSZ     RSS   %MEM   cswch/s nvcswch/s  Command
03:57:58 PM     0     87326    0.20    0.00    0.00    0.00    0.20     0      0.00      0.00 6162752   66932   1.84      0.00      0.00  java

# Time        UID       PID    %usr %system  %guest   %wait    %CPU   CPU  minflt/s  majflt/s     VSZ     RSS   %MEM   cswch/s nvcswch/s  Command
03:58:03 PM     0     87326    0.00    0.00    0.00    0.00    0.00     0      0.00      0.00 6162752   66932   1.84      0.00      0.00  java

# Time        UID       PID    %usr %system  %guest   %wait    %CPU   CPU  minflt/s  majflt/s     VSZ     RSS   %MEM   cswch/s nvcswch/s  Command
03:58:08 PM     0     87326    0.00    0.00    0.00    0.00    0.00     0      0.00      0.40 6162752   66932   1.84      0.00      0.00  java

# Time        UID       PID    %usr %system  %guest   %wait    %CPU   CPU  minflt/s  majflt/s     VSZ     RSS   %MEM   cswch/s nvcswch/s  Command
03:58:13 PM     0     87326    0.00    0.00    0.00    0.00    0.00     0      9.60      0.20 6162752   66988   1.84      0.00      0.00  java

# Time        UID       PID    %usr %system  %guest   %wait    %CPU   CPU  minflt/s  majflt/s     VSZ     RSS   %MEM   cswch/s nvcswch/s  Command
03:58:18 PM     0     87326    0.00    0.20    0.00    0.00    0.20     0      0.00      0.00 6162752   66988   1.84      0.00      0.00  java

# Time        UID       PID    %usr %system  %guest   %wait    %CPU   CPU  minflt/s  majflt/s     VSZ     RSS   %MEM   cswch/s nvcswch/s  Command
03:58:23 PM     0     87326    0.20    0.00    0.00    0.00    0.20     0      0.00      0.00 6162752   66988   1.84      0.00      0.00  java

# Time        UID       PID    %usr %system  %guest   %wait    %CPU   CPU  minflt/s  majflt/s     VSZ     RSS   %MEM   cswch/s nvcswch/s  Command
03:58:28 PM     0     87326    0.00    0.00    0.00    0.00    0.00     0      0.00      0.00 6162752   66988   1.84      0.00      0.00  java

# Time        UID       PID    %usr %system  %guest   %wait    %CPU   CPU  minflt/s  majflt/s     VSZ     RSS   %MEM   cswch/s nvcswch/s  Command
03:58:33 PM     0     87326    0.00    0.00    0.00    0.00    0.00     0      0.00      0.00 6162752   66988   1.84      0.00      0.00  java

# Time        UID       PID    %usr %system  %guest   %wait    %CPU   CPU  minflt/s  majflt/s     VSZ     RSS   %MEM   cswch/s nvcswch/s  Command
03:58:38 PM     0     87326    0.00    0.00    0.00    0.00    0.00     0      0.00      0.40 6162752   66988   1.84      0.00      0.00  java

# Time        UID       PID    %usr %system  %guest   %wait    %CPU   CPU  minflt/s  majflt/s     VSZ     RSS   %MEM   cswch/s nvcswch/s  Command
03:58:43 PM     0     87326    0.00    0.00    0.00    0.00    0.00     0      0.00      0.00 6162752   66988   1.84      0.00      0.00  java

# Time        UID       PID    %usr %system  %guest   %wait    %CPU   CPU  minflt/s  majflt/s     VSZ     RSS   %MEM   cswch/s nvcswch/s  Command
03:58:48 PM     0     87326    0.20    0.00    0.00    0.00    0.20     0      9.60      0.40 6162752   67040   1.84      0.00      0.00  java

# Time        UID       PID    %usr %system  %guest   %wait    %CPU   CPU  minflt/s  majflt/s     VSZ     RSS   %MEM   cswch/s nvcswch/s  Command
03:58:53 PM     0     87326    0.00    0.00    0.00    0.00    0.00     0      0.00      0.00 6162752   67040   1.84      0.00      0.00  java

# Time        UID       PID    %usr %system  %guest   %wait    %CPU   CPU  minflt/s  majflt/s     VSZ     RSS   %MEM   cswch/s nvcswch/s  Command
03:58:58 PM     0     87326    0.00    0.00    0.00    0.00    0.00     0      0.00      0.00 6162752   67040   1.84      0.00      0.00  java

# Time        UID       PID    %usr %system  %guest   %wait    %CPU   CPU  minflt/s  majflt/s     VSZ     RSS   %MEM   cswch/s nvcswch/s  Command
03:59:03 PM     0     87326    0.00    0.00    0.00    0.00    0.00     0      0.00      0.00 6162752   67040   1.84      0.00      0.00  java

# Time        UID       PID    %usr %system  %guest   %wait    %CPU   CPU  minflt/s  majflt/s     VSZ     RSS   %MEM   cswch/s nvcswch/s  Command
03:59:08 PM     0     87326    0.00    0.00    0.00    0.00    0.00     0      0.00      0.40 6162752   67040   1.84      0.00      0.00  java

# Time        UID       PID    %usr %system  %guest   %wait    %CPU   CPU  minflt/s  majflt/s     VSZ     RSS   %MEM   cswch/s nvcswch/s  Command
03:59:13 PM     0     87326    0.00    0.20    0.00    0.00    0.20     0      0.00      0.00 6162752   67040   1.84      0.00      0.00  java

# Time        UID       PID    %usr %system  %guest   %wait    %CPU   CPU  minflt/s  majflt/s     VSZ     RSS   %MEM   cswch/s nvcswch/s  Command
03:59:18 PM     0     87326    0.20    0.00    0.00    0.00    0.20     0      9.80      0.40 6162752   67088   1.84      0.00      0.00  java

# Time        UID       PID    %usr %system  %guest   %wait    %CPU   CPU  minflt/s  majflt/s     VSZ     RSS   %MEM   cswch/s nvcswch/s  Command
03:59:23 PM     0     87326    0.00    0.00    0.00    0.00    0.00     0      0.00      0.00 6162752   67088   1.84      0.00      0.00  java

# Time        UID       PID    %usr %system  %guest   %wait    %CPU   CPU  minflt/s  majflt/s     VSZ     RSS   %MEM   cswch/s nvcswch/s  Command
03:59:28 PM     0     87326    0.00    0.00    0.00    0.00    0.00     0      0.00      0.00 6162752   67088   1.84      0.00      0.00  java

# Time        UID       PID    %usr %system  %guest   %wait    %CPU   CPU  minflt/s  majflt/s     VSZ     RSS   %MEM   cswch/s nvcswch/s  Command
03:59:33 PM     0     87326    0.00    0.00    0.00    0.00    0.00     0      0.00      0.00 6162752   67088   1.84      0.00      0.00  java

# Time        UID       PID    %usr %system  %guest   %wait    %CPU   CPU  minflt/s  majflt/s     VSZ     RSS   %MEM   cswch/s nvcswch/s  Command
03:59:38 PM     0     87326    0.20    0.00    0.00    0.00    0.20     0      0.00      0.40 6162752   67088   1.84      0.00      0.00  java

# Time        UID       PID    %usr %system  %guest   %wait    %CPU   CPU  minflt/s  majflt/s     VSZ     RSS   %MEM   cswch/s nvcswch/s  Command
03:59:43 PM     0     87326    0.00    0.00    0.00    0.00    0.00     0      0.00      0.00 6162752   67088   1.84      0.00      0.00  java

# Time        UID       PID    %usr %system  %guest   %wait    %CPU   CPU  minflt/s  majflt/s     VSZ     RSS   %MEM   cswch/s nvcswch/s  Command
03:59:48 PM     0     87326    0.00    0.00    0.00    0.00    0.00     0     10.60      0.40 6162752   67404   1.85      0.00      0.00  java

# Time        UID       PID    %usr %system  %guest   %wait    %CPU   CPU  minflt/s  majflt/s     VSZ     RSS   %MEM   cswch/s nvcswch/s  Command
03:59:53 PM     0     87326    0.20    0.00    0.00    0.00    0.20     0      0.00      0.00 6162752   67404   1.85      0.00      0.00  java

# Time        UID       PID    %usr %system  %guest   %wait    %CPU   CPU  minflt/s  majflt/s     VSZ     RSS   %MEM   cswch/s nvcswch/s  Command
03:59:58 PM     0     87326    0.00    0.00    0.00    0.00    0.00     0      0.00      0.00 6162752   67404   1.85      0.00      0.00  java

# Time        UID       PID    %usr %system  %guest   %wait    %CPU   CPU  minflt/s  majflt/s     VSZ     RSS   %MEM   cswch/s nvcswch/s  Command
04:00:03 PM     0     87326    0.00    0.00    0.00    0.00    0.00     0      0.00      0.00 6162752   67404   1.85      0.00      0.00  java

# Time        UID       PID    %usr %system  %guest   %wait    %CPU   CPU  minflt/s  majflt/s     VSZ     RSS   %MEM   cswch/s nvcswch/s  Command
04:00:08 PM     0     87326    0.00    0.00    0.00    0.00    0.00     0      0.00      0.40 6162752   67404   1.85      0.00      0.00  java

# Time        UID       PID    %usr %system  %guest   %wait    %CPU   CPU  minflt/s  majflt/s     VSZ     RSS   %MEM   cswch/s nvcswch/s  Command
04:00:13 PM     0     87326    0.00    0.00    0.00    0.00    0.00     0      0.00      0.00 6162752   67404   1.85      0.00      0.00  java

# Time        UID       PID    %usr %system  %guest   %wait    %CPU   CPU  minflt/s  majflt/s     VSZ     RSS   %MEM   cswch/s nvcswch/s  Command
04:00:18 PM     0     87326    0.20    0.20    0.00    0.00    0.40     0     34.20      0.40 6162752   67640   1.86      0.00      0.00  java
