
SPECjvm2008 Peak
  Properties file:   none
  Benchmarks:        startup.helloworld startup.compiler.compiler startup.compiler.sunflow startup.compress startup.crypto.aes startup.crypto.rsa startup.crypto.signverify startup.mpegaudio startup.scimark.fft startup.scimark.lu startup.scimark.monte_carlo startup.scimark.sor startup.scimark.sparse startup.serial startup.sunflow startup.xml.transform startup.xml.validation compiler.compiler compiler.sunflow compress crypto.aes crypto.rsa crypto.signverify derby mpegaudio scimark.fft.large scimark.lu.large scimark.sor.large scimark.sparse.large scimark.fft.small scimark.lu.small scimark.sor.small scimark.sparse.small scimark.monte_carlo serial sunflow xml.transform xml.validation

  WARNING: Run will not be compliant.
  Property specjvm.run.initial.check must be true for publication.
  Property specjvm.run.checksum.validation must be true for publication.


--- --- --- --- --- --- --- --- ---

  Benchmark:   startup.helloworld
  Run mode:    static run
  Test type:   single
  Threads:     1
  Iterations:  1
  Run length:  1 operation

Iteration 1 (1 operation) begins: Fri Jul 05 13:02:40 CST 2024
Iteration 1 (1 operation) ends:   Fri Jul 05 13:02:40 CST 2024
Iteration 1 (1 operation) result: 389.61 ops/m

Valid run!
Score on startup.helloworld: 389.61 ops/m


--- --- --- --- --- --- --- --- ---

  Benchmark:   startup.compiler.compiler
  Run mode:    static run
  Test type:   single
  Threads:     1
  Iterations:  1
  Run length:  1 operation

Iteration 1 (1 operation) begins: Fri Jul 05 13:02:40 CST 2024
Iteration 1 (1 operation) ends:   Fri Jul 05 13:02:43 CST 2024
Iteration 1 (1 operation) result: 19.03 ops/m

Valid run!
Score on startup.compiler.compiler: 19.03 ops/m


--- --- --- --- --- --- --- --- ---

  Benchmark:   startup.compiler.sunflow
  Run mode:    static run
  Test type:   single
  Threads:     1
  Iterations:  1
  Run length:  1 operation

Iteration 1 (1 operation) begins: Fri Jul 05 13:02:43 CST 2024
Iteration 1 (1 operation) ends:   Fri Jul 05 13:02:47 CST 2024
Iteration 1 (1 operation) result: 16.39 ops/m

Valid run!
Score on startup.compiler.sunflow: 16.39 ops/m


--- --- --- --- --- --- --- --- ---

  Benchmark:   startup.compress
  Run mode:    static run
  Test type:   single
  Threads:     1
  Iterations:  1
  Run length:  1 operation

Iteration 1 (1 operation) begins: Fri Jul 05 13:02:47 CST 2024
Iteration 1 (1 operation) ends:   Fri Jul 05 13:02:48 CST 2024
Iteration 1 (1 operation) result: 50.63 ops/m

Valid run!
Score on startup.compress: 50.63 ops/m


--- --- --- --- --- --- --- --- ---

  Benchmark:   startup.crypto.aes
  Run mode:    static run
  Test type:   single
  Threads:     1
  Iterations:  1
  Run length:  1 operation

Iteration 1 (1 operation) begins: Fri Jul 05 13:02:48 CST 2024
Iteration 1 (1 operation) ends:   Fri Jul 05 13:02:51 CST 2024
Iteration 1 (1 operation) result: 21.89 ops/m

Valid run!
Score on startup.crypto.aes: 21.89 ops/m


--- --- --- --- --- --- --- --- ---

  Benchmark:   startup.crypto.rsa
  Run mode:    static run
  Test type:   single
  Threads:     1
  Iterations:  1
  Run length:  1 operation

Iteration 1 (1 operation) begins: Fri Jul 05 13:02:51 CST 2024
Iteration 1 (1 operation) ends:   Fri Jul 05 13:02:51 CST 2024
Iteration 1 (1 operation) result: 121.70 ops/m

Valid run!
Score on startup.crypto.rsa: 121.70 ops/m


--- --- --- --- --- --- --- --- ---

  Benchmark:   startup.crypto.signverify
  Run mode:    static run
  Test type:   single
  Threads:     1
  Iterations:  1
  Run length:  1 operation

Iteration 1 (1 operation) begins: Fri Jul 05 13:02:51 CST 2024
Iteration 1 (1 operation) ends:   Fri Jul 05 13:02:52 CST 2024
Iteration 1 (1 operation) result: 71.86 ops/m

Valid run!
Score on startup.crypto.signverify: 71.86 ops/m


--- --- --- --- --- --- --- --- ---

  Benchmark:   startup.mpegaudio
  Run mode:    static run
  Test type:   single
  Threads:     1
  Iterations:  1
  Run length:  1 operation

Iteration 1 (1 operation) begins: Fri Jul 05 13:02:52 CST 2024
Iteration 1 (1 operation) ends:   Fri Jul 05 13:02:54 CST 2024
Iteration 1 (1 operation) result: 27.41 ops/m

Valid run!
Score on startup.mpegaudio: 27.41 ops/m


--- --- --- --- --- --- --- --- ---

  Benchmark:   startup.scimark.fft
  Run mode:    static run
  Test type:   single
  Threads:     1
  Iterations:  1
  Run length:  1 operation

Iteration 1 (1 operation) begins: Fri Jul 05 13:02:54 CST 2024
Iteration 1 (1 operation) ends:   Fri Jul 05 13:02:55 CST 2024
Iteration 1 (1 operation) result: 87.72 ops/m

Valid run!
Score on startup.scimark.fft: 87.72 ops/m


--- --- --- --- --- --- --- --- ---

  Benchmark:   startup.scimark.lu
  Run mode:    static run
  Test type:   single
  Threads:     1
  Iterations:  1
  Run length:  1 operation

Iteration 1 (1 operation) begins: Fri Jul 05 13:02:55 CST 2024
Iteration 1 (1 operation) ends:   Fri Jul 05 13:02:55 CST 2024
Iteration 1 (1 operation) result: 130.15 ops/m

Valid run!
Score on startup.scimark.lu: 130.15 ops/m


--- --- --- --- --- --- --- --- ---

  Benchmark:   startup.scimark.monte_carlo
  Run mode:    static run
  Test type:   single
  Threads:     1
  Iterations:  1
  Run length:  1 operation

Iteration 1 (1 operation) begins: Fri Jul 05 13:02:55 CST 2024
Iteration 1 (1 operation) ends:   Fri Jul 05 13:02:57 CST 2024
Iteration 1 (1 operation) result: 38.24 ops/m

Valid run!
Score on startup.scimark.monte_carlo: 38.24 ops/m


--- --- --- --- --- --- --- --- ---

  Benchmark:   startup.scimark.sor
  Run mode:    static run
  Test type:   single
  Threads:     1
  Iterations:  1
  Run length:  1 operation

Iteration 1 (1 operation) begins: Fri Jul 05 13:02:57 CST 2024
Iteration 1 (1 operation) ends:   Fri Jul 05 13:02:59 CST 2024
Iteration 1 (1 operation) result: 38.22 ops/m

Valid run!
Score on startup.scimark.sor: 38.22 ops/m


--- --- --- --- --- --- --- --- ---

  Benchmark:   startup.scimark.sparse
  Run mode:    static run
  Test type:   single
  Threads:     1
  Iterations:  1
  Run length:  1 operation

Iteration 1 (1 operation) begins: Fri Jul 05 13:02:59 CST 2024
Iteration 1 (1 operation) ends:   Fri Jul 05 13:03:00 CST 2024
Iteration 1 (1 operation) result: 53.62 ops/m

Valid run!
Score on startup.scimark.sparse: 53.62 ops/m


--- --- --- --- --- --- --- --- ---

  Benchmark:   startup.serial
  Run mode:    static run
  Test type:   single
  Threads:     1
  Iterations:  1
  Run length:  1 operation

Iteration 1 (1 operation) begins: Fri Jul 05 13:03:00 CST 2024
Iteration 1 (1 operation) ends:   Fri Jul 05 13:03:02 CST 2024
Iteration 1 (1 operation) result: 26.14 ops/m

Valid run!
Score on startup.serial: 26.14 ops/m


--- --- --- --- --- --- --- --- ---

  Benchmark:   startup.sunflow
  Run mode:    static run
  Test type:   single
  Threads:     1
  Iterations:  1
  Run length:  1 operation

Iteration 1 (1 operation) begins: Fri Jul 05 13:03:02 CST 2024
Iteration 1 (1 operation) ends:   Fri Jul 05 13:03:05 CST 2024
Iteration 1 (1 operation) result: 21.76 ops/m

Valid run!
Score on startup.sunflow: 21.76 ops/m


--- --- --- --- --- --- --- --- ---

  Benchmark:   startup.xml.transform
  Run mode:    static run
  Test type:   single
  Threads:     1
  Iterations:  1
  Run length:  1 operation

Iteration 1 (1 operation) begins: Fri Jul 05 13:03:05 CST 2024
Iteration 1 (1 operation) ends:   Fri Jul 05 13:03:33 CST 2024
Iteration 1 (1 operation) result: 2.11 ops/m

Valid run!
Score on startup.xml.transform: 2.11 ops/m


--- --- --- --- --- --- --- --- ---

  Benchmark:   startup.xml.validation
  Run mode:    static run
  Test type:   single
  Threads:     1
  Iterations:  1
  Run length:  1 operation

Iteration 1 (1 operation) begins: Fri Jul 05 13:03:33 CST 2024
Iteration 1 (1 operation) ends:   Fri Jul 05 13:03:35 CST 2024
Iteration 1 (1 operation) result: 41.18 ops/m

Valid run!
Score on startup.xml.validation: 41.18 ops/m


--- --- --- --- --- --- --- --- ---

  Benchmark:   compiler.compiler
  Run mode:    timed run
  Test type:   multi
  Threads:     2
  Iterations:  1
  Run length:  240s

Iteration 1 (240s) begins: Fri Jul 05 13:03:37 CST 2024
Iteration 1 (240s) ends:   Fri Jul 05 13:07:38 CST 2024
Iteration 1 (240s) result: 332.00 ops/m

Valid run!
Score on compiler.compiler: 332.00 ops/m


--- --- --- --- --- --- --- --- ---

  Benchmark:   compiler.sunflow
  Run mode:    timed run
  Test type:   multi
  Threads:     2
  Iterations:  1
  Run length:  240s

Iteration 1 (240s) begins: Fri Jul 05 13:07:38 CST 2024
Iteration 1 (240s) ends:   Fri Jul 05 13:11:39 CST 2024
Iteration 1 (240s) result: 121.44 ops/m

Valid run!
Score on compiler.sunflow: 121.44 ops/m


--- --- --- --- --- --- --- --- ---

  Benchmark:   compress
  Run mode:    timed run
  Test type:   multi
  Threads:     2
  Iterations:  1
  Run length:  240s

Iteration 1 (240s) begins: Fri Jul 05 13:11:39 CST 2024
Iteration 1 (240s) ends:   Fri Jul 05 13:15:41 CST 2024
Iteration 1 (240s) result: 115.80 ops/m

Valid run!
Score on compress: 115.80 ops/m


--- --- --- --- --- --- --- --- ---

  Benchmark:   crypto.aes
  Run mode:    timed run
  Test type:   multi
  Threads:     2
  Iterations:  1
  Run length:  240s

Iteration 1 (240s) begins: Fri Jul 05 13:15:41 CST 2024
Iteration 1 (240s) ends:   Fri Jul 05 13:19:43 CST 2024
Iteration 1 (240s) result: 48.47 ops/m

Valid run!
Score on crypto.aes: 48.47 ops/m


--- --- --- --- --- --- --- --- ---

  Benchmark:   crypto.rsa
  Run mode:    timed run
  Test type:   multi
  Threads:     2
  Iterations:  1
  Run length:  240s

Iteration 1 (240s) begins: Fri Jul 05 13:19:43 CST 2024
Iteration 1 (240s) ends:   Fri Jul 05 13:23:43 CST 2024
Iteration 1 (240s) result: 855.55 ops/m

Valid run!
Score on crypto.rsa: 855.55 ops/m


--- --- --- --- --- --- --- --- ---

  Benchmark:   crypto.signverify
  Run mode:    timed run
  Test type:   multi
  Threads:     2
  Iterations:  1
  Run length:  240s

Iteration 1 (240s) begins: Fri Jul 05 13:23:43 CST 2024
Iteration 1 (240s) ends:   Fri Jul 05 13:27:44 CST 2024
Iteration 1 (240s) result: 266.36 ops/m

Valid run!
Score on crypto.signverify: 266.36 ops/m


--- --- --- --- --- --- --- --- ---

  Benchmark:   derby
  Run mode:    timed run
  Test type:   multi
  Threads:     2
  Iterations:  1
  Run length:  240s

Iteration 1 (240s) begins: Fri Jul 05 13:28:08 CST 2024
Iteration 1 (240s) ends:   Fri Jul 05 13:32:09 CST 2024
Iteration 1 (240s) result: 219.89 ops/m

Valid run!
Score on derby: 219.89 ops/m


--- --- --- --- --- --- --- --- ---

  Benchmark:   mpegaudio
  Run mode:    timed run
  Test type:   multi
  Threads:     2
  Iterations:  1
  Run length:  240s

Iteration 1 (240s) begins: Fri Jul 05 13:32:09 CST 2024
Iteration 1 (240s) ends:   Fri Jul 05 13:36:11 CST 2024
Iteration 1 (240s) result: 72.06 ops/m

Valid run!
Score on mpegaudio: 72.06 ops/m


--- --- --- --- --- --- --- --- ---

  Benchmark:   scimark.fft.large
  Run mode:    timed run
  Test type:   multi
  Threads:     2
  Iterations:  1
  Run length:  240s

Iteration 1 (240s) begins: Fri Jul 05 13:36:11 CST 2024
Iteration 1 (240s) ends:   Fri Jul 05 13:40:13 CST 2024
Iteration 1 (240s) result: 65.21 ops/m

Valid run!
Score on scimark.fft.large: 65.21 ops/m


--- --- --- --- --- --- --- --- ---

  Benchmark:   scimark.lu.large
  Run mode:    timed run
  Test type:   multi
  Threads:     2
  Iterations:  1
  Run length:  240s

Iteration 1 (240s) begins: Fri Jul 05 13:40:13 CST 2024
Iteration 1 (240s) ends:   Fri Jul 05 13:44:18 CST 2024
Iteration 1 (240s) result: 27.31 ops/m

Valid run!
Score on scimark.lu.large: 27.31 ops/m


--- --- --- --- --- --- --- --- ---

  Benchmark:   scimark.sor.large
  Run mode:    timed run
  Test type:   multi
  Threads:     2
  Iterations:  1
  Run length:  240s

Iteration 1 (240s) begins: Fri Jul 05 13:44:18 CST 2024
Iteration 1 (240s) ends:   Fri Jul 05 13:48:25 CST 2024
Iteration 1 (240s) result: 18.47 ops/m

Valid run!
Score on scimark.sor.large: 18.47 ops/m


--- --- --- --- --- --- --- --- ---

  Benchmark:   scimark.sparse.large
  Run mode:    timed run
  Test type:   multi
  Threads:     2
  Iterations:  1
  Run length:  240s

Iteration 1 (240s) begins: Fri Jul 05 13:48:25 CST 2024
Iteration 1 (240s) ends:   Fri Jul 05 13:52:29 CST 2024
Iteration 1 (240s) result: 36.91 ops/m

Valid run!
Score on scimark.sparse.large: 36.91 ops/m


--- --- --- --- --- --- --- --- ---

  Benchmark:   scimark.fft.small
  Run mode:    timed run
  Test type:   multi
  Threads:     2
  Iterations:  1
  Run length:  240s

Iteration 1 (240s) begins: Fri Jul 05 13:52:29 CST 2024
Iteration 1 (240s) ends:   Fri Jul 05 13:56:29 CST 2024
Iteration 1 (240s) result: 260.08 ops/m

Valid run!
Score on scimark.fft.small: 260.08 ops/m


--- --- --- --- --- --- --- --- ---

  Benchmark:   scimark.lu.small
  Run mode:    timed run
  Test type:   multi
  Threads:     2
  Iterations:  1
  Run length:  240s

Iteration 1 (240s) begins: Fri Jul 05 13:56:29 CST 2024
Iteration 1 (240s) ends:   Fri Jul 05 14:00:30 CST 2024
Iteration 1 (240s) result: 536.05 ops/m

Valid run!
Score on scimark.lu.small: 536.05 ops/m


--- --- --- --- --- --- --- --- ---

  Benchmark:   scimark.sor.small
  Run mode:    timed run
  Test type:   multi
  Threads:     2
  Iterations:  1
  Run length:  240s

Iteration 1 (240s) begins: Fri Jul 05 14:00:30 CST 2024
Iteration 1 (240s) ends:   Fri Jul 05 14:04:31 CST 2024
Iteration 1 (240s) result: 81.34 ops/m

Valid run!
Score on scimark.sor.small: 81.34 ops/m


--- --- --- --- --- --- --- --- ---

  Benchmark:   scimark.sparse.small
  Run mode:    timed run
  Test type:   multi
  Threads:     2
  Iterations:  1
  Run length:  240s

Iteration 1 (240s) begins: Fri Jul 05 14:04:31 CST 2024
Iteration 1 (240s) ends:   Fri Jul 05 14:08:32 CST 2024
Iteration 1 (240s) result: 134.45 ops/m

Valid run!
Score on scimark.sparse.small: 134.45 ops/m


--- --- --- --- --- --- --- --- ---

  Benchmark:   scimark.monte_carlo
  Run mode:    timed run
  Test type:   multi
  Threads:     2
  Iterations:  1
  Run length:  240s

Iteration 1 (240s) begins: Fri Jul 05 14:08:32 CST 2024
Iteration 1 (240s) ends:   Fri Jul 05 14:12:34 CST 2024
Iteration 1 (240s) result: 133.95 ops/m

Valid run!
Score on scimark.monte_carlo: 133.95 ops/m


--- --- --- --- --- --- --- --- ---

  Benchmark:   serial
  Run mode:    timed run
  Test type:   multi
  Threads:     2
  Iterations:  1
  Run length:  240s

Iteration 1 (240s) begins: Fri Jul 05 14:12:34 CST 2024
Iteration 1 (240s) ends:   Fri Jul 05 14:16:35 CST 2024
Iteration 1 (240s) result: 94.92 ops/m

Valid run!
Score on serial: 94.92 ops/m


--- --- --- --- --- --- --- --- ---

  Benchmark:   sunflow
  Run mode:    timed run
  Test type:   multi
  Threads:     1
  Iterations:  1
  Run length:  240s

Iteration 1 (240s) begins: Fri Jul 05 14:16:35 CST 2024
Iteration 1 (240s) ends:   Fri Jul 05 14:20:36 CST 2024
Iteration 1 (240s) result: 49.09 ops/m

Valid run!
Score on sunflow: 49.09 ops/m


--- --- --- --- --- --- --- --- ---

  Benchmark:   xml.transform
  Run mode:    timed run
  Test type:   multi
  Threads:     2
  Iterations:  1
  Run length:  240s

Iteration 1 (240s) begins: Fri Jul 05 14:21:03 CST 2024
Iteration 1 (240s) ends:   Fri Jul 05 14:25:04 CST 2024
Iteration 1 (240s) result: 188.26 ops/m

Valid run!
Score on xml.transform: 188.26 ops/m


--- --- --- --- --- --- --- --- ---

  Benchmark:   xml.validation
  Run mode:    timed run
  Test type:   multi
  Threads:     2
  Iterations:  1
  Run length:  240s

Iteration 1 (240s) begins: Fri Jul 05 14:25:04 CST 2024
Iteration 1 (240s) ends:   Fri Jul 05 14:29:04 CST 2024
Iteration 1 (240s) result: 462.99 ops/m

Valid run!
Score on xml.validation: 462.99 ops/m

Results are stored in: 
/root/spec/build/release/SPECjvm2008/results/SPECjvm2008.030/SPECjvm2008.030.raw
Generating reports in:
/root/spec/build/release/SPECjvm2008/results/SPECjvm2008.030

Noncompliant composite result: 112.3 ops/m
