Linux 5.15.0-106-generic (iZf8zetnft7hz64q6zlvzzZ) 	07/06/2024 	_x86_64_	(2 CPU)

# Time        UID       PID    %usr %system  %guest   %wait    %CPU   CPU  minflt/s  majflt/s     VSZ     RSS   %MEM   cswch/s nvcswch/s  Command
01:02:18 PM     0      8858    5.20    0.40    0.00    0.00    5.60     0   1454.80      1.80 5645500   44920   1.23      0.20      0.00  java

# Time        UID       PID    %usr %system  %guest   %wait    %CPU   CPU  minflt/s  majflt/s     VSZ     RSS   %MEM   cswch/s nvcswch/s  Command
01:02:23 PM     0      8858    0.20    0.00    0.00    0.00    0.20     0     25.20      0.60 5645500   44960   1.23      0.00      0.00  java

# Time        UID       PID    %usr %system  %guest   %wait    %CPU   CPU  minflt/s  majflt/s     VSZ     RSS   %MEM   cswch/s nvcswch/s  Command
01:02:28 PM     0      8858    1.00    0.20    0.00    0.00    1.20     0    112.00      0.00 5645500   45840   1.26      0.00      0.00  java

# Time        UID       PID    %usr %system  %guest   %wait    %CPU   CPU  minflt/s  majflt/s     VSZ     RSS   %MEM   cswch/s nvcswch/s  Command
01:02:33 PM     0      8858    0.40    0.00    0.00    0.00    0.40     0     48.40      0.00 5645500   45860   1.26      0.00      0.00  java

# Time        UID       PID    %usr %system  %guest   %wait    %CPU   CPU  minflt/s  majflt/s     VSZ     RSS   %MEM   cswch/s nvcswch/s  Command
01:02:38 PM     0      8858    0.40    0.20    0.00    0.00    0.60     0     47.40      0.00 5645500   45336   1.24      0.00      0.00  java

# Time        UID       PID    %usr %system  %guest   %wait    %CPU   CPU  minflt/s  majflt/s     VSZ     RSS   %MEM   cswch/s nvcswch/s  Command
01:02:43 PM     0      8858    0.20    0.20    0.00    0.00    0.40     0     23.60      0.00 5645500   45732   1.25      0.00      0.00  java

# Time        UID       PID    %usr %system  %guest   %wait    %CPU   CPU  minflt/s  majflt/s     VSZ     RSS   %MEM   cswch/s nvcswch/s  Command
01:02:48 PM     0      8858    0.00    0.00    0.00    0.00    0.00     0      0.00      0.00 5645500   45732   1.25      0.00      0.00  java

# Time        UID       PID    %usr %system  %guest   %wait    %CPU   CPU  minflt/s  majflt/s     VSZ     RSS   %MEM   cswch/s nvcswch/s  Command
01:02:53 PM     0      8858    0.00    0.00    0.00    0.00    0.00     0      0.00      0.20 5645500   45732   1.25      0.00      0.00  java

# Time        UID       PID    %usr %system  %guest   %wait    %CPU   CPU  minflt/s  majflt/s     VSZ     RSS   %MEM   cswch/s nvcswch/s  Command
01:02:58 PM     0      8858    0.20    0.00    0.00    0.00    0.20     0      0.00      0.00 5645500   45732   1.25      0.00      0.00  java

# Time        UID       PID    %usr %system  %guest   %wait    %CPU   CPU  minflt/s  majflt/s     VSZ     RSS   %MEM   cswch/s nvcswch/s  Command
01:03:03 PM     0      8858    0.00    0.00    0.00    0.00    0.00     0      0.00      0.00 5645500   45732   1.25      0.00      0.00  java

# Time        UID       PID    %usr %system  %guest   %wait    %CPU   CPU  minflt/s  majflt/s     VSZ     RSS   %MEM   cswch/s nvcswch/s  Command
01:03:08 PM     0      8858    0.00    0.00    0.00    0.00    0.00     0      0.00      0.00 5645500   45732   1.25      0.00      0.00  java

# Time        UID       PID    %usr %system  %guest   %wait    %CPU   CPU  minflt/s  majflt/s     VSZ     RSS   %MEM   cswch/s nvcswch/s  Command
01:03:13 PM     0      8858   61.40    4.00    0.00    0.00   65.40     0   5711.00      0.60 5650216  139960   3.84      0.00      0.00  java

# Time        UID       PID    %usr %system  %guest   %wait    %CPU   CPU  minflt/s  majflt/s     VSZ     RSS   %MEM   cswch/s nvcswch/s  Command
01:03:18 PM     0      8858  187.00    6.00    0.00    0.00  193.00     0  19817.20      0.00 5650216  531624  14.59      0.00      0.00  java

# Time        UID       PID    %usr %system  %guest   %wait    %CPU   CPU  minflt/s  majflt/s     VSZ     RSS   %MEM   cswch/s nvcswch/s  Command
01:03:23 PM     0      8858  184.40    9.00    0.00    0.00  193.40     0  33898.60      0.80 5650216 1206156  33.09      0.00      0.00  java

# Time        UID       PID    %usr %system  %guest   %wait    %CPU   CPU  minflt/s  majflt/s     VSZ     RSS   %MEM   cswch/s nvcswch/s  Command
01:03:28 PM     0      8858  193.40    1.40    0.00    0.00  194.80     0   2306.40      0.00 5650216 1252604  34.37      0.00      0.00  java

# Time        UID       PID    %usr %system  %guest   %wait    %CPU   CPU  minflt/s  majflt/s     VSZ     RSS   %MEM   cswch/s nvcswch/s  Command
01:03:33 PM     0      8858  190.80    1.80    0.00    0.00  192.60     0    429.20      0.00 5650216 1257424  34.50      0.00      0.00  java

# Time        UID       PID    %usr %system  %guest   %wait    %CPU   CPU  minflt/s  majflt/s     VSZ     RSS   %MEM   cswch/s nvcswch/s  Command
01:03:38 PM     0      8858  190.60    2.60    0.00    0.00  193.20     0     67.60      0.80 5650216 1258708  34.54      0.00      0.00  java

# Time        UID       PID    %usr %system  %guest   %wait    %CPU   CPU  minflt/s  majflt/s     VSZ     RSS   %MEM   cswch/s nvcswch/s  Command
01:03:43 PM     0      8858  191.00    2.20    0.00    0.00  193.20     0    121.20      0.00 5650216 1261064  34.60      0.00      0.00  java

# Time        UID       PID    %usr %system  %guest   %wait    %CPU   CPU  minflt/s  majflt/s     VSZ     RSS   %MEM   cswch/s nvcswch/s  Command
01:03:48 PM     0      8858  191.00    1.80    0.00    0.00  192.80     0      2.80      0.00 5650216 1261064  34.60      0.00      0.00  java

# Time        UID       PID    %usr %system  %guest   %wait    %CPU   CPU  minflt/s  majflt/s     VSZ     RSS   %MEM   cswch/s nvcswch/s  Command
01:03:53 PM     0      8858  190.60    1.80    0.00    0.00  192.40     0     11.60      0.00 5650216 1261276  34.61      0.00      0.00  java

# Time        UID       PID    %usr %system  %guest   %wait    %CPU   CPU  minflt/s  majflt/s     VSZ     RSS   %MEM   cswch/s nvcswch/s  Command
01:03:58 PM     0      8858  190.20    2.20    0.00    0.00  192.40     0      6.40      0.00 5650216 1261364  34.61      0.00      0.00  java

# Time        UID       PID    %usr %system  %guest   %wait    %CPU   CPU  minflt/s  majflt/s     VSZ     RSS   %MEM   cswch/s nvcswch/s  Command
01:04:03 PM     0      8858  191.00    2.60    0.00    0.00  193.60     0      5.60      0.00 5650216 1261632  34.62      0.00      0.00  java

# Time        UID       PID    %usr %system  %guest   %wait    %CPU   CPU  minflt/s  majflt/s     VSZ     RSS   %MEM   cswch/s nvcswch/s  Command
01:04:08 PM     0      8858  193.20    1.20    0.00    0.00  194.40     0      2.40      0.80 5650216 1261632  34.62      0.00      0.00  java

# Time        UID       PID    %usr %system  %guest   %wait    %CPU   CPU  minflt/s  majflt/s     VSZ     RSS   %MEM   cswch/s nvcswch/s  Command
01:04:13 PM     0      8858  192.00    1.40    0.00    0.00  193.40     0      1.80      0.00 5650216 1261668  34.62      0.00      0.00  java

# Time        UID       PID    %usr %system  %guest   %wait    %CPU   CPU  minflt/s  majflt/s     VSZ     RSS   %MEM   cswch/s nvcswch/s  Command
01:04:18 PM     0      8858  194.40    0.60    0.00    0.00  195.00     0      5.80      0.80 5650216 1261812  34.62      0.00      0.00  java

# Time        UID       PID    %usr %system  %guest   %wait    %CPU   CPU  minflt/s  majflt/s     VSZ     RSS   %MEM   cswch/s nvcswch/s  Command
01:04:23 PM     0      8858  191.60    1.60    0.00    0.00  193.20     0     13.60      0.00 5650216 1261900  34.62      0.00      0.00  java

# Time        UID       PID    %usr %system  %guest   %wait    %CPU   CPU  minflt/s  majflt/s     VSZ     RSS   %MEM   cswch/s nvcswch/s  Command
01:04:28 PM     0      8858  193.60    1.00    0.00    0.00  194.60     0      1.40      0.00 5650216 1261900  34.62      0.00      0.00  java

# Time        UID       PID    %usr %system  %guest   %wait    %CPU   CPU  minflt/s  majflt/s     VSZ     RSS   %MEM   cswch/s nvcswch/s  Command
01:04:33 PM     0      8858  194.00    1.00    0.00    0.00  195.00     0      1.20      0.00 5650216 1261900  34.62      0.00      0.00  java

# Time        UID       PID    %usr %system  %guest   %wait    %CPU   CPU  minflt/s  majflt/s     VSZ     RSS   %MEM   cswch/s nvcswch/s  Command
01:04:38 PM     0      8858  192.00    1.60    0.00    0.00  193.60     0      1.20      0.00 5650216 1261900  34.62      0.00      0.00  java

# Time        UID       PID    %usr %system  %guest   %wait    %CPU   CPU  minflt/s  majflt/s     VSZ     RSS   %MEM   cswch/s nvcswch/s  Command
01:04:43 PM     0      8858  192.40    2.00    0.00    0.00  194.40     0      1.40      0.00 5650216 1261900  34.62      0.00      0.00  java

# Time        UID       PID    %usr %system  %guest   %wait    %CPU   CPU  minflt/s  majflt/s     VSZ     RSS   %MEM   cswch/s nvcswch/s  Command
01:04:48 PM     0      8858  190.60    2.40    0.00    0.00  193.00     0      1.80      0.80 5650216 1261900  34.62      0.00      0.00  java

# Time        UID       PID    %usr %system  %guest   %wait    %CPU   CPU  minflt/s  majflt/s     VSZ     RSS   %MEM   cswch/s nvcswch/s  Command
01:04:53 PM     0      8858  191.80    2.00    0.00    0.00  193.80     0      0.60      0.00 5650216 1261900  34.62      0.00      0.00  java

# Time        UID       PID    %usr %system  %guest   %wait    %CPU   CPU  minflt/s  majflt/s     VSZ     RSS   %MEM   cswch/s nvcswch/s  Command
01:04:58 PM     0      8858  192.20    1.40    0.00    0.00  193.60     0      1.20      0.00 5650216 1261900  34.62      0.00      0.00  java

# Time        UID       PID    %usr %system  %guest   %wait    %CPU   CPU  minflt/s  majflt/s     VSZ     RSS   %MEM   cswch/s nvcswch/s  Command
01:05:03 PM     0      8858  191.60    1.20    0.00    0.00  192.80     0      0.60      0.00 5650216 1261900  34.62      0.00      0.00  java

# Time        UID       PID    %usr %system  %guest   %wait    %CPU   CPU  minflt/s  majflt/s     VSZ     RSS   %MEM   cswch/s nvcswch/s  Command
01:05:08 PM     0      8858  194.40    1.20    0.00    0.00  195.60     0      0.80      0.00 5650216 1261900  34.62      0.00      0.00  java

# Time        UID       PID    %usr %system  %guest   %wait    %CPU   CPU  minflt/s  majflt/s     VSZ     RSS   %MEM   cswch/s nvcswch/s  Command
01:05:13 PM     0      8858  192.40    0.80    0.00    0.00  193.20     0      0.80      0.00 5650216 1261900  34.62      0.00      0.00  java

# Time        UID       PID    %usr %system  %guest   %wait    %CPU   CPU  minflt/s  majflt/s     VSZ     RSS   %MEM   cswch/s nvcswch/s  Command
01:05:18 PM     0      8858  185.40    2.60    0.00    0.00  188.00     0    496.00      0.80 5650216 1271492  34.89      0.00      0.00  java

# Time        UID       PID    %usr %system  %guest   %wait    %CPU   CPU  minflt/s  majflt/s     VSZ     RSS   %MEM   cswch/s nvcswch/s  Command
01:05:23 PM     0      8858  191.20    1.80    0.00    0.00  193.00     0      0.60      0.00 5650216 1271492  34.89      0.00      0.00  java

# Time        UID       PID    %usr %system  %guest   %wait    %CPU   CPU  minflt/s  majflt/s     VSZ     RSS   %MEM   cswch/s nvcswch/s  Command
01:05:28 PM     0      8858  191.80    1.40    0.00    0.00  193.20     0    202.60      0.00 5650216 1275452  34.99      0.00      0.00  java

# Time        UID       PID    %usr %system  %guest   %wait    %CPU   CPU  minflt/s  majflt/s     VSZ     RSS   %MEM   cswch/s nvcswch/s  Command
01:05:33 PM     0      8858  193.20    1.20    0.00    0.00  194.40     0      0.80      0.00 5650216 1275452  34.99      0.00      0.00  java

# Time        UID       PID    %usr %system  %guest   %wait    %CPU   CPU  minflt/s  majflt/s     VSZ     RSS   %MEM   cswch/s nvcswch/s  Command
01:05:38 PM     0      8858  191.40    1.80    0.00    0.00  193.20     0     53.60      0.00 5650216 1276508  35.02      0.00      0.00  java

# Time        UID       PID    %usr %system  %guest   %wait    %CPU   CPU  minflt/s  majflt/s     VSZ     RSS   %MEM   cswch/s nvcswch/s  Command
01:05:43 PM     0      8858  190.60    2.60    0.00    0.00  193.20     0      1.00      0.00 5650216 1276508  35.02      0.00      0.00  java

# Time        UID       PID    %usr %system  %guest   %wait    %CPU   CPU  minflt/s  majflt/s     VSZ     RSS   %MEM   cswch/s nvcswch/s  Command
01:05:48 PM     0      8858  192.00    2.20    0.00    0.00  194.20     0      0.80      0.80 5650216 1276508  35.02      0.00      0.00  java

# Time        UID       PID    %usr %system  %guest   %wait    %CPU   CPU  minflt/s  majflt/s     VSZ     RSS   %MEM   cswch/s nvcswch/s  Command
01:05:53 PM     0      8858  191.40    1.80    0.00    0.00  193.20     0      1.40      0.00 5650216 1276508  35.02      0.00      0.00  java

# Time        UID       PID    %usr %system  %guest   %wait    %CPU   CPU  minflt/s  majflt/s     VSZ     RSS   %MEM   cswch/s nvcswch/s  Command
01:05:58 PM     0      8858  193.60    1.20    0.00    0.00  194.80     0      0.60      0.00 5650216 1276508  35.02      0.00      0.00  java

# Time        UID       PID    %usr %system  %guest   %wait    %CPU   CPU  minflt/s  majflt/s     VSZ     RSS   %MEM   cswch/s nvcswch/s  Command
01:06:03 PM     0      8858  193.40    1.00    0.00    0.00  194.40     0      0.80      0.40 5650216 1276508  35.02      0.00      0.00  java

# Time        UID       PID    %usr %system  %guest   %wait    %CPU   CPU  minflt/s  majflt/s     VSZ     RSS   %MEM   cswch/s nvcswch/s  Command
01:06:08 PM     0      8858  194.00    1.00    0.00    0.00  195.00     0      0.80      0.40 5650216 1276692  35.03      0.00      0.00  java

# Time        UID       PID    %usr %system  %guest   %wait    %CPU   CPU  minflt/s  majflt/s     VSZ     RSS   %MEM   cswch/s nvcswch/s  Command
01:06:13 PM     0      8858  194.40    0.60    0.00    0.00  195.00     0      0.80      0.00 5650216 1276692  35.03      0.00      0.00  java

# Time        UID       PID    %usr %system  %guest   %wait    %CPU   CPU  minflt/s  majflt/s     VSZ     RSS   %MEM   cswch/s nvcswch/s  Command
01:06:18 PM     0      8858  192.40    0.80    0.00    0.00  193.20     0      0.60      0.40 5650216 1276692  35.03      0.00      0.00  java

# Time        UID       PID    %usr %system  %guest   %wait    %CPU   CPU  minflt/s  majflt/s     VSZ     RSS   %MEM   cswch/s nvcswch/s  Command
01:06:23 PM     0      8858  192.80    1.60    0.00    0.00  194.40     0      1.00      0.40 5650216 1276692  35.03      0.00      0.00  java

# Time        UID       PID    %usr %system  %guest   %wait    %CPU   CPU  minflt/s  majflt/s     VSZ     RSS   %MEM   cswch/s nvcswch/s  Command
01:06:28 PM     0      8858  191.40    2.40    0.00    0.00  193.80     0      1.00      0.00 5650216 1276692  35.03      0.00      0.00  java

# Time        UID       PID    %usr %system  %guest   %wait    %CPU   CPU  minflt/s  majflt/s     VSZ     RSS   %MEM   cswch/s nvcswch/s  Command
01:06:33 PM     0      8858  190.80    1.80    0.00    0.00  192.60     0      0.80      0.00 5650216 1276692  35.03      0.00      0.00  java

# Time        UID       PID    %usr %system  %guest   %wait    %CPU   CPU  minflt/s  majflt/s     VSZ     RSS   %MEM   cswch/s nvcswch/s  Command
01:06:38 PM     0      8858  191.60    0.80    0.00    0.00  192.40     0      0.80      0.00 5650216 1276768  35.03      0.00      0.00  java

# Time        UID       PID    %usr %system  %guest   %wait    %CPU   CPU  minflt/s  majflt/s     VSZ     RSS   %MEM   cswch/s nvcswch/s  Command
01:06:43 PM     0      8858  190.80    1.20    0.00    0.00  192.00     0      0.80      0.00 5650216 1276768  35.03      0.00      0.00  java

# Time        UID       PID    %usr %system  %guest   %wait    %CPU   CPU  minflt/s  majflt/s     VSZ     RSS   %MEM   cswch/s nvcswch/s  Command
01:06:48 PM     0      8858  193.00    1.40    0.00    0.00  194.40     0      0.60      0.00 5650216 1276768  35.03      0.00      0.00  java

# Time        UID       PID    %usr %system  %guest   %wait    %CPU   CPU  minflt/s  majflt/s     VSZ     RSS   %MEM   cswch/s nvcswch/s  Command
01:06:53 PM     0      8858  191.40    1.60    0.00    0.00  193.00     0      1.00      0.80 5650216 1276768  35.03      0.00      0.00  java

# Time        UID       PID    %usr %system  %guest   %wait    %CPU   CPU  minflt/s  majflt/s     VSZ     RSS   %MEM   cswch/s nvcswch/s  Command
01:06:58 PM     0      8858  191.60    2.00    0.00    0.00  193.60     0      0.80      0.00 5650216 1276768  35.03      0.00      0.00  java

# Time        UID       PID    %usr %system  %guest   %wait    %CPU   CPU  minflt/s  majflt/s     VSZ     RSS   %MEM   cswch/s nvcswch/s  Command
01:07:03 PM     0      8858  192.20    2.00    0.00    0.00  194.20     0      0.80      0.00 5650216 1276768  35.03      0.00      0.00  java

# Time        UID       PID    %usr %system  %guest   %wait    %CPU   CPU  minflt/s  majflt/s     VSZ     RSS   %MEM   cswch/s nvcswch/s  Command
01:07:08 PM     0      8858  191.60    2.00    0.00    0.00  193.60     0      0.80      0.00 5650216 1276768  35.03      0.00      0.00  java

# Time        UID       PID    %usr %system  %guest   %wait    %CPU   CPU  minflt/s  majflt/s     VSZ     RSS   %MEM   cswch/s nvcswch/s  Command
01:07:13 PM     0      8858  191.20    2.00    0.00    0.00  193.20     0      0.80      0.00 5650216 1276768  35.03      0.00      0.00  java

# Time        UID       PID    %usr %system  %guest   %wait    %CPU   CPU  minflt/s  majflt/s     VSZ     RSS   %MEM   cswch/s nvcswch/s  Command
01:07:18 PM     0      8858  190.40    1.60    0.00    0.00  192.00     0      0.60      0.00 5650216 1276768  35.03      0.00      0.00  java

# Time        UID       PID    %usr %system  %guest   %wait    %CPU   CPU  minflt/s  majflt/s     VSZ     RSS   %MEM   cswch/s nvcswch/s  Command
01:07:23 PM     0      8858  191.60    2.40    0.00    0.00  194.00     0      1.00      0.80 5650216 1276852  35.03      0.00      0.00  java

# Time        UID       PID    %usr %system  %guest   %wait    %CPU   CPU  minflt/s  majflt/s     VSZ     RSS   %MEM   cswch/s nvcswch/s  Command
01:07:28 PM     0      8858  192.20    2.20    0.00    0.00  194.40     0      0.80      0.00 5650216 1276852  35.03      0.00      0.00  java

# Time        UID       PID    %usr %system  %guest   %wait    %CPU   CPU  minflt/s  majflt/s     VSZ     RSS   %MEM   cswch/s nvcswch/s  Command
01:07:33 PM     0      8858  192.00    1.20    0.00    0.00  193.20     0      0.60      0.00 5650216 1276852  35.03      0.00      0.00  java

# Time        UID       PID    %usr %system  %guest   %wait    %CPU   CPU  minflt/s  majflt/s     VSZ     RSS   %MEM   cswch/s nvcswch/s  Command
01:07:38 PM     0      8858  193.00    1.40    0.00    0.00  194.40     0      0.80      0.00 5650216 1276852  35.03      0.00      0.00  java

# Time        UID       PID    %usr %system  %guest   %wait    %CPU   CPU  minflt/s  majflt/s     VSZ     RSS   %MEM   cswch/s nvcswch/s  Command
01:07:43 PM     0      8858  192.80    0.80    0.00    0.00  193.60     0      0.80      0.00 5650216 1276852  35.03      0.00      0.00  java

# Time        UID       PID    %usr %system  %guest   %wait    %CPU   CPU  minflt/s  majflt/s     VSZ     RSS   %MEM   cswch/s nvcswch/s  Command
01:07:48 PM     0      8858  194.20    1.20    0.00    0.00  195.40     0      0.80      0.00 5650216 1276852  35.03      0.00      0.00  java

# Time        UID       PID    %usr %system  %guest   %wait    %CPU   CPU  minflt/s  majflt/s     VSZ     RSS   %MEM   cswch/s nvcswch/s  Command
01:07:53 PM     0      8858  192.00    1.20    0.00    0.00  193.20     0      0.80      0.80 5650216 1276852  35.03      0.00      0.00  java

# Time        UID       PID    %usr %system  %guest   %wait    %CPU   CPU  minflt/s  majflt/s     VSZ     RSS   %MEM   cswch/s nvcswch/s  Command
01:07:58 PM     0      8858  192.00    1.60    0.00    0.00  193.60     0      1.00      0.00 5650216 1276852  35.03      0.00      0.00  java

# Time        UID       PID    %usr %system  %guest   %wait    %CPU   CPU  minflt/s  majflt/s     VSZ     RSS   %MEM   cswch/s nvcswch/s  Command
01:08:03 PM     0      8858  192.80    1.80    0.00    0.00  194.60     0      0.80      0.00 5650216 1276852  35.03      0.00      0.00  java

# Time        UID       PID    %usr %system  %guest   %wait    %CPU   CPU  minflt/s  majflt/s     VSZ     RSS   %MEM   cswch/s nvcswch/s  Command
01:08:08 PM     0      8858  191.20    2.40    0.00    0.00  193.60     0      0.80      0.00 5650216 1276852  35.03      0.00      0.00  java

# Time        UID       PID    %usr %system  %guest   %wait    %CPU   CPU  minflt/s  majflt/s     VSZ     RSS   %MEM   cswch/s nvcswch/s  Command
01:08:13 PM     0      8858  192.60    1.80    0.00    0.00  194.40     0      0.80      0.00 5650216 1276852  35.03      0.00      0.00  java

# Time        UID       PID    %usr %system  %guest   %wait    %CPU   CPU  minflt/s  majflt/s     VSZ     RSS   %MEM   cswch/s nvcswch/s  Command
01:08:18 PM     0      8858  193.20    1.20    0.00    0.00  194.40     0      0.80      0.00 5650216 1276852  35.03      0.00      0.00  java

# Time        UID       PID    %usr %system  %guest   %wait    %CPU   CPU  minflt/s  majflt/s     VSZ     RSS   %MEM   cswch/s nvcswch/s  Command
01:08:23 PM     0      8858  192.40    0.80    0.00    0.00  193.20     0      0.80      0.80 5650216 1276852  35.03      0.00      0.00  java

# Time        UID       PID    %usr %system  %guest   %wait    %CPU   CPU  minflt/s  majflt/s     VSZ     RSS   %MEM   cswch/s nvcswch/s  Command
01:08:28 PM     0      8858  192.60    1.60    0.00    0.00  194.20     0      0.80      0.00 5650216 1276852  35.03      0.00      0.00  java

# Time        UID       PID    %usr %system  %guest   %wait    %CPU   CPU  minflt/s  majflt/s     VSZ     RSS   %MEM   cswch/s nvcswch/s  Command
01:08:33 PM     0      8858  192.40    1.40    0.00    0.00  193.80     0      0.80      0.00 5650216 1276852  35.03      0.00      0.00  java

# Time        UID       PID    %usr %system  %guest   %wait    %CPU   CPU  minflt/s  majflt/s     VSZ     RSS   %MEM   cswch/s nvcswch/s  Command
01:08:38 PM     0      8858  193.20    1.60    0.00    0.00  194.80     0      0.80      0.00 5650216 1276852  35.03      0.00      0.00  java

# Time        UID       PID    %usr %system  %guest   %wait    %CPU   CPU  minflt/s  majflt/s     VSZ     RSS   %MEM   cswch/s nvcswch/s  Command
01:08:43 PM     0      8858  193.20    1.20    0.00    0.00  194.40     0      0.60      0.00 5650216 1276852  35.03      0.00      0.00  java

# Time        UID       PID    %usr %system  %guest   %wait    %CPU   CPU  minflt/s  majflt/s     VSZ     RSS   %MEM   cswch/s nvcswch/s  Command
01:08:48 PM     0      8858  191.80    1.00    0.00    0.00  192.80     0      0.80      0.00 5650216 1276852  35.03      0.00      0.00  java

# Time        UID       PID    %usr %system  %guest   %wait    %CPU   CPU  minflt/s  majflt/s     VSZ     RSS   %MEM   cswch/s nvcswch/s  Command
01:08:53 PM     0      8858  192.60    1.80    0.00    0.00  194.40     0      0.80      0.80 5650216 1276852  35.03      0.00      0.00  java

# Time        UID       PID    %usr %system  %guest   %wait    %CPU   CPU  minflt/s  majflt/s     VSZ     RSS   %MEM   cswch/s nvcswch/s  Command
01:08:58 PM     0      8858  190.00    2.20    0.00    0.00  192.20     0      0.80      0.00 5650216 1276852  35.03      0.00      0.00  java

# Time        UID       PID    %usr %system  %guest   %wait    %CPU   CPU  minflt/s  majflt/s     VSZ     RSS   %MEM   cswch/s nvcswch/s  Command
01:09:03 PM     0      8858  191.60    2.80    0.00    0.00  194.40     0      0.80      0.00 5650216 1276852  35.03      0.00      0.00  java

# Time        UID       PID    %usr %system  %guest   %wait    %CPU   CPU  minflt/s  majflt/s     VSZ     RSS   %MEM   cswch/s nvcswch/s  Command
01:09:08 PM     0      8858  192.00    1.40    0.00    0.00  193.40     0      1.00      0.00 5650216 1276852  35.03      0.00      0.00  java

# Time        UID       PID    %usr %system  %guest   %wait    %CPU   CPU  minflt/s  majflt/s     VSZ     RSS   %MEM   cswch/s nvcswch/s  Command
01:09:13 PM     0      8858  193.20    1.00    0.00    0.00  194.20     0      0.80      0.00 5650216 1276852  35.03      0.00      0.00  java

# Time        UID       PID    %usr %system  %guest   %wait    %CPU   CPU  minflt/s  majflt/s     VSZ     RSS   %MEM   cswch/s nvcswch/s  Command
01:09:18 PM     0      8858  182.00    4.00    0.00    0.00  186.00     0    175.20      0.00 5650216 1279988  35.12      0.00      0.00  java

# Time        UID       PID    %usr %system  %guest   %wait    %CPU   CPU  minflt/s  majflt/s     VSZ     RSS   %MEM   cswch/s nvcswch/s  Command
01:09:23 PM     0      8858  189.60    1.20    0.00    0.00  190.80     0    207.00      0.80 5650216 1282220  35.18      0.00      0.00  java

# Time        UID       PID    %usr %system  %guest   %wait    %CPU   CPU  minflt/s  majflt/s     VSZ     RSS   %MEM   cswch/s nvcswch/s  Command
01:09:28 PM     0      8858  190.40    1.00    0.00    0.00  191.40     0      4.00      0.00 5650216 1282220  35.18      0.00      0.00  java

# Time        UID       PID    %usr %system  %guest   %wait    %CPU   CPU  minflt/s  majflt/s     VSZ     RSS   %MEM   cswch/s nvcswch/s  Command
01:09:33 PM     0      8858  190.20    1.00    0.00    0.00  191.20     0    108.20      0.00 5650216 1280784  35.14      0.00      0.00  java

# Time        UID       PID    %usr %system  %guest   %wait    %CPU   CPU  minflt/s  majflt/s     VSZ     RSS   %MEM   cswch/s nvcswch/s  Command
01:09:38 PM     0      8858  189.80    1.00    0.00    0.00  190.80     0      1.40      0.00 5650216 1280784  35.14      0.00      0.00  java

# Time        UID       PID    %usr %system  %guest   %wait    %CPU   CPU  minflt/s  majflt/s     VSZ     RSS   %MEM   cswch/s nvcswch/s  Command
01:09:43 PM     0      8858  186.20    2.20    0.00    0.00  188.40     0      2.00      0.00 5650216 1280784  35.14      0.00      0.00  java

# Time        UID       PID    %usr %system  %guest   %wait    %CPU   CPU  minflt/s  majflt/s     VSZ     RSS   %MEM   cswch/s nvcswch/s  Command
01:09:48 PM     0      8858  187.00    2.80    0.00    0.00  189.80     0      1.00      0.00 5650216 1280784  35.14      0.00      0.00  java

# Time        UID       PID    %usr %system  %guest   %wait    %CPU   CPU  minflt/s  majflt/s     VSZ     RSS   %MEM   cswch/s nvcswch/s  Command
01:09:53 PM     0      8858  186.80    2.60    0.00    0.00  189.40     0      0.60      0.00 5650216 1280784  35.14      0.00      0.00  java

# Time        UID       PID    %usr %system  %guest   %wait    %CPU   CPU  minflt/s  majflt/s     VSZ     RSS   %MEM   cswch/s nvcswch/s  Command
01:09:58 PM     0      8858  187.40    2.20    0.00    0.00  189.60     0      0.80      0.80 5650216 1280784  35.14      0.00      0.00  java

# Time        UID       PID    %usr %system  %guest   %wait    %CPU   CPU  minflt/s  majflt/s     VSZ     RSS   %MEM   cswch/s nvcswch/s  Command
01:10:03 PM     0      8858  184.80    2.80    0.00    0.00  187.60     0      0.80      0.00 5650216 1280784  35.14      0.00      0.00  java

# Time        UID       PID    %usr %system  %guest   %wait    %CPU   CPU  minflt/s  majflt/s     VSZ     RSS   %MEM   cswch/s nvcswch/s  Command
01:10:08 PM     0      8858  188.60    1.40    0.00    0.00  190.00     0      0.60      0.00 5650216 1280784  35.14      0.00      0.00  java

# Time        UID       PID    %usr %system  %guest   %wait    %CPU   CPU  minflt/s  majflt/s     VSZ     RSS   %MEM   cswch/s nvcswch/s  Command
01:10:13 PM     0      8858  187.20    2.80    0.00    0.00  190.00     0      1.00      0.00 5650216 1280784  35.14      0.00      0.00  java

# Time        UID       PID    %usr %system  %guest   %wait    %CPU   CPU  minflt/s  majflt/s     VSZ     RSS   %MEM   cswch/s nvcswch/s  Command
01:10:18 PM     0      8858  187.60    2.40    0.00    0.00  190.00     0      1.00      0.00 5650216 1280784  35.14      0.00      0.00  java

# Time        UID       PID    %usr %system  %guest   %wait    %CPU   CPU  minflt/s  majflt/s     VSZ     RSS   %MEM   cswch/s nvcswch/s  Command
01:10:23 PM     0      8858  188.00    2.60    0.00    0.00  190.60     0      0.80      0.00 5650216 1280784  35.14      0.00      0.00  java

# Time        UID       PID    %usr %system  %guest   %wait    %CPU   CPU  minflt/s  majflt/s     VSZ     RSS   %MEM   cswch/s nvcswch/s  Command
01:10:28 PM     0      8858  187.60    2.20    0.00    0.00  189.80     0      0.60      0.80 5650216 1280784  35.14      0.00      0.00  java

# Time        UID       PID    %usr %system  %guest   %wait    %CPU   CPU  minflt/s  majflt/s     VSZ     RSS   %MEM   cswch/s nvcswch/s  Command
01:10:33 PM     0      8858  188.40    2.20    0.00    0.00  190.60     0      0.80      0.00 5650216 1280872  35.14      0.00      0.00  java

# Time        UID       PID    %usr %system  %guest   %wait    %CPU   CPU  minflt/s  majflt/s     VSZ     RSS   %MEM   cswch/s nvcswch/s  Command
01:10:38 PM     0      8858  188.80    1.80    0.00    0.00  190.60     0      1.00      0.00 5650216 1280872  35.14      0.00      0.00  java

# Time        UID       PID    %usr %system  %guest   %wait    %CPU   CPU  minflt/s  majflt/s     VSZ     RSS   %MEM   cswch/s nvcswch/s  Command
01:10:43 PM     0      8858  187.40    2.80    0.00    0.00  190.20     0      0.80      0.00 5650216 1280872  35.14      0.00      0.00  java

# Time        UID       PID    %usr %system  %guest   %wait    %CPU   CPU  minflt/s  majflt/s     VSZ     RSS   %MEM   cswch/s nvcswch/s  Command
01:10:48 PM     0      8858  188.60    1.80    0.00    0.00  190.40     0      0.60      0.00 5650216 1280872  35.14      0.00      0.00  java

# Time        UID       PID    %usr %system  %guest   %wait    %CPU   CPU  minflt/s  majflt/s     VSZ     RSS   %MEM   cswch/s nvcswch/s  Command
01:10:53 PM     0      8858  184.80    2.20    0.00    0.00  187.00     0      1.00      0.00 5650216 1280872  35.14      0.00      0.00  java

# Time        UID       PID    %usr %system  %guest   %wait    %CPU   CPU  minflt/s  majflt/s     VSZ     RSS   %MEM   cswch/s nvcswch/s  Command
01:10:58 PM     0      8858  184.80    2.40    0.00    0.00  187.20     0      0.80      0.80 5650216 1280872  35.14      0.00      0.00  java

# Time        UID       PID    %usr %system  %guest   %wait    %CPU   CPU  minflt/s  majflt/s     VSZ     RSS   %MEM   cswch/s nvcswch/s  Command
01:11:03 PM     0      8858  185.20    2.40    0.00    0.00  187.60     0      0.60      0.00 5650216 1280952  35.15      0.00      0.00  java

# Time        UID       PID    %usr %system  %guest   %wait    %CPU   CPU  minflt/s  majflt/s     VSZ     RSS   %MEM   cswch/s nvcswch/s  Command
01:11:08 PM     0      8858  183.80    2.40    0.00    0.00  186.20     0      0.80      0.00 5650216 1280952  35.15      0.00      0.00  java

# Time        UID       PID    %usr %system  %guest   %wait    %CPU   CPU  minflt/s  majflt/s     VSZ     RSS   %MEM   cswch/s nvcswch/s  Command
01:11:13 PM     0      8858  186.20    2.20    0.00    0.00  188.40     0      0.80      0.00 5650216 1280952  35.15      0.00      0.00  java

# Time        UID       PID    %usr %system  %guest   %wait    %CPU   CPU  minflt/s  majflt/s     VSZ     RSS   %MEM   cswch/s nvcswch/s  Command
01:11:18 PM     0      8858  169.00    1.60    0.00    0.00  170.60     0      9.00      0.00 5650216 1280792  35.14      0.00      0.00  java

# Time        UID       PID    %usr %system  %guest   %wait    %CPU   CPU  minflt/s  majflt/s     VSZ     RSS   %MEM   cswch/s nvcswch/s  Command
01:11:23 PM     0      8858  183.20    2.80    0.00    0.00  186.00     0      1.20      0.00 5650216 1280792  35.14      0.00      0.00  java

# Time        UID       PID    %usr %system  %guest   %wait    %CPU   CPU  minflt/s  majflt/s     VSZ     RSS   %MEM   cswch/s nvcswch/s  Command
01:11:28 PM     0      8858  184.60    1.80    0.00    0.00  186.40     0      0.60      0.80 5650216 1280792  35.14      0.00      0.00  java

# Time        UID       PID    %usr %system  %guest   %wait    %CPU   CPU  minflt/s  majflt/s     VSZ     RSS   %MEM   cswch/s nvcswch/s  Command
01:11:33 PM     0      8858  184.40    2.00    0.00    0.00  186.40     0      0.80      0.00 5650216 1280792  35.14      0.00      0.00  java

# Time        UID       PID    %usr %system  %guest   %wait    %CPU   CPU  minflt/s  majflt/s     VSZ     RSS   %MEM   cswch/s nvcswch/s  Command
01:11:38 PM     0      8858  187.00    2.20    0.00    0.00  189.20     0      0.80      0.00 5650216 1280792  35.14      0.00      0.00  java

# Time        UID       PID    %usr %system  %guest   %wait    %CPU   CPU  minflt/s  majflt/s     VSZ     RSS   %MEM   cswch/s nvcswch/s  Command
01:11:43 PM     0      8858  187.60    1.60    0.00    0.00  189.20     0      0.60      0.00 5650216 1280792  35.14      0.00      0.00  java

# Time        UID       PID    %usr %system  %guest   %wait    %CPU   CPU  minflt/s  majflt/s     VSZ     RSS   %MEM   cswch/s nvcswch/s  Command
01:11:48 PM     0      8858  187.00    2.20    0.00    0.00  189.20     0      0.80      0.00 5650216 1280792  35.14      0.00      0.00  java

# Time        UID       PID    %usr %system  %guest   %wait    %CPU   CPU  minflt/s  majflt/s     VSZ     RSS   %MEM   cswch/s nvcswch/s  Command
01:11:53 PM     0      8858  187.20    2.00    0.00    0.00  189.20     0      0.80      0.00 5650216 1280792  35.14      0.00      0.00  java

# Time        UID       PID    %usr %system  %guest   %wait    %CPU   CPU  minflt/s  majflt/s     VSZ     RSS   %MEM   cswch/s nvcswch/s  Command
01:11:58 PM     0      8858  181.80    3.20    0.00    0.00  185.00     0      0.80      0.80 5650216 1280792  35.14      0.00      0.00  java

# Time        UID       PID    %usr %system  %guest   %wait    %CPU   CPU  minflt/s  majflt/s     VSZ     RSS   %MEM   cswch/s nvcswch/s  Command
01:12:03 PM     0      8858  185.80    2.40    0.00    0.00  188.20     0      0.60      0.00 5650216 1280792  35.14      0.00      0.00  java

# Time        UID       PID    %usr %system  %guest   %wait    %CPU   CPU  minflt/s  majflt/s     VSZ     RSS   %MEM   cswch/s nvcswch/s  Command
01:12:08 PM     0      8858  185.80    1.80    0.00    0.00  187.60     0      1.00      0.00 5650216 1280792  35.14      0.00      0.00  java

# Time        UID       PID    %usr %system  %guest   %wait    %CPU   CPU  minflt/s  majflt/s     VSZ     RSS   %MEM   cswch/s nvcswch/s  Command
01:12:13 PM     0      8858  184.80    1.40    0.00    0.00  186.20     0      0.80      0.00 5650216 1280792  35.14      0.00      0.00  java

# Time        UID       PID    %usr %system  %guest   %wait    %CPU   CPU  minflt/s  majflt/s     VSZ     RSS   %MEM   cswch/s nvcswch/s  Command
01:12:18 PM     0      8858  187.40    1.20    0.00    0.00  188.60     0      0.60      0.00 5650216 1280792  35.14      0.00      0.00  java

# Time        UID       PID    %usr %system  %guest   %wait    %CPU   CPU  minflt/s  majflt/s     VSZ     RSS   %MEM   cswch/s nvcswch/s  Command
01:12:23 PM     0      8858  184.20    2.20    0.00    0.00  186.40     0      0.80      0.00 5650216 1280792  35.14      0.00      0.00  java

# Time        UID       PID    %usr %system  %guest   %wait    %CPU   CPU  minflt/s  majflt/s     VSZ     RSS   %MEM   cswch/s nvcswch/s  Command
01:12:28 PM     0      8858  183.20    2.20    0.00    0.00  185.40     0      0.60      0.80 5650216 1280792  35.14      0.00      0.00  java

# Time        UID       PID    %usr %system  %guest   %wait    %CPU   CPU  minflt/s  majflt/s     VSZ     RSS   %MEM   cswch/s nvcswch/s  Command
01:12:33 PM     0      8858  185.40    1.60    0.00    0.00  187.00     0      0.80      0.00 5650216 1280792  35.14      0.00      0.00  java

# Time        UID       PID    %usr %system  %guest   %wait    %CPU   CPU  minflt/s  majflt/s     VSZ     RSS   %MEM   cswch/s nvcswch/s  Command
01:12:38 PM     0      8858  181.80    2.40    0.00    0.00  184.20     0      0.80      0.80 5650216 1280792  35.14      0.00      0.00  java

# Time        UID       PID    %usr %system  %guest   %wait    %CPU   CPU  minflt/s  majflt/s     VSZ     RSS   %MEM   cswch/s nvcswch/s  Command
01:12:43 PM     0      8858  185.60    2.00    0.00    0.00  187.60     0      0.60      0.80 5650216 1280792  35.14      0.00      0.00  java

# Time        UID       PID    %usr %system  %guest   %wait    %CPU   CPU  minflt/s  majflt/s     VSZ     RSS   %MEM   cswch/s nvcswch/s  Command
01:12:48 PM     0      8858  186.20    1.40    0.00    0.00  187.60     0      0.80      0.80 5650216 1280792  35.14      0.00      0.00  java

# Time        UID       PID    %usr %system  %guest   %wait    %CPU   CPU  minflt/s  majflt/s     VSZ     RSS   %MEM   cswch/s nvcswch/s  Command
01:12:53 PM     0      8858  184.60    2.40    0.00    0.00  187.00     0      0.60      0.00 5650216 1280792  35.14      0.00      0.00  java

# Time        UID       PID    %usr %system  %guest   %wait    %CPU   CPU  minflt/s  majflt/s     VSZ     RSS   %MEM   cswch/s nvcswch/s  Command
01:12:58 PM     0      8858  185.40    2.60    0.00    0.00  188.00     0      0.80      0.00 5650216 1280872  35.14      0.00      0.00  java

# Time        UID       PID    %usr %system  %guest   %wait    %CPU   CPU  minflt/s  majflt/s     VSZ     RSS   %MEM   cswch/s nvcswch/s  Command
01:13:03 PM     0      8858  184.40    1.60    0.00    0.00  186.00     0      0.60      0.00 5650216 1280872  35.14      0.00      0.00  java

# Time        UID       PID    %usr %system  %guest   %wait    %CPU   CPU  minflt/s  majflt/s     VSZ     RSS   %MEM   cswch/s nvcswch/s  Command
01:13:08 PM     0      8858  185.20    1.20    0.00    0.00  186.40     0      0.80      0.00 5650216 1280872  35.14      0.00      0.00  java

# Time        UID       PID    %usr %system  %guest   %wait    %CPU   CPU  minflt/s  majflt/s     VSZ     RSS   %MEM   cswch/s nvcswch/s  Command
01:13:13 PM     0      8858  185.00    1.80    0.00    0.00  186.80     0      0.80      0.00 5650216 1280952  35.15      0.00      0.00  java

# Time        UID       PID    %usr %system  %guest   %wait    %CPU   CPU  minflt/s  majflt/s     VSZ     RSS   %MEM   cswch/s nvcswch/s  Command
01:13:18 PM     0      8858  182.80    2.00    0.00    0.00  184.80     0      0.60      0.40 5650216 1280952  35.15      0.00      0.00  java

# Time        UID       PID    %usr %system  %guest   %wait    %CPU   CPU  minflt/s  majflt/s     VSZ     RSS   %MEM   cswch/s nvcswch/s  Command
01:13:23 PM     0      8858  187.20    1.40    0.00    0.00  188.60     0      1.00      0.80 5650216 1280952  35.15      0.00      0.00  java

# Time        UID       PID    %usr %system  %guest   %wait    %CPU   CPU  minflt/s  majflt/s     VSZ     RSS   %MEM   cswch/s nvcswch/s  Command
01:13:28 PM     0      8858  187.20    1.80    0.00    0.00  189.00     0      0.60      0.40 5650216 1280952  35.15      0.00      0.00  java

# Time        UID       PID    %usr %system  %guest   %wait    %CPU   CPU  minflt/s  majflt/s     VSZ     RSS   %MEM   cswch/s nvcswch/s  Command
01:13:33 PM     0      8858  185.80    1.60    0.00    0.00  187.40     0      0.80      0.00 5650216 1280952  35.15      0.00      0.00  java

# Time        UID       PID    %usr %system  %guest   %wait    %CPU   CPU  minflt/s  majflt/s     VSZ     RSS   %MEM   cswch/s nvcswch/s  Command
01:13:38 PM     0      8858  186.00    2.00    0.00    0.00  188.00     0      0.80      0.00 5650216 1280952  35.15      0.00      0.00  java

# Time        UID       PID    %usr %system  %guest   %wait    %CPU   CPU  minflt/s  majflt/s     VSZ     RSS   %MEM   cswch/s nvcswch/s  Command
01:13:43 PM     0      8858  186.60    0.80    0.00    0.00  187.40     0      0.60      0.80 5650216 1280952  35.15      0.00      0.00  java

# Time        UID       PID    %usr %system  %guest   %wait    %CPU   CPU  minflt/s  majflt/s     VSZ     RSS   %MEM   cswch/s nvcswch/s  Command
01:13:48 PM     0      8858  186.20    1.80    0.00    0.00  188.00     0      0.80      0.00 5650216 1280952  35.15      0.00      0.00  java

# Time        UID       PID    %usr %system  %guest   %wait    %CPU   CPU  minflt/s  majflt/s     VSZ     RSS   %MEM   cswch/s nvcswch/s  Command
01:13:53 PM     0      8858  187.00    1.40    0.00    0.00  188.40     0      1.00      0.80 5650216 1280952  35.15      0.00      0.00  java

# Time        UID       PID    %usr %system  %guest   %wait    %CPU   CPU  minflt/s  majflt/s     VSZ     RSS   %MEM   cswch/s nvcswch/s  Command
01:13:58 PM     0      8858  185.40    2.00    0.00    0.00  187.40     0      0.80      0.00 5650216 1280952  35.15      0.00      0.00  java

# Time        UID       PID    %usr %system  %guest   %wait    %CPU   CPU  minflt/s  majflt/s     VSZ     RSS   %MEM   cswch/s nvcswch/s  Command
01:14:03 PM     0      8858  186.60    2.20    0.00    0.00  188.80     0      0.80      0.00 5650216 1280952  35.15      0.00      0.00  java

# Time        UID       PID    %usr %system  %guest   %wait    %CPU   CPU  minflt/s  majflt/s     VSZ     RSS   %MEM   cswch/s nvcswch/s  Command
01:14:08 PM     0      8858  184.20    2.40    0.00    0.00  186.60     0    851.60      0.00 5650216 1296132  35.56      0.00      0.00  java

# Time        UID       PID    %usr %system  %guest   %wait    %CPU   CPU  minflt/s  majflt/s     VSZ     RSS   %MEM   cswch/s nvcswch/s  Command
01:14:13 PM     0      8858  184.00    2.60    0.00    0.00  186.60     0      4.60      0.00 5650216 1292128  35.45      0.00      0.00  java

# Time        UID       PID    %usr %system  %guest   %wait    %CPU   CPU  minflt/s  majflt/s     VSZ     RSS   %MEM   cswch/s nvcswch/s  Command
01:14:18 PM     0      8858  185.20    2.00    0.00    0.00  187.20     0      4.80      0.00 5650216 1292204  35.45      0.00      0.00  java

# Time        UID       PID    %usr %system  %guest   %wait    %CPU   CPU  minflt/s  majflt/s     VSZ     RSS   %MEM   cswch/s nvcswch/s  Command
01:14:23 PM     0      8858  184.40    1.40    0.00    0.00  185.80     0      0.80      0.80 5650216 1279840  35.12      0.00      0.00  java

# Time        UID       PID    %usr %system  %guest   %wait    %CPU   CPU  minflt/s  majflt/s     VSZ     RSS   %MEM   cswch/s nvcswch/s  Command
01:14:28 PM     0      8858  185.60    1.20    0.00    0.00  186.80     0      1.00      0.00 5650216 1279840  35.12      0.00      0.00  java

# Time        UID       PID    %usr %system  %guest   %wait    %CPU   CPU  minflt/s  majflt/s     VSZ     RSS   %MEM   cswch/s nvcswch/s  Command
01:14:33 PM     0      8858  181.40    2.20    0.00    0.00  183.60     0      1.20      0.00 5650216 1279840  35.12      0.00      0.00  java

# Time        UID       PID    %usr %system  %guest   %wait    %CPU   CPU  minflt/s  majflt/s     VSZ     RSS   %MEM   cswch/s nvcswch/s  Command
01:14:38 PM     0      8858  185.00    1.20    0.00    0.00  186.20     0      0.80      0.00 5650216 1279840  35.12      0.00      0.00  java

# Time        UID       PID    %usr %system  %guest   %wait    %CPU   CPU  minflt/s  majflt/s     VSZ     RSS   %MEM   cswch/s nvcswch/s  Command
01:14:43 PM     0      8858  186.40    2.20    0.00    0.00  188.60     0      0.80      0.00 5650216 1279840  35.12      0.00      0.00  java

# Time        UID       PID    %usr %system  %guest   %wait    %CPU   CPU  minflt/s  majflt/s     VSZ     RSS   %MEM   cswch/s nvcswch/s  Command
01:14:48 PM     0      8858  185.40    1.60    0.00    0.00  187.00     0      0.80      0.00 5650216 1279840  35.12      0.00      0.00  java

# Time        UID       PID    %usr %system  %guest   %wait    %CPU   CPU  minflt/s  majflt/s     VSZ     RSS   %MEM   cswch/s nvcswch/s  Command
01:14:53 PM     0      8858  186.40    1.80    0.00    0.00  188.20     0      0.80      0.80 5650216 1279840  35.12      0.00      0.00  java

# Time        UID       PID    %usr %system  %guest   %wait    %CPU   CPU  minflt/s  majflt/s     VSZ     RSS   %MEM   cswch/s nvcswch/s  Command
01:14:58 PM     0      8858  185.20    1.60    0.00    0.00  186.80     0      0.60      0.00 5650216 1279840  35.12      0.00      0.00  java

# Time        UID       PID    %usr %system  %guest   %wait    %CPU   CPU  minflt/s  majflt/s     VSZ     RSS   %MEM   cswch/s nvcswch/s  Command
01:15:03 PM     0      8858  182.20    1.80    0.00    0.00  184.00     0      0.80      0.00 5650216 1279840  35.12      0.00      0.00  java

# Time        UID       PID    %usr %system  %guest   %wait    %CPU   CPU  minflt/s  majflt/s     VSZ     RSS   %MEM   cswch/s nvcswch/s  Command
01:15:08 PM     0      8858  187.20    1.40    0.00    0.00  188.60     0      0.80      0.00 5650216 1279840  35.12      0.00      0.00  java

# Time        UID       PID    %usr %system  %guest   %wait    %CPU   CPU  minflt/s  majflt/s     VSZ     RSS   %MEM   cswch/s nvcswch/s  Command
01:15:13 PM     0      8858  187.80    1.20    0.00    0.00  189.00     0      0.80      0.00 5650216 1279840  35.12      0.00      0.00  java

# Time        UID       PID    %usr %system  %guest   %wait    %CPU   CPU  minflt/s  majflt/s     VSZ     RSS   %MEM   cswch/s nvcswch/s  Command
01:15:18 PM     0      8858  181.40    1.40    0.00    0.00  182.80     0      1.00      0.00 5650216 1279760  35.11      0.00      0.00  java

# Time        UID       PID    %usr %system  %guest   %wait    %CPU   CPU  minflt/s  majflt/s     VSZ     RSS   %MEM   cswch/s nvcswch/s  Command
01:15:23 PM     0      8858  182.80    0.80    0.00    0.00  183.60     0    339.80      0.60 5653284 1282840  35.20      0.00      0.00  java

# Time        UID       PID    %usr %system  %guest   %wait    %CPU   CPU  minflt/s  majflt/s     VSZ     RSS   %MEM   cswch/s nvcswch/s  Command
01:15:28 PM     0      8858  193.40    0.60    0.00    0.00  194.00     0      0.20      0.00 5653284 1282840  35.20      0.00      0.00  java

# Time        UID       PID    %usr %system  %guest   %wait    %CPU   CPU  minflt/s  majflt/s     VSZ     RSS   %MEM   cswch/s nvcswch/s  Command
01:15:33 PM     0      8858  195.20    0.00    0.00    0.00  195.20     0      0.20      0.20 5653284 1282840  35.20      0.00      0.00  java

# Time        UID       PID    %usr %system  %guest   %wait    %CPU   CPU  minflt/s  majflt/s     VSZ     RSS   %MEM   cswch/s nvcswch/s  Command
01:15:38 PM     0      8858  194.40    0.40    0.00    0.00  194.80     0      0.00      0.00 5653284 1282840  35.20      0.00      0.00  java

# Time        UID       PID    %usr %system  %guest   %wait    %CPU   CPU  minflt/s  majflt/s     VSZ     RSS   %MEM   cswch/s nvcswch/s  Command
01:15:43 PM     0      8858  195.00    0.20    0.00    0.00  195.20     0      0.20      0.00 5653284 1282840  35.20      0.00      0.00  java

# Time        UID       PID    %usr %system  %guest   %wait    %CPU   CPU  minflt/s  majflt/s     VSZ     RSS   %MEM   cswch/s nvcswch/s  Command
01:15:48 PM     0      8858  195.40    0.20    0.00    0.00  195.60     0      0.00      0.00 5653284 1282840  35.20      0.00      0.00  java

# Time        UID       PID    %usr %system  %guest   %wait    %CPU   CPU  minflt/s  majflt/s     VSZ     RSS   %MEM   cswch/s nvcswch/s  Command
01:15:53 PM     0      8858  193.80    0.40    0.00    0.00  194.20     0      0.00      0.40 5653284 1282840  35.20      0.00      0.00  java

# Time        UID       PID    %usr %system  %guest   %wait    %CPU   CPU  minflt/s  majflt/s     VSZ     RSS   %MEM   cswch/s nvcswch/s  Command
01:15:58 PM     0      8858  195.40    0.00    0.00    0.00  195.40     0      0.00      0.00 5653284 1282840  35.20      0.00      0.00  java

# Time        UID       PID    %usr %system  %guest   %wait    %CPU   CPU  minflt/s  majflt/s     VSZ     RSS   %MEM   cswch/s nvcswch/s  Command
01:16:03 PM     0      8858  194.00    0.40    0.00    0.00  194.40     0      0.20      0.40 5653284 1282840  35.20      0.00      0.00  java

# Time        UID       PID    %usr %system  %guest   %wait    %CPU   CPU  minflt/s  majflt/s     VSZ     RSS   %MEM   cswch/s nvcswch/s  Command
01:16:08 PM     0      8858  195.40    0.40    0.00    0.00  195.80     0      0.00      0.40 5653284 1282840  35.20      0.00      0.00  java

# Time        UID       PID    %usr %system  %guest   %wait    %CPU   CPU  minflt/s  majflt/s     VSZ     RSS   %MEM   cswch/s nvcswch/s  Command
01:16:13 PM     0      8858  195.20    0.20    0.00    0.00  195.40     0      0.00      0.40 5653284 1282840  35.20      0.00      0.00  java

# Time        UID       PID    %usr %system  %guest   %wait    %CPU   CPU  minflt/s  majflt/s     VSZ     RSS   %MEM   cswch/s nvcswch/s  Command
01:16:18 PM     0      8858  193.80    0.60    0.00    0.00  194.40     0      0.00      0.00 5653284 1282840  35.20      0.00      0.00  java

# Time        UID       PID    %usr %system  %guest   %wait    %CPU   CPU  minflt/s  majflt/s     VSZ     RSS   %MEM   cswch/s nvcswch/s  Command
01:16:23 PM     0      8858  195.40    0.20    0.00    0.00  195.60     0      0.00      0.20 5653284 1282840  35.20      0.00      0.00  java

# Time        UID       PID    %usr %system  %guest   %wait    %CPU   CPU  minflt/s  majflt/s     VSZ     RSS   %MEM   cswch/s nvcswch/s  Command
01:16:28 PM     0      8858  193.80    0.20    0.00    0.00  194.00     0      0.20      0.20 5653284 1282840  35.20      0.00      0.00  java

# Time        UID       PID    %usr %system  %guest   %wait    %CPU   CPU  minflt/s  majflt/s     VSZ     RSS   %MEM   cswch/s nvcswch/s  Command
01:16:33 PM     0      8858  194.20    0.80    0.00    0.00  195.00     0      0.20      0.00 5653284 1282840  35.20      0.00      0.00  java

# Time        UID       PID    %usr %system  %guest   %wait    %CPU   CPU  minflt/s  majflt/s     VSZ     RSS   %MEM   cswch/s nvcswch/s  Command
01:16:38 PM     0      8858  193.80    1.40    0.00    0.00  195.20     0      0.00      0.00 5653284 1282840  35.20      0.00      0.00  java

# Time        UID       PID    %usr %system  %guest   %wait    %CPU   CPU  minflt/s  majflt/s     VSZ     RSS   %MEM   cswch/s nvcswch/s  Command
01:16:43 PM     0      8858  192.60    0.40    0.00    0.00  193.00     0      0.00      0.40 5653284 1282840  35.20      0.00      0.00  java

# Time        UID       PID    %usr %system  %guest   %wait    %CPU   CPU  minflt/s  majflt/s     VSZ     RSS   %MEM   cswch/s nvcswch/s  Command
01:16:48 PM     0      8858  195.20    0.40    0.00    0.00  195.60     0      0.00      0.00 5653284 1282840  35.20      0.00      0.00  java

# Time        UID       PID    %usr %system  %guest   %wait    %CPU   CPU  minflt/s  majflt/s     VSZ     RSS   %MEM   cswch/s nvcswch/s  Command
01:16:53 PM     0      8858  194.00    0.40    0.00    0.00  194.40     0      0.00      0.40 5653284 1282840  35.20      0.00      0.00  java

# Time        UID       PID    %usr %system  %guest   %wait    %CPU   CPU  minflt/s  majflt/s     VSZ     RSS   %MEM   cswch/s nvcswch/s  Command
01:16:58 PM     0      8858  194.60    0.60    0.00    0.00  195.20     0      0.00      0.20 5653284 1282840  35.20      0.00      0.00  java

# Time        UID       PID    %usr %system  %guest   %wait    %CPU   CPU  minflt/s  majflt/s     VSZ     RSS   %MEM   cswch/s nvcswch/s  Command
01:17:03 PM     0      8858  194.80    0.40    0.00    0.00  195.20     0      0.00      0.40 5653284 1282840  35.20      0.00      0.00  java

# Time        UID       PID    %usr %system  %guest   %wait    %CPU   CPU  minflt/s  majflt/s     VSZ     RSS   %MEM   cswch/s nvcswch/s  Command
01:17:08 PM     0      8858  194.00    0.40    0.00    0.00  194.40     0      0.20      0.80 5653284 1282840  35.20      0.00      0.00  java

# Time        UID       PID    %usr %system  %guest   %wait    %CPU   CPU  minflt/s  majflt/s     VSZ     RSS   %MEM   cswch/s nvcswch/s  Command
01:17:13 PM     0      8858  195.40    0.20    0.00    0.00  195.60     0      0.00      0.40 5653284 1282840  35.20      0.00      0.00  java

# Time        UID       PID    %usr %system  %guest   %wait    %CPU   CPU  minflt/s  majflt/s     VSZ     RSS   %MEM   cswch/s nvcswch/s  Command
01:17:18 PM     0      8858  194.00    0.80    0.00    0.00  194.80     0      0.00      0.40 5653284 1282840  35.20      0.00      0.00  java

# Time        UID       PID    %usr %system  %guest   %wait    %CPU   CPU  minflt/s  majflt/s     VSZ     RSS   %MEM   cswch/s nvcswch/s  Command
01:17:23 PM     0      8858  181.00    0.40    0.00    0.00  181.40     0      7.40      0.40 5653284 1282868  35.20      0.00      0.00  java

# Time        UID       PID    %usr %system  %guest   %wait    %CPU   CPU  minflt/s  majflt/s     VSZ     RSS   %MEM   cswch/s nvcswch/s  Command
01:17:28 PM     0      8858  194.60    0.20    0.00    0.00  194.80     0      0.00      0.00 5653284 1282868  35.20      0.00      0.00  java

# Time        UID       PID    %usr %system  %guest   %wait    %CPU   CPU  minflt/s  majflt/s     VSZ     RSS   %MEM   cswch/s nvcswch/s  Command
01:17:33 PM     0      8858  195.40    0.20    0.00    0.00  195.60     0      0.00      0.00 5653284 1282868  35.20      0.00      0.00  java

# Time        UID       PID    %usr %system  %guest   %wait    %CPU   CPU  minflt/s  majflt/s     VSZ     RSS   %MEM   cswch/s nvcswch/s  Command
01:17:38 PM     0      8858  193.80    0.80    0.00    0.00  194.60     0      0.20      0.00 5653284 1282868  35.20      0.00      0.00  java

# Time        UID       PID    %usr %system  %guest   %wait    %CPU   CPU  minflt/s  majflt/s     VSZ     RSS   %MEM   cswch/s nvcswch/s  Command
01:17:43 PM     0      8858  194.00    0.40    0.00    0.00  194.40     0      0.00      0.00 5653284 1282868  35.20      0.00      0.00  java

# Time        UID       PID    %usr %system  %guest   %wait    %CPU   CPU  minflt/s  majflt/s     VSZ     RSS   %MEM   cswch/s nvcswch/s  Command
01:17:48 PM     0      8858  195.60    0.40    0.00    0.00  196.00     0      0.00      0.40 5653284 1282868  35.20      0.00      0.00  java

# Time        UID       PID    %usr %system  %guest   %wait    %CPU   CPU  minflt/s  majflt/s     VSZ     RSS   %MEM   cswch/s nvcswch/s  Command
01:17:53 PM     0      8858  194.40    0.40    0.00    0.00  194.80     0      0.00      0.00 5653284 1282868  35.20      0.00      0.00  java

# Time        UID       PID    %usr %system  %guest   %wait    %CPU   CPU  minflt/s  majflt/s     VSZ     RSS   %MEM   cswch/s nvcswch/s  Command
01:17:58 PM     0      8858  195.60    0.20    0.00    0.00  195.80     0      0.00      0.00 5653284 1282868  35.20      0.00      0.00  java

# Time        UID       PID    %usr %system  %guest   %wait    %CPU   CPU  minflt/s  majflt/s     VSZ     RSS   %MEM   cswch/s nvcswch/s  Command
01:18:03 PM     0      8858  195.00    0.80    0.00    0.00  195.80     0      0.00      0.00 5653284 1282868  35.20      0.00      0.00  java

# Time        UID       PID    %usr %system  %guest   %wait    %CPU   CPU  minflt/s  majflt/s     VSZ     RSS   %MEM   cswch/s nvcswch/s  Command
01:18:08 PM     0      8858  194.20    0.40    0.00    0.00  194.60     0      0.20      0.40 5653284 1282868  35.20      0.00      0.00  java

# Time        UID       PID    %usr %system  %guest   %wait    %CPU   CPU  minflt/s  majflt/s     VSZ     RSS   %MEM   cswch/s nvcswch/s  Command
01:18:13 PM     0      8858  195.00    0.20    0.00    0.00  195.20     0      0.00      0.00 5653284 1282868  35.20      0.00      0.00  java

# Time        UID       PID    %usr %system  %guest   %wait    %CPU   CPU  minflt/s  majflt/s     VSZ     RSS   %MEM   cswch/s nvcswch/s  Command
01:18:18 PM     0      8858  194.20    0.40    0.00    0.00  194.60     0      0.00      0.40 5653284 1282868  35.20      0.00      0.00  java

# Time        UID       PID    %usr %system  %guest   %wait    %CPU   CPU  minflt/s  majflt/s     VSZ     RSS   %MEM   cswch/s nvcswch/s  Command
01:18:23 PM     0      8858  194.20    0.20    0.00    0.00  194.40     0      0.00      0.00 5653284 1282868  35.20      0.00      0.00  java

# Time        UID       PID    %usr %system  %guest   %wait    %CPU   CPU  minflt/s  majflt/s     VSZ     RSS   %MEM   cswch/s nvcswch/s  Command
01:18:28 PM     0      8858  195.00    0.40    0.00    0.00  195.40     0      0.00      0.00 5653284 1282868  35.20      0.00      0.00  java

# Time        UID       PID    %usr %system  %guest   %wait    %CPU   CPU  minflt/s  majflt/s     VSZ     RSS   %MEM   cswch/s nvcswch/s  Command
01:18:33 PM     0      8858  194.40    0.20    0.00    0.00  194.60     0      0.00      0.00 5653284 1282868  35.20      0.00      0.00  java

# Time        UID       PID    %usr %system  %guest   %wait    %CPU   CPU  minflt/s  majflt/s     VSZ     RSS   %MEM   cswch/s nvcswch/s  Command
01:18:38 PM     0      8858  195.40    0.40    0.00    0.00  195.80     0      0.20      0.40 5653284 1282868  35.20      0.00      0.00  java

# Time        UID       PID    %usr %system  %guest   %wait    %CPU   CPU  minflt/s  majflt/s     VSZ     RSS   %MEM   cswch/s nvcswch/s  Command
01:18:43 PM     0      8858  193.80    0.60    0.00    0.00  194.40     0      0.00      0.00 5653284 1282868  35.20      0.00      0.00  java

# Time        UID       PID    %usr %system  %guest   %wait    %CPU   CPU  minflt/s  majflt/s     VSZ     RSS   %MEM   cswch/s nvcswch/s  Command
01:18:48 PM     0      8858  195.00    0.40    0.00    0.00  195.40     0      0.00      0.40 5653284 1282868  35.20      0.00      0.00  java

# Time        UID       PID    %usr %system  %guest   %wait    %CPU   CPU  minflt/s  majflt/s     VSZ     RSS   %MEM   cswch/s nvcswch/s  Command
01:18:53 PM     0      8858  194.80    0.40    0.00    0.00  195.20     0      0.00      0.40 5653284 1282868  35.20      0.00      0.00  java

# Time        UID       PID    %usr %system  %guest   %wait    %CPU   CPU  minflt/s  majflt/s     VSZ     RSS   %MEM   cswch/s nvcswch/s  Command
01:18:58 PM     0      8858  193.40    0.80    0.00    0.00  194.20     0      0.00      0.40 5653284 1282868  35.20      0.00      0.00  java

# Time        UID       PID    %usr %system  %guest   %wait    %CPU   CPU  minflt/s  majflt/s     VSZ     RSS   %MEM   cswch/s nvcswch/s  Command
01:19:03 PM     0      8858  192.60    0.20    0.00    0.00  192.80     0      0.00      0.40 5653284 1282868  35.20      0.00      0.00  java

# Time        UID       PID    %usr %system  %guest   %wait    %CPU   CPU  minflt/s  majflt/s     VSZ     RSS   %MEM   cswch/s nvcswch/s  Command
01:19:08 PM     0      8858  192.80    0.80    0.00    0.00  193.60     0      0.00      0.40 5653284 1282868  35.20      0.00      0.00  java

# Time        UID       PID    %usr %system  %guest   %wait    %CPU   CPU  minflt/s  majflt/s     VSZ     RSS   %MEM   cswch/s nvcswch/s  Command
01:19:13 PM     0      8858  193.00    0.60    0.00    0.00  193.60     0      0.20      0.80 5653284 1282868  35.20      0.00      0.00  java

# Time        UID       PID    %usr %system  %guest   %wait    %CPU   CPU  minflt/s  majflt/s     VSZ     RSS   %MEM   cswch/s nvcswch/s  Command
01:19:18 PM     0      8858  194.00    0.60    0.00    0.00  194.60     0      0.00      0.00 5653284 1282868  35.20      0.00      0.00  java

# Time        UID       PID    %usr %system  %guest   %wait    %CPU   CPU  minflt/s  majflt/s     VSZ     RSS   %MEM   cswch/s nvcswch/s  Command
01:19:23 PM     0      8858  192.20    0.20    0.00    0.00  192.40     0      0.00      0.00 5653284 1282868  35.20      0.00      0.00  java

# Time        UID       PID    %usr %system  %guest   %wait    %CPU   CPU  minflt/s  majflt/s     VSZ     RSS   %MEM   cswch/s nvcswch/s  Command
01:19:28 PM     0      8858  194.20    0.60    0.00    0.00  194.80     0      0.00      0.00 5653284 1282868  35.20      0.00      0.00  java

# Time        UID       PID    %usr %system  %guest   %wait    %CPU   CPU  minflt/s  majflt/s     VSZ     RSS   %MEM   cswch/s nvcswch/s  Command
01:19:33 PM     0      8858  193.00    0.40    0.00    0.00  193.40     0      0.00      0.00 5653284 1282868  35.20      0.00      0.00  java

# Time        UID       PID    %usr %system  %guest   %wait    %CPU   CPU  minflt/s  majflt/s     VSZ     RSS   %MEM   cswch/s nvcswch/s  Command
01:19:38 PM     0      8858  195.40    0.60    0.00    0.00  196.00     0      0.00      0.00 5653284 1282868  35.20      0.00      0.00  java

# Time        UID       PID    %usr %system  %guest   %wait    %CPU   CPU  minflt/s  majflt/s     VSZ     RSS   %MEM   cswch/s nvcswch/s  Command
01:19:43 PM     0      8858  193.60    0.60    0.00    0.00  194.20     0      0.20      0.80 5653284 1282868  35.20      0.00      0.00  java

# Time        UID       PID    %usr %system  %guest   %wait    %CPU   CPU  minflt/s  majflt/s     VSZ     RSS   %MEM   cswch/s nvcswch/s  Command
01:19:48 PM     0      8858  194.00    0.40    0.00    0.00  194.40     0      0.00      0.00 5653284 1282868  35.20      0.00      0.00  java

# Time        UID       PID    %usr %system  %guest   %wait    %CPU   CPU  minflt/s  majflt/s     VSZ     RSS   %MEM   cswch/s nvcswch/s  Command
01:19:53 PM     0      8858  193.60    0.40    0.00    0.00  194.00     0      0.00      0.40 5653284 1282868  35.20      0.00      0.00  java

# Time        UID       PID    %usr %system  %guest   %wait    %CPU   CPU  minflt/s  majflt/s     VSZ     RSS   %MEM   cswch/s nvcswch/s  Command
01:19:58 PM     0      8858  194.00    0.40    0.00    0.00  194.40     0      0.00      0.40 5653284 1282868  35.20      0.00      0.00  java

# Time        UID       PID    %usr %system  %guest   %wait    %CPU   CPU  minflt/s  majflt/s     VSZ     RSS   %MEM   cswch/s nvcswch/s  Command
01:20:03 PM     0      8858  195.20    0.40    0.00    0.00  195.60     0      0.00      0.40 5653284 1282868  35.20      0.00      0.00  java

# Time        UID       PID    %usr %system  %guest   %wait    %CPU   CPU  minflt/s  majflt/s     VSZ     RSS   %MEM   cswch/s nvcswch/s  Command
01:20:08 PM     0      8858  195.80    0.00    0.00    0.00  195.80     0      0.00      0.40 5653284 1282868  35.20      0.00      0.00  java

# Time        UID       PID    %usr %system  %guest   %wait    %CPU   CPU  minflt/s  majflt/s     VSZ     RSS   %MEM   cswch/s nvcswch/s  Command
01:20:13 PM     0      8858  194.00    0.40    0.00    0.00  194.40     0      0.20      0.80 5653284 1282868  35.20      0.00      0.00  java

# Time        UID       PID    %usr %system  %guest   %wait    %CPU   CPU  minflt/s  majflt/s     VSZ     RSS   %MEM   cswch/s nvcswch/s  Command
01:20:18 PM     0      8858  195.00    0.80    0.00    0.00  195.80     0      0.00      0.40 5653284 1282868  35.20      0.00      0.00  java

# Time        UID       PID    %usr %system  %guest   %wait    %CPU   CPU  minflt/s  majflt/s     VSZ     RSS   %MEM   cswch/s nvcswch/s  Command
01:20:23 PM     0      8858  193.80    0.40    0.00    0.00  194.20     0      0.00      0.40 5653284 1282868  35.20      0.00      0.00  java

# Time        UID       PID    %usr %system  %guest   %wait    %CPU   CPU  minflt/s  majflt/s     VSZ     RSS   %MEM   cswch/s nvcswch/s  Command
01:20:28 PM     0      8858  194.80    0.60    0.00    0.00  195.40     0      0.00      0.40 5653284 1282868  35.20      0.00      0.00  java

# Time        UID       PID    %usr %system  %guest   %wait    %CPU   CPU  minflt/s  majflt/s     VSZ     RSS   %MEM   cswch/s nvcswch/s  Command
01:20:33 PM     0      8858  194.80    0.40    0.00    0.00  195.20     0      0.00      0.20 5653284 1282868  35.20      0.00      0.00  java

# Time        UID       PID    %usr %system  %guest   %wait    %CPU   CPU  minflt/s  majflt/s     VSZ     RSS   %MEM   cswch/s nvcswch/s  Command
01:20:38 PM     0      8858  194.40    0.20    0.00    0.00  194.60     0      0.00      0.40 5653284 1282868  35.20      0.00      0.00  java

# Time        UID       PID    %usr %system  %guest   %wait    %CPU   CPU  minflt/s  majflt/s     VSZ     RSS   %MEM   cswch/s nvcswch/s  Command
01:20:43 PM     0      8858  195.00    0.20    0.00    0.00  195.20     0      0.00      0.40 5653284 1282868  35.20      0.00      0.00  java

# Time        UID       PID    %usr %system  %guest   %wait    %CPU   CPU  minflt/s  majflt/s     VSZ     RSS   %MEM   cswch/s nvcswch/s  Command
01:20:48 PM     0      8858  194.40    0.40    0.00    0.00  194.80     0      0.20      0.40 5653284 1282868  35.20      0.00      0.00  java

# Time        UID       PID    %usr %system  %guest   %wait    %CPU   CPU  minflt/s  majflt/s     VSZ     RSS   %MEM   cswch/s nvcswch/s  Command
01:20:53 PM     0      8858  194.60    0.60    0.00    0.00  195.20     0      0.00      0.00 5653284 1282868  35.20      0.00      0.00  java

# Time        UID       PID    %usr %system  %guest   %wait    %CPU   CPU  minflt/s  majflt/s     VSZ     RSS   %MEM   cswch/s nvcswch/s  Command
01:20:58 PM     0      8858  194.80    0.20    0.00    0.00  195.00     0      0.00      0.00 5653284 1282868  35.20      0.00      0.00  java

# Time        UID       PID    %usr %system  %guest   %wait    %CPU   CPU  minflt/s  majflt/s     VSZ     RSS   %MEM   cswch/s nvcswch/s  Command
01:21:03 PM     0      8858  193.00    0.20    0.00    0.00  193.20     0      0.00      0.00 5653284 1282868  35.20      0.00      0.00  java

# Time        UID       PID    %usr %system  %guest   %wait    %CPU   CPU  minflt/s  majflt/s     VSZ     RSS   %MEM   cswch/s nvcswch/s  Command
01:21:08 PM     0      8858  195.60    0.20    0.00    0.00  195.80     0      0.00      0.00 5653284 1282868  35.20      0.00      0.00  java

# Time        UID       PID    %usr %system  %guest   %wait    %CPU   CPU  minflt/s  majflt/s     VSZ     RSS   %MEM   cswch/s nvcswch/s  Command
01:21:13 PM     0      8858  194.40    0.40    0.00    0.00  194.80     0      0.00      0.40 5653284 1282868  35.20      0.00      0.00  java

# Time        UID       PID    %usr %system  %guest   %wait    %CPU   CPU  minflt/s  majflt/s     VSZ     RSS   %MEM   cswch/s nvcswch/s  Command
01:21:18 PM     0      8858  194.80    0.40    0.00    0.00  195.20     0      0.20      0.40 5653284 1282868  35.20      0.00      0.00  java

# Time        UID       PID    %usr %system  %guest   %wait    %CPU   CPU  minflt/s  majflt/s     VSZ     RSS   %MEM   cswch/s nvcswch/s  Command
01:21:23 PM     0      8858  175.40    2.80    0.00    0.00  178.20     0   8958.20      0.00 5653480 1461464  40.10      0.00      0.00  java

# Time        UID       PID    %usr %system  %guest   %wait    %CPU   CPU  minflt/s  majflt/s     VSZ     RSS   %MEM   cswch/s nvcswch/s  Command
01:21:28 PM     0      8858  192.80    1.00    0.00    0.00  193.80     0   1100.80      0.00 5653480 1481792  40.66      0.00      0.00  java

# Time        UID       PID    %usr %system  %guest   %wait    %CPU   CPU  minflt/s  majflt/s     VSZ     RSS   %MEM   cswch/s nvcswch/s  Command
01:21:33 PM     0      8858  192.60    2.20    0.00    0.00  194.80     0  10436.80      0.00 5653480 1689376  46.35      0.00      0.00  java

# Time        UID       PID    %usr %system  %guest   %wait    %CPU   CPU  minflt/s  majflt/s     VSZ     RSS   %MEM   cswch/s nvcswch/s  Command
01:21:38 PM     0      8858  194.00    0.80    0.00    0.00  194.80     0   1200.40      0.00 5653480 1713416  47.01      0.00      0.00  java

# Time        UID       PID    %usr %system  %guest   %wait    %CPU   CPU  minflt/s  majflt/s     VSZ     RSS   %MEM   cswch/s nvcswch/s  Command
01:21:43 PM     0      8858  192.80    2.40    0.00    0.00  195.20     0  10021.40      0.80 5653480 1913760  52.51      0.00      0.00  java

# Time        UID       PID    %usr %system  %guest   %wait    %CPU   CPU  minflt/s  majflt/s     VSZ     RSS   %MEM   cswch/s nvcswch/s  Command
01:21:48 PM     0      8858  191.20    0.80    0.00    0.00  192.00     0   1960.40      1.60 5653480 1952140  53.56      0.00      0.00  java

# Time        UID       PID    %usr %system  %guest   %wait    %CPU   CPU  minflt/s  majflt/s     VSZ     RSS   %MEM   cswch/s nvcswch/s  Command
01:21:53 PM     0      8858  193.60    0.60    0.00    0.00  194.20     0     33.00      0.80 5653480 1952920  53.58      0.00      0.00  java

# Time        UID       PID    %usr %system  %guest   %wait    %CPU   CPU  minflt/s  majflt/s     VSZ     RSS   %MEM   cswch/s nvcswch/s  Command
01:21:58 PM     0      8858  194.40    0.60    0.00    0.00  195.00     0    430.60      0.00 5653480 1961336  53.81      0.00      0.00  java

# Time        UID       PID    %usr %system  %guest   %wait    %CPU   CPU  minflt/s  majflt/s     VSZ     RSS   %MEM   cswch/s nvcswch/s  Command
01:22:03 PM     0      8858  193.80    0.80    0.00    0.00  194.60     0    294.80      0.00 5653480 1967132  53.97      0.00      0.00  java

# Time        UID       PID    %usr %system  %guest   %wait    %CPU   CPU  minflt/s  majflt/s     VSZ     RSS   %MEM   cswch/s nvcswch/s  Command
01:22:08 PM     0      8858  195.80    0.40    0.00    0.00  196.20     0     30.80      0.60 5653480 1967916  53.99      0.00      0.00  java

# Time        UID       PID    %usr %system  %guest   %wait    %CPU   CPU  minflt/s  majflt/s     VSZ     RSS   %MEM   cswch/s nvcswch/s  Command
01:22:13 PM     0      8858  193.60    1.40    0.00    0.00  195.00     0   3671.00      0.20 5653480 2040504  55.99      0.00      0.00  java

# Time        UID       PID    %usr %system  %guest   %wait    %CPU   CPU  minflt/s  majflt/s     VSZ     RSS   %MEM   cswch/s nvcswch/s  Command
01:22:18 PM     0      8858  194.01    0.20    0.00    0.00  194.21     0     32.34      0.00 5653480 2041288  56.01      0.00      0.00  java

# Time        UID       PID    %usr %system  %guest   %wait    %CPU   CPU  minflt/s  majflt/s     VSZ     RSS   %MEM   cswch/s nvcswch/s  Command
01:22:23 PM     0      8858  193.00    0.80    0.00    0.00  193.80     0   2309.20      0.60 5653480 2087192  57.27      0.00      0.00  java

# Time        UID       PID    %usr %system  %guest   %wait    %CPU   CPU  minflt/s  majflt/s     VSZ     RSS   %MEM   cswch/s nvcswch/s  Command
01:22:28 PM     0      8858  193.40    0.60    0.00    0.00  194.00     0   2464.40      0.80 5653480 2136264  58.61      0.00      0.00  java

# Time        UID       PID    %usr %system  %guest   %wait    %CPU   CPU  minflt/s  majflt/s     VSZ     RSS   %MEM   cswch/s nvcswch/s  Command
01:22:33 PM     0      8858  195.00    0.60    0.00    0.00  195.60     0     31.60      0.60 5653480 2137028  58.63      0.00      0.00  java

# Time        UID       PID    %usr %system  %guest   %wait    %CPU   CPU  minflt/s  majflt/s     VSZ     RSS   %MEM   cswch/s nvcswch/s  Command
01:22:38 PM     0      8858  195.40    0.60    0.00    0.00  196.00     0   2282.20      0.60 5653480 2182396  59.88      0.00      0.00  java

# Time        UID       PID    %usr %system  %guest   %wait    %CPU   CPU  minflt/s  majflt/s     VSZ     RSS   %MEM   cswch/s nvcswch/s  Command
01:22:43 PM     0      8858  193.40    0.00    0.00    0.00  193.40     0    210.40      0.20 5653480 2186480  59.99      0.00      0.00  java

# Time        UID       PID    %usr %system  %guest   %wait    %CPU   CPU  minflt/s  majflt/s     VSZ     RSS   %MEM   cswch/s nvcswch/s  Command
01:22:48 PM     0      8858  194.60    0.60    0.00    0.00  195.20     0    187.00      0.00 5653480 2189912  60.08      0.00      0.00  java

# Time        UID       PID    %usr %system  %guest   %wait    %CPU   CPU  minflt/s  majflt/s     VSZ     RSS   %MEM   cswch/s nvcswch/s  Command
01:22:53 PM     0      8858  194.80    0.40    0.00    0.00  195.20     0     42.00      0.00 5653480 2190696  60.11      0.00      0.00  java

# Time        UID       PID    %usr %system  %guest   %wait    %CPU   CPU  minflt/s  majflt/s     VSZ     RSS   %MEM   cswch/s nvcswch/s  Command
01:22:58 PM     0      8858  193.20    1.20    0.00    0.00  194.40     0   3317.20      0.00 5653480 2256992  61.93      0.00      0.00  java

# Time        UID       PID    %usr %system  %guest   %wait    %CPU   CPU  minflt/s  majflt/s     VSZ     RSS   %MEM   cswch/s nvcswch/s  Command
01:23:03 PM     0      8858  194.80    0.60    0.00    0.00  195.40     0    181.20      0.00 5653480 2260680  62.03      0.00      0.00  java

# Time        UID       PID    %usr %system  %guest   %wait    %CPU   CPU  minflt/s  majflt/s     VSZ     RSS   %MEM   cswch/s nvcswch/s  Command
01:23:08 PM     0      8858  193.60    0.60    0.00    0.00  194.20     0     10.80      0.00 5653480 2260680  62.03      0.00      0.00  java

# Time        UID       PID    %usr %system  %guest   %wait    %CPU   CPU  minflt/s  majflt/s     VSZ     RSS   %MEM   cswch/s nvcswch/s  Command
01:23:13 PM     0      8858  192.40    1.80    0.00    0.00  194.20     0   4852.20      1.40 5653480 2357276  64.68      0.00      0.00  java

# Time        UID       PID    %usr %system  %guest   %wait    %CPU   CPU  minflt/s  majflt/s     VSZ     RSS   %MEM   cswch/s nvcswch/s  Command
01:23:18 PM     0      8858  192.40    0.80    0.00    0.00  193.20     0    216.80      0.60 5653480 2361764  64.80      0.00      0.00  java

# Time        UID       PID    %usr %system  %guest   %wait    %CPU   CPU  minflt/s  majflt/s     VSZ     RSS   %MEM   cswch/s nvcswch/s  Command
01:23:23 PM     0      8858  195.00    0.40    0.00    0.00  195.40     0     45.20      0.20 5653480 2362788  64.83      0.00      0.00  java

# Time        UID       PID    %usr %system  %guest   %wait    %CPU   CPU  minflt/s  majflt/s     VSZ     RSS   %MEM   cswch/s nvcswch/s  Command
01:23:28 PM     0      8858  171.00    0.40    0.00    0.00  171.40     0     38.40      0.00 5653480 2363320  64.84      0.00      0.00  java

# Time        UID       PID    %usr %system  %guest   %wait    %CPU   CPU  minflt/s  majflt/s     VSZ     RSS   %MEM   cswch/s nvcswch/s  Command
01:23:33 PM     0      8858  193.80    0.40    0.00    0.00  194.20     0   1868.00      0.00 5653480 2400504  65.86      0.00      0.00  java

# Time        UID       PID    %usr %system  %guest   %wait    %CPU   CPU  minflt/s  majflt/s     VSZ     RSS   %MEM   cswch/s nvcswch/s  Command
01:23:38 PM     0      8858  195.20    0.80    0.00    0.00  196.00     0    217.00      0.00 5653480 2404716  65.98      0.00      0.00  java

# Time        UID       PID    %usr %system  %guest   %wait    %CPU   CPU  minflt/s  majflt/s     VSZ     RSS   %MEM   cswch/s nvcswch/s  Command
01:23:43 PM     0      8858  194.20    0.40    0.00    0.00  194.60     0     10.60      0.00 5653480 2404980  65.99      0.00      0.00  java

# Time        UID       PID    %usr %system  %guest   %wait    %CPU   CPU  minflt/s  majflt/s     VSZ     RSS   %MEM   cswch/s nvcswch/s  Command
01:23:48 PM     0      8858  193.00    2.00    0.00    0.00  195.00     0  10144.80      1.20 5653480 2607684  71.55      0.00      0.00  java

# Time        UID       PID    %usr %system  %guest   %wait    %CPU   CPU  minflt/s  majflt/s     VSZ     RSS   %MEM   cswch/s nvcswch/s  Command
01:23:53 PM     0      8858  194.20    0.60    0.00    0.00  194.80     0    619.60      0.20 5653480 2618604  71.85      0.00      0.00  java

# Time        UID       PID    %usr %system  %guest   %wait    %CPU   CPU  minflt/s  majflt/s     VSZ     RSS   %MEM   cswch/s nvcswch/s  Command
01:23:58 PM     0      8858  194.60    0.20    0.00    0.00  194.80     0    333.20      0.00 5653480 2625196  72.03      0.00      0.00  java

# Time        UID       PID    %usr %system  %guest   %wait    %CPU   CPU  minflt/s  majflt/s     VSZ     RSS   %MEM   cswch/s nvcswch/s  Command
01:24:03 PM     0      8858  195.20    0.40    0.00    0.00  195.60     0     28.60      0.00 5653480 2625724  72.04      0.00      0.00  java

# Time        UID       PID    %usr %system  %guest   %wait    %CPU   CPU  minflt/s  majflt/s     VSZ     RSS   %MEM   cswch/s nvcswch/s  Command
01:24:08 PM     0      8858  190.80    1.80    0.00    0.00  192.60     0   7063.20      0.80 5653480 2761504  75.77      0.00      0.00  java

# Time        UID       PID    %usr %system  %guest   %wait    %CPU   CPU  minflt/s  majflt/s     VSZ     RSS   %MEM   cswch/s nvcswch/s  Command
01:24:13 PM     0      8858  194.40    0.40    0.00    0.00  194.80     0     78.60      0.00 5653480 2762380  75.79      0.00      0.00  java

# Time        UID       PID    %usr %system  %guest   %wait    %CPU   CPU  minflt/s  majflt/s     VSZ     RSS   %MEM   cswch/s nvcswch/s  Command
01:24:18 PM     0      8858  195.00    0.80    0.00    0.00  195.80     0    445.20      0.00 5653480 2771344  76.04      0.00      0.00  java

# Time        UID       PID    %usr %system  %guest   %wait    %CPU   CPU  minflt/s  majflt/s     VSZ     RSS   %MEM   cswch/s nvcswch/s  Command
01:24:23 PM     0      8858  194.00    0.60    0.00    0.00  194.60     0     28.60      0.00 5653480 2771872  76.05      0.00      0.00  java

# Time        UID       PID    %usr %system  %guest   %wait    %CPU   CPU  minflt/s  majflt/s     VSZ     RSS   %MEM   cswch/s nvcswch/s  Command
01:24:28 PM     0      8858  195.20    0.80    0.00    0.00  196.00     0     30.80      0.60 5653480 2772396  76.07      0.00      0.00  java

# Time        UID       PID    %usr %system  %guest   %wait    %CPU   CPU  minflt/s  majflt/s     VSZ     RSS   %MEM   cswch/s nvcswch/s  Command
01:24:33 PM     0      8858  182.00    0.80    0.00    0.00  182.80     0    985.60      0.20 5653480 2791968  76.60      0.00      0.00  java

# Time        UID       PID    %usr %system  %guest   %wait    %CPU   CPU  minflt/s  majflt/s     VSZ     RSS   %MEM   cswch/s nvcswch/s  Command
01:24:38 PM     0      8858  195.60    0.40    0.00    0.00  196.00     0    249.80      0.00 5653480 2797240  76.75      0.00      0.00  java

# Time        UID       PID    %usr %system  %guest   %wait    %CPU   CPU  minflt/s  majflt/s     VSZ     RSS   %MEM   cswch/s nvcswch/s  Command
01:24:43 PM     0      8858  195.20    0.40    0.00    0.00  195.60     0      7.60      0.00 5653480 2797240  76.75      0.00      0.00  java

# Time        UID       PID    %usr %system  %guest   %wait    %CPU   CPU  minflt/s  majflt/s     VSZ     RSS   %MEM   cswch/s nvcswch/s  Command
01:24:48 PM     0      8858  194.00    0.40    0.00    0.00  194.40     0     23.40      0.00 5653480 2797768  76.76      0.00      0.00  java

# Time        UID       PID    %usr %system  %guest   %wait    %CPU   CPU  minflt/s  majflt/s     VSZ     RSS   %MEM   cswch/s nvcswch/s  Command
01:24:53 PM     0      8858  194.00    0.80    0.00    0.00  194.80     0    296.40      0.00 5653480 2803380  76.92      0.00      0.00  java

# Time        UID       PID    %usr %system  %guest   %wait    %CPU   CPU  minflt/s  majflt/s     VSZ     RSS   %MEM   cswch/s nvcswch/s  Command
01:24:58 PM     0      8858  192.80    0.60    0.00    0.00  193.40     0     70.20      0.60 5653480 2804960  76.96      0.00      0.00  java

# Time        UID       PID    %usr %system  %guest   %wait    %CPU   CPU  minflt/s  majflt/s     VSZ     RSS   %MEM   cswch/s nvcswch/s  Command
01:25:03 PM     0      8858  194.20    0.60    0.00    0.00  194.80     0      0.00      0.60 5653480 2804956  76.96      0.00      0.00  java

# Time        UID       PID    %usr %system  %guest   %wait    %CPU   CPU  minflt/s  majflt/s     VSZ     RSS   %MEM   cswch/s nvcswch/s  Command
01:25:08 PM     0      8858  193.60    0.80    0.00    0.00  194.40     0     41.40      0.00 5653480 2805708  76.98      0.00      0.00  java

# Time        UID       PID    %usr %system  %guest   %wait    %CPU   CPU  minflt/s  majflt/s     VSZ     RSS   %MEM   cswch/s nvcswch/s  Command
01:25:13 PM     0      8858  193.80    0.60    0.00    0.00  194.40     0     10.80      0.20 5653480 2805708  76.98      0.00      0.00  java

# Time        UID       PID    %usr %system  %guest   %wait    %CPU   CPU  minflt/s  majflt/s     VSZ     RSS   %MEM   cswch/s nvcswch/s  Command
01:25:18 PM     0      8858  194.80    0.80    0.00    0.00  195.60     0    216.40      0.20 5653480 2809884  77.10      0.00      0.00  java

# Time        UID       PID    %usr %system  %guest   %wait    %CPU   CPU  minflt/s  majflt/s     VSZ     RSS   %MEM   cswch/s nvcswch/s  Command
01:25:23 PM     0      8858  193.60    1.00    0.00    0.00  194.60     0      7.20      0.00 5653480 2810132  77.10      0.00      0.00  java

# Time        UID       PID    %usr %system  %guest   %wait    %CPU   CPU  minflt/s  majflt/s     VSZ     RSS   %MEM   cswch/s nvcswch/s  Command
01:25:28 PM     0      8858  193.60    0.40    0.00    0.00  194.00     0     13.60      0.00 5653480 2810388  77.11      0.00      0.00  java

# Time        UID       PID    %usr %system  %guest   %wait    %CPU   CPU  minflt/s  majflt/s     VSZ     RSS   %MEM   cswch/s nvcswch/s  Command
01:25:33 PM     0      8858  194.80    0.60    0.00    0.00  195.40     0     13.40      0.80 5653480 2810652  77.12      0.00      0.00  java

# Time        UID       PID    %usr %system  %guest   %wait    %CPU   CPU  minflt/s  majflt/s     VSZ     RSS   %MEM   cswch/s nvcswch/s  Command
01:25:38 PM     0      8858  194.20    0.20    0.00    0.00  194.40     0      0.40      0.00 5653480 2810652  77.12      0.00      0.00  java

# Time        UID       PID    %usr %system  %guest   %wait    %CPU   CPU  minflt/s  majflt/s     VSZ     RSS   %MEM   cswch/s nvcswch/s  Command
01:25:43 PM     0      8858  194.40    0.80    0.00    0.00  195.20     0     11.00      0.00 5653480 2810652  77.12      0.00      0.00  java

# Time        UID       PID    %usr %system  %guest   %wait    %CPU   CPU  minflt/s  majflt/s     VSZ     RSS   %MEM   cswch/s nvcswch/s  Command
01:25:48 PM     0      8858  193.20    1.00    0.00    0.00  194.20     0      0.00      0.00 5653480 2810652  77.12      0.00      0.00  java

# Time        UID       PID    %usr %system  %guest   %wait    %CPU   CPU  minflt/s  majflt/s     VSZ     RSS   %MEM   cswch/s nvcswch/s  Command
01:25:53 PM     0      8858  194.40    0.80    0.00    0.00  195.20     0      0.00      0.00 5653480 2810652  77.12      0.00      0.00  java

# Time        UID       PID    %usr %system  %guest   %wait    %CPU   CPU  minflt/s  majflt/s     VSZ     RSS   %MEM   cswch/s nvcswch/s  Command
01:25:58 PM     0      8858  194.60    0.80    0.00    0.00  195.40     0     15.60      0.00 5653480 2811144  77.13      0.00      0.00  java

# Time        UID       PID    %usr %system  %guest   %wait    %CPU   CPU  minflt/s  majflt/s     VSZ     RSS   %MEM   cswch/s nvcswch/s  Command
01:26:03 PM     0      8858  192.80    0.80    0.00    0.00  193.60     0     12.60      0.60 5653480 2811144  77.13      0.00      0.00  java

# Time        UID       PID    %usr %system  %guest   %wait    %CPU   CPU  minflt/s  majflt/s     VSZ     RSS   %MEM   cswch/s nvcswch/s  Command
01:26:08 PM     0      8858  195.20    0.60    0.00    0.00  195.80     0      0.00      0.00 5653480 2811144  77.13      0.00      0.00  java

# Time        UID       PID    %usr %system  %guest   %wait    %CPU   CPU  minflt/s  majflt/s     VSZ     RSS   %MEM   cswch/s nvcswch/s  Command
01:26:13 PM     0      8858  194.00    1.00    0.00    0.00  195.00     0      0.60      0.00 5653480 2811144  77.13      0.00      0.00  java

# Time        UID       PID    %usr %system  %guest   %wait    %CPU   CPU  minflt/s  majflt/s     VSZ     RSS   %MEM   cswch/s nvcswch/s  Command
01:26:18 PM     0      8858  195.00    0.80    0.00    0.00  195.80     0      3.40      0.20 5653480 2811144  77.13      0.00      0.00  java

# Time        UID       PID    %usr %system  %guest   %wait    %CPU   CPU  minflt/s  majflt/s     VSZ     RSS   %MEM   cswch/s nvcswch/s  Command
01:26:23 PM     0      8858  194.60    1.00    0.00    0.00  195.60     0      0.60      0.00 5653480 2811144  77.13      0.00      0.00  java

# Time        UID       PID    %usr %system  %guest   %wait    %CPU   CPU  minflt/s  majflt/s     VSZ     RSS   %MEM   cswch/s nvcswch/s  Command
01:26:28 PM     0      8858  194.80    0.40    0.00    0.00  195.20     0      0.00      0.00 5653480 2811144  77.13      0.00      0.00  java

# Time        UID       PID    %usr %system  %guest   %wait    %CPU   CPU  minflt/s  majflt/s     VSZ     RSS   %MEM   cswch/s nvcswch/s  Command
01:26:33 PM     0      8858  195.00    0.40    0.00    0.00  195.40     0      0.00      0.00 5653480 2811144  77.13      0.00      0.00  java

# Time        UID       PID    %usr %system  %guest   %wait    %CPU   CPU  minflt/s  majflt/s     VSZ     RSS   %MEM   cswch/s nvcswch/s  Command
01:26:38 PM     0      8858  194.00    0.60    0.00    0.00  194.60     0      3.60      0.80 5653480 2811840  77.15      0.00      0.00  java

# Time        UID       PID    %usr %system  %guest   %wait    %CPU   CPU  minflt/s  majflt/s     VSZ     RSS   %MEM   cswch/s nvcswch/s  Command
01:26:43 PM     0      8858  194.60    0.80    0.00    0.00  195.40     0      0.60      0.00 5653480 2811840  77.15      0.00      0.00  java

# Time        UID       PID    %usr %system  %guest   %wait    %CPU   CPU  minflt/s  majflt/s     VSZ     RSS   %MEM   cswch/s nvcswch/s  Command
01:26:48 PM     0      8858  195.20    0.40    0.00    0.00  195.60     0      0.00      0.00 5653480 2811840  77.15      0.00      0.00  java

# Time        UID       PID    %usr %system  %guest   %wait    %CPU   CPU  minflt/s  majflt/s     VSZ     RSS   %MEM   cswch/s nvcswch/s  Command
01:26:53 PM     0      8858  193.80    0.60    0.00    0.00  194.40     0      0.00      0.00 5653480 2811840  77.15      0.00      0.00  java

# Time        UID       PID    %usr %system  %guest   %wait    %CPU   CPU  minflt/s  majflt/s     VSZ     RSS   %MEM   cswch/s nvcswch/s  Command
01:26:58 PM     0      8858  192.80    0.20    0.00    0.00  193.00     0     13.80      0.00 5653480 2812088  77.16      0.00      0.00  java

# Time        UID       PID    %usr %system  %guest   %wait    %CPU   CPU  minflt/s  majflt/s     VSZ     RSS   %MEM   cswch/s nvcswch/s  Command
01:27:03 PM     0      8858  194.20    0.80    0.00    0.00  195.00     0     14.40      0.00 5653480 2812344  77.16      0.00      0.00  java

# Time        UID       PID    %usr %system  %guest   %wait    %CPU   CPU  minflt/s  majflt/s     VSZ     RSS   %MEM   cswch/s nvcswch/s  Command
01:27:08 PM     0      8858  194.00    0.80    0.00    0.00  194.80     0      1.00      0.60 5653480 2812344  77.16      0.00      0.00  java

# Time        UID       PID    %usr %system  %guest   %wait    %CPU   CPU  minflt/s  majflt/s     VSZ     RSS   %MEM   cswch/s nvcswch/s  Command
01:27:13 PM     0      8858  195.20    0.40    0.00    0.00  195.60     0      0.00      0.00 5653480 2812344  77.16      0.00      0.00  java

# Time        UID       PID    %usr %system  %guest   %wait    %CPU   CPU  minflt/s  majflt/s     VSZ     RSS   %MEM   cswch/s nvcswch/s  Command
01:27:18 PM     0      8858  194.00    0.40    0.00    0.00  194.40     0      3.80      0.20 5653480 2812344  77.16      0.00      0.00  java

# Time        UID       PID    %usr %system  %guest   %wait    %CPU   CPU  minflt/s  majflt/s     VSZ     RSS   %MEM   cswch/s nvcswch/s  Command
01:27:23 PM     0      8858  195.20    0.20    0.00    0.00  195.40     0      0.60      0.00 5653480 2812344  77.16      0.00      0.00  java

# Time        UID       PID    %usr %system  %guest   %wait    %CPU   CPU  minflt/s  majflt/s     VSZ     RSS   %MEM   cswch/s nvcswch/s  Command
01:27:28 PM     0      8858  165.80    0.80    0.00    0.00  166.60     0   1519.80      1.40 5653480 2842520  77.99      0.00      0.00  java

# Time        UID       PID    %usr %system  %guest   %wait    %CPU   CPU  minflt/s  majflt/s     VSZ     RSS   %MEM   cswch/s nvcswch/s  Command
01:27:33 PM     0      8858   85.04    1.73    0.00    0.00   86.76     0   5835.40     24.75 5653480 2992736  82.11      0.00      0.00  java

# Time        UID       PID    %usr %system  %guest   %wait    %CPU   CPU  minflt/s  majflt/s     VSZ     RSS   %MEM   cswch/s nvcswch/s  Command
01:28:00 PM     0      8858    0.30    1.89    0.00    0.00    2.19     0     10.10     35.78 5653480 2992248  82.10      0.00      0.00  java

# Time        UID       PID    %usr %system  %guest   %wait    %CPU   CPU  minflt/s  majflt/s     VSZ     RSS   %MEM   cswch/s nvcswch/s  Command
01:30:12 PM     0      8858    0.00    2.08    0.00    0.00    2.08     0      3.84     22.61 5653480 2992648  82.11      0.00      0.00  java
