Linux 5.15.0-106-generic (iZf8zetnft7hz64q6zlvzzZ) 	07/07/2024 	_x86_64_	(2 CPU)

# Time        UID       PID    %usr %system  %guest   %wait    %CPU   CPU  minflt/s  majflt/s     VSZ     RSS   %MEM   cswch/s nvcswch/s  Command
02:56:26 PM     0     77555  179.80    5.20    0.00    0.00  185.00     1   9098.60      1.60 5645592  193196   5.30      0.20      0.00  java

# Time        UID       PID    %usr %system  %guest   %wait    %CPU   CPU  minflt/s  majflt/s     VSZ     RSS   %MEM   cswch/s nvcswch/s  Command
02:56:31 PM     0     77555  178.80    3.60    0.00    0.00  182.40     1     42.60      0.00 5645592  193232   5.30      0.00      0.00  java

# Time        UID       PID    %usr %system  %guest   %wait    %CPU   CPU  minflt/s  majflt/s     VSZ     RSS   %MEM   cswch/s nvcswch/s  Command
02:56:36 PM     0     77555  175.60    6.20    0.00    0.00  181.80     1     36.20      0.00 5645592  193232   5.30      0.00      0.00  java

# Time        UID       PID    %usr %system  %guest   %wait    %CPU   CPU  minflt/s  majflt/s     VSZ     RSS   %MEM   cswch/s nvcswch/s  Command
02:56:41 PM     0     77555  180.60    2.60    0.00    0.00  183.20     1     42.80      0.00 5645592  193232   5.30      0.00      0.00  java

# Time        UID       PID    %usr %system  %guest   %wait    %CPU   CPU  minflt/s  majflt/s     VSZ     RSS   %MEM   cswch/s nvcswch/s  Command
02:56:46 PM     0     77555  178.20    4.60    0.00    0.00  182.80     1     43.20      0.00 5645592  193232   5.30      0.00      0.00  java

# Time        UID       PID    %usr %system  %guest   %wait    %CPU   CPU  minflt/s  majflt/s     VSZ     RSS   %MEM   cswch/s nvcswch/s  Command
02:56:51 PM     0     77555  179.00    3.80    0.00    0.00  182.80     1     41.80      0.00 5645592  193496   5.31      0.00      0.00  java

# Time        UID       PID    %usr %system  %guest   %wait    %CPU   CPU  minflt/s  majflt/s     VSZ     RSS   %MEM   cswch/s nvcswch/s  Command
02:56:56 PM     0     77555  178.40    3.80    0.00    0.00  182.20     1     42.80      0.80 5645592  193512   5.31      0.00      0.00  java

# Time        UID       PID    %usr %system  %guest   %wait    %CPU   CPU  minflt/s  majflt/s     VSZ     RSS   %MEM   cswch/s nvcswch/s  Command
02:57:01 PM     0     77555  178.40    4.20    0.00    0.00  182.60     1     42.20      0.00 5645592  193512   5.31      0.00      0.00  java

# Time        UID       PID    %usr %system  %guest   %wait    %CPU   CPU  minflt/s  majflt/s     VSZ     RSS   %MEM   cswch/s nvcswch/s  Command
02:57:06 PM     0     77555  179.20    3.60    0.00    0.00  182.80     1     43.80      0.00 5645592  193512   5.31      0.00      0.00  java

# Time        UID       PID    %usr %system  %guest   %wait    %CPU   CPU  minflt/s  majflt/s     VSZ     RSS   %MEM   cswch/s nvcswch/s  Command
02:57:11 PM     0     77555  176.60    5.20    0.00    0.00  181.80     1     40.20      0.00 5645592  193512   5.31      0.00      0.00  java

# Time        UID       PID    %usr %system  %guest   %wait    %CPU   CPU  minflt/s  majflt/s     VSZ     RSS   %MEM   cswch/s nvcswch/s  Command
02:57:16 PM     0     77555  178.00    4.00    0.00    0.00  182.00     1    181.60      0.00 5645592  196516   5.39      0.00      0.00  java

# Time        UID       PID    %usr %system  %guest   %wait    %CPU   CPU  minflt/s  majflt/s     VSZ     RSS   %MEM   cswch/s nvcswch/s  Command
02:57:21 PM     0     77555  177.40    3.40    0.00    0.00  180.80     1     41.80      0.00 5645592  196516   5.39      0.00      0.00  java

# Time        UID       PID    %usr %system  %guest   %wait    %CPU   CPU  minflt/s  majflt/s     VSZ     RSS   %MEM   cswch/s nvcswch/s  Command
02:57:26 PM     0     77555  177.80    3.60    0.00    0.00  181.40     1     44.00      0.80 5645592  196516   5.39      0.00      0.00  java

# Time        UID       PID    %usr %system  %guest   %wait    %CPU   CPU  minflt/s  majflt/s     VSZ     RSS   %MEM   cswch/s nvcswch/s  Command
02:57:31 PM     0     77555  178.20    3.80    0.00    0.00  182.00     1     43.40      0.00 5645592  196516   5.39      0.00      0.00  java

# Time        UID       PID    %usr %system  %guest   %wait    %CPU   CPU  minflt/s  majflt/s     VSZ     RSS   %MEM   cswch/s nvcswch/s  Command
02:57:36 PM     0     77555  178.20    3.40    0.00    0.00  181.60     1     46.00      0.00 5645592  196516   5.39      0.00      0.00  java

# Time        UID       PID    %usr %system  %guest   %wait    %CPU   CPU  minflt/s  majflt/s     VSZ     RSS   %MEM   cswch/s nvcswch/s  Command
02:57:41 PM     0     77555  177.40    5.00    0.00    0.00  182.40     1     48.80      0.00 5645592  196516   5.39      0.00      0.00  java

# Time        UID       PID    %usr %system  %guest   %wait    %CPU   CPU  minflt/s  majflt/s     VSZ     RSS   %MEM   cswch/s nvcswch/s  Command
02:57:46 PM     0     77555  176.00    5.20    0.00    0.00  181.20     1     43.80      0.00 5645592  196516   5.39      0.00      0.00  java

# Time        UID       PID    %usr %system  %guest   %wait    %CPU   CPU  minflt/s  majflt/s     VSZ     RSS   %MEM   cswch/s nvcswch/s  Command
02:57:51 PM     0     77555  177.80    4.00    0.00    0.00  181.80     1     46.20      0.00 5645592  196516   5.39      0.00      0.00  java

# Time        UID       PID    %usr %system  %guest   %wait    %CPU   CPU  minflt/s  majflt/s     VSZ     RSS   %MEM   cswch/s nvcswch/s  Command
02:57:56 PM     0     77555  176.60    5.60    0.00    0.00  182.20     1     43.80      0.80 5645592  196516   5.39      0.00      0.00  java

# Time        UID       PID    %usr %system  %guest   %wait    %CPU   CPU  minflt/s  majflt/s     VSZ     RSS   %MEM   cswch/s nvcswch/s  Command
02:58:01 PM     0     77555  177.40    3.20    0.00    0.00  180.60     1     45.80      0.00 5645592  196516   5.39      0.00      0.00  java

# Time        UID       PID    %usr %system  %guest   %wait    %CPU   CPU  minflt/s  majflt/s     VSZ     RSS   %MEM   cswch/s nvcswch/s  Command
02:58:06 PM     0     77555  177.40    3.60    0.00    0.00  181.00     1     42.20      0.00 5645592  196516   5.39      0.00      0.00  java

# Time        UID       PID    %usr %system  %guest   %wait    %CPU   CPU  minflt/s  majflt/s     VSZ     RSS   %MEM   cswch/s nvcswch/s  Command
02:58:11 PM     0     77555  176.20    4.80    0.00    0.00  181.00     1     41.40      0.00 5645592  196516   5.39      0.00      0.00  java

# Time        UID       PID    %usr %system  %guest   %wait    %CPU   CPU  minflt/s  majflt/s     VSZ     RSS   %MEM   cswch/s nvcswch/s  Command
02:58:16 PM     0     77555  175.80    4.40    0.00    0.00  180.20     1     44.80      0.00 5645592  196516   5.39      0.00      0.00  java

# Time        UID       PID    %usr %system  %guest   %wait    %CPU   CPU  minflt/s  majflt/s     VSZ     RSS   %MEM   cswch/s nvcswch/s  Command
02:58:21 PM     0     77555  176.00    4.20    0.00    0.00  180.20     1     43.40      0.00 5645592  196516   5.39      0.00      0.00  java

# Time        UID       PID    %usr %system  %guest   %wait    %CPU   CPU  minflt/s  majflt/s     VSZ     RSS   %MEM   cswch/s nvcswch/s  Command
02:58:26 PM     0     77555  161.00    5.20    0.00    0.00  166.20     1     49.20      0.80 5645592  196764   5.40      0.00      0.00  java

# Time        UID       PID    %usr %system  %guest   %wait    %CPU   CPU  minflt/s  majflt/s     VSZ     RSS   %MEM   cswch/s nvcswch/s  Command
02:58:31 PM     0     77555  180.00    3.40    0.00    0.00  183.40     1     40.40      0.00 5645592  196764   5.40      0.00      0.00  java

# Time        UID       PID    %usr %system  %guest   %wait    %CPU   CPU  minflt/s  majflt/s     VSZ     RSS   %MEM   cswch/s nvcswch/s  Command
02:58:36 PM     0     77555  179.60    3.20    0.00    0.00  182.80     1     39.00      0.00 5645592  196764   5.40      0.00      0.00  java

# Time        UID       PID    %usr %system  %guest   %wait    %CPU   CPU  minflt/s  majflt/s     VSZ     RSS   %MEM   cswch/s nvcswch/s  Command
02:58:41 PM     0     77555  177.00    4.00    0.00    0.00  181.00     1     44.20      0.00 5645592  196764   5.40      0.00      0.00  java

# Time        UID       PID    %usr %system  %guest   %wait    %CPU   CPU  minflt/s  majflt/s     VSZ     RSS   %MEM   cswch/s nvcswch/s  Command
02:58:46 PM     0     77555  178.20    3.60    0.00    0.00  181.80     1     47.80      0.80 5645592  196956   5.40      0.00      0.00  java

# Time        UID       PID    %usr %system  %guest   %wait    %CPU   CPU  minflt/s  majflt/s     VSZ     RSS   %MEM   cswch/s nvcswch/s  Command
02:58:51 PM     0     77555  175.60    4.60    0.00    0.00  180.20     1     45.60      0.00 5645592  196956   5.40      0.00      0.00  java

# Time        UID       PID    %usr %system  %guest   %wait    %CPU   CPU  minflt/s  majflt/s     VSZ     RSS   %MEM   cswch/s nvcswch/s  Command
02:58:56 PM     0     77555  176.20    4.80    0.00    0.00  181.00     1     47.20      0.00 5645592  196956   5.40      0.00      0.00  java

# Time        UID       PID    %usr %system  %guest   %wait    %CPU   CPU  minflt/s  majflt/s     VSZ     RSS   %MEM   cswch/s nvcswch/s  Command
02:59:01 PM     0     77555  177.40    4.20    0.00    0.00  181.60     1     46.00      0.00 5645592  196956   5.40      0.00      0.00  java

# Time        UID       PID    %usr %system  %guest   %wait    %CPU   CPU  minflt/s  majflt/s     VSZ     RSS   %MEM   cswch/s nvcswch/s  Command
02:59:06 PM     0     77555  175.60    4.40    0.00    0.00  180.00     1     46.20      0.00 5645592  197484   5.42      0.00      0.00  java

# Time        UID       PID    %usr %system  %guest   %wait    %CPU   CPU  minflt/s  majflt/s     VSZ     RSS   %MEM   cswch/s nvcswch/s  Command
02:59:11 PM     0     77555  178.20    4.80    0.00    0.00  183.00     1     47.00      0.00 5645592  197484   5.42      0.00      0.00  java

# Time        UID       PID    %usr %system  %guest   %wait    %CPU   CPU  minflt/s  majflt/s     VSZ     RSS   %MEM   cswch/s nvcswch/s  Command
02:59:16 PM     0     77555  175.20    4.80    0.00    0.00  180.00     1     49.00      0.80 5645592  197612   5.42      0.00      0.00  java

# Time        UID       PID    %usr %system  %guest   %wait    %CPU   CPU  minflt/s  majflt/s     VSZ     RSS   %MEM   cswch/s nvcswch/s  Command
02:59:21 PM     0     77555  176.60    4.40    0.00    0.00  181.00     1     44.40      0.00 5645592  197620   5.42      0.00      0.00  java

# Time        UID       PID    %usr %system  %guest   %wait    %CPU   CPU  minflt/s  majflt/s     VSZ     RSS   %MEM   cswch/s nvcswch/s  Command
02:59:26 PM     0     77555  174.20    4.60    0.00    0.00  178.80     1     42.60      0.00 5645592  197620   5.42      0.00      0.00  java

# Time        UID       PID    %usr %system  %guest   %wait    %CPU   CPU  minflt/s  majflt/s     VSZ     RSS   %MEM   cswch/s nvcswch/s  Command
02:59:31 PM     0     77555  176.40    4.60    0.00    0.00  181.00     1     44.40      0.00 5645592  197620   5.42      0.00      0.00  java

# Time        UID       PID    %usr %system  %guest   %wait    %CPU   CPU  minflt/s  majflt/s     VSZ     RSS   %MEM   cswch/s nvcswch/s  Command
02:59:36 PM     0     77555  176.00    4.60    0.00    0.00  180.60     1     46.80      0.00 5645592  197620   5.42      0.00      0.00  java

# Time        UID       PID    %usr %system  %guest   %wait    %CPU   CPU  minflt/s  majflt/s     VSZ     RSS   %MEM   cswch/s nvcswch/s  Command
02:59:41 PM     0     77555  175.80    4.00    0.00    0.00  179.80     1     47.20      0.00 5645592  197620   5.42      0.00      0.00  java

# Time        UID       PID    %usr %system  %guest   %wait    %CPU   CPU  minflt/s  majflt/s     VSZ     RSS   %MEM   cswch/s nvcswch/s  Command
02:59:46 PM     0     77555  177.00    3.40    0.00    0.00  180.40     1     48.40      0.80 5645592  197620   5.42      0.00      0.00  java

# Time        UID       PID    %usr %system  %guest   %wait    %CPU   CPU  minflt/s  majflt/s     VSZ     RSS   %MEM   cswch/s nvcswch/s  Command
02:59:51 PM     0     77555  177.20    3.20    0.00    0.00  180.40     1     48.20      0.00 5645592  197620   5.42      0.00      0.00  java

# Time        UID       PID    %usr %system  %guest   %wait    %CPU   CPU  minflt/s  majflt/s     VSZ     RSS   %MEM   cswch/s nvcswch/s  Command
02:59:56 PM     0     77555  177.60    3.80    0.00    0.00  181.40     1     48.00      0.00 5645592  197620   5.42      0.00      0.00  java

# Time        UID       PID    %usr %system  %guest   %wait    %CPU   CPU  minflt/s  majflt/s     VSZ     RSS   %MEM   cswch/s nvcswch/s  Command
03:00:01 PM     0     77555  175.40    4.40    0.00    0.00  179.80     1     45.40      0.00 5645592  197620   5.42      0.00      0.00  java

# Time        UID       PID    %usr %system  %guest   %wait    %CPU   CPU  minflt/s  majflt/s     VSZ     RSS   %MEM   cswch/s nvcswch/s  Command
03:00:06 PM     0     77555  175.60    4.40    0.00    0.00  180.00     1     47.00      0.00 5645592  197620   5.42      0.00      0.00  java

# Time        UID       PID    %usr %system  %guest   %wait    %CPU   CPU  minflt/s  majflt/s     VSZ     RSS   %MEM   cswch/s nvcswch/s  Command
03:00:11 PM     0     77555  178.40    4.20    0.00    0.00  182.60     1     47.60      0.00 5645592  197620   5.42      0.00      0.00  java

# Time        UID       PID    %usr %system  %guest   %wait    %CPU   CPU  minflt/s  majflt/s     VSZ     RSS   %MEM   cswch/s nvcswch/s  Command
03:00:16 PM     0     77555  176.60    3.60    0.00    0.00  180.20     1     46.60      0.00 5645592  197620   5.42      0.00      0.00  java

# Time        UID       PID    %usr %system  %guest   %wait    %CPU   CPU  minflt/s  majflt/s     VSZ     RSS   %MEM   cswch/s nvcswch/s  Command
03:00:21 PM     0     77555  178.40    3.40    0.00    0.00  181.80     1     47.60      0.80 5645592  197620   5.42      0.00      0.00  java

# Time        UID       PID    %usr %system  %guest   %wait    %CPU   CPU  minflt/s  majflt/s     VSZ     RSS   %MEM   cswch/s nvcswch/s  Command
03:00:26 PM     0     77555  177.40    4.00    0.00    0.00  181.40     1     48.00      0.00 5645592  197620   5.42      0.00      0.00  java

# Time        UID       PID    %usr %system  %guest   %wait    %CPU   CPU  minflt/s  majflt/s     VSZ     RSS   %MEM   cswch/s nvcswch/s  Command
03:00:31 PM     0     77555  177.60    4.80    0.00    0.00  182.40     1     47.20      0.00 5645592  197620   5.42      0.00      0.00  java

# Time        UID       PID    %usr %system  %guest   %wait    %CPU   CPU  minflt/s  majflt/s     VSZ     RSS   %MEM   cswch/s nvcswch/s  Command
03:00:36 PM     0     77555  178.20    3.20    0.00    0.00  181.40     1     47.60      0.80 5645592  197620   5.42      0.00      0.00  java

# Time        UID       PID    %usr %system  %guest   %wait    %CPU   CPU  minflt/s  majflt/s     VSZ     RSS   %MEM   cswch/s nvcswch/s  Command
03:00:41 PM     0     77555  177.40    3.80    0.00    0.00  181.20     1     47.20      0.00 5645592  197620   5.42      0.00      0.00  java

# Time        UID       PID    %usr %system  %guest   %wait    %CPU   CPU  minflt/s  majflt/s     VSZ     RSS   %MEM   cswch/s nvcswch/s  Command
03:00:46 PM     0     77555  177.00    4.00    0.00    0.00  181.00     1     45.20      0.00 5645592  197620   5.42      0.00      0.00  java

# Time        UID       PID    %usr %system  %guest   %wait    %CPU   CPU  minflt/s  majflt/s     VSZ     RSS   %MEM   cswch/s nvcswch/s  Command
03:00:51 PM     0     77555  175.00    5.40    0.00    0.00  180.40     1     42.20      0.00 5645592  197620   5.42      0.00      0.00  java

# Time        UID       PID    %usr %system  %guest   %wait    %CPU   CPU  minflt/s  majflt/s     VSZ     RSS   %MEM   cswch/s nvcswch/s  Command
03:00:56 PM     0     77555  176.00    4.00    0.00    0.00  180.00     1     46.80      0.00 5645592  197620   5.42      0.00      0.00  java

# Time        UID       PID    %usr %system  %guest   %wait    %CPU   CPU  minflt/s  majflt/s     VSZ     RSS   %MEM   cswch/s nvcswch/s  Command
03:01:01 PM     0     77555  176.20    5.00    0.00    0.00  181.20     1     47.40      0.00 5645592  197620   5.42      0.00      0.00  java

# Time        UID       PID    %usr %system  %guest   %wait    %CPU   CPU  minflt/s  majflt/s     VSZ     RSS   %MEM   cswch/s nvcswch/s  Command
03:01:06 PM     0     77555  177.00    3.20    0.00    0.00  180.20     1     46.60      0.80 5645592  197620   5.42      0.00      0.00  java

# Time        UID       PID    %usr %system  %guest   %wait    %CPU   CPU  minflt/s  majflt/s     VSZ     RSS   %MEM   cswch/s nvcswch/s  Command
03:01:11 PM     0     77555  175.40    4.60    0.00    0.00  180.00     1     46.80      0.00 5645592  197620   5.42      0.00      0.00  java

# Time        UID       PID    %usr %system  %guest   %wait    %CPU   CPU  minflt/s  majflt/s     VSZ     RSS   %MEM   cswch/s nvcswch/s  Command
03:01:16 PM     0     77555  176.20    4.00    0.00    0.00  180.20     1     46.20      0.00 5645592  197620   5.42      0.00      0.00  java

# Time        UID       PID    %usr %system  %guest   %wait    %CPU   CPU  minflt/s  majflt/s     VSZ     RSS   %MEM   cswch/s nvcswch/s  Command
03:01:21 PM     0     77555  176.40    4.00    0.00    0.00  180.40     1     45.80      0.00 5645592  197620   5.42      0.00      0.00  java

# Time        UID       PID    %usr %system  %guest   %wait    %CPU   CPU  minflt/s  majflt/s     VSZ     RSS   %MEM   cswch/s nvcswch/s  Command
03:01:26 PM     0     77555  177.00    4.00    0.00    0.00  181.00     1     46.60      0.80 5645592  197620   5.42      0.00      0.00  java

# Time        UID       PID    %usr %system  %guest   %wait    %CPU   CPU  minflt/s  majflt/s     VSZ     RSS   %MEM   cswch/s nvcswch/s  Command
03:01:31 PM     0     77555  174.80    4.60    0.00    0.00  179.40     1     46.20      0.00 5645592  197884   5.43      0.00      0.00  java

# Time        UID       PID    %usr %system  %guest   %wait    %CPU   CPU  minflt/s  majflt/s     VSZ     RSS   %MEM   cswch/s nvcswch/s  Command
03:01:36 PM     0     77555  179.00    4.00    0.00    0.00  183.00     1     47.60      0.00 5645592  197884   5.43      0.00      0.00  java

# Time        UID       PID    %usr %system  %guest   %wait    %CPU   CPU  minflt/s  majflt/s     VSZ     RSS   %MEM   cswch/s nvcswch/s  Command
03:01:41 PM     0     77555  177.20    4.80    0.00    0.00  182.00     1     47.60      0.00 5645592  197884   5.43      0.00      0.00  java

# Time        UID       PID    %usr %system  %guest   %wait    %CPU   CPU  minflt/s  majflt/s     VSZ     RSS   %MEM   cswch/s nvcswch/s  Command
03:01:46 PM     0     77555  177.00    3.40    0.00    0.00  180.40     1     46.80      0.00 5645592  197884   5.43      0.00      0.00  java

# Time        UID       PID    %usr %system  %guest   %wait    %CPU   CPU  minflt/s  majflt/s     VSZ     RSS   %MEM   cswch/s nvcswch/s  Command
03:01:51 PM     0     77555  176.80    5.20    0.00    0.00  182.00     1     47.00      0.00 5645592  197884   5.43      0.00      0.00  java

# Time        UID       PID    %usr %system  %guest   %wait    %CPU   CPU  minflt/s  majflt/s     VSZ     RSS   %MEM   cswch/s nvcswch/s  Command
03:01:56 PM     0     77555  176.80    4.20    0.00    0.00  181.00     1     47.20      0.80 5645592  197884   5.43      0.00      0.00  java

# Time        UID       PID    %usr %system  %guest   %wait    %CPU   CPU  minflt/s  majflt/s     VSZ     RSS   %MEM   cswch/s nvcswch/s  Command
03:02:01 PM     0     77555  177.40    4.00    0.00    0.00  181.40     1     46.20      0.00 5645592  197884   5.43      0.00      0.00  java

# Time        UID       PID    %usr %system  %guest   %wait    %CPU   CPU  minflt/s  majflt/s     VSZ     RSS   %MEM   cswch/s nvcswch/s  Command
03:02:06 PM     0     77555  178.20    4.00    0.00    0.00  182.20     1     48.00      0.00 5645592  197884   5.43      0.00      0.00  java

# Time        UID       PID    %usr %system  %guest   %wait    %CPU   CPU  minflt/s  majflt/s     VSZ     RSS   %MEM   cswch/s nvcswch/s  Command
03:02:11 PM     0     77555  177.00    3.40    0.00    0.00  180.40     1     48.00      0.00 5645592  197884   5.43      0.00      0.00  java

# Time        UID       PID    %usr %system  %guest   %wait    %CPU   CPU  minflt/s  majflt/s     VSZ     RSS   %MEM   cswch/s nvcswch/s  Command
03:02:16 PM     0     77555  177.40    4.40    0.00    0.00  181.80     1     48.20      0.00 5645592  197884   5.43      0.00      0.00  java

# Time        UID       PID    %usr %system  %guest   %wait    %CPU   CPU  minflt/s  majflt/s     VSZ     RSS   %MEM   cswch/s nvcswch/s  Command
03:02:21 PM     0     77555  177.40    3.60    0.00    0.00  181.00     1     46.80      1.40 5645592  197884   5.43      0.00      0.00  java

# Time        UID       PID    %usr %system  %guest   %wait    %CPU   CPU  minflt/s  majflt/s     VSZ     RSS   %MEM   cswch/s nvcswch/s  Command
03:02:26 PM     0     77555  165.20    3.60    0.00    0.00  168.80     1     49.20      0.00 5645592  197816   5.43      0.00      0.00  java

# Time        UID       PID    %usr %system  %guest   %wait    %CPU   CPU  minflt/s  majflt/s     VSZ     RSS   %MEM   cswch/s nvcswch/s  Command
03:02:31 PM     0     77555  176.20    3.80    0.00    0.00  180.00     1     45.20      0.00 5645592  197888   5.43      0.00      0.00  java

# Time        UID       PID    %usr %system  %guest   %wait    %CPU   CPU  minflt/s  majflt/s     VSZ     RSS   %MEM   cswch/s nvcswch/s  Command
03:02:36 PM     0     77555  178.00    3.20    0.00    0.00  181.20     1     46.40      0.00 5645592  197888   5.43      0.00      0.00  java

# Time        UID       PID    %usr %system  %guest   %wait    %CPU   CPU  minflt/s  majflt/s     VSZ     RSS   %MEM   cswch/s nvcswch/s  Command
03:02:41 PM     0     77555  176.40    4.20    0.00    0.00  180.60     1     46.80      0.00 5645592  198152   5.44      0.00      0.00  java

# Time        UID       PID    %usr %system  %guest   %wait    %CPU   CPU  minflt/s  majflt/s     VSZ     RSS   %MEM   cswch/s nvcswch/s  Command
03:02:46 PM     0     77555  175.40    4.80    0.00    0.00  180.20     1     48.40      0.00 5645592  198152   5.44      0.00      0.00  java

# Time        UID       PID    %usr %system  %guest   %wait    %CPU   CPU  minflt/s  majflt/s     VSZ     RSS   %MEM   cswch/s nvcswch/s  Command
03:02:51 PM     0     77555  177.40    3.80    0.00    0.00  181.20     1     47.00      0.80 5645592  198152   5.44      0.00      0.00  java

# Time        UID       PID    %usr %system  %guest   %wait    %CPU   CPU  minflt/s  majflt/s     VSZ     RSS   %MEM   cswch/s nvcswch/s  Command
03:02:56 PM     0     77555  174.80    4.80    0.00    0.00  179.60     1     54.80      0.00 5645592  198152   5.44      0.00      0.00  java

# Time        UID       PID    %usr %system  %guest   %wait    %CPU   CPU  minflt/s  majflt/s     VSZ     RSS   %MEM   cswch/s nvcswch/s  Command
03:03:01 PM     0     77555  176.60    3.60    0.00    0.00  180.20     1     47.20      0.00 5645592  198152   5.44      0.00      0.00  java

# Time        UID       PID    %usr %system  %guest   %wait    %CPU   CPU  minflt/s  majflt/s     VSZ     RSS   %MEM   cswch/s nvcswch/s  Command
03:03:06 PM     0     77555  177.20    2.80    0.00    0.00  180.00     1     46.40      0.00 5645592  198152   5.44      0.00      0.00  java

# Time        UID       PID    %usr %system  %guest   %wait    %CPU   CPU  minflt/s  majflt/s     VSZ     RSS   %MEM   cswch/s nvcswch/s  Command
03:03:11 PM     0     77555  175.60    4.40    0.00    0.00  180.00     1     46.80      0.00 5645592  198152   5.44      0.00      0.00  java

# Time        UID       PID    %usr %system  %guest   %wait    %CPU   CPU  minflt/s  majflt/s     VSZ     RSS   %MEM   cswch/s nvcswch/s  Command
03:03:16 PM     0     77555  177.60    2.80    0.00    0.00  180.40     1     46.40      0.00 5645592  198152   5.44      0.00      0.00  java

# Time        UID       PID    %usr %system  %guest   %wait    %CPU   CPU  minflt/s  majflt/s     VSZ     RSS   %MEM   cswch/s nvcswch/s  Command
03:03:21 PM     0     77555  176.80    4.20    0.00    0.00  181.00     1     46.40      0.80 5645592  198152   5.44      0.00      0.00  java

# Time        UID       PID    %usr %system  %guest   %wait    %CPU   CPU  minflt/s  majflt/s     VSZ     RSS   %MEM   cswch/s nvcswch/s  Command
03:03:26 PM     0     77555  178.20    3.60    0.00    0.00  181.80     1     47.40      0.00 5645592  198152   5.44      0.00      0.00  java

# Time        UID       PID    %usr %system  %guest   %wait    %CPU   CPU  minflt/s  majflt/s     VSZ     RSS   %MEM   cswch/s nvcswch/s  Command
03:03:31 PM     0     77555  177.20    4.60    0.00    0.00  181.80     1     45.00      0.00 5645592  198152   5.44      0.00      0.00  java

# Time        UID       PID    %usr %system  %guest   %wait    %CPU   CPU  minflt/s  majflt/s     VSZ     RSS   %MEM   cswch/s nvcswch/s  Command
03:03:36 PM     0     77555  176.20    4.00    0.00    0.00  180.20     1     45.20      0.00 5645592  198416   5.44      0.00      0.00  java

# Time        UID       PID    %usr %system  %guest   %wait    %CPU   CPU  minflt/s  majflt/s     VSZ     RSS   %MEM   cswch/s nvcswch/s  Command
03:03:41 PM     0     77555  175.60    4.80    0.00    0.00  180.40     1     45.80      0.00 5645592  198416   5.44      0.00      0.00  java

# Time        UID       PID    %usr %system  %guest   %wait    %CPU   CPU  minflt/s  majflt/s     VSZ     RSS   %MEM   cswch/s nvcswch/s  Command
03:03:46 PM     0     77555  176.40    4.40    0.00    0.00  180.80     1     46.20      0.80 5645592  198416   5.44      0.00      0.00  java

# Time        UID       PID    %usr %system  %guest   %wait    %CPU   CPU  minflt/s  majflt/s     VSZ     RSS   %MEM   cswch/s nvcswch/s  Command
03:03:51 PM     0     77555  178.60    3.20    0.00    0.00  181.80     1     47.40      0.00 5645592  198416   5.44      0.00      0.00  java

# Time        UID       PID    %usr %system  %guest   %wait    %CPU   CPU  minflt/s  majflt/s     VSZ     RSS   %MEM   cswch/s nvcswch/s  Command
03:03:56 PM     0     77555  177.00    4.20    0.00    0.00  181.20     1     48.20      0.00 5645592  198416   5.44      0.00      0.00  java

# Time        UID       PID    %usr %system  %guest   %wait    %CPU   CPU  minflt/s  majflt/s     VSZ     RSS   %MEM   cswch/s nvcswch/s  Command
03:04:01 PM     0     77555  175.40    4.40    0.00    0.00  179.80     1     46.00      0.00 5645592  198416   5.44      0.00      0.00  java

# Time        UID       PID    %usr %system  %guest   %wait    %CPU   CPU  minflt/s  majflt/s     VSZ     RSS   %MEM   cswch/s nvcswch/s  Command
03:04:06 PM     0     77555  176.60    3.40    0.00    0.00  180.00     1     45.40      0.00 5645592  198416   5.44      0.00      0.00  java

# Time        UID       PID    %usr %system  %guest   %wait    %CPU   CPU  minflt/s  majflt/s     VSZ     RSS   %MEM   cswch/s nvcswch/s  Command
03:04:11 PM     0     77555  175.20    4.20    0.00    0.00  179.40     1     46.40      0.00 5645592  198416   5.44      0.00      0.00  java

# Time        UID       PID    %usr %system  %guest   %wait    %CPU   CPU  minflt/s  majflt/s     VSZ     RSS   %MEM   cswch/s nvcswch/s  Command
03:04:16 PM     0     77555  177.40    3.40    0.00    0.00  180.80     1     46.20      0.80 5645592  198416   5.44      0.00      0.00  java

# Time        UID       PID    %usr %system  %guest   %wait    %CPU   CPU  minflt/s  majflt/s     VSZ     RSS   %MEM   cswch/s nvcswch/s  Command
03:04:21 PM     0     77555  177.00    4.40    0.00    0.00  181.40     1     46.40      0.00 5645592  198416   5.44      0.00      0.00  java

# Time        UID       PID    %usr %system  %guest   %wait    %CPU   CPU  minflt/s  majflt/s     VSZ     RSS   %MEM   cswch/s nvcswch/s  Command
03:04:26 PM     0     77555  176.40    4.00    0.00    0.00  180.40     1     46.20      0.00 5645592  198416   5.44      0.00      0.00  java

# Time        UID       PID    %usr %system  %guest   %wait    %CPU   CPU  minflt/s  majflt/s     VSZ     RSS   %MEM   cswch/s nvcswch/s  Command
03:04:31 PM     0     77555  176.60    4.00    0.00    0.00  180.60     1     46.40      0.80 5645592  198416   5.44      0.00      0.00  java

# Time        UID       PID    %usr %system  %guest   %wait    %CPU   CPU  minflt/s  majflt/s     VSZ     RSS   %MEM   cswch/s nvcswch/s  Command
03:04:36 PM     0     77555  176.80    4.80    0.00    0.00  181.60     1     47.40      0.00 5645592  198416   5.44      0.00      0.00  java

# Time        UID       PID    %usr %system  %guest   %wait    %CPU   CPU  minflt/s  majflt/s     VSZ     RSS   %MEM   cswch/s nvcswch/s  Command
03:04:41 PM     0     77555  177.60    3.60    0.00    0.00  181.20     1     47.40      0.00 5645592  198416   5.44      0.00      0.00  java

# Time        UID       PID    %usr %system  %guest   %wait    %CPU   CPU  minflt/s  majflt/s     VSZ     RSS   %MEM   cswch/s nvcswch/s  Command
03:04:46 PM     0     77555  177.00    5.20    0.00    0.00  182.20     1     46.20      0.00 5645592  198416   5.44      0.00      0.00  java

# Time        UID       PID    %usr %system  %guest   %wait    %CPU   CPU  minflt/s  majflt/s     VSZ     RSS   %MEM   cswch/s nvcswch/s  Command
03:04:51 PM     0     77555  176.00    4.60    0.00    0.00  180.60     1     46.40      0.00 5645592  198416   5.44      0.00      0.00  java

# Time        UID       PID    %usr %system  %guest   %wait    %CPU   CPU  minflt/s  majflt/s     VSZ     RSS   %MEM   cswch/s nvcswch/s  Command
03:04:56 PM     0     77555  176.80    4.40    0.00    0.00  181.20     1     45.80      0.00 5645592  198416   5.44      0.00      0.00  java

# Time        UID       PID    %usr %system  %guest   %wait    %CPU   CPU  minflt/s  majflt/s     VSZ     RSS   %MEM   cswch/s nvcswch/s  Command
03:05:01 PM     0     77555  175.20    4.20    0.00    0.00  179.40     1     46.80      0.80 5645592  198424   5.44      0.00      0.00  java

# Time        UID       PID    %usr %system  %guest   %wait    %CPU   CPU  minflt/s  majflt/s     VSZ     RSS   %MEM   cswch/s nvcswch/s  Command
03:05:06 PM     0     77555  176.20    4.20    0.00    0.00  180.40     1     46.00      0.00 5645592  198424   5.44      0.00      0.00  java

# Time        UID       PID    %usr %system  %guest   %wait    %CPU   CPU  minflt/s  majflt/s     VSZ     RSS   %MEM   cswch/s nvcswch/s  Command
03:05:11 PM     0     77555  174.80    4.00    0.00    0.00  178.80     1     45.40      0.00 5645592  198424   5.44      0.00      0.00  java

# Time        UID       PID    %usr %system  %guest   %wait    %CPU   CPU  minflt/s  majflt/s     VSZ     RSS   %MEM   cswch/s nvcswch/s  Command
03:05:16 PM     0     77555  175.40    5.00    0.00    0.00  180.40     1     46.20      0.00 5645592  198424   5.44      0.00      0.00  java

# Time        UID       PID    %usr %system  %guest   %wait    %CPU   CPU  minflt/s  majflt/s     VSZ     RSS   %MEM   cswch/s nvcswch/s  Command
03:05:21 PM     0     77555  176.20    4.60    0.00    0.00  180.80     1     46.00      0.00 5645592  198424   5.44      0.00      0.00  java

# Time        UID       PID    %usr %system  %guest   %wait    %CPU   CPU  minflt/s  majflt/s     VSZ     RSS   %MEM   cswch/s nvcswch/s  Command
03:05:26 PM     0     77555  177.60    4.20    0.00    0.00  181.80     1     45.60      0.80 5645592  198424   5.44      0.00      0.00  java

# Time        UID       PID    %usr %system  %guest   %wait    %CPU   CPU  minflt/s  majflt/s     VSZ     RSS   %MEM   cswch/s nvcswch/s  Command
03:05:31 PM     0     77555  176.80    4.60    0.00    0.00  181.40     1     46.40      0.00 5645592  198424   5.44      0.00      0.00  java

# Time        UID       PID    %usr %system  %guest   %wait    %CPU   CPU  minflt/s  majflt/s     VSZ     RSS   %MEM   cswch/s nvcswch/s  Command
03:05:36 PM     0     77555  178.40    3.40    0.00    0.00  181.80     1     46.60      0.00 5645592  198424   5.44      0.00      0.00  java

# Time        UID       PID    %usr %system  %guest   %wait    %CPU   CPU  minflt/s  majflt/s     VSZ     RSS   %MEM   cswch/s nvcswch/s  Command
03:05:41 PM     0     77555  177.00    4.20    0.00    0.00  181.20     1     45.60      0.00 5645592  198424   5.44      0.00      0.00  java

# Time        UID       PID    %usr %system  %guest   %wait    %CPU   CPU  minflt/s  majflt/s     VSZ     RSS   %MEM   cswch/s nvcswch/s  Command
03:05:46 PM     0     77555  177.60    3.40    0.00    0.00  181.00     1     46.80      0.00 5645592  198424   5.44      0.00      0.00  java

# Time        UID       PID    %usr %system  %guest   %wait    %CPU   CPU  minflt/s  majflt/s     VSZ     RSS   %MEM   cswch/s nvcswch/s  Command
03:05:51 PM     0     77555  174.60    4.40    0.00    0.00  179.00     1     46.40      0.00 5645592  198424   5.44      0.00      0.00  java

# Time        UID       PID    %usr %system  %guest   %wait    %CPU   CPU  minflt/s  majflt/s     VSZ     RSS   %MEM   cswch/s nvcswch/s  Command
03:05:56 PM     0     77555  175.20    4.80    0.00    0.00  180.00     1     45.40      0.80 5645592  198424   5.44      0.00      0.00  java

# Time        UID       PID    %usr %system  %guest   %wait    %CPU   CPU  minflt/s  majflt/s     VSZ     RSS   %MEM   cswch/s nvcswch/s  Command
03:06:01 PM     0     77555  176.60    4.00    0.00    0.00  180.60     1     45.60      0.00 5645592  198424   5.44      0.00      0.00  java

# Time        UID       PID    %usr %system  %guest   %wait    %CPU   CPU  minflt/s  majflt/s     VSZ     RSS   %MEM   cswch/s nvcswch/s  Command
03:06:06 PM     0     77555  176.80    3.80    0.00    0.00  180.60     1     46.60      0.00 5645592  198424   5.44      0.00      0.00  java

# Time        UID       PID    %usr %system  %guest   %wait    %CPU   CPU  minflt/s  majflt/s     VSZ     RSS   %MEM   cswch/s nvcswch/s  Command
03:06:11 PM     0     77555  176.80    4.00    0.00    0.00  180.80     1     45.60      0.00 5645592  198424   5.44      0.00      0.00  java

# Time        UID       PID    %usr %system  %guest   %wait    %CPU   CPU  minflt/s  majflt/s     VSZ     RSS   %MEM   cswch/s nvcswch/s  Command
03:06:16 PM     0     77555  176.80    4.20    0.00    0.00  181.00     1     46.40      0.00 5645592  198424   5.44      0.00      0.00  java

# Time        UID       PID    %usr %system  %guest   %wait    %CPU   CPU  minflt/s  majflt/s     VSZ     RSS   %MEM   cswch/s nvcswch/s  Command
03:06:21 PM     0     77555  177.20    3.20    0.00    0.00  180.40     1     46.40      0.00 5645592  198688   5.45      0.00      0.00  java

# Time        UID       PID    %usr %system  %guest   %wait    %CPU   CPU  minflt/s  majflt/s     VSZ     RSS   %MEM   cswch/s nvcswch/s  Command
03:06:26 PM     0     77555  163.20    4.60    0.00    0.00  167.80     1     50.60      0.80 5645592  198552   5.45      0.00      0.00  java

# Time        UID       PID    %usr %system  %guest   %wait    %CPU   CPU  minflt/s  majflt/s     VSZ     RSS   %MEM   cswch/s nvcswch/s  Command
03:06:31 PM     0     77555  178.20    4.20    0.00    0.00  182.40     1     45.60      0.00 5645592  198696   5.45      0.00      0.00  java

# Time        UID       PID    %usr %system  %guest   %wait    %CPU   CPU  minflt/s  majflt/s     VSZ     RSS   %MEM   cswch/s nvcswch/s  Command
03:06:36 PM     0     77555  177.80    4.00    0.00    0.00  181.80     1     47.40      0.00 5645592  198696   5.45      0.00      0.00  java

# Time        UID       PID    %usr %system  %guest   %wait    %CPU   CPU  minflt/s  majflt/s     VSZ     RSS   %MEM   cswch/s nvcswch/s  Command
03:06:41 PM     0     77555  177.60    4.00    0.00    0.00  181.60     1     46.00      0.00 5645592  198696   5.45      0.00      0.00  java

# Time        UID       PID    %usr %system  %guest   %wait    %CPU   CPU  minflt/s  majflt/s     VSZ     RSS   %MEM   cswch/s nvcswch/s  Command
03:06:46 PM     0     77555  177.40    4.00    0.00    0.00  181.40     1     45.60      0.00 5645592  198696   5.45      0.00      0.00  java

# Time        UID       PID    %usr %system  %guest   %wait    %CPU   CPU  minflt/s  majflt/s     VSZ     RSS   %MEM   cswch/s nvcswch/s  Command
03:06:51 PM     0     77555  175.20    4.40    0.00    0.00  179.60     1     45.60      0.00 5645592  198696   5.45      0.00      0.00  java

# Time        UID       PID    %usr %system  %guest   %wait    %CPU   CPU  minflt/s  majflt/s     VSZ     RSS   %MEM   cswch/s nvcswch/s  Command
03:06:56 PM     0     77555  176.60    4.40    0.00    0.00  181.00     1     45.00      0.80 5645592  198696   5.45      0.00      0.00  java

# Time        UID       PID    %usr %system  %guest   %wait    %CPU   CPU  minflt/s  majflt/s     VSZ     RSS   %MEM   cswch/s nvcswch/s  Command
03:07:01 PM     0     77555  177.00    4.20    0.00    0.00  181.20     1     46.80      0.00 5645592  198696   5.45      0.00      0.00  java

# Time        UID       PID    %usr %system  %guest   %wait    %CPU   CPU  minflt/s  majflt/s     VSZ     RSS   %MEM   cswch/s nvcswch/s  Command
03:07:06 PM     0     77555  175.00    4.40    0.00    0.00  179.40     1     46.20      0.00 5645592  198696   5.45      0.00      0.00  java

# Time        UID       PID    %usr %system  %guest   %wait    %CPU   CPU  minflt/s  majflt/s     VSZ     RSS   %MEM   cswch/s nvcswch/s  Command
03:07:11 PM     0     77555  177.20    3.60    0.00    0.00  180.80     1     47.60      0.00 5645592  198696   5.45      0.00      0.00  java

# Time        UID       PID    %usr %system  %guest   %wait    %CPU   CPU  minflt/s  majflt/s     VSZ     RSS   %MEM   cswch/s nvcswch/s  Command
03:07:16 PM     0     77555  175.20    4.60    0.00    0.00  179.80     1     46.00      0.00 5645592  198696   5.45      0.00      0.00  java

# Time        UID       PID    %usr %system  %guest   %wait    %CPU   CPU  minflt/s  majflt/s     VSZ     RSS   %MEM   cswch/s nvcswch/s  Command
03:07:21 PM     0     77555  175.20    5.00    0.00    0.00  180.20     1     46.60      0.00 5645592  198696   5.45      0.00      0.00  java

# Time        UID       PID    %usr %system  %guest   %wait    %CPU   CPU  minflt/s  majflt/s     VSZ     RSS   %MEM   cswch/s nvcswch/s  Command
03:07:26 PM     0     77555  177.40    4.80    0.00    0.00  182.20     1     45.80      0.00 5645592  198696   5.45      0.00      0.00  java

# Time        UID       PID    %usr %system  %guest   %wait    %CPU   CPU  minflt/s  majflt/s     VSZ     RSS   %MEM   cswch/s nvcswch/s  Command
03:07:31 PM     0     77555  177.40    4.20    0.00    0.00  181.60     1     45.80      0.80 5645592  198696   5.45      0.00      0.00  java

# Time        UID       PID    %usr %system  %guest   %wait    %CPU   CPU  minflt/s  majflt/s     VSZ     RSS   %MEM   cswch/s nvcswch/s  Command
03:07:36 PM     0     77555  176.80    4.80    0.00    0.00  181.60     1     47.80      0.00 5645592  198696   5.45      0.00      0.00  java

# Time        UID       PID    %usr %system  %guest   %wait    %CPU   CPU  minflt/s  majflt/s     VSZ     RSS   %MEM   cswch/s nvcswch/s  Command
03:07:41 PM     0     77555  177.00    4.20    0.00    0.00  181.20     1     46.60      0.00 5645592  198696   5.45      0.00      0.00  java

# Time        UID       PID    %usr %system  %guest   %wait    %CPU   CPU  minflt/s  majflt/s     VSZ     RSS   %MEM   cswch/s nvcswch/s  Command
03:07:46 PM     0     77555  179.00    4.00    0.00    0.00  183.00     1     46.20      0.00 5645592  198696   5.45      0.00      0.00  java

# Time        UID       PID    %usr %system  %guest   %wait    %CPU   CPU  minflt/s  majflt/s     VSZ     RSS   %MEM   cswch/s nvcswch/s  Command
03:07:51 PM     0     77555  175.80    4.40    0.00    0.00  180.20     1     47.00      0.00 5645592  198696   5.45      0.00      0.00  java

# Time        UID       PID    %usr %system  %guest   %wait    %CPU   CPU  minflt/s  majflt/s     VSZ     RSS   %MEM   cswch/s nvcswch/s  Command
03:07:56 PM     0     77555  177.20    4.00    0.00    0.00  181.20     1     47.80      0.00 5645592  198696   5.45      0.00      0.00  java

# Time        UID       PID    %usr %system  %guest   %wait    %CPU   CPU  minflt/s  majflt/s     VSZ     RSS   %MEM   cswch/s nvcswch/s  Command
03:08:01 PM     0     77555  176.80    4.20    0.00    0.00  181.00     1     46.00      0.80 5645592  198696   5.45      0.00      0.00  java

# Time        UID       PID    %usr %system  %guest   %wait    %CPU   CPU  minflt/s  majflt/s     VSZ     RSS   %MEM   cswch/s nvcswch/s  Command
03:08:06 PM     0     77555  174.80    5.00    0.00    0.00  179.80     1     45.80      0.00 5645592  198696   5.45      0.00      0.00  java

# Time        UID       PID    %usr %system  %guest   %wait    %CPU   CPU  minflt/s  majflt/s     VSZ     RSS   %MEM   cswch/s nvcswch/s  Command
03:08:11 PM     0     77555  176.60    4.80    0.00    0.00  181.40     1     45.40      0.00 5645592  198696   5.45      0.00      0.00  java

# Time        UID       PID    %usr %system  %guest   %wait    %CPU   CPU  minflt/s  majflt/s     VSZ     RSS   %MEM   cswch/s nvcswch/s  Command
03:08:16 PM     0     77555  175.80    4.60    0.00    0.00  180.40     1     45.20      0.00 5645592  198696   5.45      0.00      0.00  java

# Time        UID       PID    %usr %system  %guest   %wait    %CPU   CPU  minflt/s  majflt/s     VSZ     RSS   %MEM   cswch/s nvcswch/s  Command
03:08:21 PM     0     77555  178.00    4.40    0.00    0.00  182.40     1     46.00      0.00 5645592  198696   5.45      0.00      0.00  java

# Time        UID       PID    %usr %system  %guest   %wait    %CPU   CPU  minflt/s  majflt/s     VSZ     RSS   %MEM   cswch/s nvcswch/s  Command
03:08:26 PM     0     77555  177.20    3.80    0.00    0.00  181.00     1     46.00      0.00 5645592  198696   5.45      0.00      0.00  java

# Time        UID       PID    %usr %system  %guest   %wait    %CPU   CPU  minflt/s  majflt/s     VSZ     RSS   %MEM   cswch/s nvcswch/s  Command
03:08:31 PM     0     77555  178.00    3.40    0.00    0.00  181.40     1     46.40      0.80 5645592  198696   5.45      0.00      0.00  java

# Time        UID       PID    %usr %system  %guest   %wait    %CPU   CPU  minflt/s  majflt/s     VSZ     RSS   %MEM   cswch/s nvcswch/s  Command
03:08:36 PM     0     77555  177.00    4.60    0.00    0.00  181.60     1     46.40      0.00 5645592  198696   5.45      0.00      0.00  java

# Time        UID       PID    %usr %system  %guest   %wait    %CPU   CPU  minflt/s  majflt/s     VSZ     RSS   %MEM   cswch/s nvcswch/s  Command
03:08:41 PM     0     77555  177.00    3.60    0.00    0.00  180.60     1     46.20      0.00 5645592  198696   5.45      0.00      0.00  java

# Time        UID       PID    %usr %system  %guest   %wait    %CPU   CPU  minflt/s  majflt/s     VSZ     RSS   %MEM   cswch/s nvcswch/s  Command
03:08:46 PM     0     77555  175.00    5.40    0.00    0.00  180.40     1     46.20      0.00 5645592  198696   5.45      0.00      0.00  java

# Time        UID       PID    %usr %system  %guest   %wait    %CPU   CPU  minflt/s  majflt/s     VSZ     RSS   %MEM   cswch/s nvcswch/s  Command
03:08:51 PM     0     77555  178.00    4.20    0.00    0.00  182.20     1     47.20      0.00 5645592  198696   5.45      0.00      0.00  java

# Time        UID       PID    %usr %system  %guest   %wait    %CPU   CPU  minflt/s  majflt/s     VSZ     RSS   %MEM   cswch/s nvcswch/s  Command
03:08:56 PM     0     77555  177.00    3.60    0.00    0.00  180.60     1     45.60      0.00 5645592  198696   5.45      0.00      0.00  java

# Time        UID       PID    %usr %system  %guest   %wait    %CPU   CPU  minflt/s  majflt/s     VSZ     RSS   %MEM   cswch/s nvcswch/s  Command
03:09:01 PM     0     77555  176.20    4.60    0.00    0.00  180.80     1     47.40      0.80 5645592  198696   5.45      0.00      0.00  java

# Time        UID       PID    %usr %system  %guest   %wait    %CPU   CPU  minflt/s  majflt/s     VSZ     RSS   %MEM   cswch/s nvcswch/s  Command
03:09:06 PM     0     77555  175.60    4.00    0.00    0.00  179.60     1     45.00      0.00 5645592  198696   5.45      0.00      0.00  java

# Time        UID       PID    %usr %system  %guest   %wait    %CPU   CPU  minflt/s  majflt/s     VSZ     RSS   %MEM   cswch/s nvcswch/s  Command
03:09:11 PM     0     77555  177.40    4.60    0.00    0.00  182.00     1     47.20      0.00 5645592  198696   5.45      0.00      0.00  java

# Time        UID       PID    %usr %system  %guest   %wait    %CPU   CPU  minflt/s  majflt/s     VSZ     RSS   %MEM   cswch/s nvcswch/s  Command
03:09:16 PM     0     77555  177.20    4.60    0.00    0.00  181.80     1     46.40      0.00 5645592  198696   5.45      0.00      0.00  java

# Time        UID       PID    %usr %system  %guest   %wait    %CPU   CPU  minflt/s  majflt/s     VSZ     RSS   %MEM   cswch/s nvcswch/s  Command
03:09:21 PM     0     77555  176.40    5.20    0.00    0.00  181.60     1     46.60      0.00 5645592  198696   5.45      0.00      0.00  java

# Time        UID       PID    %usr %system  %guest   %wait    %CPU   CPU  minflt/s  majflt/s     VSZ     RSS   %MEM   cswch/s nvcswch/s  Command
03:09:26 PM     0     77555  179.00    4.20    0.00    0.00  183.20     1     47.60      0.00 5645592  198696   5.45      0.00      0.00  java

# Time        UID       PID    %usr %system  %guest   %wait    %CPU   CPU  minflt/s  majflt/s     VSZ     RSS   %MEM   cswch/s nvcswch/s  Command
03:09:31 PM     0     77555  177.20    3.80    0.00    0.00  181.00     1     46.40      0.80 5645592  198696   5.45      0.00      0.00  java

# Time        UID       PID    %usr %system  %guest   %wait    %CPU   CPU  minflt/s  majflt/s     VSZ     RSS   %MEM   cswch/s nvcswch/s  Command
03:09:36 PM     0     77555  178.20    3.40    0.00    0.00  181.60     1     47.20      0.00 5645592  198696   5.45      0.00      0.00  java

# Time        UID       PID    %usr %system  %guest   %wait    %CPU   CPU  minflt/s  majflt/s     VSZ     RSS   %MEM   cswch/s nvcswch/s  Command
03:09:41 PM     0     77555  177.00    4.20    0.00    0.00  181.20     1     47.20      0.00 5645592  198696   5.45      0.00      0.00  java

# Time        UID       PID    %usr %system  %guest   %wait    %CPU   CPU  minflt/s  majflt/s     VSZ     RSS   %MEM   cswch/s nvcswch/s  Command
03:09:46 PM     0     77555  176.80    4.00    0.00    0.00  180.80     1     46.40      0.00 5645592  198696   5.45      0.00      0.00  java

# Time        UID       PID    %usr %system  %guest   %wait    %CPU   CPU  minflt/s  majflt/s     VSZ     RSS   %MEM   cswch/s nvcswch/s  Command
03:09:51 PM     0     77555  178.00    3.60    0.00    0.00  181.60     1     45.80      0.00 5645592  198696   5.45      0.00      0.00  java

# Time        UID       PID    %usr %system  %guest   %wait    %CPU   CPU  minflt/s  majflt/s     VSZ     RSS   %MEM   cswch/s nvcswch/s  Command
03:09:56 PM     0     77555  176.20    4.40    0.00    0.00  180.60     1     45.40      0.00 5645592  198696   5.45      0.00      0.00  java

# Time        UID       PID    %usr %system  %guest   %wait    %CPU   CPU  minflt/s  majflt/s     VSZ     RSS   %MEM   cswch/s nvcswch/s  Command
03:10:01 PM     0     77555  178.00    4.00    0.00    0.00  182.00     1     46.40      0.80 5645592  198696   5.45      0.00      0.00  java

# Time        UID       PID    %usr %system  %guest   %wait    %CPU   CPU  minflt/s  majflt/s     VSZ     RSS   %MEM   cswch/s nvcswch/s  Command
03:10:06 PM     0     77555  176.20    3.60    0.00    0.00  179.80     1     40.80      0.00 5645592  198696   5.45      0.00      0.00  java

# Time        UID       PID    %usr %system  %guest   %wait    %CPU   CPU  minflt/s  majflt/s     VSZ     RSS   %MEM   cswch/s nvcswch/s  Command
03:10:11 PM     0     77555  176.20    4.60    0.00    0.00  180.80     1     43.40      0.00 5645592  198696   5.45      0.00      0.00  java

# Time        UID       PID    %usr %system  %guest   %wait    %CPU   CPU  minflt/s  majflt/s     VSZ     RSS   %MEM   cswch/s nvcswch/s  Command
03:10:16 PM     0     77555  177.20    4.00    0.00    0.00  181.20     1     42.60      0.00 5645592  198696   5.45      0.00      0.00  java

# Time        UID       PID    %usr %system  %guest   %wait    %CPU   CPU  minflt/s  majflt/s     VSZ     RSS   %MEM   cswch/s nvcswch/s  Command
03:10:21 PM     0     77555  176.80    4.60    0.00    0.00  181.40     1     42.40      0.00 5645592  198696   5.45      0.00      0.00  java

# Time        UID       PID    %usr %system  %guest   %wait    %CPU   CPU  minflt/s  majflt/s     VSZ     RSS   %MEM   cswch/s nvcswch/s  Command
03:10:26 PM     0     77555  178.20    4.20    0.00    0.00  182.40     1     45.20      0.00 5645592  198696   5.45      0.00      0.00  java

# Time        UID       PID    %usr %system  %guest   %wait    %CPU   CPU  minflt/s  majflt/s     VSZ     RSS   %MEM   cswch/s nvcswch/s  Command
03:10:31 PM     0     77555  163.00    3.40    0.00    0.00  166.40     1     46.00      0.80 5645592  198704   5.45      0.00      0.00  java

# Time        UID       PID    %usr %system  %guest   %wait    %CPU   CPU  minflt/s  majflt/s     VSZ     RSS   %MEM   cswch/s nvcswch/s  Command
03:10:36 PM     0     77555  174.65    4.79    0.00    0.00  179.44     1     41.12      0.00 5645592  198704   5.45      0.00      0.00  java

# Time        UID       PID    %usr %system  %guest   %wait    %CPU   CPU  minflt/s  majflt/s     VSZ     RSS   %MEM   cswch/s nvcswch/s  Command
03:10:41 PM     0     77555  175.80    4.00    0.00    0.00  179.80     1     44.00      0.00 5645592  198704   5.45      0.00      0.00  java

# Time        UID       PID    %usr %system  %guest   %wait    %CPU   CPU  minflt/s  majflt/s     VSZ     RSS   %MEM   cswch/s nvcswch/s  Command
03:10:46 PM     0     77555  176.00    5.20    0.00    0.00  181.20     1     42.00      0.00 5645592  198704   5.45      0.00      0.00  java

# Time        UID       PID    %usr %system  %guest   %wait    %CPU   CPU  minflt/s  majflt/s     VSZ     RSS   %MEM   cswch/s nvcswch/s  Command
03:10:51 PM     0     77555  176.20    5.00    0.00    0.00  181.20     1     44.80      0.00 5645592  198704   5.45      0.00      0.00  java

# Time        UID       PID    %usr %system  %guest   %wait    %CPU   CPU  minflt/s  majflt/s     VSZ     RSS   %MEM   cswch/s nvcswch/s  Command
03:10:56 PM     0     77555  175.60    5.00    0.00    0.00  180.60     1     42.40      0.80 5645592  198704   5.45      0.00      0.00  java

# Time        UID       PID    %usr %system  %guest   %wait    %CPU   CPU  minflt/s  majflt/s     VSZ     RSS   %MEM   cswch/s nvcswch/s  Command
03:11:01 PM     0     77555  176.60    4.00    0.00    0.00  180.60     1     42.20      0.00 5645592  198704   5.45      0.00      0.00  java

# Time        UID       PID    %usr %system  %guest   %wait    %CPU   CPU  minflt/s  majflt/s     VSZ     RSS   %MEM   cswch/s nvcswch/s  Command
03:11:06 PM     0     77555  176.60    4.00    0.00    0.00  180.60     1     44.20      0.00 5645592  198704   5.45      0.00      0.00  java

# Time        UID       PID    %usr %system  %guest   %wait    %CPU   CPU  minflt/s  majflt/s     VSZ     RSS   %MEM   cswch/s nvcswch/s  Command
03:11:11 PM     0     77555  176.00    4.40    0.00    0.00  180.40     1     42.40      0.00 5645592  198704   5.45      0.00      0.00  java

# Time        UID       PID    %usr %system  %guest   %wait    %CPU   CPU  minflt/s  majflt/s     VSZ     RSS   %MEM   cswch/s nvcswch/s  Command
03:11:16 PM     0     77555  176.80    5.20    0.00    0.00  182.00     1     41.00      0.00 5645592  198704   5.45      0.00      0.00  java

# Time        UID       PID    %usr %system  %guest   %wait    %CPU   CPU  minflt/s  majflt/s     VSZ     RSS   %MEM   cswch/s nvcswch/s  Command
03:11:21 PM     0     77555  176.60    3.40    0.00    0.00  180.00     1     45.00      0.00 5645592  198704   5.45      0.00      0.00  java

# Time        UID       PID    %usr %system  %guest   %wait    %CPU   CPU  minflt/s  majflt/s     VSZ     RSS   %MEM   cswch/s nvcswch/s  Command
03:11:26 PM     0     77555  176.40    4.00    0.00    0.00  180.40     1     47.40      0.80 5645592  198704   5.45      0.00      0.00  java

# Time        UID       PID    %usr %system  %guest   %wait    %CPU   CPU  minflt/s  majflt/s     VSZ     RSS   %MEM   cswch/s nvcswch/s  Command
03:11:31 PM     0     77555  177.40    4.40    0.00    0.00  181.80     1     45.60      0.00 5645592  198704   5.45      0.00      0.00  java

# Time        UID       PID    %usr %system  %guest   %wait    %CPU   CPU  minflt/s  majflt/s     VSZ     RSS   %MEM   cswch/s nvcswch/s  Command
03:11:36 PM     0     77555  175.60    4.20    0.00    0.00  179.80     1     45.60      0.00 5645592  198704   5.45      0.00      0.00  java

# Time        UID       PID    %usr %system  %guest   %wait    %CPU   CPU  minflt/s  majflt/s     VSZ     RSS   %MEM   cswch/s nvcswch/s  Command
03:11:41 PM     0     77555  178.00    4.00    0.00    0.00  182.00     1     44.40      0.00 5645592  198704   5.45      0.00      0.00  java

# Time        UID       PID    %usr %system  %guest   %wait    %CPU   CPU  minflt/s  majflt/s     VSZ     RSS   %MEM   cswch/s nvcswch/s  Command
03:11:46 PM     0     77555  176.20    4.20    0.00    0.00  180.40     1     44.40      0.00 5645592  198704   5.45      0.00      0.00  java

# Time        UID       PID    %usr %system  %guest   %wait    %CPU   CPU  minflt/s  majflt/s     VSZ     RSS   %MEM   cswch/s nvcswch/s  Command
03:11:51 PM     0     77555  175.80    5.00    0.00    0.00  180.80     1     43.40      0.00 5645592  198704   5.45      0.00      0.00  java

# Time        UID       PID    %usr %system  %guest   %wait    %CPU   CPU  minflt/s  majflt/s     VSZ     RSS   %MEM   cswch/s nvcswch/s  Command
03:11:56 PM     0     77555  176.80    4.40    0.00    0.00  181.20     1     43.00      0.80 5645592  198708   5.45      0.00      0.00  java

# Time        UID       PID    %usr %system  %guest   %wait    %CPU   CPU  minflt/s  majflt/s     VSZ     RSS   %MEM   cswch/s nvcswch/s  Command
03:12:01 PM     0     77555  175.00    5.00    0.00    0.00  180.00     1     40.80      0.00 5645592  198708   5.45      0.00      0.00  java

# Time        UID       PID    %usr %system  %guest   %wait    %CPU   CPU  minflt/s  majflt/s     VSZ     RSS   %MEM   cswch/s nvcswch/s  Command
03:12:06 PM     0     77555  177.00    4.00    0.00    0.00  181.00     1     45.80      0.00 5645592  198708   5.45      0.00      0.00  java

# Time        UID       PID    %usr %system  %guest   %wait    %CPU   CPU  minflt/s  majflt/s     VSZ     RSS   %MEM   cswch/s nvcswch/s  Command
03:12:11 PM     0     77555  174.80    8.20    0.00    0.00  183.00     1  15947.00      0.00 5645592  516388  14.17      0.00      0.00  java

# Time        UID       PID    %usr %system  %guest   %wait    %CPU   CPU  minflt/s  majflt/s     VSZ     RSS   %MEM   cswch/s nvcswch/s  Command
03:12:16 PM     0     77555  187.60    7.00    0.00    0.00  194.60     1  30590.20      0.00 5645592 1128264  30.96      0.00      0.00  java

# Time        UID       PID    %usr %system  %guest   %wait    %CPU   CPU  minflt/s  majflt/s     VSZ     RSS   %MEM   cswch/s nvcswch/s  Command
03:12:21 PM     0     77555  193.40    0.80    0.00    0.00  194.20     1      1.60      0.00 5645592 1128264  30.96      0.00      0.00  java

# Time        UID       PID    %usr %system  %guest   %wait    %CPU   CPU  minflt/s  majflt/s     VSZ     RSS   %MEM   cswch/s nvcswch/s  Command
03:12:26 PM     0     77555  191.40    0.80    0.00    0.00  192.20     1      2.20      0.80 5645592 1128528  30.96      0.00      0.00  java

# Time        UID       PID    %usr %system  %guest   %wait    %CPU   CPU  minflt/s  majflt/s     VSZ     RSS   %MEM   cswch/s nvcswch/s  Command
03:12:31 PM     0     77555  193.20    0.80    0.00    0.00  194.00     1      1.80      0.00 5645592 1128528  30.96      0.00      0.00  java

# Time        UID       PID    %usr %system  %guest   %wait    %CPU   CPU  minflt/s  majflt/s     VSZ     RSS   %MEM   cswch/s nvcswch/s  Command
03:12:36 PM     0     77555  191.60    1.20    0.00    0.00  192.80     1      1.60      0.00 5645592 1128528  30.96      0.00      0.00  java

# Time        UID       PID    %usr %system  %guest   %wait    %CPU   CPU  minflt/s  majflt/s     VSZ     RSS   %MEM   cswch/s nvcswch/s  Command
03:12:41 PM     0     77555  194.20    0.60    0.00    0.00  194.80     1      1.60      0.00 5645592 1128528  30.96      0.00      0.00  java

# Time        UID       PID    %usr %system  %guest   %wait    %CPU   CPU  minflt/s  majflt/s     VSZ     RSS   %MEM   cswch/s nvcswch/s  Command
03:12:46 PM     0     77555  194.20    0.80    0.00    0.00  195.00     1      1.80      0.00 5645592 1128528  30.96      0.00      0.00  java

# Time        UID       PID    %usr %system  %guest   %wait    %CPU   CPU  minflt/s  majflt/s     VSZ     RSS   %MEM   cswch/s nvcswch/s  Command
03:12:51 PM     0     77555  192.40    1.20    0.00    0.00  193.60     1      1.60      0.00 5645592 1128656  30.97      0.00      0.00  java

# Time        UID       PID    %usr %system  %guest   %wait    %CPU   CPU  minflt/s  majflt/s     VSZ     RSS   %MEM   cswch/s nvcswch/s  Command
03:12:56 PM     0     77555  193.00    1.60    0.00    0.00  194.60     1      1.80      0.80 5645592 1128656  30.97      0.00      0.00  java

# Time        UID       PID    %usr %system  %guest   %wait    %CPU   CPU  minflt/s  majflt/s     VSZ     RSS   %MEM   cswch/s nvcswch/s  Command
03:13:01 PM     0     77555  192.60    1.00    0.00    0.00  193.60     1      1.80      0.00 5645592 1128656  30.97      0.00      0.00  java

# Time        UID       PID    %usr %system  %guest   %wait    %CPU   CPU  minflt/s  majflt/s     VSZ     RSS   %MEM   cswch/s nvcswch/s  Command
03:13:06 PM     0     77555  194.00    0.40    0.00    0.00  194.40     1      1.80      0.00 5645592 1128656  30.97      0.00      0.00  java

# Time        UID       PID    %usr %system  %guest   %wait    %CPU   CPU  minflt/s  majflt/s     VSZ     RSS   %MEM   cswch/s nvcswch/s  Command
03:13:11 PM     0     77555  194.00    0.60    0.00    0.00  194.60     1      1.60      0.00 5645592 1128656  30.97      0.00      0.00  java

# Time        UID       PID    %usr %system  %guest   %wait    %CPU   CPU  minflt/s  majflt/s     VSZ     RSS   %MEM   cswch/s nvcswch/s  Command
03:13:16 PM     0     77555  192.20    0.40    0.00    0.00  192.60     1      2.00      0.00 5645592 1128720  30.97      0.00      0.00  java

# Time        UID       PID    %usr %system  %guest   %wait    %CPU   CPU  minflt/s  majflt/s     VSZ     RSS   %MEM   cswch/s nvcswch/s  Command
03:13:21 PM     0     77555  194.00    0.40    0.00    0.00  194.40     1      1.80      0.00 5645592 1128720  30.97      0.00      0.00  java

# Time        UID       PID    %usr %system  %guest   %wait    %CPU   CPU  minflt/s  majflt/s     VSZ     RSS   %MEM   cswch/s nvcswch/s  Command
03:13:26 PM     0     77555  192.40    1.20    0.00    0.00  193.60     1      1.80      0.80 5645592 1128720  30.97      0.00      0.00  java

# Time        UID       PID    %usr %system  %guest   %wait    %CPU   CPU  minflt/s  majflt/s     VSZ     RSS   %MEM   cswch/s nvcswch/s  Command
03:13:31 PM     0     77555  194.00    0.60    0.00    0.00  194.60     1      1.80      0.00 5645592 1128720  30.97      0.00      0.00  java

# Time        UID       PID    %usr %system  %guest   %wait    %CPU   CPU  minflt/s  majflt/s     VSZ     RSS   %MEM   cswch/s nvcswch/s  Command
03:13:36 PM     0     77555  193.40    1.20    0.00    0.00  194.60     1      1.80      0.00 5645592 1128720  30.97      0.00      0.00  java

# Time        UID       PID    %usr %system  %guest   %wait    %CPU   CPU  minflt/s  majflt/s     VSZ     RSS   %MEM   cswch/s nvcswch/s  Command
03:13:41 PM     0     77555  193.80    0.60    0.00    0.00  194.40     1      1.80      0.00 5645592 1128720  30.97      0.00      0.00  java

# Time        UID       PID    %usr %system  %guest   %wait    %CPU   CPU  minflt/s  majflt/s     VSZ     RSS   %MEM   cswch/s nvcswch/s  Command
03:13:46 PM     0     77555  194.40    0.60    0.00    0.00  195.00     1      1.80      0.00 5645592 1128720  30.97      0.00      0.00  java

# Time        UID       PID    %usr %system  %guest   %wait    %CPU   CPU  minflt/s  majflt/s     VSZ     RSS   %MEM   cswch/s nvcswch/s  Command
03:13:51 PM     0     77555  192.40    0.80    0.00    0.00  193.20     1      1.80      0.00 5645592 1128720  30.97      0.00      0.00  java

# Time        UID       PID    %usr %system  %guest   %wait    %CPU   CPU  minflt/s  majflt/s     VSZ     RSS   %MEM   cswch/s nvcswch/s  Command
03:13:56 PM     0     77555  192.40    0.60    0.00    0.00  193.00     1      1.80      0.80 5645592 1128720  30.97      0.00      0.00  java

# Time        UID       PID    %usr %system  %guest   %wait    %CPU   CPU  minflt/s  majflt/s     VSZ     RSS   %MEM   cswch/s nvcswch/s  Command
03:14:01 PM     0     77555  190.60    1.20    0.00    0.00  191.80     1      1.60      0.00 5645592 1128720  30.97      0.00      0.00  java

# Time        UID       PID    %usr %system  %guest   %wait    %CPU   CPU  minflt/s  majflt/s     VSZ     RSS   %MEM   cswch/s nvcswch/s  Command
03:14:06 PM     0     77555  192.60    1.00    0.00    0.00  193.60     1      1.80      0.00 5645592 1128720  30.97      0.00      0.00  java

# Time        UID       PID    %usr %system  %guest   %wait    %CPU   CPU  minflt/s  majflt/s     VSZ     RSS   %MEM   cswch/s nvcswch/s  Command
03:14:11 PM     0     77555  192.80    1.40    0.00    0.00  194.20     1      2.00      0.00 5645592 1128720  30.97      0.00      0.00  java

# Time        UID       PID    %usr %system  %guest   %wait    %CPU   CPU  minflt/s  majflt/s     VSZ     RSS   %MEM   cswch/s nvcswch/s  Command
03:14:16 PM     0     77555  193.00    0.60    0.00    0.00  193.60     1      1.60      0.00 5645592 1128720  30.97      0.00      0.00  java

# Time        UID       PID    %usr %system  %guest   %wait    %CPU   CPU  minflt/s  majflt/s     VSZ     RSS   %MEM   cswch/s nvcswch/s  Command
03:14:21 PM     0     77555  193.20    1.20    0.00    0.00  194.40     1      1.80      0.00 5645592 1128720  30.97      0.00      0.00  java

# Time        UID       PID    %usr %system  %guest   %wait    %CPU   CPU  minflt/s  majflt/s     VSZ     RSS   %MEM   cswch/s nvcswch/s  Command
03:14:26 PM     0     77555  193.40    0.40    0.00    0.00  193.80     1      1.60      0.00 5645592 1128720  30.97      0.00      0.00  java

# Time        UID       PID    %usr %system  %guest   %wait    %CPU   CPU  minflt/s  majflt/s     VSZ     RSS   %MEM   cswch/s nvcswch/s  Command
03:14:31 PM     0     77555  181.20    0.60    0.00    0.00  181.80     1      9.40      0.80 5645592 1128576  30.96      0.00      0.00  java

# Time        UID       PID    %usr %system  %guest   %wait    %CPU   CPU  minflt/s  majflt/s     VSZ     RSS   %MEM   cswch/s nvcswch/s  Command
03:14:36 PM     0     77555  193.40    1.00    0.00    0.00  194.40     1      1.60      0.00 5645592 1128576  30.96      0.00      0.00  java

# Time        UID       PID    %usr %system  %guest   %wait    %CPU   CPU  minflt/s  majflt/s     VSZ     RSS   %MEM   cswch/s nvcswch/s  Command
03:14:41 PM     0     77555  192.00    0.60    0.00    0.00  192.60     1      1.60      0.80 5645592 1128576  30.96      0.00      0.00  java

# Time        UID       PID    %usr %system  %guest   %wait    %CPU   CPU  minflt/s  majflt/s     VSZ     RSS   %MEM   cswch/s nvcswch/s  Command
03:14:46 PM     0     77555  193.40    0.80    0.00    0.00  194.20     1      1.80      0.80 5645592 1128576  30.96      0.00      0.00  java

# Time        UID       PID    %usr %system  %guest   %wait    %CPU   CPU  minflt/s  majflt/s     VSZ     RSS   %MEM   cswch/s nvcswch/s  Command
03:14:51 PM     0     77555  192.40    1.00    0.00    0.00  193.40     1      1.60      0.00 5645592 1128576  30.96      0.00      0.00  java

# Time        UID       PID    %usr %system  %guest   %wait    %CPU   CPU  minflt/s  majflt/s     VSZ     RSS   %MEM   cswch/s nvcswch/s  Command
03:14:56 PM     0     77555  193.40    0.40    0.00    0.00  193.80     1      1.80      0.00 5645592 1128576  30.96      0.00      0.00  java

# Time        UID       PID    %usr %system  %guest   %wait    %CPU   CPU  minflt/s  majflt/s     VSZ     RSS   %MEM   cswch/s nvcswch/s  Command
03:15:01 PM     0     77555  193.00    1.00    0.00    0.00  194.00     1      1.60      0.80 5645592 1128724  30.97      0.00      0.00  java

# Time        UID       PID    %usr %system  %guest   %wait    %CPU   CPU  minflt/s  majflt/s     VSZ     RSS   %MEM   cswch/s nvcswch/s  Command
03:15:06 PM     0     77555  192.00    0.80    0.00    0.00  192.80     1      1.60      0.00 5645592 1128724  30.97      0.00      0.00  java

# Time        UID       PID    %usr %system  %guest   %wait    %CPU   CPU  minflt/s  majflt/s     VSZ     RSS   %MEM   cswch/s nvcswch/s  Command
03:15:11 PM     0     77555  193.60    0.80    0.00    0.00  194.40     1      1.60      0.00 5645592 1128724  30.97      0.00      0.00  java

# Time        UID       PID    %usr %system  %guest   %wait    %CPU   CPU  minflt/s  majflt/s     VSZ     RSS   %MEM   cswch/s nvcswch/s  Command
03:15:16 PM     0     77555  192.40    1.00    0.00    0.00  193.40     1      1.60      0.00 5645592 1128796  30.97      0.00      0.00  java

# Time        UID       PID    %usr %system  %guest   %wait    %CPU   CPU  minflt/s  majflt/s     VSZ     RSS   %MEM   cswch/s nvcswch/s  Command
03:15:21 PM     0     77555  194.00    0.80    0.00    0.00  194.80     1      1.80      0.00 5645592 1128796  30.97      0.00      0.00  java

# Time        UID       PID    %usr %system  %guest   %wait    %CPU   CPU  minflt/s  majflt/s     VSZ     RSS   %MEM   cswch/s nvcswch/s  Command
03:15:26 PM     0     77555  194.00    1.20    0.00    0.00  195.20     1      1.60      0.00 5645592 1128796  30.97      0.00      0.00  java

# Time        UID       PID    %usr %system  %guest   %wait    %CPU   CPU  minflt/s  majflt/s     VSZ     RSS   %MEM   cswch/s nvcswch/s  Command
03:15:31 PM     0     77555  192.20    1.00    0.00    0.00  193.20     1      1.40      0.80 5645592 1128868  30.97      0.00      0.00  java

# Time        UID       PID    %usr %system  %guest   %wait    %CPU   CPU  minflt/s  majflt/s     VSZ     RSS   %MEM   cswch/s nvcswch/s  Command
03:15:36 PM     0     77555  193.00    0.80    0.00    0.00  193.80     1      1.60      0.00 5645592 1128868  30.97      0.00      0.00  java

# Time        UID       PID    %usr %system  %guest   %wait    %CPU   CPU  minflt/s  majflt/s     VSZ     RSS   %MEM   cswch/s nvcswch/s  Command
03:15:41 PM     0     77555  191.80    1.00    0.00    0.00  192.80     1      1.80      0.00 5645592 1128868  30.97      0.00      0.00  java

# Time        UID       PID    %usr %system  %guest   %wait    %CPU   CPU  minflt/s  majflt/s     VSZ     RSS   %MEM   cswch/s nvcswch/s  Command
03:15:46 PM     0     77555  193.40    0.60    0.00    0.00  194.00     1      1.80      0.00 5645592 1128868  30.97      0.00      0.00  java

# Time        UID       PID    %usr %system  %guest   %wait    %CPU   CPU  minflt/s  majflt/s     VSZ     RSS   %MEM   cswch/s nvcswch/s  Command
03:15:51 PM     0     77555  191.40    1.60    0.00    0.00  193.00     1      1.60      0.00 5645592 1128868  30.97      0.00      0.00  java

# Time        UID       PID    %usr %system  %guest   %wait    %CPU   CPU  minflt/s  majflt/s     VSZ     RSS   %MEM   cswch/s nvcswch/s  Command
03:15:56 PM     0     77555  191.80    1.40    0.00    0.00  193.20     1      1.80      0.00 5645592 1128868  30.97      0.00      0.00  java

# Time        UID       PID    %usr %system  %guest   %wait    %CPU   CPU  minflt/s  majflt/s     VSZ     RSS   %MEM   cswch/s nvcswch/s  Command
03:16:01 PM     0     77555  192.80    0.40    0.00    0.00  193.20     1      1.80      0.80 5645592 1128868  30.97      0.00      0.00  java

# Time        UID       PID    %usr %system  %guest   %wait    %CPU   CPU  minflt/s  majflt/s     VSZ     RSS   %MEM   cswch/s nvcswch/s  Command
03:16:06 PM     0     77555  192.40    1.40    0.00    0.00  193.80     1      1.60      0.00 5645592 1128868  30.97      0.00      0.00  java

# Time        UID       PID    %usr %system  %guest   %wait    %CPU   CPU  minflt/s  majflt/s     VSZ     RSS   %MEM   cswch/s nvcswch/s  Command
03:16:11 PM     0     77555  192.60    0.60    0.00    0.00  193.20     1      1.80      0.00 5645592 1128868  30.97      0.00      0.00  java

# Time        UID       PID    %usr %system  %guest   %wait    %CPU   CPU  minflt/s  majflt/s     VSZ     RSS   %MEM   cswch/s nvcswch/s  Command
03:16:16 PM     0     77555  193.40    0.80    0.00    0.00  194.20     1      1.80      0.00 5645592 1128868  30.97      0.00      0.00  java

# Time        UID       PID    %usr %system  %guest   %wait    %CPU   CPU  minflt/s  majflt/s     VSZ     RSS   %MEM   cswch/s nvcswch/s  Command
03:16:21 PM     0     77555  193.00    0.60    0.00    0.00  193.60     1      1.60      0.00 5645592 1128868  30.97      0.00      0.00  java

# Time        UID       PID    %usr %system  %guest   %wait    %CPU   CPU  minflt/s  majflt/s     VSZ     RSS   %MEM   cswch/s nvcswch/s  Command
03:16:26 PM     0     77555  191.60    1.20    0.00    0.00  192.80     1      1.60      0.00 5645592 1128868  30.97      0.00      0.00  java

# Time        UID       PID    %usr %system  %guest   %wait    %CPU   CPU  minflt/s  majflt/s     VSZ     RSS   %MEM   cswch/s nvcswch/s  Command
03:16:31 PM     0     77555  191.40    1.40    0.00    0.00  192.80     1      1.80      0.80 5645592 1128868  30.97      0.00      0.00  java

# Time        UID       PID    %usr %system  %guest   %wait    %CPU   CPU  minflt/s  majflt/s     VSZ     RSS   %MEM   cswch/s nvcswch/s  Command
03:16:36 PM     0     77555  192.60    1.00    0.00    0.00  193.60     1      1.60      0.00 5645592 1128868  30.97      0.00      0.00  java

# Time        UID       PID    %usr %system  %guest   %wait    %CPU   CPU  minflt/s  majflt/s     VSZ     RSS   %MEM   cswch/s nvcswch/s  Command
03:16:41 PM     0     77555  193.80    0.80    0.00    0.00  194.60     1      2.00      0.00 5645592 1128868  30.97      0.00      0.00  java

# Time        UID       PID    %usr %system  %guest   %wait    %CPU   CPU  minflt/s  majflt/s     VSZ     RSS   %MEM   cswch/s nvcswch/s  Command
03:16:46 PM     0     77555  192.60    0.80    0.00    0.00  193.40     1      1.80      0.00 5645592 1128868  30.97      0.00      0.00  java

# Time        UID       PID    %usr %system  %guest   %wait    %CPU   CPU  minflt/s  majflt/s     VSZ     RSS   %MEM   cswch/s nvcswch/s  Command
03:16:51 PM     0     77555  193.80    0.60    0.00    0.00  194.40     1      1.80      0.00 5645592 1128868  30.97      0.00      0.00  java

# Time        UID       PID    %usr %system  %guest   %wait    %CPU   CPU  minflt/s  majflt/s     VSZ     RSS   %MEM   cswch/s nvcswch/s  Command
03:16:56 PM     0     77555  193.20    0.60    0.00    0.00  193.80     1      2.00      0.00 5645592 1128868  30.97      0.00      0.00  java

# Time        UID       PID    %usr %system  %guest   %wait    %CPU   CPU  minflt/s  majflt/s     VSZ     RSS   %MEM   cswch/s nvcswch/s  Command
03:17:01 PM     0     77555  193.40    0.80    0.00    0.00  194.20     1      1.80      0.80 5645592 1128868  30.97      0.00      0.00  java

# Time        UID       PID    %usr %system  %guest   %wait    %CPU   CPU  minflt/s  majflt/s     VSZ     RSS   %MEM   cswch/s nvcswch/s  Command
03:17:06 PM     0     77555  193.20    0.80    0.00    0.00  194.00     1      1.80      0.80 5645592 1128868  30.97      0.00      0.00  java

# Time        UID       PID    %usr %system  %guest   %wait    %CPU   CPU  minflt/s  majflt/s     VSZ     RSS   %MEM   cswch/s nvcswch/s  Command
03:17:11 PM     0     77555  192.80    0.80    0.00    0.00  193.60     1      1.80      0.80 5645592 1128868  30.97      0.00      0.00  java

# Time        UID       PID    %usr %system  %guest   %wait    %CPU   CPU  minflt/s  majflt/s     VSZ     RSS   %MEM   cswch/s nvcswch/s  Command
03:17:16 PM     0     77555  193.20    0.60    0.00    0.00  193.80     1      1.80      0.00 5645592 1128868  30.97      0.00      0.00  java

# Time        UID       PID    %usr %system  %guest   %wait    %CPU   CPU  minflt/s  majflt/s     VSZ     RSS   %MEM   cswch/s nvcswch/s  Command
03:17:21 PM     0     77555  192.20    0.80    0.00    0.00  193.00     1      2.00      0.00 5645592 1128868  30.97      0.00      0.00  java

# Time        UID       PID    %usr %system  %guest   %wait    %CPU   CPU  minflt/s  majflt/s     VSZ     RSS   %MEM   cswch/s nvcswch/s  Command
03:17:26 PM     0     77555  194.00    0.60    0.00    0.00  194.60     1      1.80      0.00 5645592 1128868  30.97      0.00      0.00  java

# Time        UID       PID    %usr %system  %guest   %wait    %CPU   CPU  minflt/s  majflt/s     VSZ     RSS   %MEM   cswch/s nvcswch/s  Command
03:17:31 PM     0     77555  193.60    0.40    0.00    0.00  194.00     1      1.80      0.00 5645592 1128868  30.97      0.00      0.00  java

# Time        UID       PID    %usr %system  %guest   %wait    %CPU   CPU  minflt/s  majflt/s     VSZ     RSS   %MEM   cswch/s nvcswch/s  Command
03:17:36 PM     0     77555  193.00    1.00    0.00    0.00  194.00     1      1.80      0.00 5645592 1128868  30.97      0.00      0.00  java

# Time        UID       PID    %usr %system  %guest   %wait    %CPU   CPU  minflt/s  majflt/s     VSZ     RSS   %MEM   cswch/s nvcswch/s  Command
03:17:41 PM     0     77555  194.20    0.80    0.00    0.00  195.00     1      2.40      0.80 5645592 1128868  30.97      0.00      0.00  java

# Time        UID       PID    %usr %system  %guest   %wait    %CPU   CPU  minflt/s  majflt/s     VSZ     RSS   %MEM   cswch/s nvcswch/s  Command
03:17:46 PM     0     77555  192.00    0.80    0.00    0.00  192.80     1      2.00      0.00 5645592 1128868  30.97      0.00      0.00  java

# Time        UID       PID    %usr %system  %guest   %wait    %CPU   CPU  minflt/s  majflt/s     VSZ     RSS   %MEM   cswch/s nvcswch/s  Command
03:17:51 PM     0     77555  193.60    0.80    0.00    0.00  194.40     1      1.80      0.00 5645592 1128868  30.97      0.00      0.00  java

# Time        UID       PID    %usr %system  %guest   %wait    %CPU   CPU  minflt/s  majflt/s     VSZ     RSS   %MEM   cswch/s nvcswch/s  Command
03:17:56 PM     0     77555  193.00    1.00    0.00    0.00  194.00     1      1.80      0.00 5645592 1128876  30.97      0.00      0.00  java

# Time        UID       PID    %usr %system  %guest   %wait    %CPU   CPU  minflt/s  majflt/s     VSZ     RSS   %MEM   cswch/s nvcswch/s  Command
03:18:01 PM     0     77555  192.60    1.00    0.00    0.00  193.60     1      1.80      0.00 5645592 1128876  30.97      0.00      0.00  java

# Time        UID       PID    %usr %system  %guest   %wait    %CPU   CPU  minflt/s  majflt/s     VSZ     RSS   %MEM   cswch/s nvcswch/s  Command
03:18:06 PM     0     77555  193.60    0.40    0.00    0.00  194.00     1      1.80      0.00 5645592 1128876  30.97      0.00      0.00  java

# Time        UID       PID    %usr %system  %guest   %wait    %CPU   CPU  minflt/s  majflt/s     VSZ     RSS   %MEM   cswch/s nvcswch/s  Command
03:18:11 PM     0     77555  192.60    1.00    0.00    0.00  193.60     1      1.80      0.00 5645592 1128876  30.97      0.00      0.00  java

# Time        UID       PID    %usr %system  %guest   %wait    %CPU   CPU  minflt/s  majflt/s     VSZ     RSS   %MEM   cswch/s nvcswch/s  Command
03:18:16 PM     0     77555  193.20    0.80    0.00    0.00  194.00     1      1.80      0.80 5645592 1128876  30.97      0.00      0.00  java

# Time        UID       PID    %usr %system  %guest   %wait    %CPU   CPU  minflt/s  majflt/s     VSZ     RSS   %MEM   cswch/s nvcswch/s  Command
03:18:21 PM     0     77555  193.20    1.00    0.00    0.00  194.20     1      1.80      0.80 5645592 1128876  30.97      0.00      0.00  java

# Time        UID       PID    %usr %system  %guest   %wait    %CPU   CPU  minflt/s  majflt/s     VSZ     RSS   %MEM   cswch/s nvcswch/s  Command
03:18:26 PM     0     77555  192.60    0.60    0.00    0.00  193.20     1      1.80      0.00 5645592 1128876  30.97      0.00      0.00  java
