Linux 5.15.0-106-generic (iZf8zetnft7hz64q6zlvzzZ) 	07/11/2024 	_x86_64_	(2 CPU)

# Time        UID       PID    %usr %system  %guest   %wait    %CPU   CPU  minflt/s  majflt/s     VSZ     RSS   %MEM   cswch/s nvcswch/s  Command
10:46:57 PM     0     18928    6.20    1.20    0.00    0.00    7.40     1   1741.80      2.20 5645820   47104   1.29      0.20      0.20  java

# Time        UID       PID    %usr %system  %guest   %wait    %CPU   CPU  minflt/s  majflt/s     VSZ     RSS   %MEM   cswch/s nvcswch/s  Command
10:47:02 PM     0     18928    0.20    0.00    0.00    0.00    0.20     1     18.20      0.00 5645820   47108   1.29      0.00      0.00  java

# Time        UID       PID    %usr %system  %guest   %wait    %CPU   CPU  minflt/s  majflt/s     VSZ     RSS   %MEM   cswch/s nvcswch/s  Command
10:47:07 PM     0     18928    0.00    0.20    0.00    0.00    0.20     1      8.00      0.00 5645820   47112   1.29      0.00      0.00  java

# Time        UID       PID    %usr %system  %guest   %wait    %CPU   CPU  minflt/s  majflt/s     VSZ     RSS   %MEM   cswch/s nvcswch/s  Command
10:47:12 PM     0     18928    0.20    0.00    0.00    0.00    0.20     1      8.40      0.00 5645820   47120   1.29      0.00      0.00  java

# Time        UID       PID    %usr %system  %guest   %wait    %CPU   CPU  minflt/s  majflt/s     VSZ     RSS   %MEM   cswch/s nvcswch/s  Command
10:47:17 PM     0     18928    0.20    0.00    0.00    0.00    0.20     1     19.80      0.00 5645820   47144   1.29      0.00      0.00  java

# Time        UID       PID    %usr %system  %guest   %wait    %CPU   CPU  minflt/s  majflt/s     VSZ     RSS   %MEM   cswch/s nvcswch/s  Command
10:47:22 PM     0     18928    0.20    0.00    0.00    0.00    0.20     1      7.60      0.00 5645820   47148   1.29      0.00      0.00  java

# Time        UID       PID    %usr %system  %guest   %wait    %CPU   CPU  minflt/s  majflt/s     VSZ     RSS   %MEM   cswch/s nvcswch/s  Command
10:47:27 PM     0     18928    0.00    0.20    0.00    0.00    0.20     1      9.00      0.20 5645820   47152   1.29      0.00      0.00  java

# Time        UID       PID    %usr %system  %guest   %wait    %CPU   CPU  minflt/s  majflt/s     VSZ     RSS   %MEM   cswch/s nvcswch/s  Command
10:47:32 PM     0     18928    0.20    0.00    0.00    0.00    0.20     1      7.80      0.40 5645820   47156   1.29      0.00      0.00  java

# Time        UID       PID    %usr %system  %guest   %wait    %CPU   CPU  minflt/s  majflt/s     VSZ     RSS   %MEM   cswch/s nvcswch/s  Command
10:47:37 PM     0     18928    0.40    0.20    0.00    0.00    0.60     1     42.00      0.20 5645820   47280   1.30      0.00      0.00  java

# Time        UID       PID    %usr %system  %guest   %wait    %CPU   CPU  minflt/s  majflt/s     VSZ     RSS   %MEM   cswch/s nvcswch/s  Command
10:47:42 PM     0     18928    0.00    0.20    0.00    0.00    0.20     1     19.60      0.00 5645952   47296   1.30      0.00      0.00  java

# Time        UID       PID    %usr %system  %guest   %wait    %CPU   CPU  minflt/s  majflt/s     VSZ     RSS   %MEM   cswch/s nvcswch/s  Command
10:47:47 PM     0     18928    0.40    0.00    0.00    0.00    0.40     1     16.00      0.00 5645952   47296   1.30      0.00      0.00  java

# Time        UID       PID    %usr %system  %guest   %wait    %CPU   CPU  minflt/s  majflt/s     VSZ     RSS   %MEM   cswch/s nvcswch/s  Command
10:47:52 PM     0     18928    0.20    0.20    0.00    0.00    0.40     1     19.40      0.00 5645952   47348   1.30      0.00      0.00  java

# Time        UID       PID    %usr %system  %guest   %wait    %CPU   CPU  minflt/s  majflt/s     VSZ     RSS   %MEM   cswch/s nvcswch/s  Command
10:47:57 PM     0     18928    0.60    0.20    0.00    0.00    0.80     1    176.60      0.60 5645952   50024   1.37      0.00      0.00  java

# Time        UID       PID    %usr %system  %guest   %wait    %CPU   CPU  minflt/s  majflt/s     VSZ     RSS   %MEM   cswch/s nvcswch/s  Command
10:48:02 PM     0     18928    0.40    0.20    0.00    0.00    0.60     1     57.80      0.20 5645952   50316   1.38      0.00      0.00  java

# Time        UID       PID    %usr %system  %guest   %wait    %CPU   CPU  minflt/s  majflt/s     VSZ     RSS   %MEM   cswch/s nvcswch/s  Command
10:48:07 PM     0     18928    0.00    0.20    0.00    0.00    0.20     1     35.60      0.00 5645952   50572   1.39      0.00      0.00  java

# Time        UID       PID    %usr %system  %guest   %wait    %CPU   CPU  minflt/s  majflt/s     VSZ     RSS   %MEM   cswch/s nvcswch/s  Command
10:48:12 PM     0     18928    0.20    0.00    0.00    0.00    0.20     1     20.00      0.00 5645952   50668   1.39      0.00      0.00  java

# Time        UID       PID    %usr %system  %guest   %wait    %CPU   CPU  minflt/s  majflt/s     VSZ     RSS   %MEM   cswch/s nvcswch/s  Command
10:48:17 PM     0     18928    0.00    0.20    0.00    0.00    0.20     1     55.40      0.00 5645952   51008   1.40      0.00      0.00  java

# Time        UID       PID    %usr %system  %guest   %wait    %CPU   CPU  minflt/s  majflt/s     VSZ     RSS   %MEM   cswch/s nvcswch/s  Command
10:48:22 PM     0     18928    1.80    0.20    0.00    0.00    2.00     1    222.60      0.00 5645952   54216   1.49      0.00      0.00  java

# Time        UID       PID    %usr %system  %guest   %wait    %CPU   CPU  minflt/s  majflt/s     VSZ     RSS   %MEM   cswch/s nvcswch/s  Command
10:48:27 PM     0     18928    0.40    0.20    0.00    0.00    0.60     1     98.40      0.00 5645952   55724   1.53      0.00      0.00  java

# Time        UID       PID    %usr %system  %guest   %wait    %CPU   CPU  minflt/s  majflt/s     VSZ     RSS   %MEM   cswch/s nvcswch/s  Command
10:48:32 PM     0     18928    0.20    0.00    0.00    0.00    0.20     1     21.20      0.80 5645952   55724   1.53      0.00      0.00  java

# Time        UID       PID    %usr %system  %guest   %wait    %CPU   CPU  minflt/s  majflt/s     VSZ     RSS   %MEM   cswch/s nvcswch/s  Command
10:48:37 PM     0     18928    0.20    0.20    0.00    0.00    0.40     1     32.20      0.00 5645952   55728   1.53      0.00      0.00  java

# Time        UID       PID    %usr %system  %guest   %wait    %CPU   CPU  minflt/s  majflt/s     VSZ     RSS   %MEM   cswch/s nvcswch/s  Command
10:48:42 PM     0     18928    0.40    0.20    0.00    0.00    0.60     1     26.00      0.00 5645952   55728   1.53      0.00      0.00  java

# Time        UID       PID    %usr %system  %guest   %wait    %CPU   CPU  minflt/s  majflt/s     VSZ     RSS   %MEM   cswch/s nvcswch/s  Command
10:48:47 PM     0     18928    0.00    0.00    0.00    0.00    0.00     1     14.60      0.00 5645952   55740   1.53      0.00      0.00  java

# Time        UID       PID    %usr %system  %guest   %wait    %CPU   CPU  minflt/s  majflt/s     VSZ     RSS   %MEM   cswch/s nvcswch/s  Command
10:48:52 PM     0     18928    0.20    0.00    0.00    0.00    0.20     1     17.60      0.00 5645952   55740   1.53      0.00      0.00  java

# Time        UID       PID    %usr %system  %guest   %wait    %CPU   CPU  minflt/s  majflt/s     VSZ     RSS   %MEM   cswch/s nvcswch/s  Command
10:48:57 PM     0     18928    0.00    0.00    0.00    0.00    0.00     1     17.80      0.00 5645952   55740   1.53      0.00      0.00  java

# Time        UID       PID    %usr %system  %guest   %wait    %CPU   CPU  minflt/s  majflt/s     VSZ     RSS   %MEM   cswch/s nvcswch/s  Command
10:49:02 PM     0     18928    0.20    0.00    0.00    0.00    0.20     1     17.00      0.60 5645952   55988   1.54      0.00      0.00  java

# Time        UID       PID    %usr %system  %guest   %wait    %CPU   CPU  minflt/s  majflt/s     VSZ     RSS   %MEM   cswch/s nvcswch/s  Command
10:49:07 PM     0     18928    0.00    0.20    0.00    0.00    0.20     1     18.00      0.20 5645952   56112   1.54      0.00      0.00  java

# Time        UID       PID    %usr %system  %guest   %wait    %CPU   CPU  minflt/s  majflt/s     VSZ     RSS   %MEM   cswch/s nvcswch/s  Command
10:49:12 PM     0     18928    0.00    0.00    0.00    0.00    0.00     1      0.00      0.00 5645952   56112   1.54      0.00      0.00  java

# Time        UID       PID    %usr %system  %guest   %wait    %CPU   CPU  minflt/s  majflt/s     VSZ     RSS   %MEM   cswch/s nvcswch/s  Command
10:49:17 PM     0     18928    0.20    0.00    0.00    0.00    0.20     1      0.00      0.00 5645952   56112   1.54      0.00      0.00  java

# Time        UID       PID    %usr %system  %guest   %wait    %CPU   CPU  minflt/s  majflt/s     VSZ     RSS   %MEM   cswch/s nvcswch/s  Command
10:49:22 PM     0     18928    0.00    0.00    0.00    0.00    0.00     1      0.00      0.00 5645952   56112   1.54      0.00      0.00  java

# Time        UID       PID    %usr %system  %guest   %wait    %CPU   CPU  minflt/s  majflt/s     VSZ     RSS   %MEM   cswch/s nvcswch/s  Command
10:49:27 PM     0     18928    0.20    0.00    0.00    0.00    0.20     1      9.40      0.00 5645952   56160   1.54      0.00      0.00  java

# Time        UID       PID    %usr %system  %guest   %wait    %CPU   CPU  minflt/s  majflt/s     VSZ     RSS   %MEM   cswch/s nvcswch/s  Command
10:49:32 PM     0     18928    0.00    0.00    0.00    0.00    0.00     1      0.00      0.20 5645952   56160   1.54      0.00      0.00  java

# Time        UID       PID    %usr %system  %guest   %wait    %CPU   CPU  minflt/s  majflt/s     VSZ     RSS   %MEM   cswch/s nvcswch/s  Command
10:49:37 PM     0     18928    0.00    0.00    0.00    0.00    0.00     1      0.00      0.00 5645952   56160   1.54      0.00      0.00  java

# Time        UID       PID    %usr %system  %guest   %wait    %CPU   CPU  minflt/s  majflt/s     VSZ     RSS   %MEM   cswch/s nvcswch/s  Command
10:49:42 PM     0     18928    0.00    0.00    0.00    0.00    0.00     1      0.00      0.00 5645952   56160   1.54      0.00      0.00  java

# Time        UID       PID    %usr %system  %guest   %wait    %CPU   CPU  minflt/s  majflt/s     VSZ     RSS   %MEM   cswch/s nvcswch/s  Command
10:49:47 PM     0     18928    0.20    0.00    0.00    0.00    0.20     1      0.00      0.00 5645952   56160   1.54      0.00      0.00  java

# Time        UID       PID    %usr %system  %guest   %wait    %CPU   CPU  minflt/s  majflt/s     VSZ     RSS   %MEM   cswch/s nvcswch/s  Command
10:49:52 PM     0     18928    0.00    0.00    0.00    0.00    0.00     1     10.80      0.40 5645952   56196   1.54      0.00      0.00  java

# Time        UID       PID    %usr %system  %guest   %wait    %CPU   CPU  minflt/s  majflt/s     VSZ     RSS   %MEM   cswch/s nvcswch/s  Command
10:49:57 PM     0     18928    0.20    0.00    0.00    0.00    0.20     1      0.00      0.00 5645952   56196   1.54      0.00      0.00  java

# Time        UID       PID    %usr %system  %guest   %wait    %CPU   CPU  minflt/s  majflt/s     VSZ     RSS   %MEM   cswch/s nvcswch/s  Command
10:50:02 PM     0     18928    0.00    0.00    0.00    0.00    0.00     1      0.00      0.20 5645952   56196   1.54      0.00      0.00  java

# Time        UID       PID    %usr %system  %guest   %wait    %CPU   CPU  minflt/s  majflt/s     VSZ     RSS   %MEM   cswch/s nvcswch/s  Command
10:50:07 PM     0     18928    0.00    0.00    0.00    0.00    0.00     1      0.00      0.00 5645952   56196   1.54      0.00      0.00  java

# Time        UID       PID    %usr %system  %guest   %wait    %CPU   CPU  minflt/s  majflt/s     VSZ     RSS   %MEM   cswch/s nvcswch/s  Command
10:50:12 PM     0     18928    0.20    0.20    0.00    0.00    0.40     1      8.20      0.40 5645952   56248   1.54      0.00      0.00  java

# Time        UID       PID    %usr %system  %guest   %wait    %CPU   CPU  minflt/s  majflt/s     VSZ     RSS   %MEM   cswch/s nvcswch/s  Command
10:50:17 PM     0     18928    0.00    0.00    0.00    0.00    0.00     1      0.00      0.00 5645952   56248   1.54      0.00      0.00  java

# Time        UID       PID    %usr %system  %guest   %wait    %CPU   CPU  minflt/s  majflt/s     VSZ     RSS   %MEM   cswch/s nvcswch/s  Command
10:50:22 PM     0     18928    0.00    0.00    0.00    0.00    0.00     1      0.00      0.00 5645952   56248   1.54      0.00      0.00  java

# Time        UID       PID    %usr %system  %guest   %wait    %CPU   CPU  minflt/s  majflt/s     VSZ     RSS   %MEM   cswch/s nvcswch/s  Command
10:50:27 PM     0     18928    0.20    0.00    0.00    0.00    0.20     1      0.00      0.00 5645952   56248   1.54      0.00      0.00  java

# Time        UID       PID    %usr %system  %guest   %wait    %CPU   CPU  minflt/s  majflt/s     VSZ     RSS   %MEM   cswch/s nvcswch/s  Command
10:50:32 PM     0     18928    0.00    0.00    0.00    0.00    0.00     1     10.80      0.60 5645952   56260   1.54      0.00      0.00  java

# Time        UID       PID    %usr %system  %guest   %wait    %CPU   CPU  minflt/s  majflt/s     VSZ     RSS   %MEM   cswch/s nvcswch/s  Command
10:50:37 PM     0     18928    0.20    0.00    0.00    0.00    0.20     1      0.00      0.00 5645952   56260   1.54      0.00      0.00  java

# Time        UID       PID    %usr %system  %guest   %wait    %CPU   CPU  minflt/s  majflt/s     VSZ     RSS   %MEM   cswch/s nvcswch/s  Command
10:50:42 PM     0     18928    0.00    0.00    0.00    0.00    0.00     1      0.00      0.00 5645952   56260   1.54      0.00      0.00  java

# Time        UID       PID    %usr %system  %guest   %wait    %CPU   CPU  minflt/s  majflt/s     VSZ     RSS   %MEM   cswch/s nvcswch/s  Command
10:50:47 PM     0     18928    0.00    0.00    0.00    0.00    0.00     1      0.00      0.00 5645952   56260   1.54      0.00      0.00  java

# Time        UID       PID    %usr %system  %guest   %wait    %CPU   CPU  minflt/s  majflt/s     VSZ     RSS   %MEM   cswch/s nvcswch/s  Command
10:50:52 PM     0     18928    0.20    0.00    0.00    0.00    0.20     1      0.00      0.00 5645952   56260   1.54      0.00      0.00  java

# Time        UID       PID    %usr %system  %guest   %wait    %CPU   CPU  minflt/s  majflt/s     VSZ     RSS   %MEM   cswch/s nvcswch/s  Command
10:50:57 PM     0     18928    0.00    0.20    0.00    0.00    0.20     1     30.80      0.20 5645952   56504   1.55      0.00      0.00  java

# Time        UID       PID    %usr %system  %guest   %wait    %CPU   CPU  minflt/s  majflt/s     VSZ     RSS   %MEM   cswch/s nvcswch/s  Command
10:51:02 PM     0     18928    7.80    0.60    0.00    0.00    8.40     1    704.40      0.80 5649360   71364   1.96      0.00      0.00  java
