
SPECjvm2008 Peak
  Properties file:   none
  Benchmarks:        startup.helloworld startup.compiler.compiler startup.compiler.sunflow startup.compress startup.crypto.aes startup.crypto.rsa startup.crypto.signverify startup.mpegaudio startup.scimark.fft startup.scimark.lu startup.scimark.monte_carlo startup.scimark.sor startup.scimark.sparse startup.serial startup.sunflow startup.xml.transform startup.xml.validation

  WARNING: Run will not be compliant.
  Property specjvm.run.initial.check must be true for publication.
  Property specjvm.miniter must be 1 for publication.
  Not a compliant sequence of benchmarks for publication.
  Property specjvm.run.checksum.validation must be true for publication.


--- --- --- --- --- --- --- --- ---

  Benchmark:   startup.helloworld
  Run mode:    static run
  Test type:   single
  Threads:     1
  Iterations:  5
  Run length:  1 operation

Iteration 1 (1 operation) begins: Thu Jul 11 22:46:52 CST 2024
Iteration 1 (1 operation) ends:   Thu Jul 11 22:46:52 CST 2024
Iteration 1 (1 operation) result: 303.03 ops/m

Iteration 2 (1 operation) begins: Thu Jul 11 22:46:52 CST 2024
Iteration 2 (1 operation) ends:   Thu Jul 11 22:46:52 CST 2024
Iteration 2 (1 operation) result: 517.24 ops/m

Iteration 3 (1 operation) begins: Thu Jul 11 22:46:52 CST 2024
Iteration 3 (1 operation) ends:   Thu Jul 11 22:46:52 CST 2024
Iteration 3 (1 operation) result: 526.32 ops/m

Iteration 4 (1 operation) begins: Thu Jul 11 22:46:52 CST 2024
Iteration 4 (1 operation) ends:   Thu Jul 11 22:46:53 CST 2024
Iteration 4 (1 operation) result: 526.32 ops/m

Iteration 5 (1 operation) begins: Thu Jul 11 22:46:53 CST 2024
Iteration 5 (1 operation) ends:   Thu Jul 11 22:46:53 CST 2024
Iteration 5 (1 operation) result: 526.32 ops/m

Valid run!
Score on startup.helloworld: 526.32 ops/m


--- --- --- --- --- --- --- --- ---

  Benchmark:   startup.compiler.compiler
  Run mode:    static run
  Test type:   single
  Threads:     1
  Iterations:  5
  Run length:  1 operation

Iteration 1 (1 operation) begins: Thu Jul 11 22:46:53 CST 2024
Iteration 1 (1 operation) ends:   Thu Jul 11 22:46:57 CST 2024
Iteration 1 (1 operation) result: 13.63 ops/m

Iteration 2 (1 operation) begins: Thu Jul 11 22:46:57 CST 2024
Iteration 2 (1 operation) ends:   Thu Jul 11 22:47:01 CST 2024
Iteration 2 (1 operation) result: 15.31 ops/m

Iteration 3 (1 operation) begins: Thu Jul 11 22:47:01 CST 2024
Iteration 3 (1 operation) ends:   Thu Jul 11 22:47:05 CST 2024
Iteration 3 (1 operation) result: 16.65 ops/m

Iteration 4 (1 operation) begins: Thu Jul 11 22:47:05 CST 2024
Iteration 4 (1 operation) ends:   Thu Jul 11 22:47:09 CST 2024
Iteration 4 (1 operation) result: 14.88 ops/m

Iteration 5 (1 operation) begins: Thu Jul 11 22:47:09 CST 2024
Iteration 5 (1 operation) ends:   Thu Jul 11 22:47:12 CST 2024
Iteration 5 (1 operation) result: 16.72 ops/m

Valid run!
Score on startup.compiler.compiler: 16.72 ops/m


--- --- --- --- --- --- --- --- ---

  Benchmark:   startup.compiler.sunflow
  Run mode:    static run
  Test type:   single
  Threads:     1
  Iterations:  5
  Run length:  1 operation

Iteration 1 (1 operation) begins: Thu Jul 11 22:47:12 CST 2024
Iteration 1 (1 operation) ends:   Thu Jul 11 22:47:16 CST 2024
Iteration 1 (1 operation) result: 14.11 ops/m

Iteration 2 (1 operation) begins: Thu Jul 11 22:47:16 CST 2024
Iteration 2 (1 operation) ends:   Thu Jul 11 22:47:21 CST 2024
Iteration 2 (1 operation) result: 14.64 ops/m

Iteration 3 (1 operation) begins: Thu Jul 11 22:47:21 CST 2024
Iteration 3 (1 operation) ends:   Thu Jul 11 22:47:25 CST 2024
Iteration 3 (1 operation) result: 13.94 ops/m

Iteration 4 (1 operation) begins: Thu Jul 11 22:47:25 CST 2024
Iteration 4 (1 operation) ends:   Thu Jul 11 22:47:29 CST 2024
Iteration 4 (1 operation) result: 14.47 ops/m

Iteration 5 (1 operation) begins: Thu Jul 11 22:47:29 CST 2024
Iteration 5 (1 operation) ends:   Thu Jul 11 22:47:33 CST 2024
Iteration 5 (1 operation) result: 15.30 ops/m

Valid run!
Score on startup.compiler.sunflow: 15.30 ops/m


--- --- --- --- --- --- --- --- ---

  Benchmark:   startup.compress
  Run mode:    static run
  Test type:   single
  Threads:     1
  Iterations:  5
  Run length:  1 operation

Iteration 1 (1 operation) begins: Thu Jul 11 22:47:33 CST 2024
Iteration 1 (1 operation) ends:   Thu Jul 11 22:47:34 CST 2024
Iteration 1 (1 operation) result: 46.22 ops/m

Iteration 2 (1 operation) begins: Thu Jul 11 22:47:34 CST 2024
Iteration 2 (1 operation) ends:   Thu Jul 11 22:47:35 CST 2024
Iteration 2 (1 operation) result: 48.90 ops/m

Iteration 3 (1 operation) begins: Thu Jul 11 22:47:35 CST 2024
Iteration 3 (1 operation) ends:   Thu Jul 11 22:47:37 CST 2024
Iteration 3 (1 operation) result: 46.99 ops/m

Iteration 4 (1 operation) begins: Thu Jul 11 22:47:37 CST 2024
Iteration 4 (1 operation) ends:   Thu Jul 11 22:47:38 CST 2024
Iteration 4 (1 operation) result: 44.54 ops/m

Iteration 5 (1 operation) begins: Thu Jul 11 22:47:38 CST 2024
Iteration 5 (1 operation) ends:   Thu Jul 11 22:47:40 CST 2024
Iteration 5 (1 operation) result: 41.52 ops/m

Valid run!
Score on startup.compress: 48.90 ops/m


--- --- --- --- --- --- --- --- ---

  Benchmark:   startup.crypto.aes
  Run mode:    static run
  Test type:   single
  Threads:     1
  Iterations:  5
  Run length:  1 operation

Iteration 1 (1 operation) begins: Thu Jul 11 22:47:40 CST 2024
Iteration 1 (1 operation) ends:   Thu Jul 11 22:47:42 CST 2024
Iteration 1 (1 operation) result: 20.38 ops/m

Iteration 2 (1 operation) begins: Thu Jul 11 22:47:42 CST 2024
Iteration 2 (1 operation) ends:   Thu Jul 11 22:47:45 CST 2024
Iteration 2 (1 operation) result: 19.84 ops/m

Iteration 3 (1 operation) begins: Thu Jul 11 22:47:45 CST 2024
Iteration 3 (1 operation) ends:   Thu Jul 11 22:47:48 CST 2024
Iteration 3 (1 operation) result: 21.95 ops/m

Iteration 4 (1 operation) begins: Thu Jul 11 22:47:48 CST 2024
Iteration 4 (1 operation) ends:   Thu Jul 11 22:47:51 CST 2024
Iteration 4 (1 operation) result: 22.09 ops/m

Iteration 5 (1 operation) begins: Thu Jul 11 22:47:51 CST 2024
Iteration 5 (1 operation) ends:   Thu Jul 11 22:47:54 CST 2024
Iteration 5 (1 operation) result: 21.54 ops/m

Valid run!
Score on startup.crypto.aes: 22.09 ops/m


--- --- --- --- --- --- --- --- ---

  Benchmark:   startup.crypto.rsa
  Run mode:    static run
  Test type:   single
  Threads:     1
  Iterations:  5
  Run length:  1 operation

Iteration 1 (1 operation) begins: Thu Jul 11 22:47:54 CST 2024
Iteration 1 (1 operation) ends:   Thu Jul 11 22:47:54 CST 2024
Iteration 1 (1 operation) result: 92.88 ops/m

Iteration 2 (1 operation) begins: Thu Jul 11 22:47:54 CST 2024
Iteration 2 (1 operation) ends:   Thu Jul 11 22:47:55 CST 2024
Iteration 2 (1 operation) result: 99.01 ops/m

Iteration 3 (1 operation) begins: Thu Jul 11 22:47:55 CST 2024
Iteration 3 (1 operation) ends:   Thu Jul 11 22:47:56 CST 2024
Iteration 3 (1 operation) result: 72.64 ops/m

Iteration 4 (1 operation) begins: Thu Jul 11 22:47:56 CST 2024
Iteration 4 (1 operation) ends:   Thu Jul 11 22:47:56 CST 2024
Iteration 4 (1 operation) result: 98.36 ops/m

Iteration 5 (1 operation) begins: Thu Jul 11 22:47:56 CST 2024
Iteration 5 (1 operation) ends:   Thu Jul 11 22:47:57 CST 2024
Iteration 5 (1 operation) result: 91.19 ops/m

Valid run!
Score on startup.crypto.rsa: 99.01 ops/m


--- --- --- --- --- --- --- --- ---

  Benchmark:   startup.crypto.signverify
  Run mode:    static run
  Test type:   single
  Threads:     1
  Iterations:  5
  Run length:  1 operation

Iteration 1 (1 operation) begins: Thu Jul 11 22:47:57 CST 2024
Iteration 1 (1 operation) ends:   Thu Jul 11 22:47:58 CST 2024
Iteration 1 (1 operation) result: 60.24 ops/m

Iteration 2 (1 operation) begins: Thu Jul 11 22:47:58 CST 2024
Iteration 2 (1 operation) ends:   Thu Jul 11 22:47:59 CST 2024
Iteration 2 (1 operation) result: 56.55 ops/m

Iteration 3 (1 operation) begins: Thu Jul 11 22:47:59 CST 2024
Iteration 3 (1 operation) ends:   Thu Jul 11 22:48:00 CST 2024
Iteration 3 (1 operation) result: 63.90 ops/m

Iteration 4 (1 operation) begins: Thu Jul 11 22:48:00 CST 2024
Iteration 4 (1 operation) ends:   Thu Jul 11 22:48:01 CST 2024
Iteration 4 (1 operation) result: 62.05 ops/m

Iteration 5 (1 operation) begins: Thu Jul 11 22:48:01 CST 2024
Iteration 5 (1 operation) ends:   Thu Jul 11 22:48:02 CST 2024
Iteration 5 (1 operation) result: 60.36 ops/m

Valid run!
Score on startup.crypto.signverify: 63.90 ops/m


--- --- --- --- --- --- --- --- ---

  Benchmark:   startup.mpegaudio
  Run mode:    static run
  Test type:   single
  Threads:     1
  Iterations:  5
  Run length:  1 operation

Iteration 1 (1 operation) begins: Thu Jul 11 22:48:02 CST 2024
Iteration 1 (1 operation) ends:   Thu Jul 11 22:48:04 CST 2024
Iteration 1 (1 operation) result: 25.48 ops/m

Iteration 2 (1 operation) begins: Thu Jul 11 22:48:04 CST 2024
Iteration 2 (1 operation) ends:   Thu Jul 11 22:48:07 CST 2024
Iteration 2 (1 operation) result: 27.62 ops/m

Iteration 3 (1 operation) begins: Thu Jul 11 22:48:07 CST 2024
Iteration 3 (1 operation) ends:   Thu Jul 11 22:48:09 CST 2024
Iteration 3 (1 operation) result: 26.39 ops/m

Iteration 4 (1 operation) begins: Thu Jul 11 22:48:09 CST 2024
Iteration 4 (1 operation) ends:   Thu Jul 11 22:48:11 CST 2024
Iteration 4 (1 operation) result: 25.28 ops/m

Iteration 5 (1 operation) begins: Thu Jul 11 22:48:11 CST 2024
Iteration 5 (1 operation) ends:   Thu Jul 11 22:48:14 CST 2024
Iteration 5 (1 operation) result: 25.73 ops/m

Valid run!
Score on startup.mpegaudio: 27.62 ops/m


--- --- --- --- --- --- --- --- ---

  Benchmark:   startup.scimark.fft
  Run mode:    static run
  Test type:   single
  Threads:     1
  Iterations:  5
  Run length:  1 operation

Iteration 1 (1 operation) begins: Thu Jul 11 22:48:14 CST 2024
Iteration 1 (1 operation) ends:   Thu Jul 11 22:48:14 CST 2024
Iteration 1 (1 operation) result: 86.83 ops/m

Iteration 2 (1 operation) begins: Thu Jul 11 22:48:14 CST 2024
Iteration 2 (1 operation) ends:   Thu Jul 11 22:48:15 CST 2024
Iteration 2 (1 operation) result: 84.99 ops/m

Iteration 3 (1 operation) begins: Thu Jul 11 22:48:15 CST 2024
Iteration 3 (1 operation) ends:   Thu Jul 11 22:48:16 CST 2024
Iteration 3 (1 operation) result: 87.98 ops/m

Iteration 4 (1 operation) begins: Thu Jul 11 22:48:16 CST 2024
Iteration 4 (1 operation) ends:   Thu Jul 11 22:48:16 CST 2024
Iteration 4 (1 operation) result: 89.29 ops/m

Iteration 5 (1 operation) begins: Thu Jul 11 22:48:16 CST 2024
Iteration 5 (1 operation) ends:   Thu Jul 11 22:48:17 CST 2024
Iteration 5 (1 operation) result: 93.90 ops/m

Valid run!
Score on startup.scimark.fft: 93.90 ops/m


--- --- --- --- --- --- --- --- ---

  Benchmark:   startup.scimark.lu
  Run mode:    static run
  Test type:   single
  Threads:     1
  Iterations:  5
  Run length:  1 operation

Iteration 1 (1 operation) begins: Thu Jul 11 22:48:17 CST 2024
Iteration 1 (1 operation) ends:   Thu Jul 11 22:48:17 CST 2024
Iteration 1 (1 operation) result: 134.83 ops/m

Iteration 2 (1 operation) begins: Thu Jul 11 22:48:17 CST 2024
Iteration 2 (1 operation) ends:   Thu Jul 11 22:48:18 CST 2024
Iteration 2 (1 operation) result: 126.85 ops/m

Iteration 3 (1 operation) begins: Thu Jul 11 22:48:18 CST 2024
Iteration 3 (1 operation) ends:   Thu Jul 11 22:48:18 CST 2024
Iteration 3 (1 operation) result: 114.29 ops/m

Iteration 4 (1 operation) begins: Thu Jul 11 22:48:18 CST 2024
Iteration 4 (1 operation) ends:   Thu Jul 11 22:48:19 CST 2024
Iteration 4 (1 operation) result: 139.86 ops/m

Iteration 5 (1 operation) begins: Thu Jul 11 22:48:19 CST 2024
Iteration 5 (1 operation) ends:   Thu Jul 11 22:48:19 CST 2024
Iteration 5 (1 operation) result: 138.57 ops/m

Valid run!
Score on startup.scimark.lu: 139.86 ops/m


--- --- --- --- --- --- --- --- ---

  Benchmark:   startup.scimark.monte_carlo
  Run mode:    static run
  Test type:   single
  Threads:     1
  Iterations:  5
  Run length:  1 operation

Iteration 1 (1 operation) begins: Thu Jul 11 22:48:19 CST 2024
Iteration 1 (1 operation) ends:   Thu Jul 11 22:48:20 CST 2024
Iteration 1 (1 operation) result: 51.02 ops/m

Iteration 2 (1 operation) begins: Thu Jul 11 22:48:20 CST 2024
Iteration 2 (1 operation) ends:   Thu Jul 11 22:48:22 CST 2024
Iteration 2 (1 operation) result: 53.00 ops/m

Iteration 3 (1 operation) begins: Thu Jul 11 22:48:22 CST 2024
Iteration 3 (1 operation) ends:   Thu Jul 11 22:48:23 CST 2024
Iteration 3 (1 operation) result: 50.34 ops/m

Iteration 4 (1 operation) begins: Thu Jul 11 22:48:23 CST 2024
Iteration 4 (1 operation) ends:   Thu Jul 11 22:48:24 CST 2024
Iteration 4 (1 operation) result: 56.71 ops/m

Iteration 5 (1 operation) begins: Thu Jul 11 22:48:24 CST 2024
Iteration 5 (1 operation) ends:   Thu Jul 11 22:48:25 CST 2024
Iteration 5 (1 operation) result: 58.20 ops/m

Valid run!
Score on startup.scimark.monte_carlo: 58.20 ops/m


--- --- --- --- --- --- --- --- ---

  Benchmark:   startup.scimark.sor
  Run mode:    static run
  Test type:   single
  Threads:     1
  Iterations:  5
  Run length:  1 operation

Iteration 1 (1 operation) begins: Thu Jul 11 22:48:25 CST 2024
Iteration 1 (1 operation) ends:   Thu Jul 11 22:48:26 CST 2024
Iteration 1 (1 operation) result: 37.04 ops/m

Iteration 2 (1 operation) begins: Thu Jul 11 22:48:26 CST 2024
Iteration 2 (1 operation) ends:   Thu Jul 11 22:48:28 CST 2024
Iteration 2 (1 operation) result: 38.41 ops/m

Iteration 3 (1 operation) begins: Thu Jul 11 22:48:28 CST 2024
Iteration 3 (1 operation) ends:   Thu Jul 11 22:48:30 CST 2024
Iteration 3 (1 operation) result: 38.00 ops/m

Iteration 4 (1 operation) begins: Thu Jul 11 22:48:30 CST 2024
Iteration 4 (1 operation) ends:   Thu Jul 11 22:48:31 CST 2024
Iteration 4 (1 operation) result: 38.78 ops/m

Iteration 5 (1 operation) begins: Thu Jul 11 22:48:31 CST 2024
Iteration 5 (1 operation) ends:   Thu Jul 11 22:48:33 CST 2024
Iteration 5 (1 operation) result: 37.90 ops/m

Valid run!
Score on startup.scimark.sor: 38.78 ops/m


--- --- --- --- --- --- --- --- ---

  Benchmark:   startup.scimark.sparse
  Run mode:    static run
  Test type:   single
  Threads:     1
  Iterations:  5
  Run length:  1 operation

Iteration 1 (1 operation) begins: Thu Jul 11 22:48:33 CST 2024
Iteration 1 (1 operation) ends:   Thu Jul 11 22:48:34 CST 2024
Iteration 1 (1 operation) result: 52.59 ops/m

Iteration 2 (1 operation) begins: Thu Jul 11 22:48:34 CST 2024
Iteration 2 (1 operation) ends:   Thu Jul 11 22:48:35 CST 2024
Iteration 2 (1 operation) result: 55.61 ops/m

Iteration 3 (1 operation) begins: Thu Jul 11 22:48:35 CST 2024
Iteration 3 (1 operation) ends:   Thu Jul 11 22:48:36 CST 2024
Iteration 3 (1 operation) result: 53.57 ops/m

Iteration 4 (1 operation) begins: Thu Jul 11 22:48:36 CST 2024
Iteration 4 (1 operation) ends:   Thu Jul 11 22:48:37 CST 2024
Iteration 4 (1 operation) result: 56.55 ops/m

Iteration 5 (1 operation) begins: Thu Jul 11 22:48:37 CST 2024
Iteration 5 (1 operation) ends:   Thu Jul 11 22:48:38 CST 2024
Iteration 5 (1 operation) result: 53.00 ops/m

Valid run!
Score on startup.scimark.sparse: 56.55 ops/m


--- --- --- --- --- --- --- --- ---

  Benchmark:   startup.serial
  Run mode:    static run
  Test type:   single
  Threads:     1
  Iterations:  5
  Run length:  1 operation

Iteration 1 (1 operation) begins: Thu Jul 11 22:48:38 CST 2024
Iteration 1 (1 operation) ends:   Thu Jul 11 22:48:40 CST 2024
Iteration 1 (1 operation) result: 27.46 ops/m

Iteration 2 (1 operation) begins: Thu Jul 11 22:48:40 CST 2024
Iteration 2 (1 operation) ends:   Thu Jul 11 22:48:43 CST 2024
Iteration 2 (1 operation) result: 24.45 ops/m

Iteration 3 (1 operation) begins: Thu Jul 11 22:48:43 CST 2024
Iteration 3 (1 operation) ends:   Thu Jul 11 22:48:45 CST 2024
Iteration 3 (1 operation) result: 25.36 ops/m

Iteration 4 (1 operation) begins: Thu Jul 11 22:48:45 CST 2024
Iteration 4 (1 operation) ends:   Thu Jul 11 22:48:48 CST 2024
Iteration 4 (1 operation) result: 26.09 ops/m

Iteration 5 (1 operation) begins: Thu Jul 11 22:48:48 CST 2024
Iteration 5 (1 operation) ends:   Thu Jul 11 22:48:50 CST 2024
Iteration 5 (1 operation) result: 26.34 ops/m

Valid run!
Score on startup.serial: 27.46 ops/m


--- --- --- --- --- --- --- --- ---

  Benchmark:   startup.sunflow
  Run mode:    static run
  Test type:   single
  Threads:     1
  Iterations:  5
  Run length:  1 operation

Iteration 1 (1 operation) begins: Thu Jul 11 22:48:50 CST 2024
Iteration 1 (1 operation) ends:   Thu Jul 11 22:48:53 CST 2024
Iteration 1 (1 operation) result: 20.96 ops/m

Iteration 2 (1 operation) begins: Thu Jul 11 22:48:53 CST 2024
Iteration 2 (1 operation) ends:   Thu Jul 11 22:48:56 CST 2024
Iteration 2 (1 operation) result: 21.07 ops/m

Iteration 3 (1 operation) begins: Thu Jul 11 22:48:56 CST 2024
Iteration 3 (1 operation) ends:   Thu Jul 11 22:48:58 CST 2024
Iteration 3 (1 operation) result: 23.11 ops/m

Iteration 4 (1 operation) begins: Thu Jul 11 22:48:58 CST 2024
Iteration 4 (1 operation) ends:   Thu Jul 11 22:49:01 CST 2024
Iteration 4 (1 operation) result: 20.30 ops/m

Iteration 5 (1 operation) begins: Thu Jul 11 22:49:01 CST 2024
Iteration 5 (1 operation) ends:   Thu Jul 11 22:49:04 CST 2024
Iteration 5 (1 operation) result: 21.61 ops/m

Valid run!
Score on startup.sunflow: 23.11 ops/m


--- --- --- --- --- --- --- --- ---

  Benchmark:   startup.xml.transform
  Run mode:    static run
  Test type:   single
  Threads:     1
  Iterations:  5
  Run length:  1 operation

Iteration 1 (1 operation) begins: Thu Jul 11 22:49:04 CST 2024
Iteration 1 (1 operation) ends:   Thu Jul 11 22:49:26 CST 2024
Iteration 1 (1 operation) result: 2.77 ops/m

Iteration 2 (1 operation) begins: Thu Jul 11 22:49:26 CST 2024
Iteration 2 (1 operation) ends:   Thu Jul 11 22:49:48 CST 2024
Iteration 2 (1 operation) result: 2.69 ops/m

Iteration 3 (1 operation) begins: Thu Jul 11 22:49:48 CST 2024
Iteration 3 (1 operation) ends:   Thu Jul 11 22:50:09 CST 2024
Iteration 3 (1 operation) result: 2.85 ops/m

Iteration 4 (1 operation) begins: Thu Jul 11 22:50:09 CST 2024
Iteration 4 (1 operation) ends:   Thu Jul 11 22:50:31 CST 2024
Iteration 4 (1 operation) result: 2.72 ops/m

Iteration 5 (1 operation) begins: Thu Jul 11 22:50:31 CST 2024
Iteration 5 (1 operation) ends:   Thu Jul 11 22:50:53 CST 2024
Iteration 5 (1 operation) result: 2.67 ops/m

Valid run!
Score on startup.xml.transform: 2.85 ops/m


--- --- --- --- --- --- --- --- ---

  Benchmark:   startup.xml.validation
  Run mode:    static run
  Test type:   single
  Threads:     1
  Iterations:  5
  Run length:  1 operation

Iteration 1 (1 operation) begins: Thu Jul 11 22:50:53 CST 2024
Iteration 1 (1 operation) ends:   Thu Jul 11 22:50:55 CST 2024
Iteration 1 (1 operation) result: 37.50 ops/m

Iteration 2 (1 operation) begins: Thu Jul 11 22:50:55 CST 2024
Iteration 2 (1 operation) ends:   Thu Jul 11 22:50:57 CST 2024
Iteration 2 (1 operation) result: 37.29 ops/m

Iteration 3 (1 operation) begins: Thu Jul 11 22:50:57 CST 2024
Iteration 3 (1 operation) ends:   Thu Jul 11 22:50:58 CST 2024
Iteration 3 (1 operation) result: 35.57 ops/m

Iteration 4 (1 operation) begins: Thu Jul 11 22:50:58 CST 2024
Iteration 4 (1 operation) ends:   Thu Jul 11 22:51:00 CST 2024
Iteration 4 (1 operation) result: 35.57 ops/m

Iteration 5 (1 operation) begins: Thu Jul 11 22:51:00 CST 2024
Iteration 5 (1 operation) ends:   Thu Jul 11 22:51:02 CST 2024
Iteration 5 (1 operation) result: 37.24 ops/m

Valid run!
Score on startup.xml.validation: 37.50 ops/m

Results are stored in: 
/root/spec/build/release/SPECjvm2008/results/SPECjvm2008.151/SPECjvm2008.151.raw
Generating reports in:
/root/spec/build/release/SPECjvm2008/results/SPECjvm2008.151

Noncompliant composite result: 41.25 ops/m
