Linux 5.15.0-106-generic (iZf8zetnft7hz64q6zlvzzZ) 	07/07/2024 	_x86_64_	(2 CPU)

# Time        UID       PID    %usr %system  %guest   %wait    %CPU   CPU  minflt/s  majflt/s     VSZ     RSS   %MEM   cswch/s nvcswch/s  Command
03:50:55 PM     0     85427    6.80    1.00    0.00    0.00    7.80     0   1630.60      2.20 5618276   44956   1.23      0.20      0.60  java

# Time        UID       PID    %usr %system  %guest   %wait    %CPU   CPU  minflt/s  majflt/s     VSZ     RSS   %MEM   cswch/s nvcswch/s  Command
03:51:00 PM     0     85427    0.00    0.00    0.00    0.00    0.00     0     12.00      0.00 5618276   45264   1.24      0.00      0.00  java

# Time        UID       PID    %usr %system  %guest   %wait    %CPU   CPU  minflt/s  majflt/s     VSZ     RSS   %MEM   cswch/s nvcswch/s  Command
03:51:05 PM     0     85427    0.20    0.00    0.00    0.00    0.20     0     11.60      0.40 5618276   45316   1.24      0.00      0.00  java

# Time        UID       PID    %usr %system  %guest   %wait    %CPU   CPU  minflt/s  majflt/s     VSZ     RSS   %MEM   cswch/s nvcswch/s  Command
03:51:10 PM     0     85427    0.20    0.20    0.00    0.00    0.40     0     29.00      0.40 5618276   45508   1.25      0.00      0.00  java

# Time        UID       PID    %usr %system  %guest   %wait    %CPU   CPU  minflt/s  majflt/s     VSZ     RSS   %MEM   cswch/s nvcswch/s  Command
03:51:15 PM     0     85427    0.00    0.00    0.00    0.00    0.00     0     11.80      0.00 5618276   45556   1.25      0.00      0.00  java

# Time        UID       PID    %usr %system  %guest   %wait    %CPU   CPU  minflt/s  majflt/s     VSZ     RSS   %MEM   cswch/s nvcswch/s  Command
03:51:20 PM     0     85427    0.40    0.20    0.00    0.00    0.60     0     81.60      0.20 5618276   46660   1.28      0.00      0.00  java

# Time        UID       PID    %usr %system  %guest   %wait    %CPU   CPU  minflt/s  majflt/s     VSZ     RSS   %MEM   cswch/s nvcswch/s  Command
03:51:25 PM     0     85427    0.20    0.00    0.00    0.00    0.20     0     16.40      0.00 5618276   46660   1.28      0.00      0.00  java

# Time        UID       PID    %usr %system  %guest   %wait    %CPU   CPU  minflt/s  majflt/s     VSZ     RSS   %MEM   cswch/s nvcswch/s  Command
03:51:30 PM     0     85427    0.20    0.00    0.00    0.00    0.20     0     27.40      0.00 5618276   46708   1.28      0.00      0.00  java

# Time        UID       PID    %usr %system  %guest   %wait    %CPU   CPU  minflt/s  majflt/s     VSZ     RSS   %MEM   cswch/s nvcswch/s  Command
03:51:35 PM     0     85427    0.40    0.00    0.00    0.00    0.40     0     38.92      0.40 5618276   47140   1.29      0.00      0.00  java

# Time        UID       PID    %usr %system  %guest   %wait    %CPU   CPU  minflt/s  majflt/s     VSZ     RSS   %MEM   cswch/s nvcswch/s  Command
03:51:40 PM     0     85427    0.20    0.00    0.00    0.00    0.20     0     14.20      0.40 5618276   47140   1.29      0.00      0.00  java

# Time        UID       PID    %usr %system  %guest   %wait    %CPU   CPU  minflt/s  majflt/s     VSZ     RSS   %MEM   cswch/s nvcswch/s  Command
03:51:45 PM     0     85427    0.20    0.00    0.00    0.00    0.20     0      8.40      0.00 5618276   47140   1.29      0.00      0.00  java

# Time        UID       PID    %usr %system  %guest   %wait    %CPU   CPU  minflt/s  majflt/s     VSZ     RSS   %MEM   cswch/s nvcswch/s  Command
03:51:50 PM     0     85427    0.40    0.20    0.00    0.00    0.60     0    185.00      0.00 5618276   49780   1.37      0.00      0.00  java

# Time        UID       PID    %usr %system  %guest   %wait    %CPU   CPU  minflt/s  majflt/s     VSZ     RSS   %MEM   cswch/s nvcswch/s  Command
03:51:55 PM     0     85427    0.40    0.20    0.00    0.00    0.60     0     50.60      0.00 5618276   49916   1.37      0.00      0.00  java

# Time        UID       PID    %usr %system  %guest   %wait    %CPU   CPU  minflt/s  majflt/s     VSZ     RSS   %MEM   cswch/s nvcswch/s  Command
03:52:00 PM     0     85427    0.20    0.00    0.00    0.00    0.20     0     15.80      0.00 5618276   49916   1.37      0.00      0.00  java

# Time        UID       PID    %usr %system  %guest   %wait    %CPU   CPU  minflt/s  majflt/s     VSZ     RSS   %MEM   cswch/s nvcswch/s  Command
03:52:05 PM     0     85427    0.00    0.00    0.00    0.00    0.00     0     16.40      0.00 5618276   49932   1.37      0.00      0.00  java

# Time        UID       PID    %usr %system  %guest   %wait    %CPU   CPU  minflt/s  majflt/s     VSZ     RSS   %MEM   cswch/s nvcswch/s  Command
03:52:10 PM     0     85427    0.40    0.00    0.00    0.00    0.40     0     52.20      0.80 5618276   50168   1.38      0.00      0.00  java

# Time        UID       PID    %usr %system  %guest   %wait    %CPU   CPU  minflt/s  majflt/s     VSZ     RSS   %MEM   cswch/s nvcswch/s  Command
03:52:15 PM     0     85427    0.40    0.20    0.00    0.00    0.60     0     79.00      0.00 5618276   50600   1.39      0.00      0.00  java

# Time        UID       PID    %usr %system  %guest   %wait    %CPU   CPU  minflt/s  majflt/s     VSZ     RSS   %MEM   cswch/s nvcswch/s  Command
03:52:20 PM     0     85427    1.00    0.00    0.00    0.00    1.00     0    201.00      0.00 5618276   54180   1.49      0.00      0.00  java

# Time        UID       PID    %usr %system  %guest   %wait    %CPU   CPU  minflt/s  majflt/s     VSZ     RSS   %MEM   cswch/s nvcswch/s  Command
03:52:25 PM     0     85427    0.20    0.20    0.00    0.00    0.40     0     33.40      0.00 5618276   54384   1.49      0.00      0.00  java

# Time        UID       PID    %usr %system  %guest   %wait    %CPU   CPU  minflt/s  majflt/s     VSZ     RSS   %MEM   cswch/s nvcswch/s  Command
03:52:30 PM     0     85427    0.00    0.20    0.00    0.00    0.20     0     44.80      0.00 5618276   54668   1.50      0.00      0.00  java

# Time        UID       PID    %usr %system  %guest   %wait    %CPU   CPU  minflt/s  majflt/s     VSZ     RSS   %MEM   cswch/s nvcswch/s  Command
03:52:35 PM     0     85427    0.60    0.00    0.00    0.00    0.60     0     45.40      0.00 5618276   54956   1.51      0.00      0.00  java

# Time        UID       PID    %usr %system  %guest   %wait    %CPU   CPU  minflt/s  majflt/s     VSZ     RSS   %MEM   cswch/s nvcswch/s  Command
03:52:40 PM     0     85427    0.20    0.00    0.00    0.00    0.20     0     19.80      0.80 5618276   55052   1.51      0.00      0.00  java

# Time        UID       PID    %usr %system  %guest   %wait    %CPU   CPU  minflt/s  majflt/s     VSZ     RSS   %MEM   cswch/s nvcswch/s  Command
03:52:45 PM     0     85427    0.00    0.20    0.00    0.00    0.20     0     19.40      0.00 5618276   55156   1.51      0.00      0.00  java

# Time        UID       PID    %usr %system  %guest   %wait    %CPU   CPU  minflt/s  majflt/s     VSZ     RSS   %MEM   cswch/s nvcswch/s  Command
03:52:50 PM     0     85427    0.00    0.00    0.00    0.00    0.00     0     23.60      0.00 5618276   55312   1.52      0.00      0.00  java

# Time        UID       PID    %usr %system  %guest   %wait    %CPU   CPU  minflt/s  majflt/s     VSZ     RSS   %MEM   cswch/s nvcswch/s  Command
03:52:55 PM     0     85427    0.00    0.20    0.00    0.00    0.20     0     20.00      0.00 5618276   55412   1.52      0.00      0.00  java

# Time        UID       PID    %usr %system  %guest   %wait    %CPU   CPU  minflt/s  majflt/s     VSZ     RSS   %MEM   cswch/s nvcswch/s  Command
03:53:00 PM     0     85427    0.20    0.00    0.00    0.00    0.20     0     26.60      0.00 5618276   55592   1.53      0.00      0.00  java

# Time        UID       PID    %usr %system  %guest   %wait    %CPU   CPU  minflt/s  majflt/s     VSZ     RSS   %MEM   cswch/s nvcswch/s  Command
03:53:05 PM     0     85427    0.20    0.00    0.00    0.00    0.20     0      0.00      0.00 5618276   55592   1.53      0.00      0.00  java

# Time        UID       PID    %usr %system  %guest   %wait    %CPU   CPU  minflt/s  majflt/s     VSZ     RSS   %MEM   cswch/s nvcswch/s  Command
03:53:10 PM     0     85427    0.00    0.00    0.00    0.00    0.00     0      0.00      0.40 5618276   55592   1.53      0.00      0.00  java

# Time        UID       PID    %usr %system  %guest   %wait    %CPU   CPU  minflt/s  majflt/s     VSZ     RSS   %MEM   cswch/s nvcswch/s  Command
03:53:15 PM     0     85427    0.00    0.00    0.00    0.00    0.00     0      0.00      0.00 5618276   55592   1.53      0.00      0.00  java

# Time        UID       PID    %usr %system  %guest   %wait    %CPU   CPU  minflt/s  majflt/s     VSZ     RSS   %MEM   cswch/s nvcswch/s  Command
03:53:20 PM     0     85427    0.00    0.00    0.00    0.00    0.00     0      0.00      0.00 5618276   55592   1.53      0.00      0.00  java

# Time        UID       PID    %usr %system  %guest   %wait    %CPU   CPU  minflt/s  majflt/s     VSZ     RSS   %MEM   cswch/s nvcswch/s  Command
03:53:25 PM     0     85427    0.00    0.00    0.00    0.00    0.00     0      0.00      0.00 5618276   55592   1.53      0.00      0.00  java

# Time        UID       PID    %usr %system  %guest   %wait    %CPU   CPU  minflt/s  majflt/s     VSZ     RSS   %MEM   cswch/s nvcswch/s  Command
03:53:30 PM     0     85427    0.20    0.20    0.00    0.00    0.40     0     68.60      0.60 5618276   56972   1.56      0.00      0.00  java

# Time        UID       PID    %usr %system  %guest   %wait    %CPU   CPU  minflt/s  majflt/s     VSZ     RSS   %MEM   cswch/s nvcswch/s  Command
03:53:35 PM     0     85427    0.00    0.00    0.00    0.00    0.00     0      0.00      0.00 5618276   56972   1.56      0.00      0.00  java

# Time        UID       PID    %usr %system  %guest   %wait    %CPU   CPU  minflt/s  majflt/s     VSZ     RSS   %MEM   cswch/s nvcswch/s  Command
03:53:40 PM     0     85427    0.00    0.00    0.00    0.00    0.00     0      0.00      0.40 5618276   56972   1.56      0.00      0.00  java

# Time        UID       PID    %usr %system  %guest   %wait    %CPU   CPU  minflt/s  majflt/s     VSZ     RSS   %MEM   cswch/s nvcswch/s  Command
03:53:45 PM     0     85427    0.00    0.00    0.00    0.00    0.00     0      0.00      0.00 5618276   56972   1.56      0.00      0.00  java

# Time        UID       PID    %usr %system  %guest   %wait    %CPU   CPU  minflt/s  majflt/s     VSZ     RSS   %MEM   cswch/s nvcswch/s  Command
03:53:50 PM     0     85427    0.00    0.00    0.00    0.00    0.00     0      0.00      0.00 5618276   56972   1.56      0.00      0.00  java

# Time        UID       PID    %usr %system  %guest   %wait    %CPU   CPU  minflt/s  majflt/s     VSZ     RSS   %MEM   cswch/s nvcswch/s  Command
03:53:55 PM     0     85427    0.00    0.00    0.00    0.00    0.00     0      0.00      0.00 5618276   56972   1.56      0.00      0.00  java

# Time        UID       PID    %usr %system  %guest   %wait    %CPU   CPU  minflt/s  majflt/s     VSZ     RSS   %MEM   cswch/s nvcswch/s  Command
03:54:00 PM     0     85427    0.00    0.20    0.00    0.00    0.20     0      6.80      0.20 5618276   56972   1.56      0.00      0.00  java

# Time        UID       PID    %usr %system  %guest   %wait    %CPU   CPU  minflt/s  majflt/s     VSZ     RSS   %MEM   cswch/s nvcswch/s  Command
03:54:05 PM     0     85427    0.20    0.00    0.00    0.00    0.20     0      0.00      0.00 5618276   56972   1.56      0.00      0.00  java

# Time        UID       PID    %usr %system  %guest   %wait    %CPU   CPU  minflt/s  majflt/s     VSZ     RSS   %MEM   cswch/s nvcswch/s  Command
03:54:10 PM     0     85427    0.00    0.00    0.00    0.00    0.00     0      0.00      0.40 5618276   56972   1.56      0.00      0.00  java

# Time        UID       PID    %usr %system  %guest   %wait    %CPU   CPU  minflt/s  majflt/s     VSZ     RSS   %MEM   cswch/s nvcswch/s  Command
03:54:15 PM     0     85427    0.00    0.00    0.00    0.00    0.00     0      0.00      0.00 5618276   56972   1.56      0.00      0.00  java

# Time        UID       PID    %usr %system  %guest   %wait    %CPU   CPU  minflt/s  majflt/s     VSZ     RSS   %MEM   cswch/s nvcswch/s  Command
03:54:20 PM     0     85427    0.00    0.00    0.00    0.00    0.00     0      0.00      0.00 5618276   56972   1.56      0.00      0.00  java

# Time        UID       PID    %usr %system  %guest   %wait    %CPU   CPU  minflt/s  majflt/s     VSZ     RSS   %MEM   cswch/s nvcswch/s  Command
03:54:25 PM     0     85427    0.00    0.00    0.00    0.00    0.00     0      6.80      0.20 5618276   56972   1.56      0.00      0.00  java

# Time        UID       PID    %usr %system  %guest   %wait    %CPU   CPU  minflt/s  majflt/s     VSZ     RSS   %MEM   cswch/s nvcswch/s  Command
03:54:30 PM     0     85427    0.20    0.00    0.00    0.00    0.20     0      0.00      0.00 5618276   56972   1.56      0.00      0.00  java

# Time        UID       PID    %usr %system  %guest   %wait    %CPU   CPU  minflt/s  majflt/s     VSZ     RSS   %MEM   cswch/s nvcswch/s  Command
03:54:35 PM     0     85427    0.00    0.00    0.00    0.00    0.00     0      0.00      0.00 5618276   56972   1.56      0.00      0.00  java

# Time        UID       PID    %usr %system  %guest   %wait    %CPU   CPU  minflt/s  majflt/s     VSZ     RSS   %MEM   cswch/s nvcswch/s  Command
03:54:40 PM     0     85427    0.00    0.00    0.00    0.00    0.00     0      0.00      0.40 5618276   56972   1.56      0.00      0.00  java

# Time        UID       PID    %usr %system  %guest   %wait    %CPU   CPU  minflt/s  majflt/s     VSZ     RSS   %MEM   cswch/s nvcswch/s  Command
03:54:45 PM     0     85427    0.00    0.00    0.00    0.00    0.00     0      0.00      0.00 5618276   56972   1.56      0.00      0.00  java

# Time        UID       PID    %usr %system  %guest   %wait    %CPU   CPU  minflt/s  majflt/s     VSZ     RSS   %MEM   cswch/s nvcswch/s  Command
03:54:50 PM     0     85427    0.00    0.00    0.00    0.00    0.00     0      0.00      0.00 5618276   56972   1.56      0.00      0.00  java

# Time        UID       PID    %usr %system  %guest   %wait    %CPU   CPU  minflt/s  majflt/s     VSZ     RSS   %MEM   cswch/s nvcswch/s  Command
03:54:55 PM     0     85427    0.00    0.20    0.00    0.00    0.20     0      7.60      0.40 5618276   56972   1.56      0.00      0.00  java

# Time        UID       PID    %usr %system  %guest   %wait    %CPU   CPU  minflt/s  majflt/s     VSZ     RSS   %MEM   cswch/s nvcswch/s  Command
03:55:00 PM     0     85427    0.20    0.00    0.00    0.00    0.20     0      0.00      0.00 5618276   56972   1.56      0.00      0.00  java

# Time        UID       PID    %usr %system  %guest   %wait    %CPU   CPU  minflt/s  majflt/s     VSZ     RSS   %MEM   cswch/s nvcswch/s  Command
03:55:05 PM     0     85427    0.00    0.00    0.00    0.00    0.00     0      0.00      0.00 5618276   56972   1.56      0.00      0.00  java

# Time        UID       PID    %usr %system  %guest   %wait    %CPU   CPU  minflt/s  majflt/s     VSZ     RSS   %MEM   cswch/s nvcswch/s  Command
03:55:10 PM     0     85427    0.00    0.00    0.00    0.00    0.00     0      0.00      0.40 5618276   56972   1.56      0.00      0.00  java

# Time        UID       PID    %usr %system  %guest   %wait    %CPU   CPU  minflt/s  majflt/s     VSZ     RSS   %MEM   cswch/s nvcswch/s  Command
03:55:15 PM     0     85427    0.00    0.00    0.00    0.00    0.00     0      0.00      0.00 5618276   56972   1.56      0.00      0.00  java

# Time        UID       PID    %usr %system  %guest   %wait    %CPU   CPU  minflt/s  majflt/s     VSZ     RSS   %MEM   cswch/s nvcswch/s  Command
03:55:20 PM     0     85427    0.20    0.00    0.00    0.00    0.20     0     10.40      0.20 5618276   57036   1.56      0.00      0.00  java

# Time        UID       PID    %usr %system  %guest   %wait    %CPU   CPU  minflt/s  majflt/s     VSZ     RSS   %MEM   cswch/s nvcswch/s  Command
03:55:25 PM     0     85427    0.20    0.00    0.00    0.00    0.20     0     28.20      0.20 5618276   57036   1.56      0.00      0.00  java
