Linux 5.15.0-106-generic (iZf8zetnft7hz64q6zlvzzZ) 	07/07/2024 	_x86_64_	(2 CPU)

# Time        UID       PID    %usr %system  %guest   %wait    %CPU   CPU  minflt/s  majflt/s     VSZ     RSS   %MEM   cswch/s nvcswch/s  Command
03:45:57 PM     0     83510    6.00    0.60    0.00    0.00    6.60     1   1312.80      1.60 5601444   41412   1.14      0.20      0.00  java

# Time        UID       PID    %usr %system  %guest   %wait    %CPU   CPU  minflt/s  majflt/s     VSZ     RSS   %MEM   cswch/s nvcswch/s  Command
03:46:02 PM     0     83510    0.20    0.00    0.00    0.00    0.20     1     11.60      0.00 5601444   41464   1.14      0.00      0.00  java

# Time        UID       PID    %usr %system  %guest   %wait    %CPU   CPU  minflt/s  majflt/s     VSZ     RSS   %MEM   cswch/s nvcswch/s  Command
03:46:07 PM     0     83510    0.20    0.00    0.00    0.00    0.20     1     12.40      0.00 5601444   41248   1.13      0.00      0.00  java

# Time        UID       PID    %usr %system  %guest   %wait    %CPU   CPU  minflt/s  majflt/s     VSZ     RSS   %MEM   cswch/s nvcswch/s  Command
03:46:12 PM     0     83510    0.00    0.20    0.00    0.00    0.20     1     27.00      0.00 5601444   41436   1.14      0.00      0.00  java

# Time        UID       PID    %usr %system  %guest   %wait    %CPU   CPU  minflt/s  majflt/s     VSZ     RSS   %MEM   cswch/s nvcswch/s  Command
03:46:17 PM     0     83510    0.40    0.00    0.00    0.00    0.40     1     85.00      0.40 5601444   42272   1.16      0.00      0.00  java

# Time        UID       PID    %usr %system  %guest   %wait    %CPU   CPU  minflt/s  majflt/s     VSZ     RSS   %MEM   cswch/s nvcswch/s  Command
03:46:22 PM     0     83510    0.20    0.00    0.00    0.00    0.20     1      7.80      0.40 5601444   42308   1.16      0.00      0.00  java

# Time        UID       PID    %usr %system  %guest   %wait    %CPU   CPU  minflt/s  majflt/s     VSZ     RSS   %MEM   cswch/s nvcswch/s  Command
03:46:27 PM     0     83510    0.00    0.20    0.00    0.00    0.20     1      8.00      0.20 5601444   42308   1.16      0.00      0.00  java

# Time        UID       PID    %usr %system  %guest   %wait    %CPU   CPU  minflt/s  majflt/s     VSZ     RSS   %MEM   cswch/s nvcswch/s  Command
03:46:32 PM     0     83510    0.00    0.00    0.00    0.00    0.00     1      8.00      0.00 5601444   42308   1.16      0.00      0.00  java

# Time        UID       PID    %usr %system  %guest   %wait    %CPU   CPU  minflt/s  majflt/s     VSZ     RSS   %MEM   cswch/s nvcswch/s  Command
03:46:37 PM     0     83510    0.60    0.20    0.00    0.00    0.80     1     37.80      0.00 5601444   42428   1.16      0.00      0.00  java

# Time        UID       PID    %usr %system  %guest   %wait    %CPU   CPU  minflt/s  majflt/s     VSZ     RSS   %MEM   cswch/s nvcswch/s  Command
03:46:42 PM     0     83510    0.20    0.00    0.00    0.00    0.20     1     28.20      0.00 5601444   42804   1.17      0.00      0.00  java

# Time        UID       PID    %usr %system  %guest   %wait    %CPU   CPU  minflt/s  majflt/s     VSZ     RSS   %MEM   cswch/s nvcswch/s  Command
03:46:47 PM     0     83510    0.20    0.00    0.00    0.00    0.20     1     14.00      0.00 5601444   42804   1.17      0.00      0.00  java

# Time        UID       PID    %usr %system  %guest   %wait    %CPU   CPU  minflt/s  majflt/s     VSZ     RSS   %MEM   cswch/s nvcswch/s  Command
03:46:52 PM     0     83510    0.40    0.00    0.00    0.00    0.40     1     14.00      1.00 5601444   42804   1.17      0.00      0.00  java

# Time        UID       PID    %usr %system  %guest   %wait    %CPU   CPU  minflt/s  majflt/s     VSZ     RSS   %MEM   cswch/s nvcswch/s  Command
03:46:57 PM     0     83510    0.60    0.00    0.00    0.00    0.60     1     33.80      0.00 5601444   42804   1.17      0.00      0.00  java

# Time        UID       PID    %usr %system  %guest   %wait    %CPU   CPU  minflt/s  majflt/s     VSZ     RSS   %MEM   cswch/s nvcswch/s  Command
03:47:02 PM     0     83510    0.20    0.20    0.00    0.00    0.40     1     50.80      0.00 5601444   42896   1.18      0.00      0.00  java

# Time        UID       PID    %usr %system  %guest   %wait    %CPU   CPU  minflt/s  majflt/s     VSZ     RSS   %MEM   cswch/s nvcswch/s  Command
03:47:07 PM     0     83510    0.20    0.00    0.00    0.00    0.20     1     18.40      0.00 5601444   42896   1.18      0.00      0.00  java

# Time        UID       PID    %usr %system  %guest   %wait    %CPU   CPU  minflt/s  majflt/s     VSZ     RSS   %MEM   cswch/s nvcswch/s  Command
03:47:12 PM     0     83510    0.20    0.00    0.00    0.00    0.20     1     14.40      0.00 5601444   42896   1.18      0.00      0.00  java

# Time        UID       PID    %usr %system  %guest   %wait    %CPU   CPU  minflt/s  majflt/s     VSZ     RSS   %MEM   cswch/s nvcswch/s  Command
03:47:17 PM     0     83510    0.20    0.20    0.00    0.00    0.40     1     28.60      0.00 5601444   42912   1.18      0.00      0.00  java

# Time        UID       PID    %usr %system  %guest   %wait    %CPU   CPU  minflt/s  majflt/s     VSZ     RSS   %MEM   cswch/s nvcswch/s  Command
03:47:22 PM     0     83510    0.40    0.00    0.00    0.00    0.40     1     97.80      1.00 5601444   43452   1.19      0.00      0.00  java

# Time        UID       PID    %usr %system  %guest   %wait    %CPU   CPU  minflt/s  majflt/s     VSZ     RSS   %MEM   cswch/s nvcswch/s  Command
03:47:27 PM     0     83510    0.20    0.20    0.00    0.00    0.40     1     20.40      0.00 5601444   43556   1.20      0.00      0.00  java

# Time        UID       PID    %usr %system  %guest   %wait    %CPU   CPU  minflt/s  majflt/s     VSZ     RSS   %MEM   cswch/s nvcswch/s  Command
03:47:32 PM     0     83510    1.40    0.00    0.00    0.00    1.40     1    293.80      0.00 5601444   46984   1.29      0.00      0.00  java

# Time        UID       PID    %usr %system  %guest   %wait    %CPU   CPU  minflt/s  majflt/s     VSZ     RSS   %MEM   cswch/s nvcswch/s  Command
03:47:37 PM     0     83510    0.20    0.00    0.00    0.00    0.20     1     29.20      0.00 5601444   45996   1.26      0.00      0.00  java

# Time        UID       PID    %usr %system  %guest   %wait    %CPU   CPU  minflt/s  majflt/s     VSZ     RSS   %MEM   cswch/s nvcswch/s  Command
03:47:42 PM     0     83510    0.00    0.20    0.00    0.00    0.20     1     43.00      0.00 5601444   46248   1.27      0.00      0.00  java

# Time        UID       PID    %usr %system  %guest   %wait    %CPU   CPU  minflt/s  majflt/s     VSZ     RSS   %MEM   cswch/s nvcswch/s  Command
03:47:47 PM     0     83510    0.60    0.00    0.00    0.00    0.60     1     38.00      0.00 5601444   46488   1.28      0.00      0.00  java

# Time        UID       PID    %usr %system  %guest   %wait    %CPU   CPU  minflt/s  majflt/s     VSZ     RSS   %MEM   cswch/s nvcswch/s  Command
03:47:52 PM     0     83510    0.00    0.00    0.00    0.00    0.00     1     19.40      0.80 5601444   46812   1.28      0.00      0.00  java

# Time        UID       PID    %usr %system  %guest   %wait    %CPU   CPU  minflt/s  majflt/s     VSZ     RSS   %MEM   cswch/s nvcswch/s  Command
03:47:57 PM     0     83510    0.20    0.20    0.00    0.00    0.40     1     34.40      0.20 5601444   47040   1.29      0.00      0.00  java

# Time        UID       PID    %usr %system  %guest   %wait    %CPU   CPU  minflt/s  majflt/s     VSZ     RSS   %MEM   cswch/s nvcswch/s  Command
03:48:02 PM     0     83510    0.00    0.00    0.00    0.00    0.00     1     10.00      0.00 5601444   45464   1.25      0.00      0.00  java

# Time        UID       PID    %usr %system  %guest   %wait    %CPU   CPU  minflt/s  majflt/s     VSZ     RSS   %MEM   cswch/s nvcswch/s  Command
03:48:07 PM     0     83510    0.20    0.00    0.00    0.00    0.20     1     19.20      0.00 5601444   45568   1.25      0.00      0.00  java

# Time        UID       PID    %usr %system  %guest   %wait    %CPU   CPU  minflt/s  majflt/s     VSZ     RSS   %MEM   cswch/s nvcswch/s  Command
03:48:12 PM     0     83510    0.00    0.00    0.00    0.00    0.00     1      9.40      0.00 5601444   45616   1.25      0.00      0.00  java

# Time        UID       PID    %usr %system  %guest   %wait    %CPU   CPU  minflt/s  majflt/s     VSZ     RSS   %MEM   cswch/s nvcswch/s  Command
03:48:17 PM     0     83510    0.40    0.20    0.00    0.00    0.60     1     78.60      0.00 5601444   47036   1.29      0.00      0.00  java

# Time        UID       PID    %usr %system  %guest   %wait    %CPU   CPU  minflt/s  majflt/s     VSZ     RSS   %MEM   cswch/s nvcswch/s  Command
03:48:22 PM     0     83510    0.00    0.00    0.00    0.00    0.00     1      0.00      0.40 5601444   47036   1.29      0.00      0.00  java

# Time        UID       PID    %usr %system  %guest   %wait    %CPU   CPU  minflt/s  majflt/s     VSZ     RSS   %MEM   cswch/s nvcswch/s  Command
03:48:27 PM     0     83510    0.20    0.00    0.00    0.00    0.20     1      0.00      0.00 5601444   47036   1.29      0.00      0.00  java

# Time        UID       PID    %usr %system  %guest   %wait    %CPU   CPU  minflt/s  majflt/s     VSZ     RSS   %MEM   cswch/s nvcswch/s  Command
03:48:32 PM     0     83510    0.00    0.00    0.00    0.00    0.00     1      0.00      0.00 5601444   47036   1.29      0.00      0.00  java

# Time        UID       PID    %usr %system  %guest   %wait    %CPU   CPU  minflt/s  majflt/s     VSZ     RSS   %MEM   cswch/s nvcswch/s  Command
03:48:37 PM     0     83510    0.00    0.00    0.00    0.00    0.00     1      0.00      0.00 5601444   47036   1.29      0.00      0.00  java

# Time        UID       PID    %usr %system  %guest   %wait    %CPU   CPU  minflt/s  majflt/s     VSZ     RSS   %MEM   cswch/s nvcswch/s  Command
03:48:42 PM     0     83510    0.00    0.00    0.00    0.00    0.00     1      0.00      0.00 5601444   47036   1.29      0.00      0.00  java

# Time        UID       PID    %usr %system  %guest   %wait    %CPU   CPU  minflt/s  majflt/s     VSZ     RSS   %MEM   cswch/s nvcswch/s  Command
03:48:47 PM     0     83510    0.20    0.00    0.00    0.00    0.20     1      6.60      0.20 5601444   47064   1.29      0.00      0.00  java

# Time        UID       PID    %usr %system  %guest   %wait    %CPU   CPU  minflt/s  majflt/s     VSZ     RSS   %MEM   cswch/s nvcswch/s  Command
03:48:52 PM     0     83510    0.00    0.00    0.00    0.00    0.00     1      0.00      0.40 5601444   47064   1.29      0.00      0.00  java

# Time        UID       PID    %usr %system  %guest   %wait    %CPU   CPU  minflt/s  majflt/s     VSZ     RSS   %MEM   cswch/s nvcswch/s  Command
03:48:57 PM     0     83510    0.00    0.00    0.00    0.00    0.00     1      0.00      0.00 5601444   47064   1.29      0.00      0.00  java

# Time        UID       PID    %usr %system  %guest   %wait    %CPU   CPU  minflt/s  majflt/s     VSZ     RSS   %MEM   cswch/s nvcswch/s  Command
03:49:02 PM     0     83510    0.00    0.00    0.00    0.00    0.00     1      0.00      0.00 5601444   47064   1.29      0.00      0.00  java

# Time        UID       PID    %usr %system  %guest   %wait    %CPU   CPU  minflt/s  majflt/s     VSZ     RSS   %MEM   cswch/s nvcswch/s  Command
03:49:07 PM     0     83510    0.00    0.00    0.00    0.00    0.00     1      0.00      0.00 5601444   47064   1.29      0.00      0.00  java

# Time        UID       PID    %usr %system  %guest   %wait    %CPU   CPU  minflt/s  majflt/s     VSZ     RSS   %MEM   cswch/s nvcswch/s  Command
03:49:12 PM     0     83510    0.00    0.00    0.00    0.00    0.00     1      0.00      0.00 5601444   47064   1.29      0.00      0.00  java

# Time        UID       PID    %usr %system  %guest   %wait    %CPU   CPU  minflt/s  majflt/s     VSZ     RSS   %MEM   cswch/s nvcswch/s  Command
03:49:17 PM     0     83510    0.20    0.00    0.00    0.00    0.20     1      6.60      0.20 5601444   47064   1.29      0.00      0.00  java

# Time        UID       PID    %usr %system  %guest   %wait    %CPU   CPU  minflt/s  majflt/s     VSZ     RSS   %MEM   cswch/s nvcswch/s  Command
03:49:22 PM     0     83510    0.00    0.00    0.00    0.00    0.00     1      0.00      0.40 5601444   47064   1.29      0.00      0.00  java

# Time        UID       PID    %usr %system  %guest   %wait    %CPU   CPU  minflt/s  majflt/s     VSZ     RSS   %MEM   cswch/s nvcswch/s  Command
03:49:27 PM     0     83510    0.00    0.00    0.00    0.00    0.00     1      0.00      0.00 5601444   47064   1.29      0.00      0.00  java

# Time        UID       PID    %usr %system  %guest   %wait    %CPU   CPU  minflt/s  majflt/s     VSZ     RSS   %MEM   cswch/s nvcswch/s  Command
03:49:32 PM     0     83510    0.00    0.00    0.00    0.00    0.00     1      0.00      0.00 5601444   47064   1.29      0.00      0.00  java

# Time        UID       PID    %usr %system  %guest   %wait    %CPU   CPU  minflt/s  majflt/s     VSZ     RSS   %MEM   cswch/s nvcswch/s  Command
03:49:37 PM     0     83510    0.00    0.00    0.00    0.00    0.00     1      0.00      0.00 5601444   47064   1.29      0.00      0.00  java

# Time        UID       PID    %usr %system  %guest   %wait    %CPU   CPU  minflt/s  majflt/s     VSZ     RSS   %MEM   cswch/s nvcswch/s  Command
03:49:42 PM     0     83510    0.20    0.00    0.00    0.00    0.20     1      6.60      0.20 5601444   47064   1.29      0.00      0.00  java

# Time        UID       PID    %usr %system  %guest   %wait    %CPU   CPU  minflt/s  majflt/s     VSZ     RSS   %MEM   cswch/s nvcswch/s  Command
03:49:47 PM     0     83510    0.00    0.00    0.00    0.00    0.00     1      0.00      0.00 5601444   47064   1.29      0.00      0.00  java

# Time        UID       PID    %usr %system  %guest   %wait    %CPU   CPU  minflt/s  majflt/s     VSZ     RSS   %MEM   cswch/s nvcswch/s  Command
03:49:52 PM     0     83510    0.00    0.00    0.00    0.00    0.00     1      0.00      0.40 5601444   47064   1.29      0.00      0.00  java

# Time        UID       PID    %usr %system  %guest   %wait    %CPU   CPU  minflt/s  majflt/s     VSZ     RSS   %MEM   cswch/s nvcswch/s  Command
03:49:57 PM     0     83510    0.00    0.00    0.00    0.00    0.00     1      0.00      0.00 5601444   47064   1.29      0.00      0.00  java

# Time        UID       PID    %usr %system  %guest   %wait    %CPU   CPU  minflt/s  majflt/s     VSZ     RSS   %MEM   cswch/s nvcswch/s  Command
03:50:02 PM     0     83510    0.20    0.00    0.00    0.00    0.20     1      0.00      0.00 5601444   47064   1.29      0.00      0.00  java

# Time        UID       PID    %usr %system  %guest   %wait    %CPU   CPU  minflt/s  majflt/s     VSZ     RSS   %MEM   cswch/s nvcswch/s  Command
03:50:07 PM     0     83510    0.00    0.00    0.00    0.00    0.00     1      0.00      0.00 5601444   47064   1.29      0.00      0.00  java

# Time        UID       PID    %usr %system  %guest   %wait    %CPU   CPU  minflt/s  majflt/s     VSZ     RSS   %MEM   cswch/s nvcswch/s  Command
03:50:12 PM     0     83510    0.00    0.00    0.00    0.00    0.00     1      6.80      0.40 5601444   47064   1.29      0.00      0.00  java

# Time        UID       PID    %usr %system  %guest   %wait    %CPU   CPU  minflt/s  majflt/s     VSZ     RSS   %MEM   cswch/s nvcswch/s  Command
03:50:17 PM     0     83510    0.20    0.20    0.00    0.00    0.40     1      0.00      0.00 5601444   47064   1.29      0.00      0.00  java

# Time        UID       PID    %usr %system  %guest   %wait    %CPU   CPU  minflt/s  majflt/s     VSZ     RSS   %MEM   cswch/s nvcswch/s  Command
03:50:22 PM     0     83510    0.00    0.00    0.00    0.00    0.00     1      0.00      0.00 5601444   47064   1.29      0.00      0.00  java

# Time        UID       PID    %usr %system  %guest   %wait    %CPU   CPU  minflt/s  majflt/s     VSZ     RSS   %MEM   cswch/s nvcswch/s  Command
03:50:27 PM     0     83510    0.00    0.00    0.00    0.00    0.00     1      0.00      0.40 5601444   47064   1.29      0.00      0.00  java

# Time        UID       PID    %usr %system  %guest   %wait    %CPU   CPU  minflt/s  majflt/s     VSZ     RSS   %MEM   cswch/s nvcswch/s  Command
03:50:32 PM     0     83510    0.00    0.00    0.00    0.00    0.00     1      0.00      0.00 5601444   47064   1.29      0.00      0.00  java

# Time        UID       PID    %usr %system  %guest   %wait    %CPU   CPU  minflt/s  majflt/s     VSZ     RSS   %MEM   cswch/s nvcswch/s  Command
03:50:37 PM     0     83510    0.00    0.00    0.00    0.00    0.00     1      0.00      0.00 5601444   47064   1.29      0.00      0.00  java

# Time        UID       PID    %usr %system  %guest   %wait    %CPU   CPU  minflt/s  majflt/s     VSZ     RSS   %MEM   cswch/s nvcswch/s  Command
03:50:42 PM     0     83510    0.00    0.00    0.00    0.00    0.00     1     10.20      0.20 5601444   47108   1.29      0.00      0.00  java

# Time        UID       PID    %usr %system  %guest   %wait    %CPU   CPU  minflt/s  majflt/s     VSZ     RSS   %MEM   cswch/s nvcswch/s  Command
03:50:47 PM     0     83510    0.40    0.00    0.00    0.00    0.40     1     28.60      0.40 5601444   47132   1.29      0.00      0.00  java
