
SPECjvm2008 Peak
  Properties file:   none
  Benchmarks:        startup.helloworld startup.compiler.compiler startup.compiler.sunflow startup.compress startup.crypto.aes startup.crypto.rsa startup.crypto.signverify startup.mpegaudio startup.scimark.fft startup.scimark.lu startup.scimark.monte_carlo startup.scimark.sor startup.scimark.sparse startup.serial startup.sunflow startup.xml.transform startup.xml.validation

  WARNING: Run will not be compliant.
  Property specjvm.run.initial.check must be true for publication.
  Property specjvm.miniter must be 1 for publication.
  Not a compliant sequence of benchmarks for publication.
  Property specjvm.run.checksum.validation must be true for publication.


--- --- --- --- --- --- --- --- ---

  Benchmark:   startup.helloworld
  Run mode:    static run
  Test type:   single
  Threads:     1
  Iterations:  5
  Run length:  1 operation

Iteration 1 (1 operation) begins: Sun Jul 07 15:45:52 CST 2024
Iteration 1 (1 operation) ends:   Sun Jul 07 15:45:52 CST 2024
Iteration 1 (1 operation) result: 333.33 ops/m

Iteration 2 (1 operation) begins: Sun Jul 07 15:45:52 CST 2024
Iteration 2 (1 operation) ends:   Sun Jul 07 15:45:52 CST 2024
Iteration 2 (1 operation) result: 508.47 ops/m

Iteration 3 (1 operation) begins: Sun Jul 07 15:45:52 CST 2024
Iteration 3 (1 operation) ends:   Sun Jul 07 15:45:52 CST 2024
Iteration 3 (1 operation) result: 504.20 ops/m

Iteration 4 (1 operation) begins: Sun Jul 07 15:45:52 CST 2024
Iteration 4 (1 operation) ends:   Sun Jul 07 15:45:52 CST 2024
Iteration 4 (1 operation) result: 480.00 ops/m

Iteration 5 (1 operation) begins: Sun Jul 07 15:45:52 CST 2024
Iteration 5 (1 operation) ends:   Sun Jul 07 15:45:53 CST 2024
Iteration 5 (1 operation) result: 571.43 ops/m

Valid run!
Score on startup.helloworld: 571.43 ops/m


--- --- --- --- --- --- --- --- ---

  Benchmark:   startup.compiler.compiler
  Run mode:    static run
  Test type:   single
  Threads:     1
  Iterations:  5
  Run length:  1 operation

Iteration 1 (1 operation) begins: Sun Jul 07 15:45:53 CST 2024
Iteration 1 (1 operation) ends:   Sun Jul 07 15:45:56 CST 2024
Iteration 1 (1 operation) result: 16.51 ops/m

Iteration 2 (1 operation) begins: Sun Jul 07 15:45:56 CST 2024
Iteration 2 (1 operation) ends:   Sun Jul 07 15:46:00 CST 2024
Iteration 2 (1 operation) result: 17.10 ops/m

Iteration 3 (1 operation) begins: Sun Jul 07 15:46:00 CST 2024
Iteration 3 (1 operation) ends:   Sun Jul 07 15:46:03 CST 2024
Iteration 3 (1 operation) result: 16.16 ops/m

Iteration 4 (1 operation) begins: Sun Jul 07 15:46:03 CST 2024
Iteration 4 (1 operation) ends:   Sun Jul 07 15:46:08 CST 2024
Iteration 4 (1 operation) result: 13.93 ops/m

Iteration 5 (1 operation) begins: Sun Jul 07 15:46:08 CST 2024
Iteration 5 (1 operation) ends:   Sun Jul 07 15:46:12 CST 2024
Iteration 5 (1 operation) result: 15.71 ops/m

Valid run!
Score on startup.compiler.compiler: 17.10 ops/m


--- --- --- --- --- --- --- --- ---

  Benchmark:   startup.compiler.sunflow
  Run mode:    static run
  Test type:   single
  Threads:     1
  Iterations:  5
  Run length:  1 operation

Iteration 1 (1 operation) begins: Sun Jul 07 15:46:12 CST 2024
Iteration 1 (1 operation) ends:   Sun Jul 07 15:46:16 CST 2024
Iteration 1 (1 operation) result: 12.57 ops/m

Iteration 2 (1 operation) begins: Sun Jul 07 15:46:16 CST 2024
Iteration 2 (1 operation) ends:   Sun Jul 07 15:46:20 CST 2024
Iteration 2 (1 operation) result: 15.13 ops/m

Iteration 3 (1 operation) begins: Sun Jul 07 15:46:20 CST 2024
Iteration 3 (1 operation) ends:   Sun Jul 07 15:46:25 CST 2024
Iteration 3 (1 operation) result: 14.09 ops/m

Iteration 4 (1 operation) begins: Sun Jul 07 15:46:25 CST 2024
Iteration 4 (1 operation) ends:   Sun Jul 07 15:46:29 CST 2024
Iteration 4 (1 operation) result: 14.07 ops/m

Iteration 5 (1 operation) begins: Sun Jul 07 15:46:29 CST 2024
Iteration 5 (1 operation) ends:   Sun Jul 07 15:46:33 CST 2024
Iteration 5 (1 operation) result: 13.61 ops/m

Valid run!
Score on startup.compiler.sunflow: 15.13 ops/m


--- --- --- --- --- --- --- --- ---

  Benchmark:   startup.compress
  Run mode:    static run
  Test type:   single
  Threads:     1
  Iterations:  5
  Run length:  1 operation

Iteration 1 (1 operation) begins: Sun Jul 07 15:46:33 CST 2024
Iteration 1 (1 operation) ends:   Sun Jul 07 15:46:35 CST 2024
Iteration 1 (1 operation) result: 44.58 ops/m

Iteration 2 (1 operation) begins: Sun Jul 07 15:46:35 CST 2024
Iteration 2 (1 operation) ends:   Sun Jul 07 15:46:36 CST 2024
Iteration 2 (1 operation) result: 43.32 ops/m

Iteration 3 (1 operation) begins: Sun Jul 07 15:46:36 CST 2024
Iteration 3 (1 operation) ends:   Sun Jul 07 15:46:37 CST 2024
Iteration 3 (1 operation) result: 47.92 ops/m

Iteration 4 (1 operation) begins: Sun Jul 07 15:46:37 CST 2024
Iteration 4 (1 operation) ends:   Sun Jul 07 15:46:38 CST 2024
Iteration 4 (1 operation) result: 48.23 ops/m

Iteration 5 (1 operation) begins: Sun Jul 07 15:46:38 CST 2024
Iteration 5 (1 operation) ends:   Sun Jul 07 15:46:40 CST 2024
Iteration 5 (1 operation) result: 47.77 ops/m

Valid run!
Score on startup.compress: 48.23 ops/m


--- --- --- --- --- --- --- --- ---

  Benchmark:   startup.crypto.aes
  Run mode:    static run
  Test type:   single
  Threads:     1
  Iterations:  5
  Run length:  1 operation

Iteration 1 (1 operation) begins: Sun Jul 07 15:46:40 CST 2024
Iteration 1 (1 operation) ends:   Sun Jul 07 15:46:43 CST 2024
Iteration 1 (1 operation) result: 20.27 ops/m

Iteration 2 (1 operation) begins: Sun Jul 07 15:46:43 CST 2024
Iteration 2 (1 operation) ends:   Sun Jul 07 15:46:46 CST 2024
Iteration 2 (1 operation) result: 20.91 ops/m

Iteration 3 (1 operation) begins: Sun Jul 07 15:46:46 CST 2024
Iteration 3 (1 operation) ends:   Sun Jul 07 15:46:48 CST 2024
Iteration 3 (1 operation) result: 21.15 ops/m

Iteration 4 (1 operation) begins: Sun Jul 07 15:46:48 CST 2024
Iteration 4 (1 operation) ends:   Sun Jul 07 15:46:51 CST 2024
Iteration 4 (1 operation) result: 21.75 ops/m

Iteration 5 (1 operation) begins: Sun Jul 07 15:46:51 CST 2024
Iteration 5 (1 operation) ends:   Sun Jul 07 15:46:54 CST 2024
Iteration 5 (1 operation) result: 17.97 ops/m

Valid run!
Score on startup.crypto.aes: 21.75 ops/m


--- --- --- --- --- --- --- --- ---

  Benchmark:   startup.crypto.rsa
  Run mode:    static run
  Test type:   single
  Threads:     1
  Iterations:  5
  Run length:  1 operation

Iteration 1 (1 operation) begins: Sun Jul 07 15:46:54 CST 2024
Iteration 1 (1 operation) ends:   Sun Jul 07 15:46:55 CST 2024
Iteration 1 (1 operation) result: 98.04 ops/m

Iteration 2 (1 operation) begins: Sun Jul 07 15:46:55 CST 2024
Iteration 2 (1 operation) ends:   Sun Jul 07 15:46:56 CST 2024
Iteration 2 (1 operation) result: 97.40 ops/m

Iteration 3 (1 operation) begins: Sun Jul 07 15:46:56 CST 2024
Iteration 3 (1 operation) ends:   Sun Jul 07 15:46:56 CST 2024
Iteration 3 (1 operation) result: 89.15 ops/m

Iteration 4 (1 operation) begins: Sun Jul 07 15:46:56 CST 2024
Iteration 4 (1 operation) ends:   Sun Jul 07 15:46:57 CST 2024
Iteration 4 (1 operation) result: 92.88 ops/m

Iteration 5 (1 operation) begins: Sun Jul 07 15:46:57 CST 2024
Iteration 5 (1 operation) ends:   Sun Jul 07 15:46:58 CST 2024
Iteration 5 (1 operation) result: 113.85 ops/m

Valid run!
Score on startup.crypto.rsa: 113.85 ops/m


--- --- --- --- --- --- --- --- ---

  Benchmark:   startup.crypto.signverify
  Run mode:    static run
  Test type:   single
  Threads:     1
  Iterations:  5
  Run length:  1 operation

Iteration 1 (1 operation) begins: Sun Jul 07 15:46:58 CST 2024
Iteration 1 (1 operation) ends:   Sun Jul 07 15:46:58 CST 2024
Iteration 1 (1 operation) result: 67.19 ops/m

Iteration 2 (1 operation) begins: Sun Jul 07 15:46:58 CST 2024
Iteration 2 (1 operation) ends:   Sun Jul 07 15:46:59 CST 2024
Iteration 2 (1 operation) result: 65.86 ops/m

Iteration 3 (1 operation) begins: Sun Jul 07 15:46:59 CST 2024
Iteration 3 (1 operation) ends:   Sun Jul 07 15:47:00 CST 2024
Iteration 3 (1 operation) result: 62.11 ops/m

Iteration 4 (1 operation) begins: Sun Jul 07 15:47:00 CST 2024
Iteration 4 (1 operation) ends:   Sun Jul 07 15:47:01 CST 2024
Iteration 4 (1 operation) result: 70.59 ops/m

Iteration 5 (1 operation) begins: Sun Jul 07 15:47:01 CST 2024
Iteration 5 (1 operation) ends:   Sun Jul 07 15:47:02 CST 2024
Iteration 5 (1 operation) result: 68.10 ops/m

Valid run!
Score on startup.crypto.signverify: 70.59 ops/m


--- --- --- --- --- --- --- --- ---

  Benchmark:   startup.mpegaudio
  Run mode:    static run
  Test type:   single
  Threads:     1
  Iterations:  5
  Run length:  1 operation

Iteration 1 (1 operation) begins: Sun Jul 07 15:47:02 CST 2024
Iteration 1 (1 operation) ends:   Sun Jul 07 15:47:05 CST 2024
Iteration 1 (1 operation) result: 23.85 ops/m

Iteration 2 (1 operation) begins: Sun Jul 07 15:47:05 CST 2024
Iteration 2 (1 operation) ends:   Sun Jul 07 15:47:07 CST 2024
Iteration 2 (1 operation) result: 22.83 ops/m

Iteration 3 (1 operation) begins: Sun Jul 07 15:47:07 CST 2024
Iteration 3 (1 operation) ends:   Sun Jul 07 15:47:10 CST 2024
Iteration 3 (1 operation) result: 21.72 ops/m

Iteration 4 (1 operation) begins: Sun Jul 07 15:47:10 CST 2024
Iteration 4 (1 operation) ends:   Sun Jul 07 15:47:13 CST 2024
Iteration 4 (1 operation) result: 20.98 ops/m

Iteration 5 (1 operation) begins: Sun Jul 07 15:47:13 CST 2024
Iteration 5 (1 operation) ends:   Sun Jul 07 15:47:16 CST 2024
Iteration 5 (1 operation) result: 22.35 ops/m

Valid run!
Score on startup.mpegaudio: 23.85 ops/m


--- --- --- --- --- --- --- --- ---

  Benchmark:   startup.scimark.fft
  Run mode:    static run
  Test type:   single
  Threads:     1
  Iterations:  5
  Run length:  1 operation

Iteration 1 (1 operation) begins: Sun Jul 07 15:47:16 CST 2024
Iteration 1 (1 operation) ends:   Sun Jul 07 15:47:16 CST 2024
Iteration 1 (1 operation) result: 71.51 ops/m

Iteration 2 (1 operation) begins: Sun Jul 07 15:47:16 CST 2024
Iteration 2 (1 operation) ends:   Sun Jul 07 15:47:17 CST 2024
Iteration 2 (1 operation) result: 76.92 ops/m

Iteration 3 (1 operation) begins: Sun Jul 07 15:47:17 CST 2024
Iteration 3 (1 operation) ends:   Sun Jul 07 15:47:18 CST 2024
Iteration 3 (1 operation) result: 83.57 ops/m

Iteration 4 (1 operation) begins: Sun Jul 07 15:47:18 CST 2024
Iteration 4 (1 operation) ends:   Sun Jul 07 15:47:19 CST 2024
Iteration 4 (1 operation) result: 80.43 ops/m

Iteration 5 (1 operation) begins: Sun Jul 07 15:47:19 CST 2024
Iteration 5 (1 operation) ends:   Sun Jul 07 15:47:19 CST 2024
Iteration 5 (1 operation) result: 81.52 ops/m

Valid run!
Score on startup.scimark.fft: 83.57 ops/m


--- --- --- --- --- --- --- --- ---

  Benchmark:   startup.scimark.lu
  Run mode:    static run
  Test type:   single
  Threads:     1
  Iterations:  5
  Run length:  1 operation

Iteration 1 (1 operation) begins: Sun Jul 07 15:47:19 CST 2024
Iteration 1 (1 operation) ends:   Sun Jul 07 15:47:20 CST 2024
Iteration 1 (1 operation) result: 120.72 ops/m

Iteration 2 (1 operation) begins: Sun Jul 07 15:47:20 CST 2024
Iteration 2 (1 operation) ends:   Sun Jul 07 15:47:20 CST 2024
Iteration 2 (1 operation) result: 125.79 ops/m

Iteration 3 (1 operation) begins: Sun Jul 07 15:47:20 CST 2024
Iteration 3 (1 operation) ends:   Sun Jul 07 15:47:21 CST 2024
Iteration 3 (1 operation) result: 126.85 ops/m

Iteration 4 (1 operation) begins: Sun Jul 07 15:47:21 CST 2024
Iteration 4 (1 operation) ends:   Sun Jul 07 15:47:21 CST 2024
Iteration 4 (1 operation) result: 125.26 ops/m

Iteration 5 (1 operation) begins: Sun Jul 07 15:47:21 CST 2024
Iteration 5 (1 operation) ends:   Sun Jul 07 15:47:22 CST 2024
Iteration 5 (1 operation) result: 131.00 ops/m

Valid run!
Score on startup.scimark.lu: 131.00 ops/m


--- --- --- --- --- --- --- --- ---

  Benchmark:   startup.scimark.monte_carlo
  Run mode:    static run
  Test type:   single
  Threads:     1
  Iterations:  5
  Run length:  1 operation

Iteration 1 (1 operation) begins: Sun Jul 07 15:47:22 CST 2024
Iteration 1 (1 operation) ends:   Sun Jul 07 15:47:23 CST 2024
Iteration 1 (1 operation) result: 36.67 ops/m

Iteration 2 (1 operation) begins: Sun Jul 07 15:47:23 CST 2024
Iteration 2 (1 operation) ends:   Sun Jul 07 15:47:25 CST 2024
Iteration 2 (1 operation) result: 33.58 ops/m

Iteration 3 (1 operation) begins: Sun Jul 07 15:47:25 CST 2024
Iteration 3 (1 operation) ends:   Sun Jul 07 15:47:27 CST 2024
Iteration 3 (1 operation) result: 36.70 ops/m

Iteration 4 (1 operation) begins: Sun Jul 07 15:47:27 CST 2024
Iteration 4 (1 operation) ends:   Sun Jul 07 15:47:28 CST 2024
Iteration 4 (1 operation) result: 37.29 ops/m

Iteration 5 (1 operation) begins: Sun Jul 07 15:47:28 CST 2024
Iteration 5 (1 operation) ends:   Sun Jul 07 15:47:30 CST 2024
Iteration 5 (1 operation) result: 35.40 ops/m

Valid run!
Score on startup.scimark.monte_carlo: 37.29 ops/m


--- --- --- --- --- --- --- --- ---

  Benchmark:   startup.scimark.sor
  Run mode:    static run
  Test type:   single
  Threads:     1
  Iterations:  5
  Run length:  1 operation

Iteration 1 (1 operation) begins: Sun Jul 07 15:47:30 CST 2024
Iteration 1 (1 operation) ends:   Sun Jul 07 15:47:32 CST 2024
Iteration 1 (1 operation) result: 35.71 ops/m

Iteration 2 (1 operation) begins: Sun Jul 07 15:47:32 CST 2024
Iteration 2 (1 operation) ends:   Sun Jul 07 15:47:34 CST 2024
Iteration 2 (1 operation) result: 32.56 ops/m

Iteration 3 (1 operation) begins: Sun Jul 07 15:47:34 CST 2024
Iteration 3 (1 operation) ends:   Sun Jul 07 15:47:35 CST 2024
Iteration 3 (1 operation) result: 36.47 ops/m

Iteration 4 (1 operation) begins: Sun Jul 07 15:47:35 CST 2024
Iteration 4 (1 operation) ends:   Sun Jul 07 15:47:37 CST 2024
Iteration 4 (1 operation) result: 35.27 ops/m

Iteration 5 (1 operation) begins: Sun Jul 07 15:47:37 CST 2024
Iteration 5 (1 operation) ends:   Sun Jul 07 15:47:39 CST 2024
Iteration 5 (1 operation) result: 36.67 ops/m

Valid run!
Score on startup.scimark.sor: 36.67 ops/m


--- --- --- --- --- --- --- --- ---

  Benchmark:   startup.scimark.sparse
  Run mode:    static run
  Test type:   single
  Threads:     1
  Iterations:  5
  Run length:  1 operation

Iteration 1 (1 operation) begins: Sun Jul 07 15:47:39 CST 2024
Iteration 1 (1 operation) ends:   Sun Jul 07 15:47:40 CST 2024
Iteration 1 (1 operation) result: 51.72 ops/m

Iteration 2 (1 operation) begins: Sun Jul 07 15:47:40 CST 2024
Iteration 2 (1 operation) ends:   Sun Jul 07 15:47:41 CST 2024
Iteration 2 (1 operation) result: 52.45 ops/m

Iteration 3 (1 operation) begins: Sun Jul 07 15:47:41 CST 2024
Iteration 3 (1 operation) ends:   Sun Jul 07 15:47:42 CST 2024
Iteration 3 (1 operation) result: 43.89 ops/m

Iteration 4 (1 operation) begins: Sun Jul 07 15:47:42 CST 2024
Iteration 4 (1 operation) ends:   Sun Jul 07 15:47:43 CST 2024
Iteration 4 (1 operation) result: 49.83 ops/m

Iteration 5 (1 operation) begins: Sun Jul 07 15:47:43 CST 2024
Iteration 5 (1 operation) ends:   Sun Jul 07 15:47:45 CST 2024
Iteration 5 (1 operation) result: 47.21 ops/m

Valid run!
Score on startup.scimark.sparse: 52.45 ops/m


--- --- --- --- --- --- --- --- ---

  Benchmark:   startup.serial
  Run mode:    static run
  Test type:   single
  Threads:     1
  Iterations:  5
  Run length:  1 operation

Iteration 1 (1 operation) begins: Sun Jul 07 15:47:45 CST 2024
Iteration 1 (1 operation) ends:   Sun Jul 07 15:47:47 CST 2024
Iteration 1 (1 operation) result: 26.32 ops/m

Iteration 2 (1 operation) begins: Sun Jul 07 15:47:47 CST 2024
Iteration 2 (1 operation) ends:   Sun Jul 07 15:47:49 CST 2024
Iteration 2 (1 operation) result: 25.35 ops/m

Iteration 3 (1 operation) begins: Sun Jul 07 15:47:49 CST 2024
Iteration 3 (1 operation) ends:   Sun Jul 07 15:47:52 CST 2024
Iteration 3 (1 operation) result: 24.29 ops/m

Iteration 4 (1 operation) begins: Sun Jul 07 15:47:52 CST 2024
Iteration 4 (1 operation) ends:   Sun Jul 07 15:47:54 CST 2024
Iteration 4 (1 operation) result: 25.14 ops/m

Iteration 5 (1 operation) begins: Sun Jul 07 15:47:54 CST 2024
Iteration 5 (1 operation) ends:   Sun Jul 07 15:47:57 CST 2024
Iteration 5 (1 operation) result: 25.75 ops/m

Valid run!
Score on startup.serial: 26.32 ops/m


--- --- --- --- --- --- --- --- ---

  Benchmark:   startup.sunflow
  Run mode:    static run
  Test type:   single
  Threads:     1
  Iterations:  5
  Run length:  1 operation

Iteration 1 (1 operation) begins: Sun Jul 07 15:47:57 CST 2024
Iteration 1 (1 operation) ends:   Sun Jul 07 15:47:59 CST 2024
Iteration 1 (1 operation) result: 20.83 ops/m

Iteration 2 (1 operation) begins: Sun Jul 07 15:47:59 CST 2024
Iteration 2 (1 operation) ends:   Sun Jul 07 15:48:03 CST 2024
Iteration 2 (1 operation) result: 18.95 ops/m

Iteration 3 (1 operation) begins: Sun Jul 07 15:48:03 CST 2024
Iteration 3 (1 operation) ends:   Sun Jul 07 15:48:06 CST 2024
Iteration 3 (1 operation) result: 18.56 ops/m

Iteration 4 (1 operation) begins: Sun Jul 07 15:48:06 CST 2024
Iteration 4 (1 operation) ends:   Sun Jul 07 15:48:09 CST 2024
Iteration 4 (1 operation) result: 16.85 ops/m

Iteration 5 (1 operation) begins: Sun Jul 07 15:48:09 CST 2024
Iteration 5 (1 operation) ends:   Sun Jul 07 15:48:12 CST 2024
Iteration 5 (1 operation) result: 19.91 ops/m

Valid run!
Score on startup.sunflow: 20.83 ops/m


--- --- --- --- --- --- --- --- ---

  Benchmark:   startup.xml.transform
  Run mode:    static run
  Test type:   single
  Threads:     1
  Iterations:  5
  Run length:  1 operation

Iteration 1 (1 operation) begins: Sun Jul 07 15:48:12 CST 2024
Iteration 1 (1 operation) ends:   Sun Jul 07 15:48:42 CST 2024
Iteration 1 (1 operation) result: 2.02 ops/m

Iteration 2 (1 operation) begins: Sun Jul 07 15:48:42 CST 2024
Iteration 2 (1 operation) ends:   Sun Jul 07 15:49:12 CST 2024
Iteration 2 (1 operation) result: 2.00 ops/m

Iteration 3 (1 operation) begins: Sun Jul 07 15:49:12 CST 2024
Iteration 3 (1 operation) ends:   Sun Jul 07 15:49:42 CST 2024
Iteration 3 (1 operation) result: 2.05 ops/m

Iteration 4 (1 operation) begins: Sun Jul 07 15:49:42 CST 2024
Iteration 4 (1 operation) ends:   Sun Jul 07 15:50:11 CST 2024
Iteration 4 (1 operation) result: 2.06 ops/m

Iteration 5 (1 operation) begins: Sun Jul 07 15:50:11 CST 2024
Iteration 5 (1 operation) ends:   Sun Jul 07 15:50:41 CST 2024
Iteration 5 (1 operation) result: 2.01 ops/m

Valid run!
Score on startup.xml.transform: 2.06 ops/m


--- --- --- --- --- --- --- --- ---

  Benchmark:   startup.xml.validation
  Run mode:    static run
  Test type:   single
  Threads:     1
  Iterations:  5
  Run length:  1 operation

Iteration 1 (1 operation) begins: Sun Jul 07 15:50:41 CST 2024
Iteration 1 (1 operation) ends:   Sun Jul 07 15:50:42 CST 2024
Iteration 1 (1 operation) result: 38.81 ops/m

Iteration 2 (1 operation) begins: Sun Jul 07 15:50:42 CST 2024
Iteration 2 (1 operation) ends:   Sun Jul 07 15:50:44 CST 2024
Iteration 2 (1 operation) result: 40.73 ops/m

Iteration 3 (1 operation) begins: Sun Jul 07 15:50:44 CST 2024
Iteration 3 (1 operation) ends:   Sun Jul 07 15:50:45 CST 2024
Iteration 3 (1 operation) result: 40.35 ops/m

Iteration 4 (1 operation) begins: Sun Jul 07 15:50:45 CST 2024
Iteration 4 (1 operation) ends:   Sun Jul 07 15:50:47 CST 2024
Iteration 4 (1 operation) result: 37.74 ops/m

Iteration 5 (1 operation) begins: Sun Jul 07 15:50:47 CST 2024
Iteration 5 (1 operation) ends:   Sun Jul 07 15:50:48 CST 2024
Iteration 5 (1 operation) result: 41.04 ops/m

Valid run!
Score on startup.xml.validation: 41.04 ops/m

Results are stored in: 
/root/spec/build/release/SPECjvm2008/results/SPECjvm2008.064/SPECjvm2008.064.raw
Generating reports in:
/root/spec/build/release/SPECjvm2008/results/SPECjvm2008.064

Noncompliant composite result: 38.93 ops/m
