
SPECjvm2008 Peak
  Properties file:   none
  Benchmarks:        derby

  WARNING: Run will not be compliant.
  Property specjvm.run.initial.check must be true for publication.
  Property specjvm.miniter must be 1 for publication.
  Not a compliant sequence of benchmarks for publication.
  Property specjvm.run.checksum.validation must be true for publication.


--- --- --- --- --- --- --- --- ---

  Benchmark:   derby
  Run mode:    timed run
  Test type:   multi
  Threads:     2
  Warmup:      120s
  Iterations:  10
  Run length:  240s

Warmup (120s) begins: Thu Jul 11 19:56:56 CST 2024
Warmup (120s) ends:   Thu Jul 11 19:58:57 CST 2024
Warmup (120s) result: 170.82 ops/m

Iteration 1 (240s) begins: Thu Jul 11 19:58:57 CST 2024
Iteration 1 (240s) ends:   Thu Jul 11 20:02:57 CST 2024
Iteration 1 (240s) result: 198.10 ops/m

Iteration 2 (240s) begins: Thu Jul 11 20:02:57 CST 2024
Iteration 2 (240s) ends:   Thu Jul 11 20:06:58 CST 2024
Iteration 2 (240s) result: 203.51 ops/m

Iteration 3 (240s) begins: Thu Jul 11 20:06:58 CST 2024
Iteration 3 (240s) ends:   Thu Jul 11 20:10:59 CST 2024
Iteration 3 (240s) result: 207.75 ops/m

Iteration 4 (240s) begins: Thu Jul 11 20:10:59 CST 2024
Iteration 4 (240s) ends:   Thu Jul 11 20:15:00 CST 2024
Iteration 4 (240s) result: 193.71 ops/m

Iteration 5 (240s) begins: Thu Jul 11 20:15:00 CST 2024
Iteration 5 (240s) ends:   Thu Jul 11 20:19:00 CST 2024
Iteration 5 (240s) result: 195.07 ops/m

Iteration 6 (240s) begins: Thu Jul 11 20:19:00 CST 2024
Iteration 6 (240s) ends:   Thu Jul 11 20:23:01 CST 2024
Iteration 6 (240s) result: 197.21 ops/m

Iteration 7 (240s) begins: Thu Jul 11 20:23:01 CST 2024
Iteration 7 (240s) ends:   Thu Jul 11 20:27:02 CST 2024
Iteration 7 (240s) result: 203.06 ops/m

Iteration 8 (240s) begins: Thu Jul 11 20:27:02 CST 2024
Iteration 8 (240s) ends:   Thu Jul 11 20:31:03 CST 2024
Iteration 8 (240s) result: 203.05 ops/m

Iteration 9 (240s) begins: Thu Jul 11 20:31:03 CST 2024
Iteration 9 (240s) ends:   Thu Jul 11 20:35:03 CST 2024
Iteration 9 (240s) result: 193.91 ops/m

Iteration 10 (240s) begins: Thu Jul 11 20:35:04 CST 2024
Iteration 10 (240s) ends:   Thu Jul 11 20:39:04 CST 2024
Iteration 10 (240s) result: 196.53 ops/m

Valid run!
Score on derby: 207.75 ops/m

Results are stored in: 
/root/spec/build/release/SPECjvm2008/results/SPECjvm2008.147/SPECjvm2008.147.raw
Generating reports in:
/root/spec/build/release/SPECjvm2008/results/SPECjvm2008.147

Noncompliant composite result: 207.75 ops/m
