Linux 5.15.0-106-generic (iZf8zetnft7hz64q6zlvzzZ) 	07/14/2024 	_x86_64_	(2 CPU)

# Time        UID       PID    %usr %system  %guest   %wait    %CPU   CPU  minflt/s  majflt/s     VSZ     RSS   %MEM   cswch/s nvcswch/s  Command
06:22:19 PM     0     32224  164.80    5.80    0.00    0.00  170.60     0  22862.60      7.40 5535748  457688  12.56      2.00      0.40  java

# Time        UID       PID    %usr %system  %guest   %wait    %CPU   CPU  minflt/s  majflt/s     VSZ     RSS   %MEM   cswch/s nvcswch/s  Command
06:22:24 PM     0     32224  180.60    2.60    0.00    0.00  183.20     0   2330.00      0.00 5535748  490696  13.46      0.00      0.00  java

# Time        UID       PID    %usr %system  %guest   %wait    %CPU   CPU  minflt/s  majflt/s     VSZ     RSS   %MEM   cswch/s nvcswch/s  Command
06:22:29 PM     0     32224  189.80    1.20    0.00    0.00  191.00     0     52.40      0.00 5535748  487332  13.37      0.00      0.00  java

# Time        UID       PID    %usr %system  %guest   %wait    %CPU   CPU  minflt/s  majflt/s     VSZ     RSS   %MEM   cswch/s nvcswch/s  Command
06:22:34 PM     0     32224  186.00    1.80    0.00    0.00  187.80     0     44.00      0.00 5535748  487892  13.39      0.00      0.00  java

# Time        UID       PID    %usr %system  %guest   %wait    %CPU   CPU  minflt/s  majflt/s     VSZ     RSS   %MEM   cswch/s nvcswch/s  Command
06:22:39 PM     0     32224  185.20    1.80    0.00    0.00  187.00     0     47.60      0.00 5535748  488684  13.41      0.00      0.00  java

# Time        UID       PID    %usr %system  %guest   %wait    %CPU   CPU  minflt/s  majflt/s     VSZ     RSS   %MEM   cswch/s nvcswch/s  Command
06:22:44 PM     0     32224  189.20    0.80    0.00    0.00  190.00     0     47.00      0.00 5535748  489472  13.43      0.00      0.00  java

# Time        UID       PID    %usr %system  %guest   %wait    %CPU   CPU  minflt/s  majflt/s     VSZ     RSS   %MEM   cswch/s nvcswch/s  Command
06:22:49 PM     0     32224  190.40    1.40    0.00    0.00  191.80     0     48.80      1.00 5535748  490264  13.45      0.00      0.00  java

# Time        UID       PID    %usr %system  %guest   %wait    %CPU   CPU  minflt/s  majflt/s     VSZ     RSS   %MEM   cswch/s nvcswch/s  Command
06:22:54 PM     0     32224  191.00    1.00    0.00    0.00  192.00     0     43.20      0.00 5535748  491052  13.47      0.00      0.00  java

# Time        UID       PID    %usr %system  %guest   %wait    %CPU   CPU  minflt/s  majflt/s     VSZ     RSS   %MEM   cswch/s nvcswch/s  Command
06:22:59 PM     0     32224  191.80    1.20    0.00    0.00  193.00     0     49.40      0.00 5535748  491900  13.50      0.00      0.00  java

# Time        UID       PID    %usr %system  %guest   %wait    %CPU   CPU  minflt/s  majflt/s     VSZ     RSS   %MEM   cswch/s nvcswch/s  Command
06:23:04 PM     0     32224  189.00    1.40    0.00    0.00  190.40     0     48.40      0.00 5535748  492692  13.52      0.00      0.00  java

# Time        UID       PID    %usr %system  %guest   %wait    %CPU   CPU  minflt/s  majflt/s     VSZ     RSS   %MEM   cswch/s nvcswch/s  Command
06:23:09 PM     0     32224  186.60    0.80    0.00    0.00  187.40     0     41.80      0.00 5535748  493472  13.54      0.00      0.00  java

# Time        UID       PID    %usr %system  %guest   %wait    %CPU   CPU  minflt/s  majflt/s     VSZ     RSS   %MEM   cswch/s nvcswch/s  Command
06:23:14 PM     0     32224  189.80    1.20    0.00    0.00  191.00     0    328.20      0.00 5535748  454260  12.46      0.00      0.00  java

# Time        UID       PID    %usr %system  %guest   %wait    %CPU   CPU  minflt/s  majflt/s     VSZ     RSS   %MEM   cswch/s nvcswch/s  Command
06:23:19 PM     0     32224  186.80    2.20    0.00    0.00  189.00     0     11.80      0.80 5535748  454260  12.46      0.00      0.00  java

# Time        UID       PID    %usr %system  %guest   %wait    %CPU   CPU  minflt/s  majflt/s     VSZ     RSS   %MEM   cswch/s nvcswch/s  Command
06:23:24 PM     0     32224  190.60    1.60    0.00    0.00  192.20     0      8.60      0.20 5535748  454260  12.46      0.00      0.00  java

# Time        UID       PID    %usr %system  %guest   %wait    %CPU   CPU  minflt/s  majflt/s     VSZ     RSS   %MEM   cswch/s nvcswch/s  Command
06:23:29 PM     0     32224  187.80    1.60    0.00    0.00  189.40     0     10.60      0.00 5535748  454260  12.46      0.00      0.00  java

# Time        UID       PID    %usr %system  %guest   %wait    %CPU   CPU  minflt/s  majflt/s     VSZ     RSS   %MEM   cswch/s nvcswch/s  Command
06:23:34 PM     0     32224  187.80    1.80    0.00    0.00  189.60     0     10.40      0.00 5535748  454260  12.46      0.00      0.00  java

# Time        UID       PID    %usr %system  %guest   %wait    %CPU   CPU  minflt/s  majflt/s     VSZ     RSS   %MEM   cswch/s nvcswch/s  Command
06:23:39 PM     0     32224  189.80    1.00    0.00    0.00  190.80     0     10.40      0.00 5535748  454260  12.46      0.00      0.00  java

# Time        UID       PID    %usr %system  %guest   %wait    %CPU   CPU  minflt/s  majflt/s     VSZ     RSS   %MEM   cswch/s nvcswch/s  Command
06:23:44 PM     0     32224  190.80    0.60    0.00    0.00  191.40     0      8.80      0.00 5535748  454260  12.46      0.00      0.00  java

# Time        UID       PID    %usr %system  %guest   %wait    %CPU   CPU  minflt/s  majflt/s     VSZ     RSS   %MEM   cswch/s nvcswch/s  Command
06:23:49 PM     0     32224  188.20    1.00    0.00    0.00  189.20     0      9.00      1.00 5535748  454260  12.46      0.00      0.00  java

# Time        UID       PID    %usr %system  %guest   %wait    %CPU   CPU  minflt/s  majflt/s     VSZ     RSS   %MEM   cswch/s nvcswch/s  Command
06:23:54 PM     0     32224  190.00    0.60    0.00    0.00  190.60     0      8.80      0.00 5535748  454260  12.46      0.00      0.00  java

# Time        UID       PID    %usr %system  %guest   %wait    %CPU   CPU  minflt/s  majflt/s     VSZ     RSS   %MEM   cswch/s nvcswch/s  Command
06:23:59 PM     0     32224  190.20    1.40    0.00    0.00  191.60     0     10.20      0.00 5535748  454260  12.46      0.00      0.00  java

# Time        UID       PID    %usr %system  %guest   %wait    %CPU   CPU  minflt/s  majflt/s     VSZ     RSS   %MEM   cswch/s nvcswch/s  Command
06:24:04 PM     0     32224  191.20    1.40    0.00    0.00  192.60     0      9.40      0.00 5535748  454260  12.46      0.00      0.00  java

# Time        UID       PID    %usr %system  %guest   %wait    %CPU   CPU  minflt/s  majflt/s     VSZ     RSS   %MEM   cswch/s nvcswch/s  Command
06:24:09 PM     0     32224  190.60    1.40    0.00    0.00  192.00     0      9.40      0.00 5535748  454260  12.46      0.00      0.00  java

# Time        UID       PID    %usr %system  %guest   %wait    %CPU   CPU  minflt/s  majflt/s     VSZ     RSS   %MEM   cswch/s nvcswch/s  Command
06:24:14 PM     0     32224  190.60    1.40    0.00    0.00  192.00     0      9.20      0.00 5535748  454260  12.46      0.00      0.00  java

# Time        UID       PID    %usr %system  %guest   %wait    %CPU   CPU  minflt/s  majflt/s     VSZ     RSS   %MEM   cswch/s nvcswch/s  Command
06:24:19 PM     0     32224  190.80    1.40    0.00    0.00  192.20     0      8.60      0.80 5535748  454260  12.46      0.00      0.00  java

# Time        UID       PID    %usr %system  %guest   %wait    %CPU   CPU  minflt/s  majflt/s     VSZ     RSS   %MEM   cswch/s nvcswch/s  Command
06:24:24 PM     0     32224  191.00    1.00    0.00    0.00  192.00     0    792.80      0.20 5535748  469756  12.89      0.00      0.00  java

# Time        UID       PID    %usr %system  %guest   %wait    %CPU   CPU  minflt/s  majflt/s     VSZ     RSS   %MEM   cswch/s nvcswch/s  Command
06:24:29 PM     0     32224  187.40    1.60    0.00    0.00  189.00     0      9.60      0.00 5535748  469936  12.89      0.00      0.00  java

# Time        UID       PID    %usr %system  %guest   %wait    %CPU   CPU  minflt/s  majflt/s     VSZ     RSS   %MEM   cswch/s nvcswch/s  Command
06:24:34 PM     0     32224  190.00    1.20    0.00    0.00  191.20     0      7.80      0.00 5535748  469936  12.89      0.00      0.00  java

# Time        UID       PID    %usr %system  %guest   %wait    %CPU   CPU  minflt/s  majflt/s     VSZ     RSS   %MEM   cswch/s nvcswch/s  Command
06:24:39 PM     0     32224  190.40    1.40    0.00    0.00  191.80     0   1876.00      0.00 5535748  507064  13.91      0.00      0.00  java

# Time        UID       PID    %usr %system  %guest   %wait    %CPU   CPU  minflt/s  majflt/s     VSZ     RSS   %MEM   cswch/s nvcswch/s  Command
06:24:44 PM     0     32224  189.80    1.40    0.00    0.00  191.20     0      8.80      0.00 5535748  507288  13.92      0.00      0.00  java

# Time        UID       PID    %usr %system  %guest   %wait    %CPU   CPU  minflt/s  majflt/s     VSZ     RSS   %MEM   cswch/s nvcswch/s  Command
06:24:49 PM     0     32224  187.00    1.20    0.00    0.00  188.20     0      8.80      0.00 5535748  507448  13.92      0.00      0.00  java

# Time        UID       PID    %usr %system  %guest   %wait    %CPU   CPU  minflt/s  majflt/s     VSZ     RSS   %MEM   cswch/s nvcswch/s  Command
06:24:54 PM     0     32224  187.40    1.40    0.00    0.00  188.80     0      8.20      1.00 5535748  507448  13.92      0.00      0.00  java

# Time        UID       PID    %usr %system  %guest   %wait    %CPU   CPU  minflt/s  majflt/s     VSZ     RSS   %MEM   cswch/s nvcswch/s  Command
06:24:59 PM     0     32224  188.60    1.80    0.00    0.00  190.40     0     11.40      0.80 5535748  507448  13.92      0.00      0.00  java

# Time        UID       PID    %usr %system  %guest   %wait    %CPU   CPU  minflt/s  majflt/s     VSZ     RSS   %MEM   cswch/s nvcswch/s  Command
06:25:04 PM     0     32224  185.60    1.60    0.00    0.00  187.20     0     10.20      1.00 5535748  507448  13.92      0.00      0.00  java

# Time        UID       PID    %usr %system  %guest   %wait    %CPU   CPU  minflt/s  majflt/s     VSZ     RSS   %MEM   cswch/s nvcswch/s  Command
06:25:09 PM     0     32224  188.20    1.20    0.00    0.00  189.40     0     11.20      1.00 5535748  507448  13.92      0.00      0.00  java

# Time        UID       PID    %usr %system  %guest   %wait    %CPU   CPU  minflt/s  majflt/s     VSZ     RSS   %MEM   cswch/s nvcswch/s  Command
06:25:14 PM     0     32224  188.60    1.60    0.00    0.00  190.20     0     10.00      0.00 5535748  507448  13.92      0.00      0.00  java

# Time        UID       PID    %usr %system  %guest   %wait    %CPU   CPU  minflt/s  majflt/s     VSZ     RSS   %MEM   cswch/s nvcswch/s  Command
06:25:19 PM     0     32224  189.80    1.20    0.00    0.00  191.00     0      8.60      0.00 5535748  507448  13.92      0.00      0.00  java

# Time        UID       PID    %usr %system  %guest   %wait    %CPU   CPU  minflt/s  majflt/s     VSZ     RSS   %MEM   cswch/s nvcswch/s  Command
06:25:24 PM     0     32224  188.20    1.60    0.00    0.00  189.80     0      8.00      0.00 5535748  507448  13.92      0.00      0.00  java

# Time        UID       PID    %usr %system  %guest   %wait    %CPU   CPU  minflt/s  majflt/s     VSZ     RSS   %MEM   cswch/s nvcswch/s  Command
06:25:29 PM     0     32224  182.60    0.80    0.00    0.00  183.40     0      8.40      0.00 5535748  507448  13.92      0.00      0.00  java

# Time        UID       PID    %usr %system  %guest   %wait    %CPU   CPU  minflt/s  majflt/s     VSZ     RSS   %MEM   cswch/s nvcswch/s  Command
06:25:34 PM     0     32224  190.20    1.00    0.00    0.00  191.20     0    108.00      0.00 5535748  509168  13.97      0.00      0.00  java

# Time        UID       PID    %usr %system  %guest   %wait    %CPU   CPU  minflt/s  majflt/s     VSZ     RSS   %MEM   cswch/s nvcswch/s  Command
