Linux 5.15.0-106-generic (iZf8zetnft7hz64q6zlvzzZ) 	07/07/2024 	_x86_64_	(2 CPU)

# Time        UID       PID    %usr %system  %guest   %wait    %CPU   CPU  minflt/s  majflt/s     VSZ     RSS   %MEM   cswch/s nvcswch/s  Command
02:34:15 PM     0     75670  183.00    4.00    0.00    0.00  187.00     1   9770.40      1.60 5645340  196708   5.40      0.20      0.00  java

# Time        UID       PID    %usr %system  %guest   %wait    %CPU   CPU  minflt/s  majflt/s     VSZ     RSS   %MEM   cswch/s nvcswch/s  Command
02:34:20 PM     0     75670  183.20    2.20    0.00    0.00  185.40     1     36.40      0.00 5645340  196780   5.40      0.00      0.00  java

# Time        UID       PID    %usr %system  %guest   %wait    %CPU   CPU  minflt/s  majflt/s     VSZ     RSS   %MEM   cswch/s nvcswch/s  Command
02:34:25 PM     0     75670  182.00    3.20    0.00    0.00  185.20     1     35.00      0.00 5645340  196780   5.40      0.00      0.00  java

# Time        UID       PID    %usr %system  %guest   %wait    %CPU   CPU  minflt/s  majflt/s     VSZ     RSS   %MEM   cswch/s nvcswch/s  Command
02:34:30 PM     0     75670  181.00    3.00    0.00    0.00  184.00     1     34.60      0.00 5645340  196780   5.40      0.00      0.00  java

# Time        UID       PID    %usr %system  %guest   %wait    %CPU   CPU  minflt/s  majflt/s     VSZ     RSS   %MEM   cswch/s nvcswch/s  Command
02:34:35 PM     0     75670  183.00    2.80    0.00    0.00  185.80     1     34.60      0.00 5645340  196780   5.40      0.00      0.00  java

# Time        UID       PID    %usr %system  %guest   %wait    %CPU   CPU  minflt/s  majflt/s     VSZ     RSS   %MEM   cswch/s nvcswch/s  Command
02:34:40 PM     0     75670  182.40    2.40    0.00    0.00  184.80     1     35.40      0.00 5645340  196996   5.40      0.00      0.00  java

# Time        UID       PID    %usr %system  %guest   %wait    %CPU   CPU  minflt/s  majflt/s     VSZ     RSS   %MEM   cswch/s nvcswch/s  Command
02:34:45 PM     0     75670  181.20    2.60    0.00    0.00  183.80     1     35.20      0.80 5645340  196996   5.40      0.00      0.00  java

# Time        UID       PID    %usr %system  %guest   %wait    %CPU   CPU  minflt/s  majflt/s     VSZ     RSS   %MEM   cswch/s nvcswch/s  Command
02:34:50 PM     0     75670  182.80    2.40    0.00    0.00  185.20     1     35.00      0.00 5645340  196996   5.40      0.00      0.00  java

# Time        UID       PID    %usr %system  %guest   %wait    %CPU   CPU  minflt/s  majflt/s     VSZ     RSS   %MEM   cswch/s nvcswch/s  Command
02:34:55 PM     0     75670  182.80    2.20    0.00    0.00  185.00     1     36.40      0.00 5645340  196996   5.40      0.00      0.00  java

# Time        UID       PID    %usr %system  %guest   %wait    %CPU   CPU  minflt/s  majflt/s     VSZ     RSS   %MEM   cswch/s nvcswch/s  Command
02:35:00 PM     0     75670  182.00    3.80    0.00    0.00  185.80     1     35.80      0.00 5645340  196996   5.40      0.00      0.00  java

# Time        UID       PID    %usr %system  %guest   %wait    %CPU   CPU  minflt/s  majflt/s     VSZ     RSS   %MEM   cswch/s nvcswch/s  Command
02:35:05 PM     0     75670  181.40    3.20    0.00    0.00  184.60     1     35.80      0.00 5645340  196996   5.40      0.00      0.00  java

# Time        UID       PID    %usr %system  %guest   %wait    %CPU   CPU  minflt/s  majflt/s     VSZ     RSS   %MEM   cswch/s nvcswch/s  Command
02:35:10 PM     0     75670  183.40    2.40    0.00    0.00  185.80     1     35.80      0.00 5645340  196996   5.40      0.00      0.00  java

# Time        UID       PID    %usr %system  %guest   %wait    %CPU   CPU  minflt/s  majflt/s     VSZ     RSS   %MEM   cswch/s nvcswch/s  Command
02:35:15 PM     0     75670  182.40    3.40    0.00    0.00  185.80     1     35.20      0.80 5645340  196996   5.40      0.00      0.00  java

# Time        UID       PID    %usr %system  %guest   %wait    %CPU   CPU  minflt/s  majflt/s     VSZ     RSS   %MEM   cswch/s nvcswch/s  Command
02:35:20 PM     0     75670  183.00    2.60    0.00    0.00  185.60     1     37.40      0.00 5645340  196996   5.40      0.00      0.00  java

# Time        UID       PID    %usr %system  %guest   %wait    %CPU   CPU  minflt/s  majflt/s     VSZ     RSS   %MEM   cswch/s nvcswch/s  Command
02:35:25 PM     0     75670  184.00    2.60    0.00    0.00  186.60     1     38.20      0.00 5645340  196996   5.40      0.00      0.00  java

# Time        UID       PID    %usr %system  %guest   %wait    %CPU   CPU  minflt/s  majflt/s     VSZ     RSS   %MEM   cswch/s nvcswch/s  Command
02:35:30 PM     0     75670  179.20    3.80    0.00    0.00  183.00     1     35.60      0.00 5645340  196996   5.40      0.00      0.00  java

# Time        UID       PID    %usr %system  %guest   %wait    %CPU   CPU  minflt/s  majflt/s     VSZ     RSS   %MEM   cswch/s nvcswch/s  Command
02:35:35 PM     0     75670  181.60    2.60    0.00    0.00  184.20     1     37.80      0.00 5645340  197228   5.41      0.00      0.00  java

# Time        UID       PID    %usr %system  %guest   %wait    %CPU   CPU  minflt/s  majflt/s     VSZ     RSS   %MEM   cswch/s nvcswch/s  Command
02:35:40 PM     0     75670  178.00    4.00    0.00    0.00  182.00     1     38.20      0.00 5645340  197228   5.41      0.00      0.00  java

# Time        UID       PID    %usr %system  %guest   %wait    %CPU   CPU  minflt/s  majflt/s     VSZ     RSS   %MEM   cswch/s nvcswch/s  Command
02:35:45 PM     0     75670  181.20    2.80    0.00    0.00  184.00     1     38.40      0.80 5645340  197228   5.41      0.00      0.00  java

# Time        UID       PID    %usr %system  %guest   %wait    %CPU   CPU  minflt/s  majflt/s     VSZ     RSS   %MEM   cswch/s nvcswch/s  Command
02:35:50 PM     0     75670  182.60    2.60    0.00    0.00  185.20     1     37.40      0.00 5645340  197228   5.41      0.00      0.00  java

# Time        UID       PID    %usr %system  %guest   %wait    %CPU   CPU  minflt/s  majflt/s     VSZ     RSS   %MEM   cswch/s nvcswch/s  Command
02:35:55 PM     0     75670  180.80    3.40    0.00    0.00  184.20     1     36.40      0.00 5645340  197228   5.41      0.00      0.00  java

# Time        UID       PID    %usr %system  %guest   %wait    %CPU   CPU  minflt/s  majflt/s     VSZ     RSS   %MEM   cswch/s nvcswch/s  Command
02:36:00 PM     0     75670  182.60    2.80    0.00    0.00  185.40     1     35.20      0.00 5645340  197228   5.41      0.00      0.00  java

# Time        UID       PID    %usr %system  %guest   %wait    %CPU   CPU  minflt/s  majflt/s     VSZ     RSS   %MEM   cswch/s nvcswch/s  Command
02:36:05 PM     0     75670  180.00    4.20    0.00    0.00  184.20     1     38.20      0.00 5645340  197228   5.41      0.00      0.00  java

# Time        UID       PID    %usr %system  %guest   %wait    %CPU   CPU  minflt/s  majflt/s     VSZ     RSS   %MEM   cswch/s nvcswch/s  Command
02:36:10 PM     0     75670  181.40    2.80    0.00    0.00  184.20     1     36.00      0.00 5645340  197228   5.41      0.00      0.00  java

# Time        UID       PID    %usr %system  %guest   %wait    %CPU   CPU  minflt/s  majflt/s     VSZ     RSS   %MEM   cswch/s nvcswch/s  Command
02:36:15 PM     0     75670  164.00    2.60    0.00    0.00  166.60     1     41.40      0.80 5645340  197220   5.41      0.00      0.00  java

# Time        UID       PID    %usr %system  %guest   %wait    %CPU   CPU  minflt/s  majflt/s     VSZ     RSS   %MEM   cswch/s nvcswch/s  Command
02:36:20 PM     0     75670  178.40    3.80    0.00    0.00  182.20     1     35.80      0.00 5645340  197292   5.41      0.00      0.00  java

# Time        UID       PID    %usr %system  %guest   %wait    %CPU   CPU  minflt/s  majflt/s     VSZ     RSS   %MEM   cswch/s nvcswch/s  Command
02:36:25 PM     0     75670  177.80    4.80    0.00    0.00  182.60     1     34.20      0.00 5645340  197292   5.41      0.00      0.00  java

# Time        UID       PID    %usr %system  %guest   %wait    %CPU   CPU  minflt/s  majflt/s     VSZ     RSS   %MEM   cswch/s nvcswch/s  Command
02:36:30 PM     0     75670  177.60    4.20    0.00    0.00  181.80     1     34.60      0.00 5645340  197292   5.41      0.00      0.00  java

# Time        UID       PID    %usr %system  %guest   %wait    %CPU   CPU  minflt/s  majflt/s     VSZ     RSS   %MEM   cswch/s nvcswch/s  Command
02:36:35 PM     0     75670  180.00    3.40    0.00    0.00  183.40     1     39.40      0.00 5645340  197556   5.42      0.00      0.00  java

# Time        UID       PID    %usr %system  %guest   %wait    %CPU   CPU  minflt/s  majflt/s     VSZ     RSS   %MEM   cswch/s nvcswch/s  Command
02:36:40 PM     0     75670  181.64    2.99    0.00    0.00  184.63     1     35.93      0.00 5645340  197556   5.42      0.00      0.00  java

# Time        UID       PID    %usr %system  %guest   %wait    %CPU   CPU  minflt/s  majflt/s     VSZ     RSS   %MEM   cswch/s nvcswch/s  Command
02:36:45 PM     0     75670  182.80    3.20    0.00    0.00  186.00     1     36.80      0.80 5645340  197556   5.42      0.00      0.00  java

# Time        UID       PID    %usr %system  %guest   %wait    %CPU   CPU  minflt/s  majflt/s     VSZ     RSS   %MEM   cswch/s nvcswch/s  Command
02:36:50 PM     0     75670  182.20    2.80    0.00    0.00  185.00     1     36.00      0.00 5645340  197556   5.42      0.00      0.00  java

# Time        UID       PID    %usr %system  %guest   %wait    %CPU   CPU  minflt/s  majflt/s     VSZ     RSS   %MEM   cswch/s nvcswch/s  Command
02:36:55 PM     0     75670  182.00    3.00    0.00    0.00  185.00     1     38.20      0.00 5645340  197556   5.42      0.00      0.00  java

# Time        UID       PID    %usr %system  %guest   %wait    %CPU   CPU  minflt/s  majflt/s     VSZ     RSS   %MEM   cswch/s nvcswch/s  Command
02:37:00 PM     0     75670  182.20    2.60    0.00    0.00  184.80     1     37.20      0.00 5645340  197556   5.42      0.00      0.00  java

# Time        UID       PID    %usr %system  %guest   %wait    %CPU   CPU  minflt/s  majflt/s     VSZ     RSS   %MEM   cswch/s nvcswch/s  Command
02:37:05 PM     0     75670  181.80    3.00    0.00    0.00  184.80     1     35.40      0.00 5645340  197556   5.42      0.00      0.00  java

# Time        UID       PID    %usr %system  %guest   %wait    %CPU   CPU  minflt/s  majflt/s     VSZ     RSS   %MEM   cswch/s nvcswch/s  Command
02:37:10 PM     0     75670  178.20   10.60    0.00    0.00  188.80     1  43441.60      0.00 5645340 1065384  29.23      0.00      0.00  java

# Time        UID       PID    %usr %system  %guest   %wait    %CPU   CPU  minflt/s  majflt/s     VSZ     RSS   %MEM   cswch/s nvcswch/s  Command
02:37:15 PM     0     75670  192.60    1.60    0.00    0.00  194.20     1      1.40      0.80 5645340 1065384  29.23      0.00      0.00  java

# Time        UID       PID    %usr %system  %guest   %wait    %CPU   CPU  minflt/s  majflt/s     VSZ     RSS   %MEM   cswch/s nvcswch/s  Command
02:37:20 PM     0     75670  191.20    1.20    0.00    0.00  192.40     1      2.00      0.00 5645340 1065608  29.24      0.00      0.00  java

# Time        UID       PID    %usr %system  %guest   %wait    %CPU   CPU  minflt/s  majflt/s     VSZ     RSS   %MEM   cswch/s nvcswch/s  Command
02:37:25 PM     0     75670  191.60    1.40    0.00    0.00  193.00     1      2.00      0.00 5645340 1065848  29.24      0.00      0.00  java

# Time        UID       PID    %usr %system  %guest   %wait    %CPU   CPU  minflt/s  majflt/s     VSZ     RSS   %MEM   cswch/s nvcswch/s  Command
02:37:30 PM     0     75670  191.00    1.20    0.00    0.00  192.20     1      1.60      0.00 5645340 1065848  29.24      0.00      0.00  java

# Time        UID       PID    %usr %system  %guest   %wait    %CPU   CPU  minflt/s  majflt/s     VSZ     RSS   %MEM   cswch/s nvcswch/s  Command
02:37:35 PM     0     75670  193.00    0.80    0.00    0.00  193.80     1      1.20      0.00 5645340 1065848  29.24      0.00      0.00  java

# Time        UID       PID    %usr %system  %guest   %wait    %CPU   CPU  minflt/s  majflt/s     VSZ     RSS   %MEM   cswch/s nvcswch/s  Command
02:37:40 PM     0     75670  193.00    1.20    0.00    0.00  194.20     1      1.80      0.00 5645340 1065848  29.24      0.00      0.00  java

# Time        UID       PID    %usr %system  %guest   %wait    %CPU   CPU  minflt/s  majflt/s     VSZ     RSS   %MEM   cswch/s nvcswch/s  Command
02:37:45 PM     0     75670  192.60    1.00    0.00    0.00  193.60     1      1.40      0.40 5645340 1065848  29.24      0.00      0.00  java

# Time        UID       PID    %usr %system  %guest   %wait    %CPU   CPU  minflt/s  majflt/s     VSZ     RSS   %MEM   cswch/s nvcswch/s  Command
02:37:50 PM     0     75670  194.60    0.40    0.00    0.00  195.00     1      1.60      0.40 5645340 1065848  29.24      0.00      0.00  java

# Time        UID       PID    %usr %system  %guest   %wait    %CPU   CPU  minflt/s  majflt/s     VSZ     RSS   %MEM   cswch/s nvcswch/s  Command
02:37:55 PM     0     75670  192.40    0.80    0.00    0.00  193.20     1      1.40      0.00 5645340 1065848  29.24      0.00      0.00  java

# Time        UID       PID    %usr %system  %guest   %wait    %CPU   CPU  minflt/s  majflt/s     VSZ     RSS   %MEM   cswch/s nvcswch/s  Command
02:38:00 PM     0     75670  193.20    1.00    0.00    0.00  194.20     1      1.60      0.00 5645340 1065848  29.24      0.00      0.00  java

# Time        UID       PID    %usr %system  %guest   %wait    %CPU   CPU  minflt/s  majflt/s     VSZ     RSS   %MEM   cswch/s nvcswch/s  Command
02:38:05 PM     0     75670  194.20    0.60    0.00    0.00  194.80     1      1.40      0.00 5645340 1065848  29.24      0.00      0.00  java

# Time        UID       PID    %usr %system  %guest   %wait    %CPU   CPU  minflt/s  majflt/s     VSZ     RSS   %MEM   cswch/s nvcswch/s  Command
02:38:10 PM     0     75670  191.80    0.80    0.00    0.00  192.60     1      1.40      0.00 5645340 1065848  29.24      0.00      0.00  java

# Time        UID       PID    %usr %system  %guest   %wait    %CPU   CPU  minflt/s  majflt/s     VSZ     RSS   %MEM   cswch/s nvcswch/s  Command
02:38:15 PM     0     75670  193.60    0.40    0.00    0.00  194.00     1      1.60      0.00 5645340 1065848  29.24      0.00      0.00  java

# Time        UID       PID    %usr %system  %guest   %wait    %CPU   CPU  minflt/s  majflt/s     VSZ     RSS   %MEM   cswch/s nvcswch/s  Command
02:38:20 PM     0     75670  190.80    1.40    0.00    0.00  192.20     1      1.40      0.80 5645340 1065848  29.24      0.00      0.00  java

# Time        UID       PID    %usr %system  %guest   %wait    %CPU   CPU  minflt/s  majflt/s     VSZ     RSS   %MEM   cswch/s nvcswch/s  Command
02:38:25 PM     0     75670  193.40    0.80    0.00    0.00  194.20     1      2.20      0.80 5645340 1065848  29.24      0.00      0.00  java

# Time        UID       PID    %usr %system  %guest   %wait    %CPU   CPU  minflt/s  majflt/s     VSZ     RSS   %MEM   cswch/s nvcswch/s  Command
02:38:30 PM     0     75670  194.20    0.60    0.00    0.00  194.80     1      1.60      0.00 5645340 1065848  29.24      0.00      0.00  java

# Time        UID       PID    %usr %system  %guest   %wait    %CPU   CPU  minflt/s  majflt/s     VSZ     RSS   %MEM   cswch/s nvcswch/s  Command
02:38:35 PM     0     75670  192.80    0.60    0.00    0.00  193.40     1      1.40      0.00 5645340 1065848  29.24      0.00      0.00  java

# Time        UID       PID    %usr %system  %guest   %wait    %CPU   CPU  minflt/s  majflt/s     VSZ     RSS   %MEM   cswch/s nvcswch/s  Command
02:38:40 PM     0     75670  193.80    0.40    0.00    0.00  194.20     1      1.60      0.00 5645340 1065848  29.24      0.00      0.00  java

# Time        UID       PID    %usr %system  %guest   %wait    %CPU   CPU  minflt/s  majflt/s     VSZ     RSS   %MEM   cswch/s nvcswch/s  Command
02:38:45 PM     0     75670  191.60    1.00    0.00    0.00  192.60     1      1.40      0.00 5645340 1065848  29.24      0.00      0.00  java

# Time        UID       PID    %usr %system  %guest   %wait    %CPU   CPU  minflt/s  majflt/s     VSZ     RSS   %MEM   cswch/s nvcswch/s  Command
02:38:50 PM     0     75670  193.60    0.80    0.00    0.00  194.40     1      1.40      0.00 5645340 1065848  29.24      0.00      0.00  java

# Time        UID       PID    %usr %system  %guest   %wait    %CPU   CPU  minflt/s  majflt/s     VSZ     RSS   %MEM   cswch/s nvcswch/s  Command
02:38:55 PM     0     75670  193.80    0.80    0.00    0.00  194.60     1      1.60      0.80 5645340 1066036  29.25      0.00      0.00  java

# Time        UID       PID    %usr %system  %guest   %wait    %CPU   CPU  minflt/s  majflt/s     VSZ     RSS   %MEM   cswch/s nvcswch/s  Command
02:39:00 PM     0     75670  190.40    1.00    0.00    0.00  191.40     1      1.40      0.80 5645340 1066036  29.25      0.00      0.00  java

# Time        UID       PID    %usr %system  %guest   %wait    %CPU   CPU  minflt/s  majflt/s     VSZ     RSS   %MEM   cswch/s nvcswch/s  Command
02:39:05 PM     0     75670  193.60    0.80    0.00    0.00  194.40     1      1.60      0.00 5645340 1066036  29.25      0.00      0.00  java

# Time        UID       PID    %usr %system  %guest   %wait    %CPU   CPU  minflt/s  majflt/s     VSZ     RSS   %MEM   cswch/s nvcswch/s  Command
02:39:10 PM     0     75670  192.80    1.20    0.00    0.00  194.00     1      1.40      0.00 5645340 1066036  29.25      0.00      0.00  java

# Time        UID       PID    %usr %system  %guest   %wait    %CPU   CPU  minflt/s  majflt/s     VSZ     RSS   %MEM   cswch/s nvcswch/s  Command
02:39:15 PM     0     75670  192.40    1.20    0.00    0.00  193.60     1      1.60      0.00 5645340 1066036  29.25      0.00      0.00  java

# Time        UID       PID    %usr %system  %guest   %wait    %CPU   CPU  minflt/s  majflt/s     VSZ     RSS   %MEM   cswch/s nvcswch/s  Command
02:39:20 PM     0     75670  193.20    0.80    0.00    0.00  194.00     1      1.80      0.00 5645340 1066036  29.25      0.00      0.00  java

# Time        UID       PID    %usr %system  %guest   %wait    %CPU   CPU  minflt/s  majflt/s     VSZ     RSS   %MEM   cswch/s nvcswch/s  Command
02:39:25 PM     0     75670  194.60    0.60    0.00    0.00  195.20     1      1.80      0.00 5645340 1066036  29.25      0.00      0.00  java

# Time        UID       PID    %usr %system  %guest   %wait    %CPU   CPU  minflt/s  majflt/s     VSZ     RSS   %MEM   cswch/s nvcswch/s  Command
02:39:30 PM     0     75670  195.80    0.80    0.00    0.00  196.60     1      1.40      0.80 5645340 1066036  29.25      0.00      0.00  java

# Time        UID       PID    %usr %system  %guest   %wait    %CPU   CPU  minflt/s  majflt/s     VSZ     RSS   %MEM   cswch/s nvcswch/s  Command
02:39:35 PM     0     75670  196.40    0.60    0.00    0.00  197.00     1      1.60      0.00 5645340 1066036  29.25      0.00      0.00  java

# Time        UID       PID    %usr %system  %guest   %wait    %CPU   CPU  minflt/s  majflt/s     VSZ     RSS   %MEM   cswch/s nvcswch/s  Command
02:39:40 PM     0     75670  196.20    0.60    0.00    0.00  196.80     1      1.60      0.00 5645340 1066036  29.25      0.00      0.00  java

# Time        UID       PID    %usr %system  %guest   %wait    %CPU   CPU  minflt/s  majflt/s     VSZ     RSS   %MEM   cswch/s nvcswch/s  Command
02:39:45 PM     0     75670  196.00    0.60    0.00    0.00  196.60     1      1.60      0.00 5645340 1066036  29.25      0.00      0.00  java

# Time        UID       PID    %usr %system  %guest   %wait    %CPU   CPU  minflt/s  majflt/s     VSZ     RSS   %MEM   cswch/s nvcswch/s  Command
02:39:50 PM     0     75670  196.80    0.40    0.00    0.00  197.20     1      1.60      0.00 5645340 1066036  29.25      0.00      0.00  java

# Time        UID       PID    %usr %system  %guest   %wait    %CPU   CPU  minflt/s  majflt/s     VSZ     RSS   %MEM   cswch/s nvcswch/s  Command
02:39:55 PM     0     75670  196.80    0.20    0.00    0.00  197.00     1      1.60      0.00 5645340 1066036  29.25      0.00      0.00  java

# Time        UID       PID    %usr %system  %guest   %wait    %CPU   CPU  minflt/s  majflt/s     VSZ     RSS   %MEM   cswch/s nvcswch/s  Command
02:40:00 PM     0     75670  195.80    0.60    0.00    0.00  196.40     1      2.00      0.80 5645340 1066036  29.25      0.00      0.00  java

# Time        UID       PID    %usr %system  %guest   %wait    %CPU   CPU  minflt/s  majflt/s     VSZ     RSS   %MEM   cswch/s nvcswch/s  Command
02:40:05 PM     0     75670  196.60    0.40    0.00    0.00  197.00     1      1.40      0.00 5645340 1066040  29.25      0.00      0.00  java

# Time        UID       PID    %usr %system  %guest   %wait    %CPU   CPU  minflt/s  majflt/s     VSZ     RSS   %MEM   cswch/s nvcswch/s  Command
02:40:10 PM     0     75670  196.40    0.60    0.00    0.00  197.00     1      1.60      0.00 5645340 1066040  29.25      0.00      0.00  java

# Time        UID       PID    %usr %system  %guest   %wait    %CPU   CPU  minflt/s  majflt/s     VSZ     RSS   %MEM   cswch/s nvcswch/s  Command
02:40:15 PM     0     75670  190.00    0.80    0.00    0.00  190.80     1      9.40      0.00 5645340 1065900  29.25      0.00      0.00  java

# Time        UID       PID    %usr %system  %guest   %wait    %CPU   CPU  minflt/s  majflt/s     VSZ     RSS   %MEM   cswch/s nvcswch/s  Command
02:40:20 PM     0     75670  196.60    0.60    0.00    0.00  197.20     1      1.60      0.00 5645340 1065900  29.25      0.00      0.00  java

# Time        UID       PID    %usr %system  %guest   %wait    %CPU   CPU  minflt/s  majflt/s     VSZ     RSS   %MEM   cswch/s nvcswch/s  Command
02:40:25 PM     0     75670  196.60    0.40    0.00    0.00  197.00     1      1.60      0.00 5645340 1065900  29.25      0.00      0.00  java

# Time        UID       PID    %usr %system  %guest   %wait    %CPU   CPU  minflt/s  majflt/s     VSZ     RSS   %MEM   cswch/s nvcswch/s  Command
02:40:30 PM     0     75670  196.40    0.40    0.00    0.00  196.80     1      1.40      0.80 5645340 1065900  29.25      0.00      0.00  java

# Time        UID       PID    %usr %system  %guest   %wait    %CPU   CPU  minflt/s  majflt/s     VSZ     RSS   %MEM   cswch/s nvcswch/s  Command
02:40:35 PM     0     75670  196.40    0.40    0.00    0.00  196.80     1      1.60      0.00 5645340 1065900  29.25      0.00      0.00  java

# Time        UID       PID    %usr %system  %guest   %wait    %CPU   CPU  minflt/s  majflt/s     VSZ     RSS   %MEM   cswch/s nvcswch/s  Command
02:40:40 PM     0     75670  196.60    0.40    0.00    0.00  197.00     1      1.40      0.00 5645340 1065900  29.25      0.00      0.00  java

# Time        UID       PID    %usr %system  %guest   %wait    %CPU   CPU  minflt/s  majflt/s     VSZ     RSS   %MEM   cswch/s nvcswch/s  Command
02:40:45 PM     0     75670  196.40    0.40    0.00    0.00  196.80     1      1.80      0.00 5645340 1065900  29.25      0.00      0.00  java

# Time        UID       PID    %usr %system  %guest   %wait    %CPU   CPU  minflt/s  majflt/s     VSZ     RSS   %MEM   cswch/s nvcswch/s  Command
02:40:50 PM     0     75670  196.20    0.60    0.00    0.00  196.80     1      1.40      0.00 5645340 1065900  29.25      0.00      0.00  java

# Time        UID       PID    %usr %system  %guest   %wait    %CPU   CPU  minflt/s  majflt/s     VSZ     RSS   %MEM   cswch/s nvcswch/s  Command
02:40:55 PM     0     75670  197.00    0.40    0.00    0.00  197.40     1      1.60      0.00 5645340 1065900  29.25      0.00      0.00  java

# Time        UID       PID    %usr %system  %guest   %wait    %CPU   CPU  minflt/s  majflt/s     VSZ     RSS   %MEM   cswch/s nvcswch/s  Command
02:41:00 PM     0     75670  195.60    0.20    0.00    0.00  195.80     1      1.60      0.80 5645340 1065900  29.25      0.00      0.00  java

# Time        UID       PID    %usr %system  %guest   %wait    %CPU   CPU  minflt/s  majflt/s     VSZ     RSS   %MEM   cswch/s nvcswch/s  Command
02:41:05 PM     0     75670  194.80    0.60    0.00    0.00  195.40     1      1.60      0.80 5645340 1065900  29.25      0.00      0.00  java

# Time        UID       PID    %usr %system  %guest   %wait    %CPU   CPU  minflt/s  majflt/s     VSZ     RSS   %MEM   cswch/s nvcswch/s  Command
02:41:10 PM     0     75670  194.40    0.60    0.00    0.00  195.00     1      1.60      0.80 5645340 1065972  29.25      0.00      0.00  java

# Time        UID       PID    %usr %system  %guest   %wait    %CPU   CPU  minflt/s  majflt/s     VSZ     RSS   %MEM   cswch/s nvcswch/s  Command
02:41:15 PM     0     75670  193.60    0.60    0.00    0.00  194.20     1      1.60      0.00 5645340 1066044  29.25      0.00      0.00  java

# Time        UID       PID    %usr %system  %guest   %wait    %CPU   CPU  minflt/s  majflt/s     VSZ     RSS   %MEM   cswch/s nvcswch/s  Command
02:41:20 PM     0     75670  194.40    0.40    0.00    0.00  194.80     1      1.80      0.00 5645340 1066044  29.25      0.00      0.00  java

# Time        UID       PID    %usr %system  %guest   %wait    %CPU   CPU  minflt/s  majflt/s     VSZ     RSS   %MEM   cswch/s nvcswch/s  Command
02:41:25 PM     0     75670  193.80    0.40    0.00    0.00  194.20     1      1.60      0.00 5645340 1066044  29.25      0.00      0.00  java

# Time        UID       PID    %usr %system  %guest   %wait    %CPU   CPU  minflt/s  majflt/s     VSZ     RSS   %MEM   cswch/s nvcswch/s  Command
02:41:30 PM     0     75670  194.80    0.40    0.00    0.00  195.20     1      1.60      0.00 5645340 1066044  29.25      0.00      0.00  java

# Time        UID       PID    %usr %system  %guest   %wait    %CPU   CPU  minflt/s  majflt/s     VSZ     RSS   %MEM   cswch/s nvcswch/s  Command
02:41:35 PM     0     75670  195.20    0.20    0.00    0.00  195.40     1      1.40      0.00 5645340 1066044  29.25      0.00      0.00  java

# Time        UID       PID    %usr %system  %guest   %wait    %CPU   CPU  minflt/s  majflt/s     VSZ     RSS   %MEM   cswch/s nvcswch/s  Command
02:41:40 PM     0     75670  194.00    0.40    0.00    0.00  194.40     1      1.60      0.00 5645340 1066044  29.25      0.00      0.00  java

# Time        UID       PID    %usr %system  %guest   %wait    %CPU   CPU  minflt/s  majflt/s     VSZ     RSS   %MEM   cswch/s nvcswch/s  Command
02:41:45 PM     0     75670  194.20    0.80    0.00    0.00  195.00     1      1.80      0.80 5645340 1066044  29.25      0.00      0.00  java

# Time        UID       PID    %usr %system  %guest   %wait    %CPU   CPU  minflt/s  majflt/s     VSZ     RSS   %MEM   cswch/s nvcswch/s  Command
02:41:50 PM     0     75670  193.20    0.60    0.00    0.00  193.80     1      1.40      0.80 5645340 1066044  29.25      0.00      0.00  java

# Time        UID       PID    %usr %system  %guest   %wait    %CPU   CPU  minflt/s  majflt/s     VSZ     RSS   %MEM   cswch/s nvcswch/s  Command
02:41:55 PM     0     75670  194.60    0.60    0.00    0.00  195.20     1      1.80      0.00 5645340 1066044  29.25      0.00      0.00  java

# Time        UID       PID    %usr %system  %guest   %wait    %CPU   CPU  minflt/s  majflt/s     VSZ     RSS   %MEM   cswch/s nvcswch/s  Command
02:42:00 PM     0     75670  193.80    0.60    0.00    0.00  194.40     1      1.40      0.00 5645340 1066044  29.25      0.00      0.00  java

# Time        UID       PID    %usr %system  %guest   %wait    %CPU   CPU  minflt/s  majflt/s     VSZ     RSS   %MEM   cswch/s nvcswch/s  Command
02:42:05 PM     0     75670  192.80    0.40    0.00    0.00  193.20     1      1.60      0.00 5645340 1066044  29.25      0.00      0.00  java

# Time        UID       PID    %usr %system  %guest   %wait    %CPU   CPU  minflt/s  majflt/s     VSZ     RSS   %MEM   cswch/s nvcswch/s  Command
02:42:10 PM     0     75670  194.00    0.80    0.00    0.00  194.80     1      1.40      0.00 5645340 1066044  29.25      0.00      0.00  java

# Time        UID       PID    %usr %system  %guest   %wait    %CPU   CPU  minflt/s  majflt/s     VSZ     RSS   %MEM   cswch/s nvcswch/s  Command
02:42:15 PM     0     75670  192.40    1.00    0.00    0.00  193.40     1      1.40      0.00 5645340 1066044  29.25      0.00      0.00  java

# Time        UID       PID    %usr %system  %guest   %wait    %CPU   CPU  minflt/s  majflt/s     VSZ     RSS   %MEM   cswch/s nvcswch/s  Command
02:42:20 PM     0     75670  194.00    0.60    0.00    0.00  194.60     1      1.40      0.80 5645340 1066044  29.25      0.00      0.00  java

# Time        UID       PID    %usr %system  %guest   %wait    %CPU   CPU  minflt/s  majflt/s     VSZ     RSS   %MEM   cswch/s nvcswch/s  Command
02:42:25 PM     0     75670  193.60    0.60    0.00    0.00  194.20     1      1.20      0.00 5645340 1066044  29.25      0.00      0.00  java

# Time        UID       PID    %usr %system  %guest   %wait    %CPU   CPU  minflt/s  majflt/s     VSZ     RSS   %MEM   cswch/s nvcswch/s  Command
02:42:30 PM     0     75670  192.20    0.40    0.00    0.00  192.60     1      1.20      0.00 5645340 1066044  29.25      0.00      0.00  java

# Time        UID       PID    %usr %system  %guest   %wait    %CPU   CPU  minflt/s  majflt/s     VSZ     RSS   %MEM   cswch/s nvcswch/s  Command
02:42:35 PM     0     75670  193.60    0.60    0.00    0.00  194.20     1      1.20      0.00 5645340 1066044  29.25      0.00      0.00  java

# Time        UID       PID    %usr %system  %guest   %wait    %CPU   CPU  minflt/s  majflt/s     VSZ     RSS   %MEM   cswch/s nvcswch/s  Command
02:42:40 PM     0     75670  192.00    1.40    0.00    0.00  193.40     1      1.40      0.00 5645340 1066044  29.25      0.00      0.00  java

# Time        UID       PID    %usr %system  %guest   %wait    %CPU   CPU  minflt/s  majflt/s     VSZ     RSS   %MEM   cswch/s nvcswch/s  Command
02:42:45 PM     0     75670  193.20    1.00    0.00    0.00  194.20     1      1.60      0.00 5645340 1066044  29.25      0.00      0.00  java

# Time        UID       PID    %usr %system  %guest   %wait    %CPU   CPU  minflt/s  majflt/s     VSZ     RSS   %MEM   cswch/s nvcswch/s  Command
02:42:50 PM     0     75670  193.40    1.20    0.00    0.00  194.60     1      1.40      0.80 5645340 1066044  29.25      0.00      0.00  java

# Time        UID       PID    %usr %system  %guest   %wait    %CPU   CPU  minflt/s  majflt/s     VSZ     RSS   %MEM   cswch/s nvcswch/s  Command
02:42:55 PM     0     75670  192.60    0.80    0.00    0.00  193.40     1      1.20      0.00 5645340 1066044  29.25      0.00      0.00  java

# Time        UID       PID    %usr %system  %guest   %wait    %CPU   CPU  minflt/s  majflt/s     VSZ     RSS   %MEM   cswch/s nvcswch/s  Command
02:43:00 PM     0     75670  193.20    1.00    0.00    0.00  194.20     1      1.40      0.80 5645340 1066044  29.25      0.00      0.00  java

# Time        UID       PID    %usr %system  %guest   %wait    %CPU   CPU  minflt/s  majflt/s     VSZ     RSS   %MEM   cswch/s nvcswch/s  Command
02:43:05 PM     0     75670  193.00    1.20    0.00    0.00  194.20     1      1.40      0.00 5645340 1066044  29.25      0.00      0.00  java

# Time        UID       PID    %usr %system  %guest   %wait    %CPU   CPU  minflt/s  majflt/s     VSZ     RSS   %MEM   cswch/s nvcswch/s  Command
02:43:10 PM     0     75670  194.20    0.60    0.00    0.00  194.80     1      1.40      0.00 5645340 1066044  29.25      0.00      0.00  java

# Time        UID       PID    %usr %system  %guest   %wait    %CPU   CPU  minflt/s  majflt/s     VSZ     RSS   %MEM   cswch/s nvcswch/s  Command
02:43:15 PM     0     75670  194.40    0.40    0.00    0.00  194.80     1      1.20      0.00 5645340 1066044  29.25      0.00      0.00  java

# Time        UID       PID    %usr %system  %guest   %wait    %CPU   CPU  minflt/s  majflt/s     VSZ     RSS   %MEM   cswch/s nvcswch/s  Command
02:43:20 PM     0     75670  193.60    0.40    0.00    0.00  194.00     1      1.20      0.00 5645340 1066044  29.25      0.00      0.00  java

# Time        UID       PID    %usr %system  %guest   %wait    %CPU   CPU  minflt/s  majflt/s     VSZ     RSS   %MEM   cswch/s nvcswch/s  Command
02:43:25 PM     0     75670  194.60    0.60    0.00    0.00  195.20     1      1.20      0.00 5645340 1066044  29.25      0.00      0.00  java

# Time        UID       PID    %usr %system  %guest   %wait    %CPU   CPU  minflt/s  majflt/s     VSZ     RSS   %MEM   cswch/s nvcswch/s  Command
02:43:30 PM     0     75670  192.60    0.40    0.00    0.00  193.00     1      1.20      0.80 5645340 1066044  29.25      0.00      0.00  java

# Time        UID       PID    %usr %system  %guest   %wait    %CPU   CPU  minflt/s  majflt/s     VSZ     RSS   %MEM   cswch/s nvcswch/s  Command
02:43:35 PM     0     75670  193.40    1.00    0.00    0.00  194.40     1      1.20      0.80 5645340 1066044  29.25      0.00      0.00  java

# Time        UID       PID    %usr %system  %guest   %wait    %CPU   CPU  minflt/s  majflt/s     VSZ     RSS   %MEM   cswch/s nvcswch/s  Command
02:43:40 PM     0     75670  194.00    0.60    0.00    0.00  194.60     1      1.60      0.00 5645340 1066044  29.25      0.00      0.00  java

# Time        UID       PID    %usr %system  %guest   %wait    %CPU   CPU  minflt/s  majflt/s     VSZ     RSS   %MEM   cswch/s nvcswch/s  Command
02:43:45 PM     0     75670  193.00    0.60    0.00    0.00  193.60     1      1.40      0.00 5645340 1066044  29.25      0.00      0.00  java

# Time        UID       PID    %usr %system  %guest   %wait    %CPU   CPU  minflt/s  majflt/s     VSZ     RSS   %MEM   cswch/s nvcswch/s  Command
02:43:50 PM     0     75670  194.00    0.60    0.00    0.00  194.60     1      1.80      0.00 5645340 1066044  29.25      0.00      0.00  java

# Time        UID       PID    %usr %system  %guest   %wait    %CPU   CPU  minflt/s  majflt/s     VSZ     RSS   %MEM   cswch/s nvcswch/s  Command
02:43:55 PM     0     75670  193.80    0.80    0.00    0.00  194.60     1      1.20      0.00 5645340 1066044  29.25      0.00      0.00  java

# Time        UID       PID    %usr %system  %guest   %wait    %CPU   CPU  minflt/s  majflt/s     VSZ     RSS   %MEM   cswch/s nvcswch/s  Command
02:44:00 PM     0     75670  192.80    0.60    0.00    0.00  193.40     1      1.00      0.00 5645340 1066044  29.25      0.00      0.00  java

# Time        UID       PID    %usr %system  %guest   %wait    %CPU   CPU  minflt/s  majflt/s     VSZ     RSS   %MEM   cswch/s nvcswch/s  Command
02:44:05 PM     0     75670  195.00    0.60    0.00    0.00  195.60     1      1.80      0.80 5645340 1066044  29.25      0.00      0.00  java

# Time        UID       PID    %usr %system  %guest   %wait    %CPU   CPU  minflt/s  majflt/s     VSZ     RSS   %MEM   cswch/s nvcswch/s  Command
02:44:10 PM     0     75670  194.40    0.40    0.00    0.00  194.80     1      1.40      0.80 5645340 1066044  29.25      0.00      0.00  java

# Time        UID       PID    %usr %system  %guest   %wait    %CPU   CPU  minflt/s  majflt/s     VSZ     RSS   %MEM   cswch/s nvcswch/s  Command
02:44:15 PM     0     75670  178.60    0.60    0.00    0.00  179.20     1      9.00      0.00 5645340 1065904  29.25      0.00      0.00  java

# Time        UID       PID    %usr %system  %guest   %wait    %CPU   CPU  minflt/s  majflt/s     VSZ     RSS   %MEM   cswch/s nvcswch/s  Command
02:44:20 PM     0     75670  194.80    0.40    0.00    0.00  195.20     1      1.60      0.00 5645340 1065904  29.25      0.00      0.00  java

# Time        UID       PID    %usr %system  %guest   %wait    %CPU   CPU  minflt/s  majflt/s     VSZ     RSS   %MEM   cswch/s nvcswch/s  Command
02:44:25 PM     0     75670  193.60    0.60    0.00    0.00  194.20     1      1.60      0.00 5645340 1066168  29.25      0.00      0.00  java

# Time        UID       PID    %usr %system  %guest   %wait    %CPU   CPU  minflt/s  majflt/s     VSZ     RSS   %MEM   cswch/s nvcswch/s  Command
02:44:30 PM     0     75670  194.20    0.40    0.00    0.00  194.60     1      1.40      0.00 5645340 1066168  29.25      0.00      0.00  java

# Time        UID       PID    %usr %system  %guest   %wait    %CPU   CPU  minflt/s  majflt/s     VSZ     RSS   %MEM   cswch/s nvcswch/s  Command
02:44:35 PM     0     75670  192.40    0.60    0.00    0.00  193.00     1      1.40      0.00 5645340 1066168  29.25      0.00      0.00  java

# Time        UID       PID    %usr %system  %guest   %wait    %CPU   CPU  minflt/s  majflt/s     VSZ     RSS   %MEM   cswch/s nvcswch/s  Command
02:44:40 PM     0     75670  194.60    0.40    0.00    0.00  195.00     1      1.60      0.80 5645340 1066168  29.25      0.00      0.00  java

# Time        UID       PID    %usr %system  %guest   %wait    %CPU   CPU  minflt/s  majflt/s     VSZ     RSS   %MEM   cswch/s nvcswch/s  Command
02:44:45 PM     0     75670  193.80    1.20    0.00    0.00  195.00     1      1.60      0.80 5645340 1066168  29.25      0.00      0.00  java

# Time        UID       PID    %usr %system  %guest   %wait    %CPU   CPU  minflt/s  majflt/s     VSZ     RSS   %MEM   cswch/s nvcswch/s  Command
02:44:50 PM     0     75670  194.20    0.00    0.00    0.00  194.20     1      1.40      0.00 5645340 1066168  29.25      0.00      0.00  java

# Time        UID       PID    %usr %system  %guest   %wait    %CPU   CPU  minflt/s  majflt/s     VSZ     RSS   %MEM   cswch/s nvcswch/s  Command
02:44:55 PM     0     75670  194.80    0.20    0.00    0.00  195.00     1      1.40      0.00 5645340 1066168  29.25      0.00      0.00  java

# Time        UID       PID    %usr %system  %guest   %wait    %CPU   CPU  minflt/s  majflt/s     VSZ     RSS   %MEM   cswch/s nvcswch/s  Command
02:45:00 PM     0     75670  194.00    0.40    0.00    0.00  194.40     1      1.40      0.00 5645340 1066168  29.25      0.00      0.00  java

# Time        UID       PID    %usr %system  %guest   %wait    %CPU   CPU  minflt/s  majflt/s     VSZ     RSS   %MEM   cswch/s nvcswch/s  Command
02:45:05 PM     0     75670  193.20    0.80    0.00    0.00  194.00     1      1.60      0.00 5645340 1066168  29.25      0.00      0.00  java

# Time        UID       PID    %usr %system  %guest   %wait    %CPU   CPU  minflt/s  majflt/s     VSZ     RSS   %MEM   cswch/s nvcswch/s  Command
02:45:10 PM     0     75670  194.00    0.20    0.00    0.00  194.20     1      1.60      0.00 5645340 1066168  29.25      0.00      0.00  java

# Time        UID       PID    %usr %system  %guest   %wait    %CPU   CPU  minflt/s  majflt/s     VSZ     RSS   %MEM   cswch/s nvcswch/s  Command
02:45:15 PM     0     75670  192.20    0.40    0.00    0.00  192.60     1      1.40      0.00 5645340 1066168  29.25      0.00      0.00  java

# Time        UID       PID    %usr %system  %guest   %wait    %CPU   CPU  minflt/s  majflt/s     VSZ     RSS   %MEM   cswch/s nvcswch/s  Command
02:45:20 PM     0     75670  194.60    0.40    0.00    0.00  195.00     1      1.60      0.80 5645340 1066312  29.26      0.00      0.00  java

# Time        UID       PID    %usr %system  %guest   %wait    %CPU   CPU  minflt/s  majflt/s     VSZ     RSS   %MEM   cswch/s nvcswch/s  Command
02:45:25 PM     0     75670  194.40    0.40    0.00    0.00  194.80     1      1.40      0.80 5645340 1066312  29.26      0.00      0.00  java

# Time        UID       PID    %usr %system  %guest   %wait    %CPU   CPU  minflt/s  majflt/s     VSZ     RSS   %MEM   cswch/s nvcswch/s  Command
02:45:30 PM     0     75670  193.60    0.60    0.00    0.00  194.20     1      1.60      0.00 5645340 1066312  29.26      0.00      0.00  java

# Time        UID       PID    %usr %system  %guest   %wait    %CPU   CPU  minflt/s  majflt/s     VSZ     RSS   %MEM   cswch/s nvcswch/s  Command
02:45:35 PM     0     75670  194.60    0.20    0.00    0.00  194.80     1      1.40      0.00 5645340 1066312  29.26      0.00      0.00  java

# Time        UID       PID    %usr %system  %guest   %wait    %CPU   CPU  minflt/s  majflt/s     VSZ     RSS   %MEM   cswch/s nvcswch/s  Command
02:45:40 PM     0     75670  193.20    0.60    0.00    0.00  193.80     1      1.60      0.00 5645340 1066312  29.26      0.00      0.00  java

# Time        UID       PID    %usr %system  %guest   %wait    %CPU   CPU  minflt/s  majflt/s     VSZ     RSS   %MEM   cswch/s nvcswch/s  Command
02:45:45 PM     0     75670  193.80    1.00    0.00    0.00  194.80     1      1.60      0.00 5645340 1066312  29.26      0.00      0.00  java

# Time        UID       PID    %usr %system  %guest   %wait    %CPU   CPU  minflt/s  majflt/s     VSZ     RSS   %MEM   cswch/s nvcswch/s  Command
02:45:50 PM     0     75670  194.60    0.40    0.00    0.00  195.00     1      1.40      0.00 5645340 1066312  29.26      0.00      0.00  java

# Time        UID       PID    %usr %system  %guest   %wait    %CPU   CPU  minflt/s  majflt/s     VSZ     RSS   %MEM   cswch/s nvcswch/s  Command
02:45:55 PM     0     75670  193.40    0.40    0.00    0.00  193.80     1      1.60      0.80 5645340 1066312  29.26      0.00      0.00  java

# Time        UID       PID    %usr %system  %guest   %wait    %CPU   CPU  minflt/s  majflt/s     VSZ     RSS   %MEM   cswch/s nvcswch/s  Command
02:46:00 PM     0     75670  194.20    0.60    0.00    0.00  194.80     1      1.40      0.80 5645340 1066320  29.26      0.00      0.00  java

# Time        UID       PID    %usr %system  %guest   %wait    %CPU   CPU  minflt/s  majflt/s     VSZ     RSS   %MEM   cswch/s nvcswch/s  Command
02:46:05 PM     0     75670  193.60    1.00    0.00    0.00  194.60     1      1.60      0.00 5645340 1066320  29.26      0.00      0.00  java

# Time        UID       PID    %usr %system  %guest   %wait    %CPU   CPU  minflt/s  majflt/s     VSZ     RSS   %MEM   cswch/s nvcswch/s  Command
02:46:10 PM     0     75670  192.60    1.80    0.00    0.00  194.40     1      1.60      0.00 5645340 1066320  29.26      0.00      0.00  java

# Time        UID       PID    %usr %system  %guest   %wait    %CPU   CPU  minflt/s  majflt/s     VSZ     RSS   %MEM   cswch/s nvcswch/s  Command
02:46:15 PM     0     75670  194.60    0.40    0.00    0.00  195.00     1      1.40      0.00 5645340 1066320  29.26      0.00      0.00  java

# Time        UID       PID    %usr %system  %guest   %wait    %CPU   CPU  minflt/s  majflt/s     VSZ     RSS   %MEM   cswch/s nvcswch/s  Command
02:46:20 PM     0     75670  193.60    0.40    0.00    0.00  194.00     1      1.60      0.00 5645340 1066320  29.26      0.00      0.00  java

# Time        UID       PID    %usr %system  %guest   %wait    %CPU   CPU  minflt/s  majflt/s     VSZ     RSS   %MEM   cswch/s nvcswch/s  Command
02:46:25 PM     0     75670  193.60    0.80    0.00    0.00  194.40     1      1.40      0.00 5645340 1066320  29.26      0.00      0.00  java

# Time        UID       PID    %usr %system  %guest   %wait    %CPU   CPU  minflt/s  majflt/s     VSZ     RSS   %MEM   cswch/s nvcswch/s  Command
02:46:30 PM     0     75670  192.40    0.80    0.00    0.00  193.20     1      1.20      0.80 5645340 1066320  29.26      0.00      0.00  java

# Time        UID       PID    %usr %system  %guest   %wait    %CPU   CPU  minflt/s  majflt/s     VSZ     RSS   %MEM   cswch/s nvcswch/s  Command
02:46:35 PM     0     75670  194.00    0.80    0.00    0.00  194.80     1      1.40      0.80 5645340 1066320  29.26      0.00      0.00  java

# Time        UID       PID    %usr %system  %guest   %wait    %CPU   CPU  minflt/s  majflt/s     VSZ     RSS   %MEM   cswch/s nvcswch/s  Command
02:46:40 PM     0     75670  194.00    1.20    0.00    0.00  195.20     1      1.80      0.80 5645340 1066320  29.26      0.00      0.00  java

# Time        UID       PID    %usr %system  %guest   %wait    %CPU   CPU  minflt/s  majflt/s     VSZ     RSS   %MEM   cswch/s nvcswch/s  Command
02:46:45 PM     0     75670  191.80    0.40    0.00    0.00  192.20     1      1.20      0.00 5645340 1066320  29.26      0.00      0.00  java

# Time        UID       PID    %usr %system  %guest   %wait    %CPU   CPU  minflt/s  majflt/s     VSZ     RSS   %MEM   cswch/s nvcswch/s  Command
02:46:50 PM     0     75670  193.20    1.40    0.00    0.00  194.60     1      1.40      0.00 5645340 1066320  29.26      0.00      0.00  java

# Time        UID       PID    %usr %system  %guest   %wait    %CPU   CPU  minflt/s  majflt/s     VSZ     RSS   %MEM   cswch/s nvcswch/s  Command
02:46:55 PM     0     75670  192.20    1.20    0.00    0.00  193.40     1      1.80      0.80 5645340 1066320  29.26      0.00      0.00  java

# Time        UID       PID    %usr %system  %guest   %wait    %CPU   CPU  minflt/s  majflt/s     VSZ     RSS   %MEM   cswch/s nvcswch/s  Command
02:47:00 PM     0     75670  191.80    1.20    0.00    0.00  193.00     1      1.40      0.80 5645340 1066320  29.26      0.00      0.00  java

# Time        UID       PID    %usr %system  %guest   %wait    %CPU   CPU  minflt/s  majflt/s     VSZ     RSS   %MEM   cswch/s nvcswch/s  Command
02:47:05 PM     0     75670  193.20    1.40    0.00    0.00  194.60     1      1.40      0.80 5645340 1066320  29.26      0.00      0.00  java

# Time        UID       PID    %usr %system  %guest   %wait    %CPU   CPU  minflt/s  majflt/s     VSZ     RSS   %MEM   cswch/s nvcswch/s  Command
02:47:10 PM     0     75670  193.60    0.40    0.00    0.00  194.00     1      1.80      0.80 5645340 1066320  29.26      0.00      0.00  java

# Time        UID       PID    %usr %system  %guest   %wait    %CPU   CPU  minflt/s  majflt/s     VSZ     RSS   %MEM   cswch/s nvcswch/s  Command
02:47:15 PM     0     75670  193.40    0.80    0.00    0.00  194.20     1      1.80      0.80 5645340 1066320  29.26      0.00      0.00  java

# Time        UID       PID    %usr %system  %guest   %wait    %CPU   CPU  minflt/s  majflt/s     VSZ     RSS   %MEM   cswch/s nvcswch/s  Command
02:47:20 PM     0     75670  192.60    0.80    0.00    0.00  193.40     1      1.60      0.00 5645340 1066320  29.26      0.00      0.00  java

# Time        UID       PID    %usr %system  %guest   %wait    %CPU   CPU  minflt/s  majflt/s     VSZ     RSS   %MEM   cswch/s nvcswch/s  Command
02:47:25 PM     0     75670  193.00    1.20    0.00    0.00  194.20     1      1.40      0.00 5645340 1066320  29.26      0.00      0.00  java

# Time        UID       PID    %usr %system  %guest   %wait    %CPU   CPU  minflt/s  majflt/s     VSZ     RSS   %MEM   cswch/s nvcswch/s  Command
02:47:30 PM     0     75670  193.00    1.00    0.00    0.00  194.00     1      1.40      0.80 5645340 1066320  29.26      0.00      0.00  java

# Time        UID       PID    %usr %system  %guest   %wait    %CPU   CPU  minflt/s  majflt/s     VSZ     RSS   %MEM   cswch/s nvcswch/s  Command
02:47:35 PM     0     75670  192.40    0.80    0.00    0.00  193.20     1      1.40      0.80 5645340 1066320  29.26      0.00      0.00  java

# Time        UID       PID    %usr %system  %guest   %wait    %CPU   CPU  minflt/s  majflt/s     VSZ     RSS   %MEM   cswch/s nvcswch/s  Command
02:47:40 PM     0     75670  193.00    0.80    0.00    0.00  193.80     1      1.60      0.80 5645340 1066320  29.26      0.00      0.00  java

# Time        UID       PID    %usr %system  %guest   %wait    %CPU   CPU  minflt/s  majflt/s     VSZ     RSS   %MEM   cswch/s nvcswch/s  Command
02:47:45 PM     0     75670  192.40    1.00    0.00    0.00  193.40     1      1.60      0.80 5645340 1066320  29.26      0.00      0.00  java

# Time        UID       PID    %usr %system  %guest   %wait    %CPU   CPU  minflt/s  majflt/s     VSZ     RSS   %MEM   cswch/s nvcswch/s  Command
02:47:50 PM     0     75670  193.40    0.60    0.00    0.00  194.00     1      1.40      0.80 5645340 1066320  29.26      0.00      0.00  java

# Time        UID       PID    %usr %system  %guest   %wait    %CPU   CPU  minflt/s  majflt/s     VSZ     RSS   %MEM   cswch/s nvcswch/s  Command
02:47:55 PM     0     75670  193.40    1.20    0.00    0.00  194.60     1      1.60      0.80 5645340 1066320  29.26      0.00      0.00  java

# Time        UID       PID    %usr %system  %guest   %wait    %CPU   CPU  minflt/s  majflt/s     VSZ     RSS   %MEM   cswch/s nvcswch/s  Command
02:48:00 PM     0     75670  192.40    0.80    0.00    0.00  193.20     1      1.20      0.80 5645340 1066320  29.26      0.00      0.00  java

# Time        UID       PID    %usr %system  %guest   %wait    %CPU   CPU  minflt/s  majflt/s     VSZ     RSS   %MEM   cswch/s nvcswch/s  Command
02:48:05 PM     0     75670  193.80    0.40    0.00    0.00  194.20     1      1.60      0.80 5645340 1066320  29.26      0.00      0.00  java

# Time        UID       PID    %usr %system  %guest   %wait    %CPU   CPU  minflt/s  majflt/s     VSZ     RSS   %MEM   cswch/s nvcswch/s  Command
02:48:10 PM     0     75670  192.60    0.80    0.00    0.00  193.40     1      1.20      0.80 5645340 1066320  29.26      0.00      0.00  java

# Time        UID       PID    %usr %system  %guest   %wait    %CPU   CPU  minflt/s  majflt/s     VSZ     RSS   %MEM   cswch/s nvcswch/s  Command
02:48:15 PM     0     75670  192.40    1.20    0.00    0.00  193.60     1      1.40      0.80 5645340 1066320  29.26      0.00      0.00  java

# Time        UID       PID    %usr %system  %guest   %wait    %CPU   CPU  minflt/s  majflt/s     VSZ     RSS   %MEM   cswch/s nvcswch/s  Command
02:48:20 PM     0     75670  179.00    0.60    0.00    0.00  179.60     1      9.40      0.00 5645340 1066180  29.25      0.00      0.00  java

# Time        UID       PID    %usr %system  %guest   %wait    %CPU   CPU  minflt/s  majflt/s     VSZ     RSS   %MEM   cswch/s nvcswch/s  Command
02:48:25 PM     0     75670  191.80    0.80    0.00    0.00  192.60     1      1.60      0.00 5645340 1066180  29.25      0.00      0.00  java

# Time        UID       PID    %usr %system  %guest   %wait    %CPU   CPU  minflt/s  majflt/s     VSZ     RSS   %MEM   cswch/s nvcswch/s  Command
02:48:30 PM     0     75670  193.20    1.00    0.00    0.00  194.20     1      1.40      0.00 5645340 1066180  29.25      0.00      0.00  java

# Time        UID       PID    %usr %system  %guest   %wait    %CPU   CPU  minflt/s  majflt/s     VSZ     RSS   %MEM   cswch/s nvcswch/s  Command
02:48:35 PM     0     75670  192.40    1.00    0.00    0.00  193.40     1      1.60      0.00 5645340 1066180  29.25      0.00      0.00  java

# Time        UID       PID    %usr %system  %guest   %wait    %CPU   CPU  minflt/s  majflt/s     VSZ     RSS   %MEM   cswch/s nvcswch/s  Command
02:48:40 PM     0     75670  193.80    0.80    0.00    0.00  194.60     1      1.60      0.00 5645340 1066180  29.25      0.00      0.00  java

# Time        UID       PID    %usr %system  %guest   %wait    %CPU   CPU  minflt/s  majflt/s     VSZ     RSS   %MEM   cswch/s nvcswch/s  Command
02:48:45 PM     0     75670  193.80    0.80    0.00    0.00  194.60     1      1.60      0.00 5645340 1066180  29.25      0.00      0.00  java

# Time        UID       PID    %usr %system  %guest   %wait    %CPU   CPU  minflt/s  majflt/s     VSZ     RSS   %MEM   cswch/s nvcswch/s  Command
02:48:50 PM     0     75670  193.20    0.60    0.00    0.00  193.80     1      1.60      0.80 5645340 1066180  29.25      0.00      0.00  java

# Time        UID       PID    %usr %system  %guest   %wait    %CPU   CPU  minflt/s  majflt/s     VSZ     RSS   %MEM   cswch/s nvcswch/s  Command
02:48:55 PM     0     75670  194.80    0.40    0.00    0.00  195.20     1      1.40      0.80 5645340 1066180  29.25      0.00      0.00  java

# Time        UID       PID    %usr %system  %guest   %wait    %CPU   CPU  minflt/s  majflt/s     VSZ     RSS   %MEM   cswch/s nvcswch/s  Command
02:49:00 PM     0     75670  193.20    0.40    0.00    0.00  193.60     1      1.60      0.00 5645340 1066180  29.25      0.00      0.00  java

# Time        UID       PID    %usr %system  %guest   %wait    %CPU   CPU  minflt/s  majflt/s     VSZ     RSS   %MEM   cswch/s nvcswch/s  Command
02:49:05 PM     0     75670  194.20    0.40    0.00    0.00  194.60     1      1.60      0.00 5645340 1066180  29.25      0.00      0.00  java

# Time        UID       PID    %usr %system  %guest   %wait    %CPU   CPU  minflt/s  majflt/s     VSZ     RSS   %MEM   cswch/s nvcswch/s  Command
02:49:10 PM     0     75670  194.40    0.80    0.00    0.00  195.20     1      1.60      0.00 5645340 1066252  29.25      0.00      0.00  java

# Time        UID       PID    %usr %system  %guest   %wait    %CPU   CPU  minflt/s  majflt/s     VSZ     RSS   %MEM   cswch/s nvcswch/s  Command
02:49:15 PM     0     75670  191.00    1.40    0.00    0.00  192.40     1      1.60      0.00 5645340 1066252  29.25      0.00      0.00  java

# Time        UID       PID    %usr %system  %guest   %wait    %CPU   CPU  minflt/s  majflt/s     VSZ     RSS   %MEM   cswch/s nvcswch/s  Command
02:49:20 PM     0     75670  193.20    1.00    0.00    0.00  194.20     1      1.60      0.00 5645340 1066252  29.25      0.00      0.00  java

# Time        UID       PID    %usr %system  %guest   %wait    %CPU   CPU  minflt/s  majflt/s     VSZ     RSS   %MEM   cswch/s nvcswch/s  Command
02:49:25 PM     0     75670  192.80    1.00    0.00    0.00  193.80     1      1.40      0.80 5645340 1066324  29.26      0.00      0.00  java

# Time        UID       PID    %usr %system  %guest   %wait    %CPU   CPU  minflt/s  majflt/s     VSZ     RSS   %MEM   cswch/s nvcswch/s  Command
02:49:30 PM     0     75670  192.80    1.20    0.00    0.00  194.00     1      1.40      0.00 5645340 1066324  29.26      0.00      0.00  java

# Time        UID       PID    %usr %system  %guest   %wait    %CPU   CPU  minflt/s  majflt/s     VSZ     RSS   %MEM   cswch/s nvcswch/s  Command
02:49:35 PM     0     75670  194.20    0.60    0.00    0.00  194.80     1      1.40      0.00 5645340 1066324  29.26      0.00      0.00  java

# Time        UID       PID    %usr %system  %guest   %wait    %CPU   CPU  minflt/s  majflt/s     VSZ     RSS   %MEM   cswch/s nvcswch/s  Command
02:49:40 PM     0     75670  193.40    0.60    0.00    0.00  194.00     1      1.60      0.00 5645340 1066324  29.26      0.00      0.00  java

# Time        UID       PID    %usr %system  %guest   %wait    %CPU   CPU  minflt/s  majflt/s     VSZ     RSS   %MEM   cswch/s nvcswch/s  Command
02:49:45 PM     0     75670  194.20    1.00    0.00    0.00  195.20     1      1.60      0.00 5645340 1066324  29.26      0.00      0.00  java

# Time        UID       PID    %usr %system  %guest   %wait    %CPU   CPU  minflt/s  majflt/s     VSZ     RSS   %MEM   cswch/s nvcswch/s  Command
02:49:50 PM     0     75670  191.80    1.40    0.00    0.00  193.20     1      1.20      0.00 5645340 1066324  29.26      0.00      0.00  java

# Time        UID       PID    %usr %system  %guest   %wait    %CPU   CPU  minflt/s  majflt/s     VSZ     RSS   %MEM   cswch/s nvcswch/s  Command
02:49:55 PM     0     75670  193.80    0.60    0.00    0.00  194.40     1      1.40      0.80 5645340 1066324  29.26      0.00      0.00  java

# Time        UID       PID    %usr %system  %guest   %wait    %CPU   CPU  minflt/s  majflt/s     VSZ     RSS   %MEM   cswch/s nvcswch/s  Command
02:50:00 PM     0     75670  193.40    0.60    0.00    0.00  194.00     1      1.40      0.00 5645340 1066324  29.26      0.00      0.00  java

# Time        UID       PID    %usr %system  %guest   %wait    %CPU   CPU  minflt/s  majflt/s     VSZ     RSS   %MEM   cswch/s nvcswch/s  Command
02:50:05 PM     0     75670  189.40    2.00    0.00    0.00  191.40     1      1.40      0.00 5645340 1066324  29.26      0.00      0.00  java

# Time        UID       PID    %usr %system  %guest   %wait    %CPU   CPU  minflt/s  majflt/s     VSZ     RSS   %MEM   cswch/s nvcswch/s  Command
02:50:10 PM     0     75670  193.20    1.00    0.00    0.00  194.20     1      1.40      0.00 5645340 1066324  29.26      0.00      0.00  java

# Time        UID       PID    %usr %system  %guest   %wait    %CPU   CPU  minflt/s  majflt/s     VSZ     RSS   %MEM   cswch/s nvcswch/s  Command
02:50:15 PM     0     75670  191.60    1.00    0.00    0.00  192.60     1      1.20      0.00 5645340 1066324  29.26      0.00      0.00  java

# Time        UID       PID    %usr %system  %guest   %wait    %CPU   CPU  minflt/s  majflt/s     VSZ     RSS   %MEM   cswch/s nvcswch/s  Command
02:50:20 PM     0     75670  193.60    0.80    0.00    0.00  194.40     1      1.60      0.00 5645340 1066324  29.26      0.00      0.00  java

# Time        UID       PID    %usr %system  %guest   %wait    %CPU   CPU  minflt/s  majflt/s     VSZ     RSS   %MEM   cswch/s nvcswch/s  Command
02:50:25 PM     0     75670  193.60    1.00    0.00    0.00  194.60     1      1.40      0.80 5645340 1066324  29.26      0.00      0.00  java

# Time        UID       PID    %usr %system  %guest   %wait    %CPU   CPU  minflt/s  majflt/s     VSZ     RSS   %MEM   cswch/s nvcswch/s  Command
02:50:30 PM     0     75670  192.60    0.80    0.00    0.00  193.40     1      1.40      0.80 5645340 1066324  29.26      0.00      0.00  java

# Time        UID       PID    %usr %system  %guest   %wait    %CPU   CPU  minflt/s  majflt/s     VSZ     RSS   %MEM   cswch/s nvcswch/s  Command
02:50:35 PM     0     75670  194.00    0.60    0.00    0.00  194.60     1      1.40      0.00 5645340 1066324  29.26      0.00      0.00  java

# Time        UID       PID    %usr %system  %guest   %wait    %CPU   CPU  minflt/s  majflt/s     VSZ     RSS   %MEM   cswch/s nvcswch/s  Command
02:50:40 PM     0     75670  193.00    0.60    0.00    0.00  193.60     1      1.60      0.00 5645340 1066324  29.26      0.00      0.00  java

# Time        UID       PID    %usr %system  %guest   %wait    %CPU   CPU  minflt/s  majflt/s     VSZ     RSS   %MEM   cswch/s nvcswch/s  Command
02:50:45 PM     0     75670  194.00    0.60    0.00    0.00  194.60     1      1.80      0.00 5645340 1066324  29.26      0.00      0.00  java

# Time        UID       PID    %usr %system  %guest   %wait    %CPU   CPU  minflt/s  majflt/s     VSZ     RSS   %MEM   cswch/s nvcswch/s  Command
02:50:50 PM     0     75670  193.20    1.40    0.00    0.00  194.60     1      1.40      0.00 5645340 1066324  29.26      0.00      0.00  java

# Time        UID       PID    %usr %system  %guest   %wait    %CPU   CPU  minflt/s  majflt/s     VSZ     RSS   %MEM   cswch/s nvcswch/s  Command
02:50:55 PM     0     75670  190.80    1.40    0.00    0.00  192.20     1      0.80      0.00 5645340 1066324  29.26      0.00      0.00  java

# Time        UID       PID    %usr %system  %guest   %wait    %CPU   CPU  minflt/s  majflt/s     VSZ     RSS   %MEM   cswch/s nvcswch/s  Command
02:51:00 PM     0     75670  192.80    0.60    0.00    0.00  193.40     1      1.40      0.80 5645340 1066324  29.26      0.00      0.00  java

# Time        UID       PID    %usr %system  %guest   %wait    %CPU   CPU  minflt/s  majflt/s     VSZ     RSS   %MEM   cswch/s nvcswch/s  Command
02:51:05 PM     0     75670  192.80    1.00    0.00    0.00  193.80     1      1.00      0.00 5645340 1066324  29.26      0.00      0.00  java

# Time        UID       PID    %usr %system  %guest   %wait    %CPU   CPU  minflt/s  majflt/s     VSZ     RSS   %MEM   cswch/s nvcswch/s  Command
02:51:10 PM     0     75670  192.00    1.00    0.00    0.00  193.00     1      0.80      0.00 5645340 1066324  29.26      0.00      0.00  java

# Time        UID       PID    %usr %system  %guest   %wait    %CPU   CPU  minflt/s  majflt/s     VSZ     RSS   %MEM   cswch/s nvcswch/s  Command
02:51:15 PM     0     75670  193.40    0.60    0.00    0.00  194.00     1      1.00      0.00 5645340 1066324  29.26      0.00      0.00  java

# Time        UID       PID    %usr %system  %guest   %wait    %CPU   CPU  minflt/s  majflt/s     VSZ     RSS   %MEM   cswch/s nvcswch/s  Command
02:51:20 PM     0     75670  191.60    1.00    0.00    0.00  192.60     1      1.00      0.00 5645340 1066324  29.26      0.00      0.00  java

# Time        UID       PID    %usr %system  %guest   %wait    %CPU   CPU  minflt/s  majflt/s     VSZ     RSS   %MEM   cswch/s nvcswch/s  Command
02:51:25 PM     0     75670  192.20    1.60    0.00    0.00  193.80     1      1.00      0.00 5645340 1066324  29.26      0.00      0.00  java

# Time        UID       PID    %usr %system  %guest   %wait    %CPU   CPU  minflt/s  majflt/s     VSZ     RSS   %MEM   cswch/s nvcswch/s  Command
02:51:30 PM     0     75670  192.60    0.80    0.00    0.00  193.40     1      0.80      0.80 5645340 1066324  29.26      0.00      0.00  java

# Time        UID       PID    %usr %system  %guest   %wait    %CPU   CPU  minflt/s  majflt/s     VSZ     RSS   %MEM   cswch/s nvcswch/s  Command
02:51:35 PM     0     75670  190.40    2.00    0.00    0.00  192.40     1      1.00      0.00 5645340 1066324  29.26      0.00      0.00  java

# Time        UID       PID    %usr %system  %guest   %wait    %CPU   CPU  minflt/s  majflt/s     VSZ     RSS   %MEM   cswch/s nvcswch/s  Command
02:51:40 PM     0     75670  192.20    1.20    0.00    0.00  193.40     1      1.40      0.00 5645340 1066324  29.26      0.00      0.00  java

# Time        UID       PID    %usr %system  %guest   %wait    %CPU   CPU  minflt/s  majflt/s     VSZ     RSS   %MEM   cswch/s nvcswch/s  Command
02:51:45 PM     0     75670  192.40    1.00    0.00    0.00  193.40     1      1.40      0.80 5645340 1066324  29.26      0.00      0.00  java

# Time        UID       PID    %usr %system  %guest   %wait    %CPU   CPU  minflt/s  majflt/s     VSZ     RSS   %MEM   cswch/s nvcswch/s  Command
02:51:50 PM     0     75670  193.20    0.80    0.00    0.00  194.00     1      1.80      0.00 5645340 1066324  29.26      0.00      0.00  java

# Time        UID       PID    %usr %system  %guest   %wait    %CPU   CPU  minflt/s  majflt/s     VSZ     RSS   %MEM   cswch/s nvcswch/s  Command
02:51:55 PM     0     75670  193.80    0.80    0.00    0.00  194.60     1      1.60      0.00 5645340 1066324  29.26      0.00      0.00  java

# Time        UID       PID    %usr %system  %guest   %wait    %CPU   CPU  minflt/s  majflt/s     VSZ     RSS   %MEM   cswch/s nvcswch/s  Command
02:52:00 PM     0     75670  193.00    0.40    0.00    0.00  193.40     1      1.40      0.00 5645340 1066324  29.26      0.00      0.00  java

# Time        UID       PID    %usr %system  %guest   %wait    %CPU   CPU  minflt/s  majflt/s     VSZ     RSS   %MEM   cswch/s nvcswch/s  Command
02:52:05 PM     0     75670  193.40    0.40    0.00    0.00  193.80     1      1.40      0.00 5645340 1066324  29.26      0.00      0.00  java

# Time        UID       PID    %usr %system  %guest   %wait    %CPU   CPU  minflt/s  majflt/s     VSZ     RSS   %MEM   cswch/s nvcswch/s  Command
02:52:10 PM     0     75670  193.40    1.00    0.00    0.00  194.40     1      1.40      0.00 5645340 1066324  29.26      0.00      0.00  java

# Time        UID       PID    %usr %system  %guest   %wait    %CPU   CPU  minflt/s  majflt/s     VSZ     RSS   %MEM   cswch/s nvcswch/s  Command
02:52:15 PM     0     75670  192.80    0.40    0.00    0.00  193.20     1      1.20      0.40 5645340 1066324  29.26      0.00      0.00  java

# Time        UID       PID    %usr %system  %guest   %wait    %CPU   CPU  minflt/s  majflt/s     VSZ     RSS   %MEM   cswch/s nvcswch/s  Command
02:52:20 PM     0     75670  178.40    0.80    0.00    0.00  179.20     1     10.40      0.40 5645340 1066184  29.25      0.00      0.00  java

# Time        UID       PID    %usr %system  %guest   %wait    %CPU   CPU  minflt/s  majflt/s     VSZ     RSS   %MEM   cswch/s nvcswch/s  Command
02:52:25 PM     0     75670  191.60    1.20    0.00    0.00  192.80     1      1.40      0.00 5645340 1066184  29.25      0.00      0.00  java

# Time        UID       PID    %usr %system  %guest   %wait    %CPU   CPU  minflt/s  majflt/s     VSZ     RSS   %MEM   cswch/s nvcswch/s  Command
02:52:30 PM     0     75670  192.00    1.20    0.00    0.00  193.20     1      1.20      0.00 5645340 1066184  29.25      0.00      0.00  java

# Time        UID       PID    %usr %system  %guest   %wait    %CPU   CPU  minflt/s  majflt/s     VSZ     RSS   %MEM   cswch/s nvcswch/s  Command
02:52:35 PM     0     75670  193.00    0.60    0.00    0.00  193.60     1      1.20      0.00 5645340 1066184  29.25      0.00      0.00  java

# Time        UID       PID    %usr %system  %guest   %wait    %CPU   CPU  minflt/s  majflt/s     VSZ     RSS   %MEM   cswch/s nvcswch/s  Command
02:52:40 PM     0     75670  192.40    0.80    0.00    0.00  193.20     1      1.60      0.00 5645340 1066184  29.25      0.00      0.00  java

# Time        UID       PID    %usr %system  %guest   %wait    %CPU   CPU  minflt/s  majflt/s     VSZ     RSS   %MEM   cswch/s nvcswch/s  Command
02:52:45 PM     0     75670  193.60    0.80    0.00    0.00  194.40     1      1.20      0.00 5645340 1066184  29.25      0.00      0.00  java

# Time        UID       PID    %usr %system  %guest   %wait    %CPU   CPU  minflt/s  majflt/s     VSZ     RSS   %MEM   cswch/s nvcswch/s  Command
02:52:50 PM     0     75670  190.60    1.20    0.00    0.00  191.80     1      1.20      0.80 5645340 1066184  29.25      0.00      0.00  java

# Time        UID       PID    %usr %system  %guest   %wait    %CPU   CPU  minflt/s  majflt/s     VSZ     RSS   %MEM   cswch/s nvcswch/s  Command
02:52:55 PM     0     75670  193.00    1.20    0.00    0.00  194.20     1      1.00      0.00 5645340 1066184  29.25      0.00      0.00  java

# Time        UID       PID    %usr %system  %guest   %wait    %CPU   CPU  minflt/s  majflt/s     VSZ     RSS   %MEM   cswch/s nvcswch/s  Command
02:53:00 PM     0     75670  192.00    1.40    0.00    0.00  193.40     1      1.40      0.00 5645340 1066184  29.25      0.00      0.00  java

# Time        UID       PID    %usr %system  %guest   %wait    %CPU   CPU  minflt/s  majflt/s     VSZ     RSS   %MEM   cswch/s nvcswch/s  Command
02:53:05 PM     0     75670  191.20    1.40    0.00    0.00  192.60     1      1.20      0.00 5645340 1066184  29.25      0.00      0.00  java

# Time        UID       PID    %usr %system  %guest   %wait    %CPU   CPU  minflt/s  majflt/s     VSZ     RSS   %MEM   cswch/s nvcswch/s  Command
02:53:10 PM     0     75670  192.40    1.60    0.00    0.00  194.00     1      1.60      0.80 5645340 1066184  29.25      0.00      0.00  java

# Time        UID       PID    %usr %system  %guest   %wait    %CPU   CPU  minflt/s  majflt/s     VSZ     RSS   %MEM   cswch/s nvcswch/s  Command
02:53:15 PM     0     75670  190.20    1.80    0.00    0.00  192.00     1      1.20      0.80 5645340 1066184  29.25      0.00      0.00  java

# Time        UID       PID    %usr %system  %guest   %wait    %CPU   CPU  minflt/s  majflt/s     VSZ     RSS   %MEM   cswch/s nvcswch/s  Command
02:53:20 PM     0     75670  193.60    0.80    0.00    0.00  194.40     1      1.00      0.00 5645340 1066184  29.25      0.00      0.00  java

# Time        UID       PID    %usr %system  %guest   %wait    %CPU   CPU  minflt/s  majflt/s     VSZ     RSS   %MEM   cswch/s nvcswch/s  Command
02:53:25 PM     0     75670  193.00    1.20    0.00    0.00  194.20     1      1.20      0.00 5645340 1066184  29.25      0.00      0.00  java

# Time        UID       PID    %usr %system  %guest   %wait    %CPU   CPU  minflt/s  majflt/s     VSZ     RSS   %MEM   cswch/s nvcswch/s  Command
02:53:30 PM     0     75670  192.20    0.60    0.00    0.00  192.80     1      1.40      0.00 5645340 1066256  29.25      0.00      0.00  java

# Time        UID       PID    %usr %system  %guest   %wait    %CPU   CPU  minflt/s  majflt/s     VSZ     RSS   %MEM   cswch/s nvcswch/s  Command
02:53:35 PM     0     75670  194.20    0.60    0.00    0.00  194.80     1      1.80      0.00 5645340 1066328  29.26      0.00      0.00  java

# Time        UID       PID    %usr %system  %guest   %wait    %CPU   CPU  minflt/s  majflt/s     VSZ     RSS   %MEM   cswch/s nvcswch/s  Command
02:53:40 PM     0     75670  192.60    1.60    0.00    0.00  194.20     1      1.40      0.00 5645340 1066328  29.26      0.00      0.00  java

# Time        UID       PID    %usr %system  %guest   %wait    %CPU   CPU  minflt/s  majflt/s     VSZ     RSS   %MEM   cswch/s nvcswch/s  Command
02:53:45 PM     0     75670  191.40    0.80    0.00    0.00  192.20     1      1.80      0.80 5645340 1066328  29.26      0.00      0.00  java

# Time        UID       PID    %usr %system  %guest   %wait    %CPU   CPU  minflt/s  majflt/s     VSZ     RSS   %MEM   cswch/s nvcswch/s  Command
02:53:50 PM     0     75670  192.00    2.00    0.00    0.00  194.00     1      1.40      0.80 5645340 1066328  29.26      0.00      0.00  java

# Time        UID       PID    %usr %system  %guest   %wait    %CPU   CPU  minflt/s  majflt/s     VSZ     RSS   %MEM   cswch/s nvcswch/s  Command
02:53:55 PM     0     75670  192.20    1.40    0.00    0.00  193.60     1      1.40      0.00 5645340 1066328  29.26      0.00      0.00  java

# Time        UID       PID    %usr %system  %guest   %wait    %CPU   CPU  minflt/s  majflt/s     VSZ     RSS   %MEM   cswch/s nvcswch/s  Command
02:54:00 PM     0     75670  193.60    1.00    0.00    0.00  194.60     1      1.60      0.00 5645340 1066328  29.26      0.00      0.00  java

# Time        UID       PID    %usr %system  %guest   %wait    %CPU   CPU  minflt/s  majflt/s     VSZ     RSS   %MEM   cswch/s nvcswch/s  Command
02:54:05 PM     0     75670  193.00    1.20    0.00    0.00  194.20     1      1.80      0.00 5645340 1066328  29.26      0.00      0.00  java

# Time        UID       PID    %usr %system  %guest   %wait    %CPU   CPU  minflt/s  majflt/s     VSZ     RSS   %MEM   cswch/s nvcswch/s  Command
02:54:10 PM     0     75670  193.00    0.60    0.00    0.00  193.60     1      1.20      0.00 5645340 1066328  29.26      0.00      0.00  java

# Time        UID       PID    %usr %system  %guest   %wait    %CPU   CPU  minflt/s  majflt/s     VSZ     RSS   %MEM   cswch/s nvcswch/s  Command
02:54:15 PM     0     75670  194.20    0.40    0.00    0.00  194.60     1      1.60      0.00 5645340 1066328  29.26      0.00      0.00  java

# Time        UID       PID    %usr %system  %guest   %wait    %CPU   CPU  minflt/s  majflt/s     VSZ     RSS   %MEM   cswch/s nvcswch/s  Command
02:54:20 PM     0     75670  193.40    0.60    0.00    0.00  194.00     1      1.80      0.80 5645340 1066328  29.26      0.00      0.00  java

# Time        UID       PID    %usr %system  %guest   %wait    %CPU   CPU  minflt/s  majflt/s     VSZ     RSS   %MEM   cswch/s nvcswch/s  Command
02:54:25 PM     0     75670  194.00    0.60    0.00    0.00  194.60     1      1.40      0.80 5645340 1066328  29.26      0.00      0.00  java

# Time        UID       PID    %usr %system  %guest   %wait    %CPU   CPU  minflt/s  majflt/s     VSZ     RSS   %MEM   cswch/s nvcswch/s  Command
02:54:30 PM     0     75670  193.40    0.60    0.00    0.00  194.00     1      1.40      0.00 5645340 1066328  29.26      0.00      0.00  java

# Time        UID       PID    %usr %system  %guest   %wait    %CPU   CPU  minflt/s  majflt/s     VSZ     RSS   %MEM   cswch/s nvcswch/s  Command
02:54:35 PM     0     75670  193.80    0.80    0.00    0.00  194.60     1      1.80      0.00 5645340 1066328  29.26      0.00      0.00  java

# Time        UID       PID    %usr %system  %guest   %wait    %CPU   CPU  minflt/s  majflt/s     VSZ     RSS   %MEM   cswch/s nvcswch/s  Command
02:54:40 PM     0     75670  194.20    0.80    0.00    0.00  195.00     1      1.40      0.00 5645340 1066328  29.26      0.00      0.00  java

# Time        UID       PID    %usr %system  %guest   %wait    %CPU   CPU  minflt/s  majflt/s     VSZ     RSS   %MEM   cswch/s nvcswch/s  Command
02:54:45 PM     0     75670  191.00    2.00    0.00    0.00  193.00     1      1.40      0.00 5645340 1066328  29.26      0.00      0.00  java

# Time        UID       PID    %usr %system  %guest   %wait    %CPU   CPU  minflt/s  majflt/s     VSZ     RSS   %MEM   cswch/s nvcswch/s  Command
02:54:50 PM     0     75670  192.00    1.80    0.00    0.00  193.80     1      1.80      0.00 5645340 1066328  29.26      0.00      0.00  java

# Time        UID       PID    %usr %system  %guest   %wait    %CPU   CPU  minflt/s  majflt/s     VSZ     RSS   %MEM   cswch/s nvcswch/s  Command
02:54:55 PM     0     75670  192.40    1.20    0.00    0.00  193.60     1      1.40      0.80 5645340 1066328  29.26      0.00      0.00  java

# Time        UID       PID    %usr %system  %guest   %wait    %CPU   CPU  minflt/s  majflt/s     VSZ     RSS   %MEM   cswch/s nvcswch/s  Command
02:55:00 PM     0     75670  194.00    1.00    0.00    0.00  195.00     1      1.80      0.80 5645340 1066328  29.26      0.00      0.00  java

# Time        UID       PID    %usr %system  %guest   %wait    %CPU   CPU  minflt/s  majflt/s     VSZ     RSS   %MEM   cswch/s nvcswch/s  Command
02:55:05 PM     0     75670  193.60    0.80    0.00    0.00  194.40     1      1.60      0.80 5645340 1066328  29.26      0.00      0.00  java

# Time        UID       PID    %usr %system  %guest   %wait    %CPU   CPU  minflt/s  majflt/s     VSZ     RSS   %MEM   cswch/s nvcswch/s  Command
02:55:10 PM     0     75670  192.80    0.80    0.00    0.00  193.60     1      1.40      0.00 5645340 1066328  29.26      0.00      0.00  java

# Time        UID       PID    %usr %system  %guest   %wait    %CPU   CPU  minflt/s  majflt/s     VSZ     RSS   %MEM   cswch/s nvcswch/s  Command
02:55:15 PM     0     75670  193.40    1.20    0.00    0.00  194.60     1      1.60      0.00 5645340 1066328  29.26      0.00      0.00  java

# Time        UID       PID    %usr %system  %guest   %wait    %CPU   CPU  minflt/s  majflt/s     VSZ     RSS   %MEM   cswch/s nvcswch/s  Command
02:55:20 PM     0     75670  193.00    0.80    0.00    0.00  193.80     1      1.60      0.00 5645340 1066328  29.26      0.00      0.00  java

# Time        UID       PID    %usr %system  %guest   %wait    %CPU   CPU  minflt/s  majflt/s     VSZ     RSS   %MEM   cswch/s nvcswch/s  Command
02:55:25 PM     0     75670  194.60    0.60    0.00    0.00  195.20     1      1.60      0.00 5645340 1066328  29.26      0.00      0.00  java

# Time        UID       PID    %usr %system  %guest   %wait    %CPU   CPU  minflt/s  majflt/s     VSZ     RSS   %MEM   cswch/s nvcswch/s  Command
02:55:30 PM     0     75670  194.00    0.60    0.00    0.00  194.60     1      1.60      0.00 5645340 1066328  29.26      0.00      0.00  java

# Time        UID       PID    %usr %system  %guest   %wait    %CPU   CPU  minflt/s  majflt/s     VSZ     RSS   %MEM   cswch/s nvcswch/s  Command
02:55:35 PM     0     75670  193.40    0.40    0.00    0.00  193.80     1      1.60      0.80 5645340 1066328  29.26      0.00      0.00  java

# Time        UID       PID    %usr %system  %guest   %wait    %CPU   CPU  minflt/s  majflt/s     VSZ     RSS   %MEM   cswch/s nvcswch/s  Command
02:55:40 PM     0     75670  194.40    0.40    0.00    0.00  194.80     1      1.80      0.80 5645340 1066328  29.26      0.00      0.00  java

# Time        UID       PID    %usr %system  %guest   %wait    %CPU   CPU  minflt/s  majflt/s     VSZ     RSS   %MEM   cswch/s nvcswch/s  Command
02:55:45 PM     0     75670  192.80    0.60    0.00    0.00  193.40     1      1.40      0.40 5645340 1066328  29.26      0.00      0.00  java

# Time        UID       PID    %usr %system  %guest   %wait    %CPU   CPU  minflt/s  majflt/s     VSZ     RSS   %MEM   cswch/s nvcswch/s  Command
02:55:50 PM     0     75670  193.40    1.20    0.00    0.00  194.60     1      1.60      0.80 5645340 1066328  29.26      0.00      0.00  java

# Time        UID       PID    %usr %system  %guest   %wait    %CPU   CPU  minflt/s  majflt/s     VSZ     RSS   %MEM   cswch/s nvcswch/s  Command
02:55:55 PM     0     75670  194.00    0.80    0.00    0.00  194.80     1      1.60      0.40 5645340 1066328  29.26      0.00      0.00  java

# Time        UID       PID    %usr %system  %guest   %wait    %CPU   CPU  minflt/s  majflt/s     VSZ     RSS   %MEM   cswch/s nvcswch/s  Command
02:56:00 PM     0     75670  191.80    0.60    0.00    0.00  192.40     1      1.80      0.00 5645340 1066328  29.26      0.00      0.00  java

# Time        UID       PID    %usr %system  %guest   %wait    %CPU   CPU  minflt/s  majflt/s     VSZ     RSS   %MEM   cswch/s nvcswch/s  Command
02:56:05 PM     0     75670  194.80    0.40    0.00    0.00  195.20     1      1.40      0.80 5645340 1066328  29.26      0.00      0.00  java

# Time        UID       PID    %usr %system  %guest   %wait    %CPU   CPU  minflt/s  majflt/s     VSZ     RSS   %MEM   cswch/s nvcswch/s  Command
02:56:10 PM     0     75670  193.00    1.00    0.00    0.00  194.00     1      1.60      0.80 5645340 1066328  29.26      0.00      0.00  java

# Time        UID       PID    %usr %system  %guest   %wait    %CPU   CPU  minflt/s  majflt/s     VSZ     RSS   %MEM   cswch/s nvcswch/s  Command
02:56:15 PM     0     75670  193.60    1.00    0.00    0.00  194.60     1      1.80      0.80 5645340 1066336  29.26      0.00      0.00  java

# Time        UID       PID    %usr %system  %guest   %wait    %CPU   CPU  minflt/s  majflt/s     VSZ     RSS   %MEM   cswch/s nvcswch/s  Command
02:56:20 PM     0     75670  171.60    1.40    0.00    0.00  173.00     1    373.20      0.80 5650740 1074468  29.48      0.00      0.00  java
