
SPECjvm2008 Peak
  Properties file:   none
  Benchmarks:        serial

  WARNING: Run will not be compliant.
  Property specjvm.run.initial.check must be true for publication.
  Property specjvm.miniter must be 1 for publication.
  Not a compliant sequence of benchmarks for publication.
  Property specjvm.run.checksum.validation must be true for publication.


--- --- --- --- --- --- --- --- ---

  Benchmark:   serial
  Run mode:    timed run
  Test type:   multi
  Threads:     2
  Warmup:      120s
  Iterations:  5
  Run length:  240s

Warmup (120s) begins: Sun Jul 07 14:34:10 CST 2024
Warmup (120s) ends:   Sun Jul 07 14:36:12 CST 2024
Warmup (120s) result: 80.83 ops/m

Iteration 1 (240s) begins: Sun Jul 07 14:36:12 CST 2024
Iteration 1 (240s) ends:   Sun Jul 07 14:40:13 CST 2024
Iteration 1 (240s) result: 86.98 ops/m

Iteration 2 (240s) begins: Sun Jul 07 14:40:13 CST 2024
Iteration 2 (240s) ends:   Sun Jul 07 14:44:15 CST 2024
Iteration 2 (240s) result: 85.07 ops/m

Iteration 3 (240s) begins: Sun Jul 07 14:44:15 CST 2024
Iteration 3 (240s) ends:   Sun Jul 07 14:48:17 CST 2024
Iteration 3 (240s) result: 87.49 ops/m

Iteration 4 (240s) begins: Sun Jul 07 14:48:17 CST 2024
Iteration 4 (240s) ends:   Sun Jul 07 14:52:18 CST 2024
Iteration 4 (240s) result: 81.11 ops/m

Iteration 5 (240s) begins: Sun Jul 07 14:52:18 CST 2024
Iteration 5 (240s) ends:   Sun Jul 07 14:56:20 CST 2024
Iteration 5 (240s) result: 86.60 ops/m

Valid run!
Score on serial: 87.49 ops/m

Results are stored in: 
/root/spec/build/release/SPECjvm2008/results/SPECjvm2008.060/SPECjvm2008.060.raw
Generating reports in:
/root/spec/build/release/SPECjvm2008/results/SPECjvm2008.060

Noncompliant composite result: 87.49 ops/m
