Linux 5.15.0-106-generic (iZf8zetnft7hz64q6zlvzzZ) 	07/14/2024 	_x86_64_	(2 CPU)

# Time        UID       PID    %usr %system  %guest   %wait    %CPU   CPU  minflt/s  majflt/s     VSZ     RSS   %MEM   cswch/s nvcswch/s  Command
06:27:03 PM     0     32835    0.00    0.00    0.00    0.00    0.00     1      0.40      0.00   35616   12240   0.34      0.00      0.00  perf

# Time        UID       PID    %usr %system  %guest   %wait    %CPU   CPU  minflt/s  majflt/s     VSZ     RSS   %MEM   cswch/s nvcswch/s  Command
06:27:08 PM     0     32835    0.00    0.00    0.00    0.00    0.00     1      0.00      0.00   35616   12240   0.34      0.00      0.00  perf

# Time        UID       PID    %usr %system  %guest   %wait    %CPU   CPU  minflt/s  majflt/s     VSZ     RSS   %MEM   cswch/s nvcswch/s  Command
06:27:13 PM     0     32835    0.00    0.00    0.00    0.00    0.00     1     26.20      0.40   35616   12744   0.35      0.40      0.00  perf

# Time        UID       PID    %usr %system  %guest   %wait    %CPU   CPU  minflt/s  majflt/s     VSZ     RSS   %MEM   cswch/s nvcswch/s  Command
06:27:18 PM     0     32835    0.00    0.00    0.00    0.00    0.00     1      0.00      0.00   35616   12744   0.35      0.00      0.00  perf

# Time        UID       PID    %usr %system  %guest   %wait    %CPU   CPU  minflt/s  majflt/s     VSZ     RSS   %MEM   cswch/s nvcswch/s  Command
06:27:23 PM     0     32835    0.00    0.00    0.00    0.00    0.00     1     25.00      0.00   35616   13264   0.36      0.40      0.20  perf

# Time        UID       PID    %usr %system  %guest   %wait    %CPU   CPU  minflt/s  majflt/s     VSZ     RSS   %MEM   cswch/s nvcswch/s  Command
06:27:28 PM     0     32835    0.00    0.00    0.00    0.00    0.00     1      0.00      0.00   35616   13264   0.36      0.00      0.00  perf

# Time        UID       PID    %usr %system  %guest   %wait    %CPU   CPU  minflt/s  majflt/s     VSZ     RSS   %MEM   cswch/s nvcswch/s  Command
06:27:33 PM     0     32835    0.00    0.00    0.00    0.00    0.00     1      0.00      0.00   35616   13264   0.36      0.40      0.00  perf

# Time        UID       PID    %usr %system  %guest   %wait    %CPU   CPU  minflt/s  majflt/s     VSZ     RSS   %MEM   cswch/s nvcswch/s  Command
06:27:38 PM     0     32835    0.00    0.00    0.00    0.00    0.00     1      0.00      0.00   35616   13264   0.36      0.00      0.00  perf

# Time        UID       PID    %usr %system  %guest   %wait    %CPU   CPU  minflt/s  majflt/s     VSZ     RSS   %MEM   cswch/s nvcswch/s  Command
06:27:43 PM     0     32835    0.00    0.00    0.00    0.00    0.00     1      0.00      0.00   35616   13264   0.36      0.40      0.00  perf

# Time        UID       PID    %usr %system  %guest   %wait    %CPU   CPU  minflt/s  majflt/s     VSZ     RSS   %MEM   cswch/s nvcswch/s  Command
06:27:48 PM     0     32835    0.00    0.00    0.00    0.00    0.00     1      0.00      0.00   35616   13264   0.36      0.00      0.00  perf

# Time        UID       PID    %usr %system  %guest   %wait    %CPU   CPU  minflt/s  majflt/s     VSZ     RSS   %MEM   cswch/s nvcswch/s  Command
06:27:53 PM     0     32835    0.00    0.00    0.00    0.00    0.00     1      0.00      0.00   35616   13264   0.36      0.40      0.20  perf

# Time        UID       PID    %usr %system  %guest   %wait    %CPU   CPU  minflt/s  majflt/s     VSZ     RSS   %MEM   cswch/s nvcswch/s  Command
06:27:58 PM     0     32835    0.00    0.00    0.00    0.00    0.00     1      0.00      0.00   35616   13264   0.36      0.00      0.00  perf

# Time        UID       PID    %usr %system  %guest   %wait    %CPU   CPU  minflt/s  majflt/s     VSZ     RSS   %MEM   cswch/s nvcswch/s  Command
06:28:03 PM     0     32835    0.00    0.00    0.00    0.00    0.00     1      0.00      0.00   35616   13264   0.36      0.40      0.00  perf

# Time        UID       PID    %usr %system  %guest   %wait    %CPU   CPU  minflt/s  majflt/s     VSZ     RSS   %MEM   cswch/s nvcswch/s  Command
06:28:08 PM     0     32835    0.00    0.00    0.00    0.00    0.00     1      0.00      0.00   35616   13264   0.36      0.00      0.00  perf

# Time        UID       PID    %usr %system  %guest   %wait    %CPU   CPU  minflt/s  majflt/s     VSZ     RSS   %MEM   cswch/s nvcswch/s  Command
06:28:13 PM     0     32835    0.00    0.00    0.00    0.00    0.00     1      0.00      0.00   35616   13264   0.36      0.20      0.00  perf

# Time        UID       PID    %usr %system  %guest   %wait    %CPU   CPU  minflt/s  majflt/s     VSZ     RSS   %MEM   cswch/s nvcswch/s  Command
06:28:18 PM     0     32835    0.00    0.00    0.00    0.00    0.00     1      0.00      0.00   35616   13264   0.36      0.20      0.00  perf

# Time        UID       PID    %usr %system  %guest   %wait    %CPU   CPU  minflt/s  majflt/s     VSZ     RSS   %MEM   cswch/s nvcswch/s  Command
06:28:23 PM     0     32835    0.00    0.00    0.00    0.00    0.00     1      0.00      0.00   35616   13264   0.36      0.00      0.00  perf

# Time        UID       PID    %usr %system  %guest   %wait    %CPU   CPU  minflt/s  majflt/s     VSZ     RSS   %MEM   cswch/s nvcswch/s  Command
06:28:28 PM     0     32835    0.00    0.20    0.00    0.00    0.20     1      0.00      0.00   35616   13264   0.36      0.40      0.00  perf

# Time        UID       PID    %usr %system  %guest   %wait    %CPU   CPU  minflt/s  majflt/s     VSZ     RSS   %MEM   cswch/s nvcswch/s  Command
06:28:33 PM     0     32835    0.00    0.00    0.00    0.00    0.00     1      0.00      0.00   35616   13264   0.36      0.00      0.00  perf

# Time        UID       PID    %usr %system  %guest   %wait    %CPU   CPU  minflt/s  majflt/s     VSZ     RSS   %MEM   cswch/s nvcswch/s  Command
06:28:38 PM     0     32835    0.00    0.00    0.00    0.00    0.00     1      0.00      0.00   35616   13264   0.36      0.40      0.00  perf

# Time        UID       PID    %usr %system  %guest   %wait    %CPU   CPU  minflt/s  majflt/s     VSZ     RSS   %MEM   cswch/s nvcswch/s  Command
06:28:43 PM     0     32835    0.00    0.00    0.00    0.00    0.00     1      0.00      0.00   35616   13264   0.36      0.00      0.00  perf

# Time        UID       PID    %usr %system  %guest   %wait    %CPU   CPU  minflt/s  majflt/s     VSZ     RSS   %MEM   cswch/s nvcswch/s  Command
06:28:48 PM     0     32835    0.00    0.00    0.00    0.00    0.00     1      0.00      0.00   35616   13264   0.36      0.40      0.20  perf

# Time        UID       PID    %usr %system  %guest   %wait    %CPU   CPU  minflt/s  majflt/s     VSZ     RSS   %MEM   cswch/s nvcswch/s  Command
06:28:53 PM     0     32835    0.00    0.00    0.00    0.00    0.00     1      0.00      0.00   35616   13264   0.36      0.00      0.00  perf

# Time        UID       PID    %usr %system  %guest   %wait    %CPU   CPU  minflt/s  majflt/s     VSZ     RSS   %MEM   cswch/s nvcswch/s  Command
06:28:58 PM     0     32835    0.00    0.00    0.00    0.00    0.00     1      0.00      0.00   35616   13264   0.36      0.40      0.00  perf

# Time        UID       PID    %usr %system  %guest   %wait    %CPU   CPU  minflt/s  majflt/s     VSZ     RSS   %MEM   cswch/s nvcswch/s  Command
06:29:03 PM     0     32835    0.00    0.00    0.00    0.00    0.00     1      0.00      0.00   35616   13264   0.36      0.00      0.00  perf

# Time        UID       PID    %usr %system  %guest   %wait    %CPU   CPU  minflt/s  majflt/s     VSZ     RSS   %MEM   cswch/s nvcswch/s  Command
06:29:08 PM     0     32835    0.00    0.00    0.00    0.00    0.00     1      0.00      0.00   35616   13264   0.36      0.40      0.00  perf

# Time        UID       PID    %usr %system  %guest   %wait    %CPU   CPU  minflt/s  majflt/s     VSZ     RSS   %MEM   cswch/s nvcswch/s  Command
06:29:13 PM     0     32835    0.00    0.00    0.00    0.00    0.00     1      0.00      0.00   35616   13264   0.36      0.00      0.00  perf

# Time        UID       PID    %usr %system  %guest   %wait    %CPU   CPU  minflt/s  majflt/s     VSZ     RSS   %MEM   cswch/s nvcswch/s  Command
06:29:18 PM     0     32835    0.20    0.00    0.00    0.00    0.20     1      0.00      0.00   35616   13264   0.36      0.20      0.00  perf

# Time        UID       PID    %usr %system  %guest   %wait    %CPU   CPU  minflt/s  majflt/s     VSZ     RSS   %MEM   cswch/s nvcswch/s  Command
06:29:23 PM     0     32835    0.00    0.00    0.00    0.00    0.00     1      0.00      0.00   35616   13264   0.36      0.20      0.00  perf

# Time        UID       PID    %usr %system  %guest   %wait    %CPU   CPU  minflt/s  majflt/s     VSZ     RSS   %MEM   cswch/s nvcswch/s  Command
06:29:28 PM     0     32835    0.00    0.00    0.00    0.00    0.00     1      0.00      0.00   35616   13264   0.36      0.00      0.00  perf

# Time        UID       PID    %usr %system  %guest   %wait    %CPU   CPU  minflt/s  majflt/s     VSZ     RSS   %MEM   cswch/s nvcswch/s  Command
06:29:33 PM     0     32835    0.00    0.00    0.00    0.00    0.00     1      0.00      0.00   35616   13264   0.36      0.40      0.00  perf

# Time        UID       PID    %usr %system  %guest   %wait    %CPU   CPU  minflt/s  majflt/s     VSZ     RSS   %MEM   cswch/s nvcswch/s  Command
06:29:38 PM     0     32835    0.00    0.00    0.00    0.00    0.00     1      0.00      0.00   35616   13264   0.36      0.00      0.00  perf

# Time        UID       PID    %usr %system  %guest   %wait    %CPU   CPU  minflt/s  majflt/s     VSZ     RSS   %MEM   cswch/s nvcswch/s  Command
06:29:43 PM     0     32835    0.00    0.00    0.00    0.00    0.00     1      0.00      0.00   35616   13264   0.36      0.40      0.00  perf

# Time        UID       PID    %usr %system  %guest   %wait    %CPU   CPU  minflt/s  majflt/s     VSZ     RSS   %MEM   cswch/s nvcswch/s  Command
06:29:48 PM     0     32835    0.00    0.00    0.00    0.00    0.00     1      0.00      0.00   35616   13264   0.36      0.00      0.00  perf

# Time        UID       PID    %usr %system  %guest   %wait    %CPU   CPU  minflt/s  majflt/s     VSZ     RSS   %MEM   cswch/s nvcswch/s  Command
06:29:53 PM     0     32835    0.00    0.00    0.00    0.00    0.00     1      0.00      0.00   35616   13264   0.36      0.40      0.00  perf

# Time        UID       PID    %usr %system  %guest   %wait    %CPU   CPU  minflt/s  majflt/s     VSZ     RSS   %MEM   cswch/s nvcswch/s  Command
06:29:58 PM     0     32835    0.00    0.00    0.00    0.00    0.00     1      0.00      0.00   35616   13264   0.36      0.00      0.00  perf

# Time        UID       PID    %usr %system  %guest   %wait    %CPU   CPU  minflt/s  majflt/s     VSZ     RSS   %MEM   cswch/s nvcswch/s  Command
06:30:03 PM     0     32835    0.00    0.00    0.00    0.00    0.00     1      0.00      0.00   35616   13264   0.36      0.40      0.00  perf

# Time        UID       PID    %usr %system  %guest   %wait    %CPU   CPU  minflt/s  majflt/s     VSZ     RSS   %MEM   cswch/s nvcswch/s  Command
06:30:08 PM     0     32835    0.00    0.00    0.00    0.00    0.00     1      0.00      0.00   35616   13264   0.36      0.00      0.00  perf

# Time        UID       PID    %usr %system  %guest   %wait    %CPU   CPU  minflt/s  majflt/s     VSZ     RSS   %MEM   cswch/s nvcswch/s  Command
06:30:13 PM     0     32835    1.60    1.20    0.00    1.20    2.80     1    572.60      0.00   55600   33432   0.92      0.20      9.80  perf

# Time        UID       PID    %usr %system  %guest   %wait    %CPU   CPU  minflt/s  majflt/s     VSZ     RSS   %MEM   cswch/s nvcswch/s  Command
