
SPECjvm2008 Peak
  Properties file:   none
  Benchmarks:        startup.helloworld startup.compiler.compiler startup.compiler.sunflow startup.compress startup.crypto.aes startup.crypto.rsa startup.crypto.signverify startup.mpegaudio startup.scimark.fft startup.scimark.lu startup.scimark.monte_carlo startup.scimark.sor startup.scimark.sparse startup.serial startup.sunflow startup.xml.transform startup.xml.validation compiler.compiler compiler.sunflow compress crypto.aes crypto.rsa crypto.signverify derby mpegaudio scimark.fft.large scimark.lu.large scimark.sor.large scimark.sparse.large scimark.fft.small scimark.lu.small scimark.sor.small scimark.sparse.small scimark.monte_carlo serial sunflow xml.transform xml.validation

  WARNING: Run will not be compliant.
  Property specjvm.run.initial.check must be true for publication.
  Property specjvm.run.checksum.validation must be true for publication.


--- --- --- --- --- --- --- --- ---

  Benchmark:   startup.helloworld
  Run mode:    static run
  Test type:   single
  Threads:     1
  Iterations:  1
  Run length:  1 operation

Iteration 1 (1 operation) begins: Sun Jul 07 10:31:46 CST 2024
Iteration 1 (1 operation) ends:   Sun Jul 07 10:31:46 CST 2024
Iteration 1 (1 operation) result: 176.99 ops/m

Valid run!
Score on startup.helloworld: 176.99 ops/m


--- --- --- --- --- --- --- --- ---

  Benchmark:   startup.compiler.compiler
  Run mode:    static run
  Test type:   single
  Threads:     1
  Iterations:  1
  Run length:  1 operation

Iteration 1 (1 operation) begins: Sun Jul 07 10:31:46 CST 2024
Iteration 1 (1 operation) ends:   Sun Jul 07 10:31:53 CST 2024
Iteration 1 (1 operation) result: 8.74 ops/m

Valid run!
Score on startup.compiler.compiler: 8.74 ops/m


--- --- --- --- --- --- --- --- ---

  Benchmark:   startup.compiler.sunflow
  Run mode:    static run
  Test type:   single
  Threads:     1
  Iterations:  1
  Run length:  1 operation

Iteration 1 (1 operation) begins: Sun Jul 07 10:31:53 CST 2024
Iteration 1 (1 operation) ends:   Sun Jul 07 10:32:00 CST 2024
Iteration 1 (1 operation) result: 8.62 ops/m

Valid run!
Score on startup.compiler.sunflow: 8.62 ops/m


--- --- --- --- --- --- --- --- ---

  Benchmark:   startup.compress
  Run mode:    static run
  Test type:   single
  Threads:     1
  Iterations:  1
  Run length:  1 operation

Iteration 1 (1 operation) begins: Sun Jul 07 10:32:00 CST 2024
Iteration 1 (1 operation) ends:   Sun Jul 07 10:32:02 CST 2024
Iteration 1 (1 operation) result: 28.96 ops/m

Valid run!
Score on startup.compress: 28.96 ops/m


--- --- --- --- --- --- --- --- ---

  Benchmark:   startup.crypto.aes
  Run mode:    static run
  Test type:   single
  Threads:     1
  Iterations:  1
  Run length:  1 operation

Iteration 1 (1 operation) begins: Sun Jul 07 10:32:02 CST 2024
Iteration 1 (1 operation) ends:   Sun Jul 07 10:32:06 CST 2024
Iteration 1 (1 operation) result: 15.13 ops/m

Valid run!
Score on startup.crypto.aes: 15.13 ops/m


--- --- --- --- --- --- --- --- ---

  Benchmark:   startup.crypto.rsa
  Run mode:    static run
  Test type:   single
  Threads:     1
  Iterations:  1
  Run length:  1 operation

Iteration 1 (1 operation) begins: Sun Jul 07 10:32:06 CST 2024
Iteration 1 (1 operation) ends:   Sun Jul 07 10:32:07 CST 2024
Iteration 1 (1 operation) result: 55.76 ops/m

Valid run!
Score on startup.crypto.rsa: 55.76 ops/m


--- --- --- --- --- --- --- --- ---

  Benchmark:   startup.crypto.signverify
  Run mode:    static run
  Test type:   single
  Threads:     1
  Iterations:  1
  Run length:  1 operation

Iteration 1 (1 operation) begins: Sun Jul 07 10:32:07 CST 2024
Iteration 1 (1 operation) ends:   Sun Jul 07 10:32:09 CST 2024
Iteration 1 (1 operation) result: 35.86 ops/m

Valid run!
Score on startup.crypto.signverify: 35.86 ops/m


--- --- --- --- --- --- --- --- ---

  Benchmark:   startup.mpegaudio
  Run mode:    static run
  Test type:   single
  Threads:     1
  Iterations:  1
  Run length:  1 operation

Iteration 1 (1 operation) begins: Sun Jul 07 10:32:09 CST 2024
Iteration 1 (1 operation) ends:   Sun Jul 07 10:32:13 CST 2024
Iteration 1 (1 operation) result: 12.97 ops/m

Valid run!
Score on startup.mpegaudio: 12.97 ops/m


--- --- --- --- --- --- --- --- ---

  Benchmark:   startup.scimark.fft
  Run mode:    static run
  Test type:   single
  Threads:     1
  Iterations:  1
  Run length:  1 operation

Iteration 1 (1 operation) begins: Sun Jul 07 10:32:13 CST 2024
Iteration 1 (1 operation) ends:   Sun Jul 07 10:32:15 CST 2024
Iteration 1 (1 operation) result: 46.73 ops/m

Valid run!
Score on startup.scimark.fft: 46.73 ops/m


--- --- --- --- --- --- --- --- ---

  Benchmark:   startup.scimark.lu
  Run mode:    static run
  Test type:   single
  Threads:     1
  Iterations:  1
  Run length:  1 operation

Iteration 1 (1 operation) begins: Sun Jul 07 10:32:15 CST 2024
Iteration 1 (1 operation) ends:   Sun Jul 07 10:32:15 CST 2024
Iteration 1 (1 operation) result: 90.63 ops/m

Valid run!
Score on startup.scimark.lu: 90.63 ops/m


--- --- --- --- --- --- --- --- ---

  Benchmark:   startup.scimark.monte_carlo
  Run mode:    static run
  Test type:   single
  Threads:     1
  Iterations:  1
  Run length:  1 operation

Iteration 1 (1 operation) begins: Sun Jul 07 10:32:15 CST 2024
Iteration 1 (1 operation) ends:   Sun Jul 07 10:32:18 CST 2024
Iteration 1 (1 operation) result: 21.53 ops/m

Valid run!
Score on startup.scimark.monte_carlo: 21.53 ops/m


--- --- --- --- --- --- --- --- ---

  Benchmark:   startup.scimark.sor
  Run mode:    static run
  Test type:   single
  Threads:     1
  Iterations:  1
  Run length:  1 operation

Iteration 1 (1 operation) begins: Sun Jul 07 10:32:18 CST 2024
Iteration 1 (1 operation) ends:   Sun Jul 07 10:32:20 CST 2024
Iteration 1 (1 operation) result: 26.82 ops/m

Valid run!
Score on startup.scimark.sor: 26.82 ops/m


--- --- --- --- --- --- --- --- ---

  Benchmark:   startup.scimark.sparse
  Run mode:    static run
  Test type:   single
  Threads:     1
  Iterations:  1
  Run length:  1 operation

Iteration 1 (1 operation) begins: Sun Jul 07 10:32:20 CST 2024
Iteration 1 (1 operation) ends:   Sun Jul 07 10:32:22 CST 2024
Iteration 1 (1 operation) result: 34.86 ops/m

Valid run!
Score on startup.scimark.sparse: 34.86 ops/m


--- --- --- --- --- --- --- --- ---

  Benchmark:   startup.serial
  Run mode:    static run
  Test type:   single
  Threads:     1
  Iterations:  1
  Run length:  1 operation

Iteration 1 (1 operation) begins: Sun Jul 07 10:32:22 CST 2024
Iteration 1 (1 operation) ends:   Sun Jul 07 10:32:27 CST 2024
Iteration 1 (1 operation) result: 12.87 ops/m

Valid run!
Score on startup.serial: 12.87 ops/m


--- --- --- --- --- --- --- --- ---

  Benchmark:   startup.sunflow
  Run mode:    static run
  Test type:   single
  Threads:     1
  Iterations:  1
  Run length:  1 operation

Iteration 1 (1 operation) begins: Sun Jul 07 10:32:27 CST 2024
Iteration 1 (1 operation) ends:   Sun Jul 07 10:32:31 CST 2024
Iteration 1 (1 operation) result: 14.89 ops/m

Valid run!
Score on startup.sunflow: 14.89 ops/m


--- --- --- --- --- --- --- --- ---

  Benchmark:   startup.xml.transform
  Run mode:    static run
  Test type:   single
  Threads:     1
  Iterations:  1
  Run length:  1 operation

Iteration 1 (1 operation) begins: Sun Jul 07 10:32:31 CST 2024
Iteration 1 (1 operation) ends:   Sun Jul 07 10:33:27 CST 2024
Iteration 1 (1 operation) result: 1.06 ops/m

Valid run!
Score on startup.xml.transform: 1.06 ops/m


--- --- --- --- --- --- --- --- ---

  Benchmark:   startup.xml.validation
  Run mode:    static run
  Test type:   single
  Threads:     1
  Iterations:  1
  Run length:  1 operation

Iteration 1 (1 operation) begins: Sun Jul 07 10:33:27 CST 2024
Iteration 1 (1 operation) ends:   Sun Jul 07 10:33:30 CST 2024
Iteration 1 (1 operation) result: 21.05 ops/m

Valid run!
Score on startup.xml.validation: 21.05 ops/m


--- --- --- --- --- --- --- --- ---

  Benchmark:   compiler.compiler
  Run mode:    timed run
  Test type:   multi
  Threads:     2
  Warmup:      120s
  Iterations:  1
  Run length:  240s

Warmup (120s) begins: Sun Jul 07 10:33:34 CST 2024
Warmup (120s) ends:   Sun Jul 07 10:35:35 CST 2024
Warmup (120s) result: 116.18 ops/m

Iteration 1 (240s) begins: Sun Jul 07 10:35:35 CST 2024
Iteration 1 (240s) ends:   Sun Jul 07 10:39:36 CST 2024
Iteration 1 (240s) result: 256.80 ops/m

Valid run!
Score on compiler.compiler: 256.80 ops/m


--- --- --- --- --- --- --- --- ---

  Benchmark:   compiler.sunflow
  Run mode:    timed run
  Test type:   multi
  Threads:     2
  Warmup:      120s
  Iterations:  1
  Run length:  240s

Warmup (120s) begins: Sun Jul 07 10:39:36 CST 2024
Warmup (120s) ends:   Sun Jul 07 10:41:38 CST 2024
Warmup (120s) result: 109.19 ops/m

Iteration 1 (240s) begins: Sun Jul 07 10:41:38 CST 2024
Iteration 1 (240s) ends:   Sun Jul 07 10:45:39 CST 2024
Iteration 1 (240s) result: 109.38 ops/m

Valid run!
Score on compiler.sunflow: 109.38 ops/m


--- --- --- --- --- --- --- --- ---

  Benchmark:   compress
  Run mode:    timed run
  Test type:   multi
  Threads:     2
  Warmup:      120s
  Iterations:  1
  Run length:  240s

Warmup (120s) begins: Sun Jul 07 10:45:40 CST 2024
Warmup (120s) ends:   Sun Jul 07 10:47:41 CST 2024
Warmup (120s) result: 116.61 ops/m

Iteration 1 (240s) begins: Sun Jul 07 10:47:41 CST 2024
Iteration 1 (240s) ends:   Sun Jul 07 10:51:42 CST 2024
Iteration 1 (240s) result: 121.55 ops/m

Valid run!
Score on compress: 121.55 ops/m


--- --- --- --- --- --- --- --- ---

  Benchmark:   crypto.aes
  Run mode:    timed run
  Test type:   multi
  Threads:     2
  Warmup:      120s
  Iterations:  1
  Run length:  240s

Warmup (120s) begins: Sun Jul 07 10:51:42 CST 2024
Warmup (120s) ends:   Sun Jul 07 10:53:45 CST 2024
Warmup (120s) result: 48.08 ops/m

Iteration 1 (240s) begins: Sun Jul 07 10:53:45 CST 2024
Iteration 1 (240s) ends:   Sun Jul 07 10:57:48 CST 2024
Iteration 1 (240s) result: 47.82 ops/m

Valid run!
Score on crypto.aes: 47.82 ops/m


--- --- --- --- --- --- --- --- ---

  Benchmark:   crypto.rsa
  Run mode:    timed run
  Test type:   multi
  Threads:     2
  Warmup:      120s
  Iterations:  1
  Run length:  240s

Warmup (120s) begins: Sun Jul 07 10:57:48 CST 2024
Warmup (120s) ends:   Sun Jul 07 10:59:49 CST 2024
Warmup (120s) result: 851.66 ops/m

Iteration 1 (240s) begins: Sun Jul 07 10:59:49 CST 2024
Iteration 1 (240s) ends:   Sun Jul 07 11:03:49 CST 2024
Iteration 1 (240s) result: 854.78 ops/m

Valid run!
Score on crypto.rsa: 854.78 ops/m


--- --- --- --- --- --- --- --- ---

  Benchmark:   crypto.signverify
  Run mode:    timed run
  Test type:   multi
  Threads:     2
  Warmup:      120s
  Iterations:  1
  Run length:  240s

Warmup (120s) begins: Sun Jul 07 11:03:49 CST 2024
Warmup (120s) ends:   Sun Jul 07 11:05:49 CST 2024
Warmup (120s) result: 267.50 ops/m

Iteration 1 (240s) begins: Sun Jul 07 11:05:49 CST 2024
Iteration 1 (240s) ends:   Sun Jul 07 11:09:50 CST 2024
Iteration 1 (240s) result: 270.41 ops/m

Valid run!
Score on crypto.signverify: 270.41 ops/m


--- --- --- --- --- --- --- --- ---

  Benchmark:   derby
  Run mode:    timed run
  Test type:   multi
  Threads:     2
  Warmup:      120s
  Iterations:  1
  Run length:  240s

Warmup (120s) begins: Sun Jul 07 11:10:14 CST 2024
Warmup (120s) ends:   Sun Jul 07 11:12:14 CST 2024
Warmup (120s) result: 209.52 ops/m

Iteration 1 (240s) begins: Sun Jul 07 11:12:14 CST 2024
Iteration 1 (240s) ends:   Sun Jul 07 11:16:15 CST 2024
Iteration 1 (240s) result: 222.64 ops/m

Valid run!
Score on derby: 222.64 ops/m


--- --- --- --- --- --- --- --- ---

  Benchmark:   mpegaudio
  Run mode:    timed run
  Test type:   multi
  Threads:     2
  Warmup:      120s
  Iterations:  1
  Run length:  240s

Warmup (120s) begins: Sun Jul 07 11:16:15 CST 2024
Warmup (120s) ends:   Sun Jul 07 11:18:17 CST 2024
Warmup (120s) result: 73.59 ops/m

Iteration 1 (240s) begins: Sun Jul 07 11:18:17 CST 2024
Iteration 1 (240s) ends:   Sun Jul 07 11:22:19 CST 2024
Iteration 1 (240s) result: 73.82 ops/m

Valid run!
Score on mpegaudio: 73.82 ops/m


--- --- --- --- --- --- --- --- ---

  Benchmark:   scimark.fft.large
  Run mode:    timed run
  Test type:   multi
  Threads:     2
  Warmup:      120s
  Iterations:  1
  Run length:  240s

Warmup (120s) begins: Sun Jul 07 11:22:19 CST 2024
Warmup (120s) ends:   Sun Jul 07 11:24:21 CST 2024
Warmup (120s) result: 67.58 ops/m

Iteration 1 (240s) begins: Sun Jul 07 11:24:21 CST 2024
Iteration 1 (240s) ends:   Sun Jul 07 11:28:23 CST 2024
Iteration 1 (240s) result: 65.89 ops/m

Valid run!
Score on scimark.fft.large: 65.89 ops/m


--- --- --- --- --- --- --- --- ---

  Benchmark:   scimark.lu.large
  Run mode:    timed run
  Test type:   multi
  Threads:     2
  Warmup:      120s
  Iterations:  1
  Run length:  240s

Warmup (120s) begins: Sun Jul 07 11:28:23 CST 2024
Warmup (120s) ends:   Sun Jul 07 11:30:30 CST 2024
Warmup (120s) result: 22.41 ops/m

Iteration 1 (240s) begins: Sun Jul 07 11:30:30 CST 2024
Iteration 1 (240s) ends:   Sun Jul 07 11:34:35 CST 2024
Iteration 1 (240s) result: 25.28 ops/m

Valid run!
Score on scimark.lu.large: 25.28 ops/m


--- --- --- --- --- --- --- --- ---

  Benchmark:   scimark.sor.large
  Run mode:    timed run
  Test type:   multi
  Threads:     2
  Warmup:      120s
  Iterations:  1
  Run length:  240s

Warmup (120s) begins: Sun Jul 07 11:34:35 CST 2024
Warmup (120s) ends:   Sun Jul 07 11:36:46 CST 2024
Warmup (120s) result: 18.32 ops/m

Iteration 1 (240s) begins: Sun Jul 07 11:36:46 CST 2024
Iteration 1 (240s) ends:   Sun Jul 07 11:40:56 CST 2024
Iteration 1 (240s) result: 18.14 ops/m

Valid run!
Score on scimark.sor.large: 18.14 ops/m


--- --- --- --- --- --- --- --- ---

  Benchmark:   scimark.sparse.large
  Run mode:    timed run
  Test type:   multi
  Threads:     2
  Warmup:      120s
  Iterations:  1
  Run length:  240s

Warmup (120s) begins: Sun Jul 07 11:40:56 CST 2024
Warmup (120s) ends:   Sun Jul 07 11:43:01 CST 2024
Warmup (120s) result: 36.77 ops/m

Iteration 1 (240s) begins: Sun Jul 07 11:43:01 CST 2024
Iteration 1 (240s) ends:   Sun Jul 07 11:47:08 CST 2024
Iteration 1 (240s) result: 36.77 ops/m

Valid run!
Score on scimark.sparse.large: 36.77 ops/m


--- --- --- --- --- --- --- --- ---

  Benchmark:   scimark.fft.small
  Run mode:    timed run
  Test type:   multi
  Threads:     2
  Warmup:      120s
  Iterations:  1
  Run length:  240s

Warmup (120s) begins: Sun Jul 07 11:47:08 CST 2024
Warmup (120s) ends:   Sun Jul 07 11:49:09 CST 2024
Warmup (120s) result: 238.13 ops/m

Iteration 1 (240s) begins: Sun Jul 07 11:49:09 CST 2024
Iteration 1 (240s) ends:   Sun Jul 07 11:53:09 CST 2024
Iteration 1 (240s) result: 255.08 ops/m

Valid run!
Score on scimark.fft.small: 255.08 ops/m


--- --- --- --- --- --- --- --- ---

  Benchmark:   scimark.lu.small
  Run mode:    timed run
  Test type:   multi
  Threads:     2
  Warmup:      120s
  Iterations:  1
  Run length:  240s

Warmup (120s) begins: Sun Jul 07 11:53:09 CST 2024
Warmup (120s) ends:   Sun Jul 07 11:55:10 CST 2024
Warmup (120s) result: 493.03 ops/m

Iteration 1 (240s) begins: Sun Jul 07 11:55:10 CST 2024
Iteration 1 (240s) ends:   Sun Jul 07 11:59:10 CST 2024
Iteration 1 (240s) result: 504.56 ops/m

Valid run!
Score on scimark.lu.small: 504.56 ops/m


--- --- --- --- --- --- --- --- ---

  Benchmark:   scimark.sor.small
  Run mode:    timed run
  Test type:   multi
  Threads:     2
  Warmup:      120s
  Iterations:  1
  Run length:  240s

Warmup (120s) begins: Sun Jul 07 11:59:10 CST 2024
Warmup (120s) ends:   Sun Jul 07 12:01:11 CST 2024
Warmup (120s) result: 81.10 ops/m

Iteration 1 (240s) begins: Sun Jul 07 12:01:11 CST 2024
Iteration 1 (240s) ends:   Sun Jul 07 12:05:14 CST 2024
Iteration 1 (240s) result: 81.48 ops/m

Valid run!
Score on scimark.sor.small: 81.48 ops/m


--- --- --- --- --- --- --- --- ---

  Benchmark:   scimark.sparse.small
  Run mode:    timed run
  Test type:   multi
  Threads:     2
  Warmup:      120s
  Iterations:  1
  Run length:  240s

Warmup (120s) begins: Sun Jul 07 12:05:14 CST 2024
Warmup (120s) ends:   Sun Jul 07 12:07:15 CST 2024
Warmup (120s) result: 132.52 ops/m

Iteration 1 (240s) begins: Sun Jul 07 12:07:15 CST 2024
Iteration 1 (240s) ends:   Sun Jul 07 12:11:16 CST 2024
Iteration 1 (240s) result: 132.19 ops/m

Valid run!
Score on scimark.sparse.small: 132.19 ops/m


--- --- --- --- --- --- --- --- ---

  Benchmark:   scimark.monte_carlo
  Run mode:    timed run
  Test type:   multi
  Threads:     2
  Warmup:      120s
  Iterations:  1
  Run length:  240s

Warmup (120s) begins: Sun Jul 07 12:11:16 CST 2024
Warmup (120s) ends:   Sun Jul 07 12:13:18 CST 2024
Warmup (120s) result: 131.74 ops/m

Iteration 1 (240s) begins: Sun Jul 07 12:13:18 CST 2024
Iteration 1 (240s) ends:   Sun Jul 07 12:17:19 CST 2024
Iteration 1 (240s) result: 131.19 ops/m

Valid run!
Score on scimark.monte_carlo: 131.19 ops/m


--- --- --- --- --- --- --- --- ---

  Benchmark:   serial
  Run mode:    timed run
  Test type:   multi
  Threads:     2
  Warmup:      120s
  Iterations:  1
  Run length:  240s

Warmup (120s) begins: Sun Jul 07 12:17:19 CST 2024
Warmup (120s) ends:   Sun Jul 07 12:19:27 CST 2024
Warmup (120s) result: 12.67 ops/m

Iteration 1 (240s) begins: Sun Jul 07 12:19:27 CST 2024
Iteration 1 (240s) ends:   Sun Jul 07 12:23:38 CST 2024
Iteration 1 (240s) result: 13.19 ops/m

Valid run!
Score on serial: 13.19 ops/m


--- --- --- --- --- --- --- --- ---

  Benchmark:   sunflow
  Run mode:    timed run
  Test type:   multi
  Threads:     1
  Warmup:      120s
  Iterations:  1
  Run length:  240s

Warmup (120s) begins: Sun Jul 07 12:23:38 CST 2024
Warmup (120s) ends:   Sun Jul 07 12:25:41 CST 2024
Warmup (120s) result: 8.34 ops/m

Iteration 1 (240s) begins: Sun Jul 07 12:25:41 CST 2024
Iteration 1 (240s) ends:   Sun Jul 07 12:29:41 CST 2024
Iteration 1 (240s) result: 8.48 ops/m

Valid run!
Score on sunflow: 8.48 ops/m


--- --- --- --- --- --- --- --- ---

  Benchmark:   xml.transform
  Run mode:    timed run
  Test type:   multi
  Threads:     2
  Warmup:      120s
  Iterations:  1
  Run length:  240s

Warmup (120s) begins: Sun Jul 07 12:30:13 CST 2024
Warmup (120s) ends:   Sun Jul 07 12:32:19 CST 2024
Warmup (120s) result: 23.18 ops/m

Iteration 1 (240s) begins: Sun Jul 07 12:32:19 CST 2024
Iteration 1 (240s) ends:   Sun Jul 07 12:36:24 CST 2024
Iteration 1 (240s) result: 25.02 ops/m

Valid run!
Score on xml.transform: 25.02 ops/m


--- --- --- --- --- --- --- --- ---

  Benchmark:   xml.validation
  Run mode:    timed run
  Test type:   multi
  Threads:     2
  Warmup:      120s
  Iterations:  1
  Run length:  240s

Warmup (120s) begins: Sun Jul 07 12:36:24 CST 2024
Warmup (120s) ends:   Sun Jul 07 12:38:28 CST 2024
Warmup (120s) result: 23.28 ops/m

Iteration 1 (240s) begins: Sun Jul 07 12:38:28 CST 2024
Iteration 1 (240s) ends:   Sun Jul 07 12:42:33 CST 2024
Iteration 1 (240s) result: 23.69 ops/m

Valid run!
Score on xml.validation: 23.69 ops/m

Results are stored in: 
/root/spec/build/release/SPECjvm2008/results/SPECjvm2008.057/SPECjvm2008.057.raw
Generating reports in:
/root/spec/build/release/SPECjvm2008/results/SPECjvm2008.057
Error while creating report. Out of Memory.
